[ 2017-06-12T08:58:19+08:00 ] ::1 /new_lgx/weixin/new_index
INFO: [ app_init ] --START--
INFO: Run Behavior\BuildLiteBehavior [ RunTime:0.000000s ]
INFO: [ app_init ] --END-- [ RunTime:0.001000s ]
INFO: [ app_begin ] --START--
INFO: Run Behavior\ReadHtmlCacheBehavior [ RunTime:0.001000s ]
INFO: [ app_begin ] --END-- [ RunTime:0.001000s ]
ERR: 无法加载控制器:New_index

[ 2017-06-12T08:58:26+08:00 ] ::1 /new_lgx/weixin/index/new_index
INFO: [ app_init ] --START--
INFO: Run Behavior\BuildLiteBehavior [ RunTime:0.000000s ]
INFO: [ app_init ] --END-- [ RunTime:0.001000s ]
INFO: [ app_begin ] --START--
INFO: Run Behavior\ReadHtmlCacheBehavior [ RunTime:0.001000s ]
INFO: [ app_begin ] --END-- [ RunTime:0.001000s ]
SQL: SHOW COLUMNS FROM `wx_weixin_lunbotu` [ RunTime:0.0640s ]
SQL: SELECT * FROM `wx_weixin_lunbotu` WHERE `userid` = 2 AND `page` = 1 AND `type` = 1  [ RunTime:0.0010s ]
SQL: SELECT * FROM `wx_weixin_lunbotu` WHERE `userid` = 2 AND `page` = 1 AND `type` = 2  [ RunTime:0.0010s ]
SQL: SELECT * FROM `wx_weixin_lunbotu` WHERE `userid` = 2 AND `page` = 1 AND `type` = 3  [ RunTime:0.0000s ]
SQL: SHOW COLUMNS FROM `wx_weixin_article` [ RunTime:0.0240s ]
SQL: SELECT * FROM `wx_weixin_article` WHERE `userid` = 2 ORDER BY addtime desc LIMIT 10   [ RunTime:0.0010s ]
INFO: [ view_parse ] --START--
INFO: [ template_filter ] --START--
INFO: Run Behavior\ContentReplaceBehavior [ RunTime:0.000000s ]
INFO: [ template_filter ] --END-- [ RunTime:0.000000s ]
INFO: Run Behavior\ParseTemplateBehavior [ RunTime:0.033002s ]
INFO: [ view_parse ] --END-- [ RunTime:0.033002s ]
INFO: [ view_filter ] --START--
INFO: Run Behavior\WriteHtmlCacheBehavior [ RunTime:0.001000s ]
INFO: [ view_filter ] --END-- [ RunTime:0.001000s ]
INFO: [ app_end ] --START--
INFO: Run Behavior\ShowPageTraceBehavior [ RunTime:0.001000s ]
INFO: [ app_end ] --END-- [ RunTime:0.002000s ]

[ 2017-06-12T08:58:38+08:00 ] ::1 /new_lgx/Weixin/Index/new_news.html
INFO: [ app_init ] --START--
INFO: Run Behavior\BuildLiteBehavior [ RunTime:0.000000s ]
INFO: [ app_init ] --END-- [ RunTime:0.001000s ]
INFO: [ app_begin ] --START--
INFO: Run Behavior\ReadHtmlCacheBehavior [ RunTime:0.002000s ]
INFO: [ app_begin ] --END-- [ RunTime:0.002000s ]
SQL: SHOW COLUMNS FROM `wx_weixin_lunbotu` [ RunTime:0.0030s ]
SQL: SELECT * FROM `wx_weixin_lunbotu` WHERE `userid` = 2 AND `page` = 1 AND `type` = 4  [ RunTime:0.0010s ]
SQL: SHOW COLUMNS FROM `wx_weixin_article` [ RunTime:0.0020s ]
SQL: SELECT * FROM `wx_weixin_article` WHERE `userid` = 2 ORDER BY addtime desc  [ RunTime:0.0000s ]
INFO: [ view_parse ] --START--
INFO: [ template_filter ] --START--
INFO: Run Behavior\ContentReplaceBehavior [ RunTime:0.000000s ]
INFO: [ template_filter ] --END-- [ RunTime:0.000000s ]
INFO: Run Behavior\ParseTemplateBehavior [ RunTime:0.022001s ]
INFO: [ view_parse ] --END-- [ RunTime:0.022001s ]
INFO: [ view_filter ] --START--
INFO: Run Behavior\WriteHtmlCacheBehavior [ RunTime:0.000000s ]
INFO: [ view_filter ] --END-- [ RunTime:0.000000s ]
INFO: [ app_end ] --START--
INFO: Run Behavior\ShowPageTraceBehavior [ RunTime:0.001000s ]
INFO: [ app_end ] --END-- [ RunTime:0.001000s ]

[ 2017-06-12T08:58:42+08:00 ] ::1 /new_lgx/Weixin/Index/new_news.html
INFO: [ app_init ] --START--
INFO: Run Behavior\BuildLiteBehavior [ RunTime:0.000000s ]
INFO: [ app_init ] --END-- [ RunTime:0.001000s ]
INFO: [ app_begin ] --START--
INFO: Run Behavior\ReadHtmlCacheBehavior [ RunTime:0.001000s ]
INFO: [ app_begin ] --END-- [ RunTime:0.001000s ]
SQL: SHOW COLUMNS FROM `wx_weixin_lunbotu` [ RunTime:0.0030s ]
SQL: SELECT * FROM `wx_weixin_lunbotu` WHERE `userid` = 2 AND `page` = 1 AND `type` = 4  [ RunTime:0.0010s ]
SQL: SHOW COLUMNS FROM `wx_weixin_article` [ RunTime:0.0030s ]
SQL: SELECT * FROM `wx_weixin_article` WHERE `userid` = 2 ORDER BY addtime desc  [ RunTime:0.0010s ]
INFO: [ view_parse ] --START--
INFO: [ template_filter ] --START--
INFO: Run Behavior\ContentReplaceBehavior [ RunTime:0.000000s ]
INFO: [ template_filter ] --END-- [ RunTime:0.000000s ]
INFO: Run Behavior\ParseTemplateBehavior [ RunTime:0.013000s ]
INFO: [ view_parse ] --END-- [ RunTime:0.013000s ]
INFO: [ view_filter ] --START--
INFO: Run Behavior\WriteHtmlCacheBehavior [ RunTime:0.001000s ]
INFO: [ view_filter ] --END-- [ RunTime:0.001000s ]
INFO: [ app_end ] --START--
INFO: Run Behavior\ShowPageTraceBehavior [ RunTime:0.001000s ]
INFO: [ app_end ] --END-- [ RunTime:0.002001s ]

[ 2017-06-12T08:58:44+08:00 ] ::1 /new_lgx/Weixin/Index/new_news.html
INFO: [ app_init ] --START--
INFO: Run Behavior\BuildLiteBehavior [ RunTime:0.000000s ]
INFO: [ app_init ] --END-- [ RunTime:0.000000s ]
INFO: [ app_begin ] --START--
INFO: Run Behavior\ReadHtmlCacheBehavior [ RunTime:0.001000s ]
INFO: [ app_begin ] --END-- [ RunTime:0.001000s ]
SQL: SHOW COLUMNS FROM `wx_weixin_lunbotu` [ RunTime:0.0020s ]
SQL: SELECT * FROM `wx_weixin_lunbotu` WHERE `userid` = 2 AND `page` = 1 AND `type` = 4  [ RunTime:0.0010s ]
SQL: SHOW COLUMNS FROM `wx_weixin_article` [ RunTime:0.0020s ]
SQL: SELECT * FROM `wx_weixin_article` WHERE `userid` = 2 ORDER BY addtime desc  [ RunTime:0.0010s ]
INFO: [ view_parse ] --START--
INFO: [ template_filter ] --START--
INFO: Run Behavior\ContentReplaceBehavior [ RunTime:0.000000s ]
INFO: [ template_filter ] --END-- [ RunTime:0.000000s ]
INFO: Run Behavior\ParseTemplateBehavior [ RunTime:0.013001s ]
INFO: [ view_parse ] --END-- [ RunTime:0.013001s ]
INFO: [ view_filter ] --START--
INFO: Run Behavior\WriteHtmlCacheBehavior [ RunTime:0.001000s ]
INFO: [ view_filter ] --END-- [ RunTime:0.001000s ]
INFO: [ app_end ] --START--
INFO: Run Behavior\ShowPageTraceBehavior [ RunTime:0.001000s ]
INFO: [ app_end ] --END-- [ RunTime:0.002000s ]

[ 2017-06-12T08:58:45+08:00 ] ::1 /new_lgx/Weixin/Index/new_news.html
INFO: [ app_init ] --START--
INFO: Run Behavior\BuildLiteBehavior [ RunTime:0.000000s ]
INFO: [ app_init ] --END-- [ RunTime:0.000000s ]
INFO: [ app_begin ] --START--
INFO: Run Behavior\ReadHtmlCacheBehavior [ RunTime:0.001000s ]
INFO: [ app_begin ] --END-- [ RunTime:0.001000s ]
SQL: SHOW COLUMNS FROM `wx_weixin_lunbotu` [ RunTime:0.0030s ]
SQL: SELECT * FROM `wx_weixin_lunbotu` WHERE `userid` = 2 AND `page` = 1 AND `type` = 4  [ RunTime:0.0010s ]
SQL: SHOW COLUMNS FROM `wx_weixin_article` [ RunTime:0.0020s ]
SQL: SELECT * FROM `wx_weixin_article` WHERE `userid` = 2 ORDER BY addtime desc  [ RunTime:0.0000s ]
INFO: [ view_parse ] --START--
INFO: [ template_filter ] --START--
INFO: Run Behavior\ContentReplaceBehavior [ RunTime:0.000000s ]
INFO: [ template_filter ] --END-- [ RunTime:0.000000s ]
INFO: Run Behavior\ParseTemplateBehavior [ RunTime:0.012001s ]
INFO: [ view_parse ] --END-- [ RunTime:0.013001s ]
INFO: [ view_filter ] --START--
INFO: Run Behavior\WriteHtmlCacheBehavior [ RunTime:0.001000s ]
INFO: [ view_filter ] --END-- [ RunTime:0.001000s ]
INFO: [ app_end ] --START--
INFO: Run Behavior\ShowPageTraceBehavior [ RunTime:0.003000s ]
INFO: [ app_end ] --END-- [ RunTime:0.003000s ]

[ 2017-06-12T08:58:46+08:00 ] ::1 /new_lgx/Weixin/Index/new_news.html
INFO: [ app_init ] --START--
INFO: Run Behavior\BuildLiteBehavior [ RunTime:0.000000s ]
INFO: [ app_init ] --END-- [ RunTime:0.001000s ]
INFO: [ app_begin ] --START--
INFO: Run Behavior\ReadHtmlCacheBehavior [ RunTime:0.001000s ]
INFO: [ app_begin ] --END-- [ RunTime:0.001000s ]
SQL: SHOW COLUMNS FROM `wx_weixin_lunbotu` [ RunTime:0.0020s ]
SQL: SELECT * FROM `wx_weixin_lunbotu` WHERE `userid` = 2 AND `page` = 1 AND `type` = 4  [ RunTime:0.0000s ]
SQL: SHOW COLUMNS FROM `wx_weixin_article` [ RunTime:0.0020s ]
SQL: SELECT * FROM `wx_weixin_article` WHERE `userid` = 2 ORDER BY addtime desc  [ RunTime:0.0010s ]
INFO: [ view_parse ] --START--
INFO: [ template_filter ] --START--
INFO: Run Behavior\ContentReplaceBehavior [ RunTime:0.000000s ]
INFO: [ template_filter ] --END-- [ RunTime:0.000000s ]
INFO: Run Behavior\ParseTemplateBehavior [ RunTime:0.014001s ]
INFO: [ view_parse ] --END-- [ RunTime:0.014001s ]
INFO: [ view_filter ] --START--
INFO: Run Behavior\WriteHtmlCacheBehavior [ RunTime:0.001000s ]
INFO: [ view_filter ] --END-- [ RunTime:0.001000s ]
INFO: [ app_end ] --START--
INFO: Run Behavior\ShowPageTraceBehavior [ RunTime:0.001000s ]
INFO: [ app_end ] --END-- [ RunTime:0.002000s ]

[ 2017-06-12T16:48:48+08:00 ] ::1 /new_lgx/weixin/index/new_index
INFO: [ app_init ] --START--
INFO: Run Behavior\BuildLiteBehavior [ RunTime:0.000000s ]
INFO: [ app_init ] --END-- [ RunTime:0.000000s ]
INFO: [ app_begin ] --START--
INFO: Run Behavior\ReadHtmlCacheBehavior [ RunTime:0.000000s ]
INFO: [ app_begin ] --END-- [ RunTime:0.000000s ]
SQL: SHOW COLUMNS FROM `wx_weixin_lunbotu` [ RunTime:0.0030s ]
SQL: SELECT * FROM `wx_weixin_lunbotu` WHERE `userid` = 1 AND `page` = 1 AND `type` = 1  [ RunTime:0.0010s ]
SQL: SELECT * FROM `wx_weixin_lunbotu` WHERE `userid` = 1 AND `page` = 1 AND `type` = 2  [ RunTime:0.0000s ]
SQL: SELECT * FROM `wx_weixin_lunbotu` WHERE `userid` = 1 AND `page` = 1 AND `type` = 3  [ RunTime:0.0010s ]
SQL: SHOW COLUMNS FROM `wx_weixin_article` [ RunTime:0.0020s ]
SQL: SELECT * FROM `wx_weixin_article` WHERE `userid` = 1 ORDER BY addtime desc LIMIT 10   [ RunTime:0.0000s ]
INFO: [ view_parse ] --START--
INFO: [ template_filter ] --START--
INFO: Run Behavior\ContentReplaceBehavior [ RunTime:0.000000s ]
INFO: [ template_filter ] --END-- [ RunTime:0.000000s ]
INFO: Run Behavior\ParseTemplateBehavior [ RunTime:0.027002s ]
INFO: [ view_parse ] --END-- [ RunTime:0.027002s ]
INFO: [ view_filter ] --START--
INFO: Run Behavior\WriteHtmlCacheBehavior [ RunTime:0.000000s ]
INFO: [ view_filter ] --END-- [ RunTime:0.000000s ]
INFO: [ app_end ] --START--
INFO: Run Behavior\ShowPageTraceBehavior [ RunTime:0.000000s ]
INFO: [ app_end ] --END-- [ RunTime:0.001000s ]

[ 2017-06-12T16:59:00+08:00 ] ::1 /new_lgx/Weixin/Index/new_dongtai.html
INFO: [ app_init ] --START--
INFO: Run Behavior\BuildLiteBehavior [ RunTime:0.000000s ]
INFO: [ app_init ] --END-- [ RunTime:0.000000s ]
INFO: [ app_begin ] --START--
INFO: Run Behavior\ReadHtmlCacheBehavior [ RunTime:0.001000s ]
INFO: [ app_begin ] --END-- [ RunTime:0.001000s ]
SQL: SHOW COLUMNS FROM `wx_weixin_lunbotu` [ RunTime:0.0040s ]
SQL: SELECT * FROM `wx_weixin_lunbotu` WHERE `userid` = 1 AND `page` = 1 AND `type` = 3  [ RunTime:0.0000s ]
SQL: SHOW COLUMNS FROM `wx_weixin_release` [ RunTime:0.0030s ]
SQL: SELECT * FROM `wx_weixin_release` WHERE `userid` = 1 ORDER BY addtime desc  [ RunTime:0.0010s ]
INFO: [ view_parse ] --START--
INFO: [ template_filter ] --START--
INFO: Run Behavior\ContentReplaceBehavior [ RunTime:0.000000s ]
INFO: [ template_filter ] --END-- [ RunTime:0.000000s ]
NOTIC: [8] Undefined index: type D:\xampp\htdocs\new_lgx\Application\Runtime\Cache\Weixin\0e9543150021452ea69906478989321f.php 第 26 行.
NOTIC: [8] Undefined index: type D:\xampp\htdocs\new_lgx\Application\Runtime\Cache\Weixin\0e9543150021452ea69906478989321f.php 第 26 行.
NOTIC: [8] Undefined index: type D:\xampp\htdocs\new_lgx\Application\Runtime\Cache\Weixin\0e9543150021452ea69906478989321f.php 第 27 行.
NOTIC: [8] Undefined index: type D:\xampp\htdocs\new_lgx\Application\Runtime\Cache\Weixin\0e9543150021452ea69906478989321f.php 第 28 行.
NOTIC: [8] Undefined index: type D:\xampp\htdocs\new_lgx\Application\Runtime\Cache\Weixin\0e9543150021452ea69906478989321f.php 第 29 行.
NOTIC: [8] Undefined index: type D:\xampp\htdocs\new_lgx\Application\Runtime\Cache\Weixin\0e9543150021452ea69906478989321f.php 第 30 行.
NOTIC: [8] Undefined index: type D:\xampp\htdocs\new_lgx\Application\Runtime\Cache\Weixin\0e9543150021452ea69906478989321f.php 第 32 行.
NOTIC: [8] Undefined index: type D:\xampp\htdocs\new_lgx\Application\Runtime\Cache\Weixin\0e9543150021452ea69906478989321f.php 第 40 行.
NOTIC: [8] Undefined index: type D:\xampp\htdocs\new_lgx\Application\Runtime\Cache\Weixin\0e9543150021452ea69906478989321f.php 第 117 行.
NOTIC: [8] Undefined index: type D:\xampp\htdocs\new_lgx\Application\Runtime\Cache\Weixin\0e9543150021452ea69906478989321f.php 第 229 行.
NOTIC: [8] Undefined index: type D:\xampp\htdocs\new_lgx\Application\Runtime\Cache\Weixin\0e9543150021452ea69906478989321f.php 第 331 行.
NOTIC: [8] Undefined index: type D:\xampp\htdocs\new_lgx\Application\Runtime\Cache\Weixin\0e9543150021452ea69906478989321f.php 第 433 行.
INFO: Run Behavior\ParseTemplateBehavior [ RunTime:0.034001s ]
INFO: [ view_parse ] --END-- [ RunTime:0.035002s ]
INFO: [ view_filter ] --START--
INFO: Run Behavior\WriteHtmlCacheBehavior [ RunTime:0.000000s ]
INFO: [ view_filter ] --END-- [ RunTime:0.000000s ]
INFO: [ app_end ] --START--
INFO: Run Behavior\ShowPageTraceBehavior [ RunTime:0.001000s ]
INFO: [ app_end ] --END-- [ RunTime:0.001000s ]

[ 2017-06-12T16:59:02+08:00 ] ::1 /new_lgx/Weixin/Index/new_dongtai/type/focus.html
INFO: [ app_init ] --START--
INFO: Run Behavior\BuildLiteBehavior [ RunTime:0.000000s ]
INFO: [ app_init ] --END-- [ RunTime:0.001000s ]
INFO: [ app_begin ] --START--
INFO: Run Behavior\ReadHtmlCacheBehavior [ RunTime:0.000000s ]
INFO: [ app_begin ] --END-- [ RunTime:0.000000s ]
SQL: SHOW COLUMNS FROM `wx_weixin_lunbotu` [ RunTime:0.0040s ]
SQL: SELECT * FROM `wx_weixin_lunbotu` WHERE `userid` = 1 AND `page` = 1 AND `type` = 3  [ RunTime:0.0000s ]
SQL: SHOW COLUMNS FROM `wx_weixin_release` [ RunTime:0.0040s ]
SQL: SELECT * FROM `wx_weixin_release` WHERE `userid` = 1 AND `type` = 'focus' ORDER BY addtime desc  [ RunTime:0.0010s ]
INFO: [ view_parse ] --START--
INFO: [ template_filter ] --START--
INFO: Run Behavior\ContentReplaceBehavior [ RunTime:0.001000s ]
INFO: [ template_filter ] --END-- [ RunTime:0.001000s ]
INFO: Run Behavior\ParseTemplateBehavior [ RunTime:0.030001s ]
INFO: [ view_parse ] --END-- [ RunTime:0.030001s ]
INFO: [ view_filter ] --START--
INFO: Run Behavior\WriteHtmlCacheBehavior [ RunTime:0.000000s ]
INFO: [ view_filter ] --END-- [ RunTime:0.000000s ]
INFO: [ app_end ] --START--
INFO: Run Behavior\ShowPageTraceBehavior [ RunTime:0.002001s ]
INFO: [ app_end ] --END-- [ RunTime:0.002001s ]

[ 2017-06-12T16:59:04+08:00 ] ::1 /new_lgx/Weixin/Index/new_dongtai/type/view.html
INFO: [ app_init ] --START--
INFO: Run Behavior\BuildLiteBehavior [ RunTime:0.000000s ]
INFO: [ app_init ] --END-- [ RunTime:0.000000s ]
INFO: [ app_begin ] --START--
INFO: Run Behavior\ReadHtmlCacheBehavior [ RunTime:0.000000s ]
INFO: [ app_begin ] --END-- [ RunTime:0.000000s ]
SQL: SHOW COLUMNS FROM `wx_weixin_lunbotu` [ RunTime:0.0030s ]
SQL: SELECT * FROM `wx_weixin_lunbotu` WHERE `userid` = 1 AND `page` = 1 AND `type` = 3  [ RunTime:0.0010s ]
SQL: SHOW COLUMNS FROM `wx_weixin_release` [ RunTime:0.0030s ]
SQL: SELECT * FROM `wx_weixin_release` WHERE `userid` = 1 AND `type` = 'view' ORDER BY addtime desc  [ RunTime:0.0000s ]
INFO: [ view_parse ] --START--
INFO: [ template_filter ] --START--
INFO: Run Behavior\ContentReplaceBehavior [ RunTime:0.000000s ]
INFO: [ template_filter ] --END-- [ RunTime:0.000000s ]
INFO: Run Behavior\ParseTemplateBehavior [ RunTime:0.017001s ]
INFO: [ view_parse ] --END-- [ RunTime:0.017001s ]
INFO: [ view_filter ] --START--
INFO: Run Behavior\WriteHtmlCacheBehavior [ RunTime:0.000000s ]
INFO: [ view_filter ] --END-- [ RunTime:0.000000s ]
INFO: [ app_end ] --START--
INFO: Run Behavior\ShowPageTraceBehavior [ RunTime:0.001000s ]
INFO: [ app_end ] --END-- [ RunTime:0.001000s ]

[ 2017-06-12T16:59:05+08:00 ] ::1 /new_lgx/Weixin/Index/new_dongtai/type/food.html
INFO: [ app_init ] --START--
INFO: Run Behavior\BuildLiteBehavior [ RunTime:0.000000s ]
INFO: [ app_init ] --END-- [ RunTime:0.001000s ]
INFO: [ app_begin ] --START--
INFO: Run Behavior\ReadHtmlCacheBehavior [ RunTime:0.001000s ]
INFO: [ app_begin ] --END-- [ RunTime:0.001000s ]
SQL: SHOW COLUMNS FROM `wx_weixin_lunbotu` [ RunTime:0.0030s ]
SQL: SELECT * FROM `wx_weixin_lunbotu` WHERE `userid` = 1 AND `page` = 1 AND `type` = 3  [ RunTime:0.0000s ]
SQL: SHOW COLUMNS FROM `wx_weixin_release` [ RunTime:0.0020s ]
SQL: SELECT * FROM `wx_weixin_release` WHERE `userid` = 1 AND `type` = 'food' ORDER BY addtime desc  [ RunTime:0.0010s ]
INFO: [ view_parse ] --START--
INFO: [ template_filter ] --START--
INFO: Run Behavior\ContentReplaceBehavior [ RunTime:0.000000s ]
INFO: [ template_filter ] --END-- [ RunTime:0.000000s ]
INFO: Run Behavior\ParseTemplateBehavior [ RunTime:0.019001s ]
INFO: [ view_parse ] --END-- [ RunTime:0.019001s ]
INFO: [ view_filter ] --START--
INFO: Run Behavior\WriteHtmlCacheBehavior [ RunTime:0.001000s ]
INFO: [ view_filter ] --END-- [ RunTime:0.001000s ]
INFO: [ app_end ] --START--
INFO: Run Behavior\ShowPageTraceBehavior [ RunTime:0.003000s ]
INFO: [ app_end ] --END-- [ RunTime:0.004000s ]

[ 2017-06-12T16:59:06+08:00 ] ::1 /new_lgx/Weixin/Index/new_dongtai/type/fitness.html
INFO: [ app_init ] --START--
INFO: Run Behavior\BuildLiteBehavior [ RunTime:0.000000s ]
INFO: [ app_init ] --END-- [ RunTime:0.000000s ]
INFO: [ app_begin ] --START--
INFO: Run Behavior\ReadHtmlCacheBehavior [ RunTime:0.001000s ]
INFO: [ app_begin ] --END-- [ RunTime:0.001000s ]
SQL: SHOW COLUMNS FROM `wx_weixin_lunbotu` [ RunTime:0.0050s ]
SQL: SELECT * FROM `wx_weixin_lunbotu` WHERE `userid` = 1 AND `page` = 1 AND `type` = 3  [ RunTime:0.0000s ]
SQL: SHOW COLUMNS FROM `wx_weixin_release` [ RunTime:0.0030s ]
SQL: SELECT * FROM `wx_weixin_release` WHERE `userid` = 1 AND `type` = 'fitness' ORDER BY addtime desc  [ RunTime:0.0010s ]
INFO: [ view_parse ] --START--
INFO: [ template_filter ] --START--
INFO: Run Behavior\ContentReplaceBehavior [ RunTime:0.000000s ]
INFO: [ template_filter ] --END-- [ RunTime:0.000000s ]
INFO: Run Behavior\ParseTemplateBehavior [ RunTime:0.023002s ]
INFO: [ view_parse ] --END-- [ RunTime:0.023002s ]
INFO: [ view_filter ] --START--
INFO: Run Behavior\WriteHtmlCacheBehavior [ RunTime:0.000000s ]
INFO: [ view_filter ] --END-- [ RunTime:0.000000s ]
INFO: [ app_end ] --START--
INFO: Run Behavior\ShowPageTraceBehavior [ RunTime:0.000000s ]
INFO: [ app_end ] --END-- [ RunTime:0.001000s ]

[ 2017-06-12T16:59:08+08:00 ] ::1 /new_lgx/Weixin/Index/new_dongtai/type/view.html
INFO: [ app_init ] --START--
INFO: Run Behavior\BuildLiteBehavior [ RunTime:0.000000s ]
INFO: [ app_init ] --END-- [ RunTime:0.001000s ]
INFO: [ app_begin ] --START--
INFO: Run Behavior\ReadHtmlCacheBehavior [ RunTime:0.001000s ]
INFO: [ app_begin ] --END-- [ RunTime:0.001000s ]
SQL: SHOW COLUMNS FROM `wx_weixin_lunbotu` [ RunTime:0.0040s ]
SQL: SELECT * FROM `wx_weixin_lunbotu` WHERE `userid` = 1 AND `page` = 1 AND `type` = 3  [ RunTime:0.0000s ]
SQL: SHOW COLUMNS FROM `wx_weixin_release` [ RunTime:0.0040s ]
SQL: SELECT * FROM `wx_weixin_release` WHERE `userid` = 1 AND `type` = 'view' ORDER BY addtime desc  [ RunTime:0.0010s ]
INFO: [ view_parse ] --START--
INFO: [ template_filter ] --START--
INFO: Run Behavior\ContentReplaceBehavior [ RunTime:0.000000s ]
INFO: [ template_filter ] --END-- [ RunTime:0.000000s ]
INFO: Run Behavior\ParseTemplateBehavior [ RunTime:0.016001s ]
INFO: [ view_parse ] --END-- [ RunTime:0.016001s ]
INFO: [ view_filter ] --START--
INFO: Run Behavior\WriteHtmlCacheBehavior [ RunTime:0.001000s ]
INFO: [ view_filter ] --END-- [ RunTime:0.001000s ]
INFO: [ app_end ] --START--
INFO: Run Behavior\ShowPageTraceBehavior [ RunTime:0.001000s ]
INFO: [ app_end ] --END-- [ RunTime:0.001000s ]

[ 2017-06-12T16:59:16+08:00 ] ::1 /new_lgx/Weixin/Index/new_dongtai/type/fitness.html
INFO: [ app_init ] --START--
INFO: Run Behavior\BuildLiteBehavior [ RunTime:0.001000s ]
INFO: [ app_init ] --END-- [ RunTime:0.001000s ]
INFO: [ app_begin ] --START--
INFO: Run Behavior\ReadHtmlCacheBehavior [ RunTime:0.000000s ]
INFO: [ app_begin ] --END-- [ RunTime:0.000000s ]
SQL: SHOW COLUMNS FROM `wx_weixin_lunbotu` [ RunTime:0.0030s ]
SQL: SELECT * FROM `wx_weixin_lunbotu` WHERE `userid` = 1 AND `page` = 1 AND `type` = 3  [ RunTime:0.0000s ]
SQL: SHOW COLUMNS FROM `wx_weixin_release` [ RunTime:0.0100s ]
SQL: SELECT * FROM `wx_weixin_release` WHERE `userid` = 1 AND `type` = 'fitness' ORDER BY addtime desc  [ RunTime:0.0010s ]
INFO: [ view_parse ] --START--
INFO: [ template_filter ] --START--
INFO: Run Behavior\ContentReplaceBehavior [ RunTime:0.001000s ]
INFO: [ template_filter ] --END-- [ RunTime:0.001000s ]
INFO: Run Behavior\ParseTemplateBehavior [ RunTime:0.025002s ]
INFO: [ view_parse ] --END-- [ RunTime:0.025002s ]
INFO: [ view_filter ] --START--
INFO: Run Behavior\WriteHtmlCacheBehavior [ RunTime:0.000000s ]
INFO: [ view_filter ] --END-- [ RunTime:0.000000s ]
INFO: [ app_end ] --START--
INFO: Run Behavior\ShowPageTraceBehavior [ RunTime:0.002000s ]
INFO: [ app_end ] --END-- [ RunTime:0.002000s ]

[ 2017-06-12T16:59:17+08:00 ] ::1 /new_lgx/Weixin/Index/new_dongtai/type/food.html
INFO: [ app_init ] --START--
INFO: Run Behavior\BuildLiteBehavior [ RunTime:0.000000s ]
INFO: [ app_init ] --END-- [ RunTime:0.000000s ]
INFO: [ app_begin ] --START--
INFO: Run Behavior\ReadHtmlCacheBehavior [ RunTime:0.003000s ]
INFO: [ app_begin ] --END-- [ RunTime:0.003000s ]
SQL: SHOW COLUMNS FROM `wx_weixin_lunbotu` [ RunTime:0.0030s ]
SQL: SELECT * FROM `wx_weixin_lunbotu` WHERE `userid` = 1 AND `page` = 1 AND `type` = 3  [ RunTime:0.0010s ]
SQL: SHOW COLUMNS FROM `wx_weixin_release` [ RunTime:0.0030s ]
SQL: SELECT * FROM `wx_weixin_release` WHERE `userid` = 1 AND `type` = 'food' ORDER BY addtime desc  [ RunTime:0.0000s ]
INFO: [ view_parse ] --START--
INFO: [ template_filter ] --START--
INFO: Run Behavior\ContentReplaceBehavior [ RunTime:0.000000s ]
INFO: [ template_filter ] --END-- [ RunTime:0.000000s ]
INFO: Run Behavior\ParseTemplateBehavior [ RunTime:0.021001s ]
INFO: [ view_parse ] --END-- [ RunTime:0.021001s ]
INFO: [ view_filter ] --START--
INFO: Run Behavior\WriteHtmlCacheBehavior [ RunTime:0.001000s ]
INFO: [ view_filter ] --END-- [ RunTime:0.001000s ]
INFO: [ app_end ] --START--
INFO: Run Behavior\ShowPageTraceBehavior [ RunTime:0.001000s ]
INFO: [ app_end ] --END-- [ RunTime:0.001000s ]

[ 2017-06-12T16:59:18+08:00 ] ::1 /new_lgx/Weixin/Index/new_dongtai/type/focus.html
INFO: [ app_init ] --START--
INFO: Run Behavior\BuildLiteBehavior [ RunTime:0.000000s ]
INFO: [ app_init ] --END-- [ RunTime:0.000000s ]
INFO: [ app_begin ] --START--
INFO: Run Behavior\ReadHtmlCacheBehavior [ RunTime:0.002000s ]
INFO: [ app_begin ] --END-- [ RunTime:0.002000s ]
SQL: SHOW COLUMNS FROM `wx_weixin_lunbotu` [ RunTime:0.0040s ]
SQL: SELECT * FROM `wx_weixin_lunbotu` WHERE `userid` = 1 AND `page` = 1 AND `type` = 3  [ RunTime:0.0010s ]
SQL: SHOW COLUMNS FROM `wx_weixin_release` [ RunTime:0.0030s ]
SQL: SELECT * FROM `wx_weixin_release` WHERE `userid` = 1 AND `type` = 'focus' ORDER BY addtime desc  [ RunTime:0.0000s ]
INFO: [ view_parse ] --START--
INFO: [ template_filter ] --START--
INFO: Run Behavior\ContentReplaceBehavior [ RunTime:0.000000s ]
INFO: [ template_filter ] --END-- [ RunTime:0.000000s ]
INFO: Run Behavior\ParseTemplateBehavior [ RunTime:0.017001s ]
INFO: [ view_parse ] --END-- [ RunTime:0.017001s ]
INFO: [ view_filter ] --START--
INFO: Run Behavior\WriteHtmlCacheBehavior [ RunTime:0.000000s ]
INFO: [ view_filter ] --END-- [ RunTime:0.000000s ]
INFO: [ app_end ] --START--
INFO: Run Behavior\ShowPageTraceBehavior [ RunTime:0.001000s ]
INFO: [ app_end ] --END-- [ RunTime:0.001000s ]

[ 2017-06-12T16:59:19+08:00 ] ::1 /new_lgx/Weixin/Index/new_dongtai/type/hot.html
INFO: [ app_init ] --START--
INFO: Run Behavior\BuildLiteBehavior [ RunTime:0.000000s ]
INFO: [ app_init ] --END-- [ RunTime:0.001000s ]
INFO: [ app_begin ] --START--
INFO: Run Behavior\ReadHtmlCacheBehavior [ RunTime:0.001000s ]
INFO: [ app_begin ] --END-- [ RunTime:0.001000s ]
SQL: SHOW COLUMNS FROM `wx_weixin_lunbotu` [ RunTime:0.0040s ]
SQL: SELECT * FROM `wx_weixin_lunbotu` WHERE `userid` = 1 AND `page` = 1 AND `type` = 3  [ RunTime:0.0010s ]
SQL: SHOW COLUMNS FROM `wx_weixin_release` [ RunTime:0.0030s ]
SQL: SELECT * FROM `wx_weixin_release` WHERE `userid` = 1 AND `type` = 'hot' ORDER BY addtime desc  [ RunTime:0.0000s ]
INFO: [ view_parse ] --START--
INFO: [ template_filter ] --START--
INFO: Run Behavior\ContentReplaceBehavior [ RunTime:0.000000s ]
INFO: [ template_filter ] --END-- [ RunTime:0.000000s ]
INFO: Run Behavior\ParseTemplateBehavior [ RunTime:0.018001s ]
INFO: [ view_parse ] --END-- [ RunTime:0.018001s ]
INFO: [ view_filter ] --START--
INFO: Run Behavior\WriteHtmlCacheBehavior [ RunTime:0.000000s ]
INFO: [ view_filter ] --END-- [ RunTime:0.000000s ]
INFO: [ app_end ] --START--
INFO: Run Behavior\ShowPageTraceBehavior [ RunTime:0.000000s ]
INFO: [ app_end ] --END-- [ RunTime:0.000000s ]

[ 2017-06-12T16:59:20+08:00 ] ::1 /new_lgx/Weixin/Index/new_dongtai/type/focus.html
INFO: [ app_init ] --START--
INFO: Run Behavior\BuildLiteBehavior [ RunTime:0.000000s ]
INFO: [ app_init ] --END-- [ RunTime:0.001000s ]
INFO: [ app_begin ] --START--
INFO: Run Behavior\ReadHtmlCacheBehavior [ RunTime:0.000000s ]
INFO: [ app_begin ] --END-- [ RunTime:0.000000s ]
SQL: SHOW COLUMNS FROM `wx_weixin_lunbotu` [ RunTime:0.0040s ]
SQL: SELECT * FROM `wx_weixin_lunbotu` WHERE `userid` = 1 AND `page` = 1 AND `type` = 3  [ RunTime:0.0010s ]
SQL: SHOW COLUMNS FROM `wx_weixin_release` [ RunTime:0.0030s ]
SQL: SELECT * FROM `wx_weixin_release` WHERE `userid` = 1 AND `type` = 'focus' ORDER BY addtime desc  [ RunTime:0.0010s ]
INFO: [ view_parse ] --START--
INFO: [ template_filter ] --START--
INFO: Run Behavior\ContentReplaceBehavior [ RunTime:0.000000s ]
INFO: [ template_filter ] --END-- [ RunTime:0.000000s ]
INFO: Run Behavior\ParseTemplateBehavior [ RunTime:0.026002s ]
INFO: [ view_parse ] --END-- [ RunTime:0.026002s ]
INFO: [ view_filter ] --START--
INFO: Run Behavior\WriteHtmlCacheBehavior [ RunTime:0.000000s ]
INFO: [ view_filter ] --END-- [ RunTime:0.000000s ]
INFO: [ app_end ] --START--
INFO: Run Behavior\ShowPageTraceBehavior [ RunTime:0.001000s ]
INFO: [ app_end ] --END-- [ RunTime:0.001000s ]

[ 2017-06-12T16:59:21+08:00 ] ::1 /new_lgx/Weixin/Index/new_write/type/focus.html
INFO: [ app_init ] --START--
INFO: Run Behavior\BuildLiteBehavior [ RunTime:0.000000s ]
INFO: [ app_init ] --END-- [ RunTime:0.001000s ]
INFO: [ app_begin ] --START--
INFO: Run Behavior\ReadHtmlCacheBehavior [ RunTime:0.002000s ]
INFO: [ app_begin ] --END-- [ RunTime:0.002000s ]
INFO: [ view_parse ] --START--
INFO: [ template_filter ] --START--
INFO: Run Behavior\ContentReplaceBehavior [ RunTime:0.000000s ]
INFO: [ template_filter ] --END-- [ RunTime:0.000000s ]
INFO: Run Behavior\ParseTemplateBehavior [ RunTime:0.019002s ]
INFO: [ view_parse ] --END-- [ RunTime:0.019002s ]
INFO: [ view_filter ] --START--
INFO: Run Behavior\WriteHtmlCacheBehavior [ RunTime:0.000000s ]
INFO: [ view_filter ] --END-- [ RunTime:0.000000s ]
INFO: [ app_end ] --START--
INFO: Run Behavior\ShowPageTraceBehavior [ RunTime:0.001000s ]
INFO: [ app_end ] --END-- [ RunTime:0.001000s ]

[ 2017-06-12T16:59:24+08:00 ] ::1 /new_lgx/Weixin/Index/new_dongtai/type/view.html
INFO: [ app_init ] --START--
INFO: Run Behavior\BuildLiteBehavior [ RunTime:0.000000s ]
INFO: [ app_init ] --END-- [ RunTime:0.000000s ]
INFO: [ app_begin ] --START--
INFO: Run Behavior\ReadHtmlCacheBehavior [ RunTime:0.000000s ]
INFO: [ app_begin ] --END-- [ RunTime:0.000000s ]
SQL: SHOW COLUMNS FROM `wx_weixin_lunbotu` [ RunTime:0.0080s ]
SQL: SELECT * FROM `wx_weixin_lunbotu` WHERE `userid` = 1 AND `page` = 1 AND `type` = 3  [ RunTime:0.0000s ]
SQL: SHOW COLUMNS FROM `wx_weixin_release` [ RunTime:0.0030s ]
SQL: SELECT * FROM `wx_weixin_release` WHERE `userid` = 1 AND `type` = 'view' ORDER BY addtime desc  [ RunTime:0.0010s ]
INFO: [ view_parse ] --START--
INFO: [ template_filter ] --START--
INFO: Run Behavior\ContentReplaceBehavior [ RunTime:0.001000s ]
INFO: [ template_filter ] --END-- [ RunTime:0.001000s ]
INFO: Run Behavior\ParseTemplateBehavior [ RunTime:0.018001s ]
INFO: [ view_parse ] --END-- [ RunTime:0.018001s ]
INFO: [ view_filter ] --START--
INFO: Run Behavior\WriteHtmlCacheBehavior [ RunTime:0.001000s ]
INFO: [ view_filter ] --END-- [ RunTime:0.001000s ]
INFO: [ app_end ] --START--
INFO: Run Behavior\ShowPageTraceBehavior [ RunTime:0.001001s ]
INFO: [ app_end ] --END-- [ RunTime:0.001001s ]

[ 2017-06-12T16:59:25+08:00 ] ::1 /new_lgx/Weixin/Index/new_dongtai/type/fitness.html
INFO: [ app_init ] --START--
INFO: Run Behavior\BuildLiteBehavior [ RunTime:0.000000s ]
INFO: [ app_init ] --END-- [ RunTime:0.001000s ]
INFO: [ app_begin ] --START--
INFO: Run Behavior\ReadHtmlCacheBehavior [ RunTime:0.001000s ]
INFO: [ app_begin ] --END-- [ RunTime:0.001000s ]
SQL: SHOW COLUMNS FROM `wx_weixin_lunbotu` [ RunTime:0.0030s ]
SQL: SELECT * FROM `wx_weixin_lunbotu` WHERE `userid` = 1 AND `page` = 1 AND `type` = 3  [ RunTime:0.0000s ]
SQL: SHOW COLUMNS FROM `wx_weixin_release` [ RunTime:0.0020s ]
SQL: SELECT * FROM `wx_weixin_release` WHERE `userid` = 1 AND `type` = 'fitness' ORDER BY addtime desc  [ RunTime:0.0000s ]
INFO: [ view_parse ] --START--
INFO: [ template_filter ] --START--
INFO: Run Behavior\ContentReplaceBehavior [ RunTime:0.000000s ]
INFO: [ template_filter ] --END-- [ RunTime:0.000000s ]
INFO: Run Behavior\ParseTemplateBehavior [ RunTime:0.023001s ]
INFO: [ view_parse ] --END-- [ RunTime:0.024001s ]
INFO: [ view_filter ] --START--
INFO: Run Behavior\WriteHtmlCacheBehavior [ RunTime:0.001000s ]
INFO: [ view_filter ] --END-- [ RunTime:0.001000s ]
INFO: [ app_end ] --START--
INFO: Run Behavior\ShowPageTraceBehavior [ RunTime:0.003000s ]
INFO: [ app_end ] --END-- [ RunTime:0.003000s ]

