[ 2017-08-17T15:44:10+08:00 ] ::1 /new_lgx/weixin/index/new_index
INFO: [ app_init ] --START--
INFO: Run Behavior\BuildLiteBehavior [ RunTime:0.000000s ]
INFO: [ app_init ] --END-- [ RunTime:0.000000s ]
INFO: [ app_begin ] --START--
INFO: Run Behavior\ReadHtmlCacheBehavior [ RunTime:0.001000s ]
INFO: [ app_begin ] --END-- [ RunTime:0.001000s ]
NOTIC: [8] Undefined index: uid D:\xampp\htdocs\new_lgx\Application\Weixin\Controller\IndexController.class.php 第 22 行.
NOTIC: [8] Undefined index: id D:\xampp\htdocs\new_lgx\Application\Weixin\Controller\IndexController.class.php 第 23 行.
SQL: SHOW COLUMNS FROM `wx_weixin_activity` [ RunTime:7.5874s ]
NOTIC: [8] Undefined index: uid D:\xampp\htdocs\new_lgx\Application\Weixin\Controller\IndexController.class.php 第 468 行.
SQL: SELECT * FROM `wx_weixin_activity` WHERE `userid` = null ORDER BY id desc LIMIT 2   [ RunTime:0.2480s ]
SQL: SHOW COLUMNS FROM `wx_weixin_lunbotu` [ RunTime:0.4330s ]
NOTIC: [8] Undefined index: uid D:\xampp\htdocs\new_lgx\Application\Weixin\Controller\IndexController.class.php 第 469 行.
SQL: SELECT * FROM `wx_weixin_lunbotu` WHERE `userid` = null AND `page` = 1 AND `type` = 1  [ RunTime:0.0000s ]
NOTIC: [8] Undefined index: uid D:\xampp\htdocs\new_lgx\Application\Weixin\Controller\IndexController.class.php 第 470 行.
SQL: SELECT * FROM `wx_weixin_lunbotu` WHERE `userid` = null AND `page` = 1 AND `type` = 2  [ RunTime:0.0000s ]
NOTIC: [8] Undefined index: uid D:\xampp\htdocs\new_lgx\Application\Weixin\Controller\IndexController.class.php 第 471 行.
SQL: SELECT * FROM `wx_weixin_lunbotu` WHERE `userid` = null AND `page` = 1 AND `type` = 3  [ RunTime:0.0000s ]
NOTIC: [8] Undefined index: uid D:\xampp\htdocs\new_lgx\Application\Weixin\Controller\IndexController.class.php 第 472 行.
SQL: SELECT * FROM `wx_weixin_lunbotu` WHERE `userid` = null AND `page` = 1 AND `type` = 4  [ RunTime:0.0000s ]
NOTIC: [8] Undefined index: uid D:\xampp\htdocs\new_lgx\Application\Weixin\Controller\IndexController.class.php 第 473 行.
SQL: SELECT * FROM `wx_weixin_lunbotu` WHERE `userid` = null AND `page` = 1 AND `type` = 5  [ RunTime:0.0000s ]
NOTIC: [8] Undefined index: uid D:\xampp\htdocs\new_lgx\Application\Weixin\Controller\IndexController.class.php 第 474 行.
SQL: SELECT * FROM `wx_weixin_lunbotu` WHERE `userid` = null AND `page` = 1 AND `type` = 6  [ RunTime:0.0000s ]
SQL: SHOW COLUMNS FROM `wx_weixin_article` [ RunTime:0.2950s ]
NOTIC: [8] Undefined index: uid D:\xampp\htdocs\new_lgx\Application\Weixin\Controller\IndexController.class.php 第 477 行.
SQL: SELECT * FROM `wx_weixin_article` WHERE `userid` = null ORDER BY addtime desc LIMIT 3   [ RunTime:0.1010s ]
SQL: SHOW COLUMNS FROM `wx_weixin_release_pic` [ RunTime:0.3250s ]
NOTIC: [8] Undefined index: wid D:\xampp\htdocs\new_lgx\Application\Weixin\Controller\IndexController.class.php 第 478 行.
SQL: SELECT * FROM `wx_weixin_release_pic` WHERE `wid` <> null GROUP BY wid  [ RunTime:0.0690s ]
NOTIC: [8] Undefined offset: 0 D:\xampp\htdocs\new_lgx\Application\Weixin\Controller\IndexController.class.php 第 496 行.
NOTIC: [8] Undefined offset: -1 D:\xampp\htdocs\new_lgx\Application\Weixin\Controller\IndexController.class.php 第 496 行.
SQL: SELECT * FROM `wx_weixin_release_pic` WHERE `wid` IN (null,null) GROUP BY wid  [ RunTime:0.0280s ]
INFO: [ view_parse ] --START--
INFO: [ template_filter ] --START--
INFO: Run Behavior\ContentReplaceBehavior [ RunTime:0.001000s ]
INFO: [ template_filter ] --END-- [ RunTime:0.001000s ]
NOTIC: [8] Undefined index: uid D:\xampp\htdocs\new_lgx\Application\Runtime\Cache\Weixin\98c561c497f1db6720e3136cad874fa0.php 第 128 行.
NOTIC: [8] Undefined index: uid D:\xampp\htdocs\new_lgx\Application\Runtime\Cache\Weixin\98c561c497f1db6720e3136cad874fa0.php 第 129 行.
NOTIC: [8] Undefined index: uid D:\xampp\htdocs\new_lgx\Application\Runtime\Cache\Weixin\98c561c497f1db6720e3136cad874fa0.php 第 130 行.
NOTIC: [8] Undefined index: uid D:\xampp\htdocs\new_lgx\Application\Runtime\Cache\Weixin\98c561c497f1db6720e3136cad874fa0.php 第 133 行.
NOTIC: [8] Undefined index: uid D:\xampp\htdocs\new_lgx\Application\Runtime\Cache\Weixin\98c561c497f1db6720e3136cad874fa0.php 第 143 行.
NOTIC: [8] Undefined index: uid D:\xampp\htdocs\new_lgx\Application\Runtime\Cache\Weixin\98c561c497f1db6720e3136cad874fa0.php 第 145 行.
NOTIC: [8] Undefined index: uid D:\xampp\htdocs\new_lgx\Application\Runtime\Cache\Weixin\98c561c497f1db6720e3136cad874fa0.php 第 185 行.
NOTIC: [8] Undefined index: uid D:\xampp\htdocs\new_lgx\Application\Runtime\Cache\Weixin\98c561c497f1db6720e3136cad874fa0.php 第 449 行.
NOTIC: [8] Undefined index: uid D:\xampp\htdocs\new_lgx\Application\Runtime\Cache\Weixin\98c561c497f1db6720e3136cad874fa0.php 第 504 行.
NOTIC: [8] Undefined index: uid D:\xampp\htdocs\new_lgx\Application\Runtime\Cache\Weixin\98c561c497f1db6720e3136cad874fa0.php 第 508 行.
NOTIC: [8] Undefined index: uid D:\xampp\htdocs\new_lgx\Application\Runtime\Cache\Weixin\98c561c497f1db6720e3136cad874fa0.php 第 568 行.
NOTIC: [8] Undefined index: uid D:\xampp\htdocs\new_lgx\Application\Runtime\Cache\Weixin\98c561c497f1db6720e3136cad874fa0.php 第 572 行.
NOTIC: [8] Undefined index: wid D:\xampp\htdocs\new_lgx\Application\Runtime\Cache\Weixin\98c561c497f1db6720e3136cad874fa0.php 第 583 行.
NOTIC: [8] Undefined index: uid D:\xampp\htdocs\new_lgx\Application\Runtime\Cache\Weixin\98c561c497f1db6720e3136cad874fa0.php 第 608 行.
NOTIC: [8] Undefined index: uid D:\xampp\htdocs\new_lgx\Application\Runtime\Cache\Weixin\98c561c497f1db6720e3136cad874fa0.php 第 612 行.
NOTIC: [8] Undefined index: uid D:\xampp\htdocs\new_lgx\Application\Runtime\Cache\Weixin\98c561c497f1db6720e3136cad874fa0.php 第 703 行.
NOTIC: [8] Undefined index: uid D:\xampp\htdocs\new_lgx\Application\Runtime\Cache\Weixin\98c561c497f1db6720e3136cad874fa0.php 第 706 行.
NOTIC: [8] Undefined index: uid D:\xampp\htdocs\new_lgx\Application\Runtime\Cache\Weixin\98c561c497f1db6720e3136cad874fa0.php 第 709 行.
NOTIC: [8] Undefined index: uid D:\xampp\htdocs\new_lgx\Application\Runtime\Cache\Weixin\98c561c497f1db6720e3136cad874fa0.php 第 712 行.
INFO: Run Behavior\ParseTemplateBehavior [ RunTime:0.124007s ]
INFO: [ view_parse ] --END-- [ RunTime:0.124007s ]
INFO: [ view_filter ] --START--
INFO: Run Behavior\WriteHtmlCacheBehavior [ RunTime:0.001000s ]
INFO: [ view_filter ] --END-- [ RunTime:0.001000s ]
INFO: [ app_end ] --START--
INFO: Run Behavior\ShowPageTraceBehavior [ RunTime:0.000000s ]
INFO: [ app_end ] --END-- [ RunTime:0.000000s ]

[ 2017-08-17T15:44:10+08:00 ] ::1 /new_lgx/weixin/index/new_index
INFO: [ app_init ] --START--
INFO: Run Behavior\BuildLiteBehavior [ RunTime:0.000000s ]
INFO: [ app_init ] --END-- [ RunTime:0.001000s ]
INFO: [ app_begin ] --START--
INFO: Run Behavior\ReadHtmlCacheBehavior [ RunTime:0.001000s ]
INFO: [ app_begin ] --END-- [ RunTime:0.001000s ]
NOTIC: [8] Undefined index: uid D:\xampp\htdocs\new_lgx\Application\Weixin\Controller\IndexController.class.php 第 22 行.
NOTIC: [8] Undefined index: id D:\xampp\htdocs\new_lgx\Application\Weixin\Controller\IndexController.class.php 第 23 行.
SQL: SHOW COLUMNS FROM `wx_weixin_activity` [ RunTime:0.0030s ]
NOTIC: [8] Undefined index: uid D:\xampp\htdocs\new_lgx\Application\Weixin\Controller\IndexController.class.php 第 468 行.
SQL: SELECT * FROM `wx_weixin_activity` WHERE `userid` = null ORDER BY id desc LIMIT 2   [ RunTime:0.0010s ]
SQL: SHOW COLUMNS FROM `wx_weixin_lunbotu` [ RunTime:0.0030s ]
NOTIC: [8] Undefined index: uid D:\xampp\htdocs\new_lgx\Application\Weixin\Controller\IndexController.class.php 第 469 行.
SQL: SELECT * FROM `wx_weixin_lunbotu` WHERE `userid` = null AND `page` = 1 AND `type` = 1  [ RunTime:0.0010s ]
NOTIC: [8] Undefined index: uid D:\xampp\htdocs\new_lgx\Application\Weixin\Controller\IndexController.class.php 第 470 行.
SQL: SELECT * FROM `wx_weixin_lunbotu` WHERE `userid` = null AND `page` = 1 AND `type` = 2  [ RunTime:0.0000s ]
NOTIC: [8] Undefined index: uid D:\xampp\htdocs\new_lgx\Application\Weixin\Controller\IndexController.class.php 第 471 行.
SQL: SELECT * FROM `wx_weixin_lunbotu` WHERE `userid` = null AND `page` = 1 AND `type` = 3  [ RunTime:0.0090s ]
NOTIC: [8] Undefined index: uid D:\xampp\htdocs\new_lgx\Application\Weixin\Controller\IndexController.class.php 第 472 行.
SQL: SELECT * FROM `wx_weixin_lunbotu` WHERE `userid` = null AND `page` = 1 AND `type` = 4  [ RunTime:0.0090s ]
NOTIC: [8] Undefined index: uid D:\xampp\htdocs\new_lgx\Application\Weixin\Controller\IndexController.class.php 第 473 行.
SQL: SELECT * FROM `wx_weixin_lunbotu` WHERE `userid` = null AND `page` = 1 AND `type` = 5  [ RunTime:0.0000s ]
NOTIC: [8] Undefined index: uid D:\xampp\htdocs\new_lgx\Application\Weixin\Controller\IndexController.class.php 第 474 行.
SQL: SELECT * FROM `wx_weixin_lunbotu` WHERE `userid` = null AND `page` = 1 AND `type` = 6  [ RunTime:0.0000s ]
SQL: SHOW COLUMNS FROM `wx_weixin_article` [ RunTime:0.0020s ]
NOTIC: [8] Undefined index: uid D:\xampp\htdocs\new_lgx\Application\Weixin\Controller\IndexController.class.php 第 477 行.
SQL: SELECT * FROM `wx_weixin_article` WHERE `userid` = null ORDER BY addtime desc LIMIT 3   [ RunTime:0.0000s ]
SQL: SHOW COLUMNS FROM `wx_weixin_release_pic` [ RunTime:0.0020s ]
NOTIC: [8] Undefined index: wid D:\xampp\htdocs\new_lgx\Application\Weixin\Controller\IndexController.class.php 第 478 行.
SQL: SELECT * FROM `wx_weixin_release_pic` WHERE `wid` <> null GROUP BY wid  [ RunTime:0.0000s ]
NOTIC: [8] Undefined offset: 0 D:\xampp\htdocs\new_lgx\Application\Weixin\Controller\IndexController.class.php 第 496 行.
NOTIC: [8] Undefined offset: -1 D:\xampp\htdocs\new_lgx\Application\Weixin\Controller\IndexController.class.php 第 496 行.
SQL: SELECT * FROM `wx_weixin_release_pic` WHERE `wid` IN (null,null) GROUP BY wid  [ RunTime:0.0000s ]
INFO: [ view_parse ] --START--
INFO: [ template_filter ] --START--
INFO: Run Behavior\ContentReplaceBehavior [ RunTime:0.000000s ]
INFO: [ template_filter ] --END-- [ RunTime:0.000000s ]
NOTIC: [8] Undefined index: uid D:\xampp\htdocs\new_lgx\Application\Runtime\Cache\Weixin\98c561c497f1db6720e3136cad874fa0.php 第 128 行.
NOTIC: [8] Undefined index: uid D:\xampp\htdocs\new_lgx\Application\Runtime\Cache\Weixin\98c561c497f1db6720e3136cad874fa0.php 第 129 行.
NOTIC: [8] Undefined index: uid D:\xampp\htdocs\new_lgx\Application\Runtime\Cache\Weixin\98c561c497f1db6720e3136cad874fa0.php 第 130 行.
NOTIC: [8] Undefined index: uid D:\xampp\htdocs\new_lgx\Application\Runtime\Cache\Weixin\98c561c497f1db6720e3136cad874fa0.php 第 133 行.
NOTIC: [8] Undefined index: uid D:\xampp\htdocs\new_lgx\Application\Runtime\Cache\Weixin\98c561c497f1db6720e3136cad874fa0.php 第 143 行.
NOTIC: [8] Undefined index: uid D:\xampp\htdocs\new_lgx\Application\Runtime\Cache\Weixin\98c561c497f1db6720e3136cad874fa0.php 第 145 行.
NOTIC: [8] Undefined index: uid D:\xampp\htdocs\new_lgx\Application\Runtime\Cache\Weixin\98c561c497f1db6720e3136cad874fa0.php 第 185 行.
NOTIC: [8] Undefined index: uid D:\xampp\htdocs\new_lgx\Application\Runtime\Cache\Weixin\98c561c497f1db6720e3136cad874fa0.php 第 449 行.
NOTIC: [8] Undefined index: uid D:\xampp\htdocs\new_lgx\Application\Runtime\Cache\Weixin\98c561c497f1db6720e3136cad874fa0.php 第 504 行.
NOTIC: [8] Undefined index: uid D:\xampp\htdocs\new_lgx\Application\Runtime\Cache\Weixin\98c561c497f1db6720e3136cad874fa0.php 第 508 行.
NOTIC: [8] Undefined index: uid D:\xampp\htdocs\new_lgx\Application\Runtime\Cache\Weixin\98c561c497f1db6720e3136cad874fa0.php 第 568 行.
NOTIC: [8] Undefined index: uid D:\xampp\htdocs\new_lgx\Application\Runtime\Cache\Weixin\98c561c497f1db6720e3136cad874fa0.php 第 572 行.
NOTIC: [8] Undefined index: wid D:\xampp\htdocs\new_lgx\Application\Runtime\Cache\Weixin\98c561c497f1db6720e3136cad874fa0.php 第 583 行.
NOTIC: [8] Undefined index: uid D:\xampp\htdocs\new_lgx\Application\Runtime\Cache\Weixin\98c561c497f1db6720e3136cad874fa0.php 第 608 行.
NOTIC: [8] Undefined index: uid D:\xampp\htdocs\new_lgx\Application\Runtime\Cache\Weixin\98c561c497f1db6720e3136cad874fa0.php 第 612 行.
NOTIC: [8] Undefined index: uid D:\xampp\htdocs\new_lgx\Application\Runtime\Cache\Weixin\98c561c497f1db6720e3136cad874fa0.php 第 703 行.
NOTIC: [8] Undefined index: uid D:\xampp\htdocs\new_lgx\Application\Runtime\Cache\Weixin\98c561c497f1db6720e3136cad874fa0.php 第 706 行.
NOTIC: [8] Undefined index: uid D:\xampp\htdocs\new_lgx\Application\Runtime\Cache\Weixin\98c561c497f1db6720e3136cad874fa0.php 第 709 行.
NOTIC: [8] Undefined index: uid D:\xampp\htdocs\new_lgx\Application\Runtime\Cache\Weixin\98c561c497f1db6720e3136cad874fa0.php 第 712 行.
INFO: Run Behavior\ParseTemplateBehavior [ RunTime:0.312018s ]
INFO: [ view_parse ] --END-- [ RunTime:0.312018s ]
INFO: [ view_filter ] --START--
INFO: Run Behavior\WriteHtmlCacheBehavior [ RunTime:0.001000s ]
INFO: [ view_filter ] --END-- [ RunTime:0.001000s ]
INFO: [ app_end ] --START--
INFO: Run Behavior\ShowPageTraceBehavior [ RunTime:0.003000s ]
INFO: [ app_end ] --END-- [ RunTime:0.003000s ]

[ 2017-08-17T15:44:13+08:00 ] ::1 /new_lgx/Weixin/Index/new_tianqi.html
INFO: [ app_init ] --START--
INFO: Run Behavior\BuildLiteBehavior [ RunTime:0.000000s ]
INFO: [ app_init ] --END-- [ RunTime:0.001000s ]
INFO: [ app_begin ] --START--
INFO: Run Behavior\ReadHtmlCacheBehavior [ RunTime:0.001000s ]
INFO: [ app_begin ] --END-- [ RunTime:0.001000s ]
NOTIC: [8] Undefined index: uid D:\xampp\htdocs\new_lgx\Application\Weixin\Controller\IndexController.class.php 第 22 行.
NOTIC: [8] Undefined index: id D:\xampp\htdocs\new_lgx\Application\Weixin\Controller\IndexController.class.php 第 23 行.
INFO: [ view_parse ] --START--
INFO: [ template_filter ] --START--
INFO: Run Behavior\ContentReplaceBehavior [ RunTime:0.001000s ]
INFO: [ template_filter ] --END-- [ RunTime:0.001000s ]
INFO: Run Behavior\ParseTemplateBehavior [ RunTime:0.046002s ]
INFO: [ view_parse ] --END-- [ RunTime:0.046002s ]
INFO: [ view_filter ] --START--
INFO: Run Behavior\WriteHtmlCacheBehavior [ RunTime:0.000000s ]
INFO: [ view_filter ] --END-- [ RunTime:0.000000s ]
INFO: [ app_end ] --START--
INFO: Run Behavior\ShowPageTraceBehavior [ RunTime:0.000000s ]
INFO: [ app_end ] --END-- [ RunTime:0.000000s ]

[ 2017-08-17T15:44:14+08:00 ] ::1 /new_lgx/Weixin/Index/new_tianqi.html
INFO: [ app_init ] --START--
INFO: Run Behavior\BuildLiteBehavior [ RunTime:0.000000s ]
INFO: [ app_init ] --END-- [ RunTime:0.000000s ]
INFO: [ app_begin ] --START--
INFO: Run Behavior\ReadHtmlCacheBehavior [ RunTime:0.001000s ]
INFO: [ app_begin ] --END-- [ RunTime:0.001000s ]
NOTIC: [8] Undefined index: uid D:\xampp\htdocs\new_lgx\Application\Weixin\Controller\IndexController.class.php 第 22 行.
NOTIC: [8] Undefined index: id D:\xampp\htdocs\new_lgx\Application\Weixin\Controller\IndexController.class.php 第 23 行.
INFO: [ view_parse ] --START--
INFO: [ template_filter ] --START--
INFO: Run Behavior\ContentReplaceBehavior [ RunTime:0.000000s ]
INFO: [ template_filter ] --END-- [ RunTime:0.000000s ]
INFO: Run Behavior\ParseTemplateBehavior [ RunTime:0.236013s ]
INFO: [ view_parse ] --END-- [ RunTime:0.236013s ]
INFO: [ view_filter ] --START--
INFO: Run Behavior\WriteHtmlCacheBehavior [ RunTime:0.001000s ]
INFO: [ view_filter ] --END-- [ RunTime:0.001000s ]
INFO: [ app_end ] --START--
INFO: Run Behavior\ShowPageTraceBehavior [ RunTime:0.001000s ]
INFO: [ app_end ] --END-- [ RunTime:0.001000s ]

[ 2017-08-17T15:44:26+08:00 ] ::1 /new_lgx/Weixin/Index/new_huodong.html
INFO: [ app_init ] --START--
INFO: Run Behavior\BuildLiteBehavior [ RunTime:0.000000s ]
INFO: [ app_init ] --END-- [ RunTime:0.000000s ]
INFO: [ app_begin ] --START--
INFO: Run Behavior\ReadHtmlCacheBehavior [ RunTime:0.001000s ]
INFO: [ app_begin ] --END-- [ RunTime:0.002001s ]
NOTIC: [8] Undefined index: uid D:\xampp\htdocs\new_lgx\Application\Weixin\Controller\IndexController.class.php 第 22 行.
NOTIC: [8] Undefined index: id D:\xampp\htdocs\new_lgx\Application\Weixin\Controller\IndexController.class.php 第 23 行.
SQL: SHOW COLUMNS FROM `wx_weixin_activity` [ RunTime:0.0120s ]
NOTIC: [8] Undefined index: uid D:\xampp\htdocs\new_lgx\Application\Weixin\Controller\IndexController.class.php 第 244 行.
SQL: SELECT * FROM `wx_weixin_activity` WHERE `userid` = null  [ RunTime:0.0000s ]
INFO: [ view_parse ] --START--
INFO: [ template_filter ] --START--
INFO: Run Behavior\ContentReplaceBehavior [ RunTime:0.000000s ]
INFO: [ template_filter ] --END-- [ RunTime:0.000000s ]
INFO: Run Behavior\ParseTemplateBehavior [ RunTime:0.069004s ]
INFO: [ view_parse ] --END-- [ RunTime:0.069004s ]
INFO: [ view_filter ] --START--
INFO: Run Behavior\WriteHtmlCacheBehavior [ RunTime:0.001000s ]
INFO: [ view_filter ] --END-- [ RunTime:0.001000s ]
INFO: [ app_end ] --START--
INFO: Run Behavior\ShowPageTraceBehavior [ RunTime:0.001000s ]
INFO: [ app_end ] --END-- [ RunTime:0.001000s ]

[ 2017-08-17T15:44:26+08:00 ] ::1 /new_lgx/Weixin/js/mui.min.js
INFO: [ app_init ] --START--
INFO: Run Behavior\BuildLiteBehavior [ RunTime:0.000000s ]
INFO: [ app_init ] --END-- [ RunTime:0.000000s ]
INFO: [ app_begin ] --START--
INFO: Run Behavior\ReadHtmlCacheBehavior [ RunTime:0.000000s ]
INFO: [ app_begin ] --END-- [ RunTime:0.000000s ]
ERR: 无法加载控制器:Js

[ 2017-08-17T15:44:26+08:00 ] ::1 /new_lgx/Weixin/css/app.css
INFO: [ app_init ] --START--
INFO: Run Behavior\BuildLiteBehavior [ RunTime:0.000000s ]
INFO: [ app_init ] --END-- [ RunTime:0.001000s ]
INFO: [ app_begin ] --START--
INFO: Run Behavior\ReadHtmlCacheBehavior [ RunTime:0.002000s ]
INFO: [ app_begin ] --END-- [ RunTime:0.002000s ]
ERR: 无法加载控制器:Css

[ 2017-08-17T15:45:03+08:00 ] ::1 /new_lgx/Weixin/css/app.css
INFO: [ app_init ] --START--
INFO: Run Behavior\BuildLiteBehavior [ RunTime:0.000000s ]
INFO: [ app_init ] --END-- [ RunTime:0.001000s ]
INFO: [ app_begin ] --START--
INFO: Run Behavior\ReadHtmlCacheBehavior [ RunTime:0.001000s ]
INFO: [ app_begin ] --END-- [ RunTime:0.001000s ]
ERR: 无法加载控制器:Css

[ 2017-08-17T15:45:11+08:00 ] ::1 /new_lgx/Weixin/Index/new_index.html
INFO: [ app_init ] --START--
INFO: Run Behavior\BuildLiteBehavior [ RunTime:0.000000s ]
INFO: [ app_init ] --END-- [ RunTime:0.001000s ]
INFO: [ app_begin ] --START--
INFO: Run Behavior\ReadHtmlCacheBehavior [ RunTime:0.001000s ]
INFO: [ app_begin ] --END-- [ RunTime:0.001000s ]
NOTIC: [8] Undefined index: uid D:\xampp\htdocs\new_lgx\Application\Weixin\Controller\IndexController.class.php 第 22 行.
NOTIC: [8] Undefined index: id D:\xampp\htdocs\new_lgx\Application\Weixin\Controller\IndexController.class.php 第 23 行.
SQL: SHOW COLUMNS FROM `wx_weixin_activity` [ RunTime:0.0020s ]
NOTIC: [8] Undefined index: uid D:\xampp\htdocs\new_lgx\Application\Weixin\Controller\IndexController.class.php 第 468 行.
SQL: SELECT * FROM `wx_weixin_activity` WHERE `userid` = null ORDER BY id desc LIMIT 2   [ RunTime:0.0000s ]
SQL: SHOW COLUMNS FROM `wx_weixin_lunbotu` [ RunTime:0.0020s ]
NOTIC: [8] Undefined index: uid D:\xampp\htdocs\new_lgx\Application\Weixin\Controller\IndexController.class.php 第 469 行.
SQL: SELECT * FROM `wx_weixin_lunbotu` WHERE `userid` = null AND `page` = 1 AND `type` = 1  [ RunTime:0.0000s ]
NOTIC: [8] Undefined index: uid D:\xampp\htdocs\new_lgx\Application\Weixin\Controller\IndexController.class.php 第 470 行.
SQL: SELECT * FROM `wx_weixin_lunbotu` WHERE `userid` = null AND `page` = 1 AND `type` = 2  [ RunTime:0.0000s ]
NOTIC: [8] Undefined index: uid D:\xampp\htdocs\new_lgx\Application\Weixin\Controller\IndexController.class.php 第 471 行.
SQL: SELECT * FROM `wx_weixin_lunbotu` WHERE `userid` = null AND `page` = 1 AND `type` = 3  [ RunTime:0.0010s ]
NOTIC: [8] Undefined index: uid D:\xampp\htdocs\new_lgx\Application\Weixin\Controller\IndexController.class.php 第 472 行.
SQL: SELECT * FROM `wx_weixin_lunbotu` WHERE `userid` = null AND `page` = 1 AND `type` = 4  [ RunTime:0.0000s ]
NOTIC: [8] Undefined index: uid D:\xampp\htdocs\new_lgx\Application\Weixin\Controller\IndexController.class.php 第 473 行.
SQL: SELECT * FROM `wx_weixin_lunbotu` WHERE `userid` = null AND `page` = 1 AND `type` = 5  [ RunTime:0.0000s ]
NOTIC: [8] Undefined index: uid D:\xampp\htdocs\new_lgx\Application\Weixin\Controller\IndexController.class.php 第 474 行.
SQL: SELECT * FROM `wx_weixin_lunbotu` WHERE `userid` = null AND `page` = 1 AND `type` = 6  [ RunTime:0.0000s ]
SQL: SHOW COLUMNS FROM `wx_weixin_article` [ RunTime:0.0020s ]
NOTIC: [8] Undefined index: uid D:\xampp\htdocs\new_lgx\Application\Weixin\Controller\IndexController.class.php 第 477 行.
SQL: SELECT * FROM `wx_weixin_article` WHERE `userid` = null ORDER BY addtime desc LIMIT 3   [ RunTime:0.0000s ]
SQL: SHOW COLUMNS FROM `wx_weixin_release_pic` [ RunTime:0.0030s ]
NOTIC: [8] Undefined index: wid D:\xampp\htdocs\new_lgx\Application\Weixin\Controller\IndexController.class.php 第 478 行.
SQL: SELECT * FROM `wx_weixin_release_pic` WHERE `wid` <> null GROUP BY wid  [ RunTime:0.0010s ]
NOTIC: [8] Undefined offset: 0 D:\xampp\htdocs\new_lgx\Application\Weixin\Controller\IndexController.class.php 第 496 行.
NOTIC: [8] Undefined offset: -1 D:\xampp\htdocs\new_lgx\Application\Weixin\Controller\IndexController.class.php 第 496 行.
SQL: SELECT * FROM `wx_weixin_release_pic` WHERE `wid` IN (null,null) GROUP BY wid  [ RunTime:0.0000s ]
INFO: [ view_parse ] --START--
INFO: [ template_filter ] --START--
INFO: Run Behavior\ContentReplaceBehavior [ RunTime:0.000000s ]
INFO: [ template_filter ] --END-- [ RunTime:0.000000s ]
NOTIC: [8] Undefined index: uid D:\xampp\htdocs\new_lgx\Application\Runtime\Cache\Weixin\98c561c497f1db6720e3136cad874fa0.php 第 128 行.
NOTIC: [8] Undefined index: uid D:\xampp\htdocs\new_lgx\Application\Runtime\Cache\Weixin\98c561c497f1db6720e3136cad874fa0.php 第 129 行.
NOTIC: [8] Undefined index: uid D:\xampp\htdocs\new_lgx\Application\Runtime\Cache\Weixin\98c561c497f1db6720e3136cad874fa0.php 第 130 行.
NOTIC: [8] Undefined index: uid D:\xampp\htdocs\new_lgx\Application\Runtime\Cache\Weixin\98c561c497f1db6720e3136cad874fa0.php 第 133 行.
NOTIC: [8] Undefined index: uid D:\xampp\htdocs\new_lgx\Application\Runtime\Cache\Weixin\98c561c497f1db6720e3136cad874fa0.php 第 143 行.
NOTIC: [8] Undefined index: uid D:\xampp\htdocs\new_lgx\Application\Runtime\Cache\Weixin\98c561c497f1db6720e3136cad874fa0.php 第 145 行.
NOTIC: [8] Undefined index: uid D:\xampp\htdocs\new_lgx\Application\Runtime\Cache\Weixin\98c561c497f1db6720e3136cad874fa0.php 第 185 行.
NOTIC: [8] Undefined index: uid D:\xampp\htdocs\new_lgx\Application\Runtime\Cache\Weixin\98c561c497f1db6720e3136cad874fa0.php 第 449 行.
NOTIC: [8] Undefined index: uid D:\xampp\htdocs\new_lgx\Application\Runtime\Cache\Weixin\98c561c497f1db6720e3136cad874fa0.php 第 504 行.
NOTIC: [8] Undefined index: uid D:\xampp\htdocs\new_lgx\Application\Runtime\Cache\Weixin\98c561c497f1db6720e3136cad874fa0.php 第 508 行.
NOTIC: [8] Undefined index: uid D:\xampp\htdocs\new_lgx\Application\Runtime\Cache\Weixin\98c561c497f1db6720e3136cad874fa0.php 第 568 行.
NOTIC: [8] Undefined index: uid D:\xampp\htdocs\new_lgx\Application\Runtime\Cache\Weixin\98c561c497f1db6720e3136cad874fa0.php 第 572 行.
NOTIC: [8] Undefined index: wid D:\xampp\htdocs\new_lgx\Application\Runtime\Cache\Weixin\98c561c497f1db6720e3136cad874fa0.php 第 583 行.
NOTIC: [8] Undefined index: uid D:\xampp\htdocs\new_lgx\Application\Runtime\Cache\Weixin\98c561c497f1db6720e3136cad874fa0.php 第 608 行.
NOTIC: [8] Undefined index: uid D:\xampp\htdocs\new_lgx\Application\Runtime\Cache\Weixin\98c561c497f1db6720e3136cad874fa0.php 第 612 行.
NOTIC: [8] Undefined index: uid D:\xampp\htdocs\new_lgx\Application\Runtime\Cache\Weixin\98c561c497f1db6720e3136cad874fa0.php 第 703 行.
NOTIC: [8] Undefined index: uid D:\xampp\htdocs\new_lgx\Application\Runtime\Cache\Weixin\98c561c497f1db6720e3136cad874fa0.php 第 706 行.
NOTIC: [8] Undefined index: uid D:\xampp\htdocs\new_lgx\Application\Runtime\Cache\Weixin\98c561c497f1db6720e3136cad874fa0.php 第 709 行.
NOTIC: [8] Undefined index: uid D:\xampp\htdocs\new_lgx\Application\Runtime\Cache\Weixin\98c561c497f1db6720e3136cad874fa0.php 第 712 行.
INFO: Run Behavior\ParseTemplateBehavior [ RunTime:0.026001s ]
INFO: [ view_parse ] --END-- [ RunTime:0.026001s ]
INFO: [ view_filter ] --START--
INFO: Run Behavior\WriteHtmlCacheBehavior [ RunTime:0.001000s ]
INFO: [ view_filter ] --END-- [ RunTime:0.001000s ]
INFO: [ app_end ] --START--
INFO: Run Behavior\ShowPageTraceBehavior [ RunTime:0.001000s ]
INFO: [ app_end ] --END-- [ RunTime:0.001000s ]

[ 2017-08-17T15:45:12+08:00 ] ::1 /new_lgx/Weixin/Index/new_tianqi.html
INFO: [ app_init ] --START--
INFO: Run Behavior\BuildLiteBehavior [ RunTime:0.000000s ]
INFO: [ app_init ] --END-- [ RunTime:0.000000s ]
INFO: [ app_begin ] --START--
INFO: Run Behavior\ReadHtmlCacheBehavior [ RunTime:0.001000s ]
INFO: [ app_begin ] --END-- [ RunTime:0.001000s ]
NOTIC: [8] Undefined index: uid D:\xampp\htdocs\new_lgx\Application\Weixin\Controller\IndexController.class.php 第 22 行.
NOTIC: [8] Undefined index: id D:\xampp\htdocs\new_lgx\Application\Weixin\Controller\IndexController.class.php 第 23 行.
INFO: [ view_parse ] --START--
INFO: [ template_filter ] --START--
INFO: Run Behavior\ContentReplaceBehavior [ RunTime:0.001000s ]
INFO: [ template_filter ] --END-- [ RunTime:0.001000s ]
INFO: Run Behavior\ParseTemplateBehavior [ RunTime:0.009000s ]
INFO: [ view_parse ] --END-- [ RunTime:0.009000s ]
INFO: [ view_filter ] --START--
INFO: Run Behavior\WriteHtmlCacheBehavior [ RunTime:0.000000s ]
INFO: [ view_filter ] --END-- [ RunTime:0.000000s ]
INFO: [ app_end ] --START--
INFO: Run Behavior\ShowPageTraceBehavior [ RunTime:0.001000s ]
INFO: [ app_end ] --END-- [ RunTime:0.001000s ]

[ 2017-08-17T15:45:12+08:00 ] ::1 /new_lgx/Weixin/Index/new_tianqi.html
INFO: [ app_init ] --START--
INFO: Run Behavior\BuildLiteBehavior [ RunTime:0.000000s ]
INFO: [ app_init ] --END-- [ RunTime:0.000000s ]
INFO: [ app_begin ] --START--
INFO: Run Behavior\ReadHtmlCacheBehavior [ RunTime:0.000000s ]
INFO: [ app_begin ] --END-- [ RunTime:0.000000s ]
NOTIC: [8] Undefined index: uid D:\xampp\htdocs\new_lgx\Application\Weixin\Controller\IndexController.class.php 第 22 行.
NOTIC: [8] Undefined index: id D:\xampp\htdocs\new_lgx\Application\Weixin\Controller\IndexController.class.php 第 23 行.
INFO: [ view_parse ] --START--
INFO: [ template_filter ] --START--
INFO: Run Behavior\ContentReplaceBehavior [ RunTime:0.000000s ]
INFO: [ template_filter ] --END-- [ RunTime:0.000000s ]
INFO: Run Behavior\ParseTemplateBehavior [ RunTime:0.017001s ]
INFO: [ view_parse ] --END-- [ RunTime:0.018001s ]
INFO: [ view_filter ] --START--
INFO: Run Behavior\WriteHtmlCacheBehavior [ RunTime:0.001000s ]
INFO: [ view_filter ] --END-- [ RunTime:0.001000s ]
INFO: [ app_end ] --START--
INFO: Run Behavior\ShowPageTraceBehavior [ RunTime:0.002000s ]
INFO: [ app_end ] --END-- [ RunTime:0.002000s ]

[ 2017-08-17T15:45:16+08:00 ] ::1 /new_lgx/Weixin/Index/new_huodong.html
INFO: [ app_init ] --START--
INFO: Run Behavior\BuildLiteBehavior [ RunTime:0.000000s ]
INFO: [ app_init ] --END-- [ RunTime:0.000000s ]
INFO: [ app_begin ] --START--
INFO: Run Behavior\ReadHtmlCacheBehavior [ RunTime:0.000000s ]
INFO: [ app_begin ] --END-- [ RunTime:0.001000s ]
NOTIC: [8] Undefined index: uid D:\xampp\htdocs\new_lgx\Application\Weixin\Controller\IndexController.class.php 第 22 行.
NOTIC: [8] Undefined index: id D:\xampp\htdocs\new_lgx\Application\Weixin\Controller\IndexController.class.php 第 23 行.
SQL: SHOW COLUMNS FROM `wx_weixin_activity` [ RunTime:0.0030s ]
NOTIC: [8] Undefined index: uid D:\xampp\htdocs\new_lgx\Application\Weixin\Controller\IndexController.class.php 第 244 行.
SQL: SELECT * FROM `wx_weixin_activity` WHERE `userid` = null  [ RunTime:0.0010s ]
INFO: [ view_parse ] --START--
INFO: [ template_filter ] --START--
INFO: Run Behavior\ContentReplaceBehavior [ RunTime:0.000000s ]
INFO: [ template_filter ] --END-- [ RunTime:0.000000s ]
INFO: Run Behavior\ParseTemplateBehavior [ RunTime:0.011001s ]
INFO: [ view_parse ] --END-- [ RunTime:0.011001s ]
INFO: [ view_filter ] --START--
INFO: Run Behavior\WriteHtmlCacheBehavior [ RunTime:0.000000s ]
INFO: [ view_filter ] --END-- [ RunTime:0.000000s ]
INFO: [ app_end ] --START--
INFO: Run Behavior\ShowPageTraceBehavior [ RunTime:0.001000s ]
INFO: [ app_end ] --END-- [ RunTime:0.001000s ]

[ 2017-08-17T15:45:16+08:00 ] ::1 /new_lgx/Weixin/css/app.css
INFO: [ app_init ] --START--
INFO: Run Behavior\BuildLiteBehavior [ RunTime:0.000000s ]
INFO: [ app_init ] --END-- [ RunTime:0.001000s ]
INFO: [ app_begin ] --START--
INFO: Run Behavior\ReadHtmlCacheBehavior [ RunTime:0.001000s ]
INFO: [ app_begin ] --END-- [ RunTime:0.001000s ]
ERR: 无法加载控制器:Css

[ 2017-08-17T15:45:16+08:00 ] ::1 /new_lgx/Weixin/js/mui.min.js
INFO: [ app_init ] --START--
INFO: Run Behavior\BuildLiteBehavior [ RunTime:0.000000s ]
INFO: [ app_init ] --END-- [ RunTime:0.001000s ]
INFO: [ app_begin ] --START--
INFO: Run Behavior\ReadHtmlCacheBehavior [ RunTime:0.000000s ]
INFO: [ app_begin ] --END-- [ RunTime:0.000000s ]
ERR: 无法加载控制器:Js

