[ 2017-08-26T10:44:03+08:00 ] ::1 /new_lgx/weixin/index/new_index
INFO: [ app_init ] --START--
INFO: Run Behavior\BuildLiteBehavior [ RunTime:0.000000s ]
INFO: [ app_init ] --END-- [ RunTime:0.000000s ]
INFO: [ app_begin ] --START--
INFO: Run Behavior\ReadHtmlCacheBehavior [ RunTime:0.000500s ]
INFO: [ app_begin ] --END-- [ RunTime:0.000500s ]
NOTIC: [8] Undefined index: wid D:\xampp\htdocs\new_lgx\Application\Weixin\Controller\IndexController.class.php 第 25 行.
NOTIC: [8] Undefined index: wid D:\xampp\htdocs\new_lgx\Application\Weixin\Controller\IndexController.class.php 第 26 行.
SQL: SHOW COLUMNS FROM `wx_weixin_activity` [ RunTime:0.0830s ]
SQL: SELECT * FROM `wx_weixin_activity` WHERE `userid` = 2 ORDER BY id desc LIMIT 2   [ RunTime:0.0005s ]
SQL: SHOW COLUMNS FROM `wx_weixin_lunbotu` [ RunTime:0.0570s ]
SQL: SELECT * FROM `wx_weixin_lunbotu` WHERE `userid` = 2 AND `page` = 1 AND `type` = 1  [ RunTime:0.0005s ]
SQL: SELECT * FROM `wx_weixin_lunbotu` WHERE `userid` = 2 AND `page` = 1 AND `type` = 2  [ RunTime:0.0000s ]
SQL: SELECT * FROM `wx_weixin_lunbotu` WHERE `userid` = 2 AND `page` = 1 AND `type` = 3  [ RunTime:0.0005s ]
SQL: SELECT * FROM `wx_weixin_lunbotu` WHERE `userid` = 2 AND `page` = 1 AND `type` = 4  [ RunTime:0.0005s ]
SQL: SELECT * FROM `wx_weixin_lunbotu` WHERE `userid` = 2 AND `page` = 1 AND `type` = 5  [ RunTime:0.0005s ]
SQL: SELECT * FROM `wx_weixin_lunbotu` WHERE `userid` = 2 AND `page` = 1 AND `type` = 6  [ RunTime:0.0005s ]
SQL: SHOW COLUMNS FROM `wx_weixin_article` [ RunTime:0.0390s ]
SQL: SELECT * FROM `wx_weixin_article` WHERE `userid` = 2 ORDER BY addtime desc LIMIT 3   [ RunTime:0.0105s ]
SQL: SHOW COLUMNS FROM `wx_weixin_release_pic` [ RunTime:0.0220s ]
NOTIC: [8] Undefined index: wid D:\xampp\htdocs\new_lgx\Application\Weixin\Controller\IndexController.class.php 第 481 行.
SQL: SELECT * FROM `wx_weixin_release_pic` WHERE `wid` <> null GROUP BY wid  [ RunTime:0.0305s ]
NOTIC: [8] Undefined offset: 0 D:\xampp\htdocs\new_lgx\Application\Weixin\Controller\IndexController.class.php 第 499 行.
NOTIC: [8] Undefined offset: -1 D:\xampp\htdocs\new_lgx\Application\Weixin\Controller\IndexController.class.php 第 499 行.
SQL: SELECT * FROM `wx_weixin_release_pic` WHERE `wid` IN (null,null) GROUP BY wid  [ RunTime:0.0010s ]
INFO: [ view_parse ] --START--
INFO: [ template_filter ] --START--
INFO: Run Behavior\ContentReplaceBehavior [ RunTime:0.000500s ]
INFO: [ template_filter ] --END-- [ RunTime:0.000500s ]
SQL: SHOW COLUMNS FROM `wx_weixin_pic` [ RunTime:0.0345s ]
SQL: SELECT * FROM `wx_weixin_pic` WHERE `aid` = 23  [ RunTime:0.0000s ]
NOTIC: [8] Undefined offset: 0 D:\xampp\htdocs\new_lgx\Application\Runtime\Cache\Weixin\98c561c497f1db6720e3136cad874fa0.php 第 218 行.
SQL: SELECT * FROM `wx_weixin_pic` WHERE `aid` = 21  [ RunTime:0.0000s ]
SQL: SELECT * FROM `wx_weixin_pic` WHERE `aid` = 20  [ RunTime:0.0000s ]
NOTIC: [8] Undefined index: wid D:\xampp\htdocs\new_lgx\Application\Runtime\Cache\Weixin\98c561c497f1db6720e3136cad874fa0.php 第 583 行.
INFO: Run Behavior\ParseTemplateBehavior [ RunTime:0.099013s ]
INFO: [ view_parse ] --END-- [ RunTime:0.099013s ]
INFO: [ view_filter ] --START--
INFO: Run Behavior\WriteHtmlCacheBehavior [ RunTime:0.000500s ]
INFO: [ view_filter ] --END-- [ RunTime:0.000500s ]
INFO: [ app_end ] --START--
INFO: Run Behavior\ShowPageTraceBehavior [ RunTime:0.000500s ]
INFO: [ app_end ] --END-- [ RunTime:0.000500s ]

[ 2017-08-26T10:44:04+08:00 ] ::1 /new_lgx/Weixin/Index/new_tianqi.html
INFO: [ app_init ] --START--
INFO: Run Behavior\BuildLiteBehavior [ RunTime:0.000000s ]
INFO: [ app_init ] --END-- [ RunTime:0.000500s ]
INFO: [ app_begin ] --START--
INFO: Run Behavior\ReadHtmlCacheBehavior [ RunTime:0.000000s ]
INFO: [ app_begin ] --END-- [ RunTime:0.000000s ]
NOTIC: [8] Undefined index: wid D:\xampp\htdocs\new_lgx\Application\Weixin\Controller\IndexController.class.php 第 25 行.
NOTIC: [8] Undefined index: wid D:\xampp\htdocs\new_lgx\Application\Weixin\Controller\IndexController.class.php 第 26 行.
INFO: [ view_parse ] --START--
INFO: [ template_filter ] --START--
INFO: Run Behavior\ContentReplaceBehavior [ RunTime:0.000000s ]
INFO: [ template_filter ] --END-- [ RunTime:0.000500s ]
INFO: Run Behavior\ParseTemplateBehavior [ RunTime:0.070509s ]
INFO: [ view_parse ] --END-- [ RunTime:0.071009s ]
INFO: [ view_filter ] --START--
INFO: Run Behavior\WriteHtmlCacheBehavior [ RunTime:0.000000s ]
INFO: [ view_filter ] --END-- [ RunTime:0.000000s ]
INFO: [ app_end ] --START--
INFO: Run Behavior\ShowPageTraceBehavior [ RunTime:0.000500s ]
INFO: [ app_end ] --END-- [ RunTime:0.000500s ]

[ 2017-08-26T10:44:05+08:00 ] ::1 /new_lgx/Weixin/Index/new_tianqi.html
INFO: [ app_init ] --START--
INFO: Run Behavior\BuildLiteBehavior [ RunTime:0.000000s ]
INFO: [ app_init ] --END-- [ RunTime:0.000500s ]
INFO: [ app_begin ] --START--
INFO: Run Behavior\ReadHtmlCacheBehavior [ RunTime:0.000500s ]
INFO: [ app_begin ] --END-- [ RunTime:0.000500s ]
NOTIC: [8] Undefined index: wid D:\xampp\htdocs\new_lgx\Application\Weixin\Controller\IndexController.class.php 第 25 行.
NOTIC: [8] Undefined index: wid D:\xampp\htdocs\new_lgx\Application\Weixin\Controller\IndexController.class.php 第 26 行.
INFO: [ view_parse ] --START--
INFO: [ template_filter ] --START--
INFO: Run Behavior\ContentReplaceBehavior [ RunTime:0.000000s ]
INFO: [ template_filter ] --END-- [ RunTime:0.000000s ]
INFO: Run Behavior\ParseTemplateBehavior [ RunTime:0.006001s ]
INFO: [ view_parse ] --END-- [ RunTime:0.006001s ]
INFO: [ view_filter ] --START--
INFO: Run Behavior\WriteHtmlCacheBehavior [ RunTime:0.000500s ]
INFO: [ view_filter ] --END-- [ RunTime:0.000500s ]
INFO: [ app_end ] --START--
INFO: Run Behavior\ShowPageTraceBehavior [ RunTime:0.000500s ]
INFO: [ app_end ] --END-- [ RunTime:0.000500s ]

[ 2017-08-26T10:44:12+08:00 ] ::1 /new_lgx/Weixin/Index/new_huodong2/id/2/nid/2.html
INFO: [ app_init ] --START--
INFO: Run Behavior\BuildLiteBehavior [ RunTime:0.000000s ]
INFO: [ app_init ] --END-- [ RunTime:0.000000s ]
INFO: [ app_begin ] --START--
INFO: Run Behavior\ReadHtmlCacheBehavior [ RunTime:0.000500s ]
INFO: [ app_begin ] --END-- [ RunTime:0.000500s ]
NOTIC: [8] Undefined index: wid D:\xampp\htdocs\new_lgx\Application\Weixin\Controller\IndexController.class.php 第 25 行.
NOTIC: [8] Undefined index: wid D:\xampp\htdocs\new_lgx\Application\Weixin\Controller\IndexController.class.php 第 26 行.
SQL: SHOW COLUMNS FROM `wx_weixin_activity_baoming` [ RunTime:0.0655s ]
SQL: SELECT * FROM `wx_weixin_activity_baoming` WHERE `aid` = 2 AND `status` = 1  [ RunTime:0.0005s ]
SQL: SHOW COLUMNS FROM `wx_weixin_activity_message` [ RunTime:0.0225s ]
NOTIC: [8] Undefined index: wid D:\xampp\htdocs\new_lgx\Application\Weixin\Controller\IndexController.class.php 第 77 行.
SQL: SELECT * FROM `wx_weixin_activity_message` WHERE `aid` = 2 AND `wid` = null LIMIT 1   [ RunTime:0.0000s ]
NOTIC: [8] Undefined index: wid D:\xampp\htdocs\new_lgx\Application\Weixin\Controller\IndexController.class.php 第 77 行.
SQL: SELECT * FROM `wx_weixin_activity_message` WHERE `aid` = 3 AND `wid` = null LIMIT 1   [ RunTime:0.0005s ]
NOTIC: [8] Undefined index: wid D:\xampp\htdocs\new_lgx\Application\Weixin\Controller\IndexController.class.php 第 77 行.
SQL: SELECT * FROM `wx_weixin_activity_message` WHERE `aid` = 5 AND `wid` = null LIMIT 1   [ RunTime:0.0000s ]
SQL: SHOW COLUMNS FROM `wx_weixin_activity` [ RunTime:0.0015s ]
SQL: SELECT `view` FROM `wx_weixin_activity` WHERE `id` = 2 LIMIT 1   [ RunTime:0.0200s ]
SQL: UPDATE `wx_weixin_activity` SET `view`='427' WHERE `id` = 2 [ RunTime:0.1865s ]
SQL: SELECT COUNT(*) AS tp_count FROM `wx_weixin_activity_baoming` WHERE `aid` = 2 AND `status` = 1 LIMIT 1   [ RunTime:0.0315s ]
SQL: SELECT * FROM `wx_weixin_activity` WHERE `id` = 2 LIMIT 1   [ RunTime:0.0010s ]
INFO: [ view_parse ] --START--
INFO: [ template_filter ] --START--
INFO: Run Behavior\ContentReplaceBehavior [ RunTime:0.000500s ]
INFO: [ template_filter ] --END-- [ RunTime:0.000500s ]
NOTIC: [8] Undefined index: title D:\xampp\htdocs\new_lgx\Application\Runtime\Cache\Weixin\a47459b9c9810423c112004d4546735f.php 第 233 行.
INFO: Run Behavior\ParseTemplateBehavior [ RunTime:0.029004s ]
INFO: [ view_parse ] --END-- [ RunTime:0.029004s ]
INFO: [ view_filter ] --START--
INFO: Run Behavior\WriteHtmlCacheBehavior [ RunTime:0.000500s ]
INFO: [ view_filter ] --END-- [ RunTime:0.001000s ]
INFO: [ app_end ] --START--
INFO: Run Behavior\ShowPageTraceBehavior [ RunTime:0.001500s ]
INFO: [ app_end ] --END-- [ RunTime:0.001500s ]

[ 2017-08-26T10:44:19+08:00 ] ::1 /new_lgx/Weixin/Index/new_huodong.html
INFO: [ app_init ] --START--
INFO: Run Behavior\BuildLiteBehavior [ RunTime:0.000000s ]
INFO: [ app_init ] --END-- [ RunTime:0.000500s ]
INFO: [ app_begin ] --START--
INFO: Run Behavior\ReadHtmlCacheBehavior [ RunTime:0.000500s ]
INFO: [ app_begin ] --END-- [ RunTime:0.000500s ]
NOTIC: [8] Undefined index: wid D:\xampp\htdocs\new_lgx\Application\Weixin\Controller\IndexController.class.php 第 25 行.
NOTIC: [8] Undefined index: wid D:\xampp\htdocs\new_lgx\Application\Weixin\Controller\IndexController.class.php 第 26 行.
SQL: SHOW COLUMNS FROM `wx_weixin_activity` [ RunTime:0.0035s ]
SQL: SELECT * FROM `wx_weixin_activity` WHERE `userid` = 2 ORDER BY id desc  [ RunTime:0.0010s ]
INFO: [ view_parse ] --START--
INFO: [ template_filter ] --START--
INFO: Run Behavior\ContentReplaceBehavior [ RunTime:0.000000s ]
INFO: [ template_filter ] --END-- [ RunTime:0.000000s ]
INFO: Run Behavior\ParseTemplateBehavior [ RunTime:0.022002s ]
INFO: [ view_parse ] --END-- [ RunTime:0.022502s ]
INFO: [ view_filter ] --START--
INFO: Run Behavior\WriteHtmlCacheBehavior [ RunTime:0.000500s ]
INFO: [ view_filter ] --END-- [ RunTime:0.001001s ]
INFO: [ app_end ] --START--
INFO: Run Behavior\ShowPageTraceBehavior [ RunTime:0.000500s ]
INFO: [ app_end ] --END-- [ RunTime:0.000500s ]

[ 2017-08-26T10:44:19+08:00 ] ::1 /new_lgx/Weixin/css/app.css
INFO: [ app_init ] --START--
INFO: Run Behavior\BuildLiteBehavior [ RunTime:0.000000s ]
INFO: [ app_init ] --END-- [ RunTime:0.000500s ]
INFO: [ app_begin ] --START--
INFO: Run Behavior\ReadHtmlCacheBehavior [ RunTime:0.000500s ]
INFO: [ app_begin ] --END-- [ RunTime:0.000500s ]
ERR: 无法加载控制器:Css

[ 2017-08-26T10:44:20+08:00 ] ::1 /new_lgx/Weixin/js/mui.min.js
INFO: [ app_init ] --START--
INFO: Run Behavior\BuildLiteBehavior [ RunTime:0.000000s ]
INFO: [ app_init ] --END-- [ RunTime:0.000500s ]
INFO: [ app_begin ] --START--
INFO: Run Behavior\ReadHtmlCacheBehavior [ RunTime:0.000500s ]
INFO: [ app_begin ] --END-- [ RunTime:0.001000s ]
ERR: 无法加载控制器:Js

[ 2017-08-26T10:44:25+08:00 ] ::1 /new_lgx/Weixin/Index/new_huodong2/id/2/nid/2.html
INFO: [ app_init ] --START--
INFO: Run Behavior\BuildLiteBehavior [ RunTime:0.000000s ]
INFO: [ app_init ] --END-- [ RunTime:0.000500s ]
INFO: [ app_begin ] --START--
INFO: Run Behavior\ReadHtmlCacheBehavior [ RunTime:0.000500s ]
INFO: [ app_begin ] --END-- [ RunTime:0.000500s ]
NOTIC: [8] Undefined index: wid D:\xampp\htdocs\new_lgx\Application\Weixin\Controller\IndexController.class.php 第 25 行.
NOTIC: [8] Undefined index: wid D:\xampp\htdocs\new_lgx\Application\Weixin\Controller\IndexController.class.php 第 26 行.
SQL: SHOW COLUMNS FROM `wx_weixin_activity_baoming` [ RunTime:0.0045s ]
SQL: SELECT * FROM `wx_weixin_activity_baoming` WHERE `aid` = 2 AND `status` = 1  [ RunTime:0.0010s ]
SQL: SHOW COLUMNS FROM `wx_weixin_activity_message` [ RunTime:0.0035s ]
NOTIC: [8] Undefined index: wid D:\xampp\htdocs\new_lgx\Application\Weixin\Controller\IndexController.class.php 第 77 行.
SQL: SELECT * FROM `wx_weixin_activity_message` WHERE `aid` = 2 AND `wid` = null LIMIT 1   [ RunTime:0.0005s ]
NOTIC: [8] Undefined index: wid D:\xampp\htdocs\new_lgx\Application\Weixin\Controller\IndexController.class.php 第 77 行.
SQL: SELECT * FROM `wx_weixin_activity_message` WHERE `aid` = 3 AND `wid` = null LIMIT 1   [ RunTime:0.0005s ]
NOTIC: [8] Undefined index: wid D:\xampp\htdocs\new_lgx\Application\Weixin\Controller\IndexController.class.php 第 77 行.
SQL: SELECT * FROM `wx_weixin_activity_message` WHERE `aid` = 5 AND `wid` = null LIMIT 1   [ RunTime:0.0005s ]
SQL: SHOW COLUMNS FROM `wx_weixin_activity` [ RunTime:0.0030s ]
SQL: SELECT `view` FROM `wx_weixin_activity` WHERE `id` = 2 LIMIT 1   [ RunTime:0.0005s ]
SQL: UPDATE `wx_weixin_activity` SET `view`='428' WHERE `id` = 2 [ RunTime:0.0905s ]
SQL: SELECT COUNT(*) AS tp_count FROM `wx_weixin_activity_baoming` WHERE `aid` = 2 AND `status` = 1 LIMIT 1   [ RunTime:0.0005s ]
SQL: SELECT * FROM `wx_weixin_activity` WHERE `id` = 2 LIMIT 1   [ RunTime:0.0005s ]
INFO: [ view_parse ] --START--
INFO: [ template_filter ] --START--
INFO: Run Behavior\ContentReplaceBehavior [ RunTime:0.000000s ]
INFO: [ template_filter ] --END-- [ RunTime:0.000000s ]
NOTIC: [8] Undefined index: title D:\xampp\htdocs\new_lgx\Application\Runtime\Cache\Weixin\a47459b9c9810423c112004d4546735f.php 第 233 行.
INFO: Run Behavior\ParseTemplateBehavior [ RunTime:0.006001s ]
INFO: [ view_parse ] --END-- [ RunTime:0.006501s ]
INFO: [ view_filter ] --START--
INFO: Run Behavior\WriteHtmlCacheBehavior [ RunTime:0.000000s ]
INFO: [ view_filter ] --END-- [ RunTime:0.000000s ]
INFO: [ app_end ] --START--
INFO: Run Behavior\ShowPageTraceBehavior [ RunTime:0.000500s ]
INFO: [ app_end ] --END-- [ RunTime:0.001000s ]

[ 2017-08-26T10:44:27+08:00 ] ::1 /new_lgx/Weixin/Index/new_huodong.html
INFO: [ app_init ] --START--
INFO: Run Behavior\BuildLiteBehavior [ RunTime:0.000000s ]
INFO: [ app_init ] --END-- [ RunTime:0.000500s ]
INFO: [ app_begin ] --START--
INFO: Run Behavior\ReadHtmlCacheBehavior [ RunTime:0.000500s ]
INFO: [ app_begin ] --END-- [ RunTime:0.000500s ]
NOTIC: [8] Undefined index: wid D:\xampp\htdocs\new_lgx\Application\Weixin\Controller\IndexController.class.php 第 25 行.
NOTIC: [8] Undefined index: wid D:\xampp\htdocs\new_lgx\Application\Weixin\Controller\IndexController.class.php 第 26 行.
SQL: SHOW COLUMNS FROM `wx_weixin_activity` [ RunTime:0.0060s ]
SQL: SELECT * FROM `wx_weixin_activity` WHERE `userid` = 2 ORDER BY id desc  [ RunTime:0.0005s ]
INFO: [ view_parse ] --START--
INFO: [ template_filter ] --START--
INFO: Run Behavior\ContentReplaceBehavior [ RunTime:0.000000s ]
INFO: [ template_filter ] --END-- [ RunTime:0.000000s ]
INFO: Run Behavior\ParseTemplateBehavior [ RunTime:0.011502s ]
INFO: [ view_parse ] --END-- [ RunTime:0.011502s ]
INFO: [ view_filter ] --START--
INFO: Run Behavior\WriteHtmlCacheBehavior [ RunTime:0.000500s ]
INFO: [ view_filter ] --END-- [ RunTime:0.000500s ]
INFO: [ app_end ] --START--
INFO: Run Behavior\ShowPageTraceBehavior [ RunTime:0.000500s ]
INFO: [ app_end ] --END-- [ RunTime:0.000500s ]

[ 2017-08-26T10:44:27+08:00 ] ::1 /new_lgx/Weixin/css/app.css
INFO: [ app_init ] --START--
INFO: Run Behavior\BuildLiteBehavior [ RunTime:0.000000s ]
INFO: [ app_init ] --END-- [ RunTime:0.000000s ]
INFO: [ app_begin ] --START--
INFO: Run Behavior\ReadHtmlCacheBehavior [ RunTime:0.000500s ]
INFO: [ app_begin ] --END-- [ RunTime:0.000500s ]
ERR: 无法加载控制器:Css

[ 2017-08-26T10:44:27+08:00 ] ::1 /new_lgx/Weixin/js/mui.min.js
INFO: [ app_init ] --START--
INFO: Run Behavior\BuildLiteBehavior [ RunTime:0.000000s ]
INFO: [ app_init ] --END-- [ RunTime:0.000501s ]
INFO: [ app_begin ] --START--
INFO: Run Behavior\ReadHtmlCacheBehavior [ RunTime:0.000500s ]
INFO: [ app_begin ] --END-- [ RunTime:0.000500s ]
ERR: 无法加载控制器:Js

[ 2017-08-26T10:44:30+08:00 ] ::1 /new_lgx/Weixin/Index/new_index.html
INFO: [ app_init ] --START--
INFO: Run Behavior\BuildLiteBehavior [ RunTime:0.000000s ]
INFO: [ app_init ] --END-- [ RunTime:0.000500s ]
INFO: [ app_begin ] --START--
INFO: Run Behavior\ReadHtmlCacheBehavior [ RunTime:0.000000s ]
INFO: [ app_begin ] --END-- [ RunTime:0.000500s ]
NOTIC: [8] Undefined index: wid D:\xampp\htdocs\new_lgx\Application\Weixin\Controller\IndexController.class.php 第 25 行.
NOTIC: [8] Undefined index: wid D:\xampp\htdocs\new_lgx\Application\Weixin\Controller\IndexController.class.php 第 26 行.
SQL: SHOW COLUMNS FROM `wx_weixin_activity` [ RunTime:0.0045s ]
SQL: SELECT * FROM `wx_weixin_activity` WHERE `userid` = 2 ORDER BY id desc LIMIT 2   [ RunTime:0.0005s ]
SQL: SHOW COLUMNS FROM `wx_weixin_lunbotu` [ RunTime:0.0025s ]
SQL: SELECT * FROM `wx_weixin_lunbotu` WHERE `userid` = 2 AND `page` = 1 AND `type` = 1  [ RunTime:0.0005s ]
SQL: SELECT * FROM `wx_weixin_lunbotu` WHERE `userid` = 2 AND `page` = 1 AND `type` = 2  [ RunTime:0.0005s ]
SQL: SELECT * FROM `wx_weixin_lunbotu` WHERE `userid` = 2 AND `page` = 1 AND `type` = 3  [ RunTime:0.0005s ]
SQL: SELECT * FROM `wx_weixin_lunbotu` WHERE `userid` = 2 AND `page` = 1 AND `type` = 4  [ RunTime:0.0000s ]
SQL: SELECT * FROM `wx_weixin_lunbotu` WHERE `userid` = 2 AND `page` = 1 AND `type` = 5  [ RunTime:0.0000s ]
SQL: SELECT * FROM `wx_weixin_lunbotu` WHERE `userid` = 2 AND `page` = 1 AND `type` = 6  [ RunTime:0.0005s ]
SQL: SHOW COLUMNS FROM `wx_weixin_article` [ RunTime:0.0025s ]
SQL: SELECT * FROM `wx_weixin_article` WHERE `userid` = 2 ORDER BY addtime desc LIMIT 3   [ RunTime:0.0005s ]
SQL: SHOW COLUMNS FROM `wx_weixin_release_pic` [ RunTime:0.0025s ]
NOTIC: [8] Undefined index: wid D:\xampp\htdocs\new_lgx\Application\Weixin\Controller\IndexController.class.php 第 481 行.
SQL: SELECT * FROM `wx_weixin_release_pic` WHERE `wid` <> null GROUP BY wid  [ RunTime:0.0005s ]
NOTIC: [8] Undefined offset: 0 D:\xampp\htdocs\new_lgx\Application\Weixin\Controller\IndexController.class.php 第 499 行.
NOTIC: [8] Undefined offset: -1 D:\xampp\htdocs\new_lgx\Application\Weixin\Controller\IndexController.class.php 第 499 行.
SQL: SELECT * FROM `wx_weixin_release_pic` WHERE `wid` IN (null,null) GROUP BY wid  [ RunTime:0.0005s ]
INFO: [ view_parse ] --START--
INFO: [ template_filter ] --START--
INFO: Run Behavior\ContentReplaceBehavior [ RunTime:0.000000s ]
INFO: [ template_filter ] --END-- [ RunTime:0.000000s ]
SQL: SHOW COLUMNS FROM `wx_weixin_pic` [ RunTime:0.0025s ]
SQL: SELECT * FROM `wx_weixin_pic` WHERE `aid` = 23  [ RunTime:0.0000s ]
NOTIC: [8] Undefined offset: 0 D:\xampp\htdocs\new_lgx\Application\Runtime\Cache\Weixin\98c561c497f1db6720e3136cad874fa0.php 第 218 行.
SQL: SELECT * FROM `wx_weixin_pic` WHERE `aid` = 21  [ RunTime:0.0000s ]
SQL: SELECT * FROM `wx_weixin_pic` WHERE `aid` = 20  [ RunTime:0.0000s ]
NOTIC: [8] Undefined index: wid D:\xampp\htdocs\new_lgx\Application\Runtime\Cache\Weixin\98c561c497f1db6720e3136cad874fa0.php 第 583 行.
INFO: Run Behavior\ParseTemplateBehavior [ RunTime:0.053507s ]
INFO: [ view_parse ] --END-- [ RunTime:0.053507s ]
INFO: [ view_filter ] --START--
INFO: Run Behavior\WriteHtmlCacheBehavior [ RunTime:0.000500s ]
INFO: [ view_filter ] --END-- [ RunTime:0.000500s ]
INFO: [ app_end ] --START--
INFO: Run Behavior\ShowPageTraceBehavior [ RunTime:0.000500s ]
INFO: [ app_end ] --END-- [ RunTime:0.000500s ]

[ 2017-08-26T10:44:31+08:00 ] ::1 /new_lgx/Weixin/Index/new_tianqi.html
INFO: [ app_init ] --START--
INFO: Run Behavior\BuildLiteBehavior [ RunTime:0.000000s ]
INFO: [ app_init ] --END-- [ RunTime:0.000000s ]
INFO: [ app_begin ] --START--
INFO: Run Behavior\ReadHtmlCacheBehavior [ RunTime:0.001000s ]
INFO: [ app_begin ] --END-- [ RunTime:0.001000s ]
NOTIC: [8] Undefined index: wid D:\xampp\htdocs\new_lgx\Application\Weixin\Controller\IndexController.class.php 第 25 行.
NOTIC: [8] Undefined index: wid D:\xampp\htdocs\new_lgx\Application\Weixin\Controller\IndexController.class.php 第 26 行.
INFO: [ view_parse ] --START--
INFO: [ template_filter ] --START--
INFO: Run Behavior\ContentReplaceBehavior [ RunTime:0.000000s ]
INFO: [ template_filter ] --END-- [ RunTime:0.000000s ]
INFO: Run Behavior\ParseTemplateBehavior [ RunTime:0.006501s ]
INFO: [ view_parse ] --END-- [ RunTime:0.006501s ]
INFO: [ view_filter ] --START--
INFO: Run Behavior\WriteHtmlCacheBehavior [ RunTime:0.000500s ]
INFO: [ view_filter ] --END-- [ RunTime:0.000500s ]
INFO: [ app_end ] --START--
INFO: Run Behavior\ShowPageTraceBehavior [ RunTime:0.000500s ]
INFO: [ app_end ] --END-- [ RunTime:0.000500s ]

[ 2017-08-26T10:44:32+08:00 ] ::1 /new_lgx/Weixin/Index/new_tianqi.html
INFO: [ app_init ] --START--
INFO: Run Behavior\BuildLiteBehavior [ RunTime:0.000000s ]
INFO: [ app_init ] --END-- [ RunTime:0.000000s ]
INFO: [ app_begin ] --START--
INFO: Run Behavior\ReadHtmlCacheBehavior [ RunTime:0.000500s ]
INFO: [ app_begin ] --END-- [ RunTime:0.000500s ]
NOTIC: [8] Undefined index: wid D:\xampp\htdocs\new_lgx\Application\Weixin\Controller\IndexController.class.php 第 25 行.
NOTIC: [8] Undefined index: wid D:\xampp\htdocs\new_lgx\Application\Weixin\Controller\IndexController.class.php 第 26 行.
INFO: [ view_parse ] --START--
INFO: [ template_filter ] --START--
INFO: Run Behavior\ContentReplaceBehavior [ RunTime:0.000000s ]
INFO: [ template_filter ] --END-- [ RunTime:0.000000s ]
INFO: Run Behavior\ParseTemplateBehavior [ RunTime:0.006000s ]
INFO: [ view_parse ] --END-- [ RunTime:0.006000s ]
INFO: [ view_filter ] --START--
INFO: Run Behavior\WriteHtmlCacheBehavior [ RunTime:0.000000s ]
INFO: [ view_filter ] --END-- [ RunTime:0.001001s ]
INFO: [ app_end ] --START--
INFO: Run Behavior\ShowPageTraceBehavior [ RunTime:0.000500s ]
INFO: [ app_end ] --END-- [ RunTime:0.001000s ]

[ 2017-08-26T10:44:35+08:00 ] ::1 /new_lgx/Weixin/Index/new_huodong2/id/2/nid/2.html
INFO: [ app_init ] --START--
INFO: Run Behavior\BuildLiteBehavior [ RunTime:0.000000s ]
INFO: [ app_init ] --END-- [ RunTime:0.000500s ]
INFO: [ app_begin ] --START--
INFO: Run Behavior\ReadHtmlCacheBehavior [ RunTime:0.000501s ]
INFO: [ app_begin ] --END-- [ RunTime:0.000501s ]
NOTIC: [8] Undefined index: wid D:\xampp\htdocs\new_lgx\Application\Weixin\Controller\IndexController.class.php 第 25 行.
NOTIC: [8] Undefined index: wid D:\xampp\htdocs\new_lgx\Application\Weixin\Controller\IndexController.class.php 第 26 行.
SQL: SHOW COLUMNS FROM `wx_weixin_activity_baoming` [ RunTime:0.0025s ]
SQL: SELECT * FROM `wx_weixin_activity_baoming` WHERE `aid` = 2 AND `status` = 1  [ RunTime:0.0005s ]
SQL: SHOW COLUMNS FROM `wx_weixin_activity_message` [ RunTime:0.0085s ]
NOTIC: [8] Undefined index: wid D:\xampp\htdocs\new_lgx\Application\Weixin\Controller\IndexController.class.php 第 77 行.
SQL: SELECT * FROM `wx_weixin_activity_message` WHERE `aid` = 2 AND `wid` = null LIMIT 1   [ RunTime:0.0005s ]
NOTIC: [8] Undefined index: wid D:\xampp\htdocs\new_lgx\Application\Weixin\Controller\IndexController.class.php 第 77 行.
SQL: SELECT * FROM `wx_weixin_activity_message` WHERE `aid` = 3 AND `wid` = null LIMIT 1   [ RunTime:0.0005s ]
NOTIC: [8] Undefined index: wid D:\xampp\htdocs\new_lgx\Application\Weixin\Controller\IndexController.class.php 第 77 行.
SQL: SELECT * FROM `wx_weixin_activity_message` WHERE `aid` = 5 AND `wid` = null LIMIT 1   [ RunTime:0.0000s ]
SQL: SHOW COLUMNS FROM `wx_weixin_activity` [ RunTime:0.0025s ]
SQL: SELECT `view` FROM `wx_weixin_activity` WHERE `id` = 2 LIMIT 1   [ RunTime:0.0005s ]
SQL: UPDATE `wx_weixin_activity` SET `view`='429' WHERE `id` = 2 [ RunTime:0.1950s ]
SQL: SELECT COUNT(*) AS tp_count FROM `wx_weixin_activity_baoming` WHERE `aid` = 2 AND `status` = 1 LIMIT 1   [ RunTime:0.0025s ]
SQL: SELECT * FROM `wx_weixin_activity` WHERE `id` = 2 LIMIT 1   [ RunTime:0.0005s ]
INFO: [ view_parse ] --START--
INFO: [ template_filter ] --START--
INFO: Run Behavior\ContentReplaceBehavior [ RunTime:0.000000s ]
INFO: [ template_filter ] --END-- [ RunTime:0.000000s ]
NOTIC: [8] Undefined index: title D:\xampp\htdocs\new_lgx\Application\Runtime\Cache\Weixin\a47459b9c9810423c112004d4546735f.php 第 233 行.
INFO: Run Behavior\ParseTemplateBehavior [ RunTime:0.006001s ]
INFO: [ view_parse ] --END-- [ RunTime:0.006001s ]
INFO: [ view_filter ] --START--
INFO: Run Behavior\WriteHtmlCacheBehavior [ RunTime:0.000500s ]
INFO: [ view_filter ] --END-- [ RunTime:0.000500s ]
INFO: [ app_end ] --START--
INFO: Run Behavior\ShowPageTraceBehavior [ RunTime:0.001000s ]
INFO: [ app_end ] --END-- [ RunTime:0.001000s ]

[ 2017-08-26T10:44:46+08:00 ] ::1 /new_lgx/Weixin/Index/new_huodong.html
INFO: [ app_init ] --START--
INFO: Run Behavior\BuildLiteBehavior [ RunTime:0.000000s ]
INFO: [ app_init ] --END-- [ RunTime:0.000500s ]
INFO: [ app_begin ] --START--
INFO: Run Behavior\ReadHtmlCacheBehavior [ RunTime:0.002000s ]
INFO: [ app_begin ] --END-- [ RunTime:0.002000s ]
NOTIC: [8] Undefined index: wid D:\xampp\htdocs\new_lgx\Application\Weixin\Controller\IndexController.class.php 第 25 行.
NOTIC: [8] Undefined index: wid D:\xampp\htdocs\new_lgx\Application\Weixin\Controller\IndexController.class.php 第 26 行.
SQL: SHOW COLUMNS FROM `wx_weixin_activity` [ RunTime:0.0035s ]
SQL: SELECT * FROM `wx_weixin_activity` WHERE `userid` = 2 ORDER BY id desc  [ RunTime:0.0010s ]
INFO: [ view_parse ] --START--
INFO: [ template_filter ] --START--
INFO: Run Behavior\ContentReplaceBehavior [ RunTime:0.000000s ]
INFO: [ template_filter ] --END-- [ RunTime:0.000500s ]
INFO: Run Behavior\ParseTemplateBehavior [ RunTime:0.008501s ]
INFO: [ view_parse ] --END-- [ RunTime:0.008501s ]
INFO: [ view_filter ] --START--
INFO: Run Behavior\WriteHtmlCacheBehavior [ RunTime:0.000500s ]
INFO: [ view_filter ] --END-- [ RunTime:0.000500s ]
INFO: [ app_end ] --START--
INFO: Run Behavior\ShowPageTraceBehavior [ RunTime:0.000500s ]
INFO: [ app_end ] --END-- [ RunTime:0.000500s ]

[ 2017-08-26T10:44:46+08:00 ] ::1 /new_lgx/Weixin/css/app.css
INFO: [ app_init ] --START--
INFO: Run Behavior\BuildLiteBehavior [ RunTime:0.000000s ]
INFO: [ app_init ] --END-- [ RunTime:0.000000s ]
INFO: [ app_begin ] --START--
INFO: Run Behavior\ReadHtmlCacheBehavior [ RunTime:0.000000s ]
INFO: [ app_begin ] --END-- [ RunTime:0.000000s ]
ERR: 无法加载控制器:Css

[ 2017-08-26T10:44:46+08:00 ] ::1 /new_lgx/Weixin/js/mui.min.js
INFO: [ app_init ] --START--
INFO: Run Behavior\BuildLiteBehavior [ RunTime:0.000000s ]
INFO: [ app_init ] --END-- [ RunTime:0.001500s ]
INFO: [ app_begin ] --START--
INFO: Run Behavior\ReadHtmlCacheBehavior [ RunTime:0.000500s ]
INFO: [ app_begin ] --END-- [ RunTime:0.000500s ]
ERR: 无法加载控制器:Js

[ 2017-08-26T10:44:49+08:00 ] ::1 /new_lgx/Weixin/Index/new_baoming/id/2/nid/1.html
INFO: [ app_init ] --START--
INFO: Run Behavior\BuildLiteBehavior [ RunTime:0.000500s ]
INFO: [ app_init ] --END-- [ RunTime:0.000500s ]
INFO: [ app_begin ] --START--
INFO: Run Behavior\ReadHtmlCacheBehavior [ RunTime:0.000500s ]
INFO: [ app_begin ] --END-- [ RunTime:0.000500s ]
NOTIC: [8] Undefined index: wid D:\xampp\htdocs\new_lgx\Application\Weixin\Controller\IndexController.class.php 第 25 行.
NOTIC: [8] Undefined index: wid D:\xampp\htdocs\new_lgx\Application\Weixin\Controller\IndexController.class.php 第 26 行.
SQL: SHOW COLUMNS FROM `wx_weixin_activity` [ RunTime:0.0425s ]
SQL: SELECT * FROM `wx_weixin_activity` WHERE `id` = 1 LIMIT 1   [ RunTime:0.0640s ]
SQL: SHOW COLUMNS FROM `wx_weixin_activity_baoming` [ RunTime:0.0415s ]
SQL: SELECT COUNT(*) AS tp_count FROM `wx_weixin_activity_baoming` WHERE `aid` = 1 LIMIT 1   [ RunTime:0.0370s ]
INFO: [ view_parse ] --START--
INFO: [ template_filter ] --START--
INFO: Run Behavior\ContentReplaceBehavior [ RunTime:0.000000s ]
INFO: [ template_filter ] --END-- [ RunTime:0.000000s ]
INFO: Run Behavior\ParseTemplateBehavior [ RunTime:0.027504s ]
INFO: [ view_parse ] --END-- [ RunTime:0.028004s ]
INFO: [ view_filter ] --START--
INFO: Run Behavior\WriteHtmlCacheBehavior [ RunTime:0.000000s ]
INFO: [ view_filter ] --END-- [ RunTime:0.000000s ]
INFO: [ app_end ] --START--
INFO: Run Behavior\ShowPageTraceBehavior [ RunTime:0.000000s ]
INFO: [ app_end ] --END-- [ RunTime:0.000500s ]

[ 2017-08-26T10:44:49+08:00 ] ::1 /new_lgx/Weixin/Index/new_baoming/id/2/js/mui.view.js
INFO: [ app_init ] --START--
INFO: Run Behavior\BuildLiteBehavior [ RunTime:0.000000s ]
INFO: [ app_init ] --END-- [ RunTime:0.000500s ]
INFO: [ app_begin ] --START--
INFO: Run Behavior\ReadHtmlCacheBehavior [ RunTime:0.000500s ]
INFO: [ app_begin ] --END-- [ RunTime:0.000500s ]
NOTIC: [8] Undefined index: wid D:\xampp\htdocs\new_lgx\Application\Weixin\Controller\IndexController.class.php 第 25 行.
NOTIC: [8] Undefined index: wid D:\xampp\htdocs\new_lgx\Application\Weixin\Controller\IndexController.class.php 第 26 行.
SQL: SHOW COLUMNS FROM `wx_weixin_activity` [ RunTime:0.0410s ]
SQL: SELECT * FROM `wx_weixin_activity` WHERE `id` = 0 LIMIT 1   [ RunTime:0.0185s ]
SQL: SHOW COLUMNS FROM `wx_weixin_activity_baoming` [ RunTime:0.0055s ]
SQL: SELECT COUNT(*) AS tp_count FROM `wx_weixin_activity_baoming` WHERE `aid` = 0 LIMIT 1   [ RunTime:0.0005s ]
INFO: [ view_parse ] --START--
INFO: [ template_filter ] --START--
INFO: Run Behavior\ContentReplaceBehavior [ RunTime:0.000000s ]
INFO: [ template_filter ] --END-- [ RunTime:0.000000s ]
NOTIC: [8] Undefined index: nid D:\xampp\htdocs\new_lgx\Application\Runtime\Cache\Weixin\3af9774ca370642c6718b6ee995af7f1.php 第 114 行.
INFO: Run Behavior\ParseTemplateBehavior [ RunTime:0.006500s ]
INFO: [ view_parse ] --END-- [ RunTime:0.006500s ]
INFO: [ view_filter ] --START--
INFO: Run Behavior\WriteHtmlCacheBehavior [ RunTime:0.000501s ]
INFO: [ view_filter ] --END-- [ RunTime:0.000501s ]
INFO: [ app_end ] --START--
INFO: Run Behavior\ShowPageTraceBehavior [ RunTime:0.000500s ]
INFO: [ app_end ] --END-- [ RunTime:0.000500s ]

[ 2017-08-26T10:44:55+08:00 ] ::1 /new_lgx/Weixin/js/mui.min.js
INFO: [ app_init ] --START--
INFO: Run Behavior\BuildLiteBehavior [ RunTime:0.000000s ]
INFO: [ app_init ] --END-- [ RunTime:0.000500s ]
INFO: [ app_begin ] --START--
INFO: Run Behavior\ReadHtmlCacheBehavior [ RunTime:0.000500s ]
INFO: [ app_begin ] --END-- [ RunTime:0.000500s ]
ERR: 无法加载控制器:Js

[ 2017-08-26T10:44:55+08:00 ] ::1 /new_lgx/Weixin/css/app.css
INFO: [ app_init ] --START--
INFO: Run Behavior\BuildLiteBehavior [ RunTime:0.000500s ]
INFO: [ app_init ] --END-- [ RunTime:0.000500s ]
INFO: [ app_begin ] --START--
INFO: Run Behavior\ReadHtmlCacheBehavior [ RunTime:0.000500s ]
INFO: [ app_begin ] --END-- [ RunTime:0.000500s ]
ERR: 无法加载控制器:Css

[ 2017-08-26T10:51:44+08:00 ] ::1 /new_lgx/weixin/index/new_index
INFO: [ app_init ] --START--
INFO: Run Behavior\BuildLiteBehavior [ RunTime:0.000000s ]
INFO: [ app_init ] --END-- [ RunTime:0.000500s ]
INFO: [ app_begin ] --START--
INFO: Run Behavior\ReadHtmlCacheBehavior [ RunTime:0.000500s ]
INFO: [ app_begin ] --END-- [ RunTime:0.000500s ]
NOTIC: [8] Undefined index: wid D:\xampp\htdocs\new_lgx\Application\Weixin\Controller\IndexController.class.php 第 25 行.
NOTIC: [8] Undefined index: wid D:\xampp\htdocs\new_lgx\Application\Weixin\Controller\IndexController.class.php 第 26 行.
SQL: SHOW COLUMNS FROM `wx_weixin_activity` [ RunTime:0.0035s ]
SQL: SELECT * FROM `wx_weixin_activity` WHERE `userid` = 2 ORDER BY id desc LIMIT 2   [ RunTime:0.0005s ]
SQL: SHOW COLUMNS FROM `wx_weixin_lunbotu` [ RunTime:0.0025s ]
SQL: SELECT * FROM `wx_weixin_lunbotu` WHERE `userid` = 2 AND `page` = 1 AND `type` = 1  [ RunTime:0.0025s ]
SQL: SELECT * FROM `wx_weixin_lunbotu` WHERE `userid` = 2 AND `page` = 1 AND `type` = 2  [ RunTime:0.0010s ]
SQL: SELECT * FROM `wx_weixin_lunbotu` WHERE `userid` = 2 AND `page` = 1 AND `type` = 3  [ RunTime:0.0005s ]
SQL: SELECT * FROM `wx_weixin_lunbotu` WHERE `userid` = 2 AND `page` = 1 AND `type` = 4  [ RunTime:0.0005s ]
SQL: SELECT * FROM `wx_weixin_lunbotu` WHERE `userid` = 2 AND `page` = 1 AND `type` = 5  [ RunTime:0.0000s ]
SQL: SELECT * FROM `wx_weixin_lunbotu` WHERE `userid` = 2 AND `page` = 1 AND `type` = 6  [ RunTime:0.0000s ]
SQL: SHOW COLUMNS FROM `wx_weixin_article` [ RunTime:0.0035s ]
SQL: SELECT * FROM `wx_weixin_article` WHERE `userid` = 2 ORDER BY addtime desc LIMIT 3   [ RunTime:0.0005s ]
SQL: SHOW COLUMNS FROM `wx_weixin_release_pic` [ RunTime:0.0020s ]
NOTIC: [8] Undefined index: wid D:\xampp\htdocs\new_lgx\Application\Weixin\Controller\IndexController.class.php 第 481 行.
SQL: SELECT * FROM `wx_weixin_release_pic` WHERE `wid` <> null GROUP BY wid  [ RunTime:0.0010s ]
NOTIC: [8] Undefined offset: 0 D:\xampp\htdocs\new_lgx\Application\Weixin\Controller\IndexController.class.php 第 499 行.
NOTIC: [8] Undefined offset: -1 D:\xampp\htdocs\new_lgx\Application\Weixin\Controller\IndexController.class.php 第 499 行.
SQL: SELECT * FROM `wx_weixin_release_pic` WHERE `wid` IN (null,null) GROUP BY wid  [ RunTime:0.0005s ]
INFO: [ view_parse ] --START--
INFO: [ template_filter ] --START--
INFO: Run Behavior\ContentReplaceBehavior [ RunTime:0.000500s ]
INFO: [ template_filter ] --END-- [ RunTime:0.000500s ]
SQL: SHOW COLUMNS FROM `wx_weixin_pic` [ RunTime:0.0040s ]
SQL: SELECT * FROM `wx_weixin_pic` WHERE `aid` = 23  [ RunTime:0.0015s ]
NOTIC: [8] Undefined offset: 0 D:\xampp\htdocs\new_lgx\Application\Runtime\Cache\Weixin\98c561c497f1db6720e3136cad874fa0.php 第 218 行.
SQL: SELECT * FROM `wx_weixin_pic` WHERE `aid` = 21  [ RunTime:0.0005s ]
SQL: SELECT * FROM `wx_weixin_pic` WHERE `aid` = 20  [ RunTime:0.0005s ]
NOTIC: [8] Undefined index: wid D:\xampp\htdocs\new_lgx\Application\Runtime\Cache\Weixin\98c561c497f1db6720e3136cad874fa0.php 第 583 行.
INFO: Run Behavior\ParseTemplateBehavior [ RunTime:0.039505s ]
INFO: [ view_parse ] --END-- [ RunTime:0.039505s ]
INFO: [ view_filter ] --START--
INFO: Run Behavior\WriteHtmlCacheBehavior [ RunTime:0.000000s ]
INFO: [ view_filter ] --END-- [ RunTime:0.000000s ]
INFO: [ app_end ] --START--
INFO: Run Behavior\ShowPageTraceBehavior [ RunTime:0.000500s ]
INFO: [ app_end ] --END-- [ RunTime:0.000500s ]

[ 2017-08-26T10:51:44+08:00 ] ::1 /new_lgx/Weixin/Index/new_tianqi.html
INFO: [ app_init ] --START--
INFO: Run Behavior\BuildLiteBehavior [ RunTime:0.000000s ]
INFO: [ app_init ] --END-- [ RunTime:0.000000s ]
INFO: [ app_begin ] --START--
INFO: Run Behavior\ReadHtmlCacheBehavior [ RunTime:0.000500s ]
INFO: [ app_begin ] --END-- [ RunTime:0.000500s ]
NOTIC: [8] Undefined index: wid D:\xampp\htdocs\new_lgx\Application\Weixin\Controller\IndexController.class.php 第 25 行.
NOTIC: [8] Undefined index: wid D:\xampp\htdocs\new_lgx\Application\Weixin\Controller\IndexController.class.php 第 26 行.
INFO: [ view_parse ] --START--
INFO: [ template_filter ] --START--
INFO: Run Behavior\ContentReplaceBehavior [ RunTime:0.000000s ]
INFO: [ template_filter ] --END-- [ RunTime:0.000500s ]
INFO: Run Behavior\ParseTemplateBehavior [ RunTime:0.007001s ]
INFO: [ view_parse ] --END-- [ RunTime:0.007001s ]
INFO: [ view_filter ] --START--
INFO: Run Behavior\WriteHtmlCacheBehavior [ RunTime:0.000500s ]
INFO: [ view_filter ] --END-- [ RunTime:0.000500s ]
INFO: [ app_end ] --START--
INFO: Run Behavior\ShowPageTraceBehavior [ RunTime:0.000500s ]
INFO: [ app_end ] --END-- [ RunTime:0.000500s ]

[ 2017-08-26T10:51:46+08:00 ] ::1 /new_lgx/Weixin/Index/new_tianqi.html
INFO: [ app_init ] --START--
INFO: Run Behavior\BuildLiteBehavior [ RunTime:0.000000s ]
INFO: [ app_init ] --END-- [ RunTime:0.000000s ]
INFO: [ app_begin ] --START--
INFO: Run Behavior\ReadHtmlCacheBehavior [ RunTime:0.000500s ]
INFO: [ app_begin ] --END-- [ RunTime:0.000500s ]
NOTIC: [8] Undefined index: wid D:\xampp\htdocs\new_lgx\Application\Weixin\Controller\IndexController.class.php 第 25 行.
NOTIC: [8] Undefined index: wid D:\xampp\htdocs\new_lgx\Application\Weixin\Controller\IndexController.class.php 第 26 行.
INFO: [ view_parse ] --START--
INFO: [ template_filter ] --START--
INFO: Run Behavior\ContentReplaceBehavior [ RunTime:0.000000s ]
INFO: [ template_filter ] --END-- [ RunTime:0.000000s ]
INFO: Run Behavior\ParseTemplateBehavior [ RunTime:0.005501s ]
INFO: [ view_parse ] --END-- [ RunTime:0.006001s ]
INFO: [ view_filter ] --START--
INFO: Run Behavior\WriteHtmlCacheBehavior [ RunTime:0.000000s ]
INFO: [ view_filter ] --END-- [ RunTime:0.000000s ]
INFO: [ app_end ] --START--
INFO: Run Behavior\ShowPageTraceBehavior [ RunTime:0.000500s ]
INFO: [ app_end ] --END-- [ RunTime:0.000500s ]

[ 2017-08-26T10:51:51+08:00 ] ::1 /new_lgx/Weixin/Index/new_sign.html
INFO: [ app_init ] --START--
INFO: Run Behavior\BuildLiteBehavior [ RunTime:0.000000s ]
INFO: [ app_init ] --END-- [ RunTime:0.000000s ]
INFO: [ app_begin ] --START--
INFO: Run Behavior\ReadHtmlCacheBehavior [ RunTime:0.000500s ]
INFO: [ app_begin ] --END-- [ RunTime:0.000500s ]
NOTIC: [8] Undefined index: wid D:\xampp\htdocs\new_lgx\Application\Weixin\Controller\IndexController.class.php 第 25 行.
NOTIC: [8] Undefined index: wid D:\xampp\htdocs\new_lgx\Application\Weixin\Controller\IndexController.class.php 第 26 行.
SQL: SHOW COLUMNS FROM `wx_weixin_sign` [ RunTime:0.2220s ]
NOTIC: [8] Undefined index: wid D:\xampp\htdocs\new_lgx\Application\Weixin\Controller\IndexController.class.php 第 392 行.
SQL: SELECT * FROM `wx_weixin_sign` WHERE `userid` = 2 AND `wid` = null ORDER BY id desc  [ RunTime:0.0045s ]
NOTIC: [8] Undefined index: wid D:\xampp\htdocs\new_lgx\Application\Weixin\Controller\IndexController.class.php 第 393 行.
SQL: SELECT * FROM `wx_weixin_sign` WHERE `userid` = 2 AND `wid` = null  [ RunTime:0.0005s ]
NOTIC: [8] Undefined index: wid D:\xampp\htdocs\new_lgx\Application\Weixin\Controller\IndexController.class.php 第 394 行.
SQL: SELECT * FROM `wx_weixin_sign` WHERE `userid` = 2 AND `day` = '2017-08-26' AND `wid` <> null LIMIT 4   [ RunTime:0.0000s ]
INFO: [ view_parse ] --START--
INFO: [ template_filter ] --START--
INFO: Run Behavior\ContentReplaceBehavior [ RunTime:0.000500s ]
INFO: [ template_filter ] --END-- [ RunTime:0.000500s ]
NOTIC: [8] Undefined index: wid D:\xampp\htdocs\new_lgx\Application\Runtime\Cache\Weixin\0635f5ba9f28cf75b6f9fdc1653b9cb5.php 第 44 行.
SQL: SELECT * FROM `wx_weixin_sign` WHERE `userid` = 2 AND `wid` = null AND `day` = '2017-08-20' LIMIT 1   [ RunTime:0.0010s ]
NOTIC: [8] Undefined index: wid D:\xampp\htdocs\new_lgx\Application\Runtime\Cache\Weixin\0635f5ba9f28cf75b6f9fdc1653b9cb5.php 第 44 行.
SQL: SELECT * FROM `wx_weixin_sign` WHERE `userid` = 2 AND `wid` = null AND `day` = '2017-08-21' LIMIT 1   [ RunTime:0.0000s ]
NOTIC: [8] Undefined index: wid D:\xampp\htdocs\new_lgx\Application\Runtime\Cache\Weixin\0635f5ba9f28cf75b6f9fdc1653b9cb5.php 第 44 行.
SQL: SELECT * FROM `wx_weixin_sign` WHERE `userid` = 2 AND `wid` = null AND `day` = '2017-08-22' LIMIT 1   [ RunTime:0.0000s ]
NOTIC: [8] Undefined index: wid D:\xampp\htdocs\new_lgx\Application\Runtime\Cache\Weixin\0635f5ba9f28cf75b6f9fdc1653b9cb5.php 第 44 行.
SQL: SELECT * FROM `wx_weixin_sign` WHERE `userid` = 2 AND `wid` = null AND `day` = '2017-08-23' LIMIT 1   [ RunTime:0.0005s ]
NOTIC: [8] Undefined index: wid D:\xampp\htdocs\new_lgx\Application\Runtime\Cache\Weixin\0635f5ba9f28cf75b6f9fdc1653b9cb5.php 第 44 行.
SQL: SELECT * FROM `wx_weixin_sign` WHERE `userid` = 2 AND `wid` = null AND `day` = '2017-08-24' LIMIT 1   [ RunTime:0.0005s ]
NOTIC: [8] Undefined index: wid D:\xampp\htdocs\new_lgx\Application\Runtime\Cache\Weixin\0635f5ba9f28cf75b6f9fdc1653b9cb5.php 第 44 行.
SQL: SELECT * FROM `wx_weixin_sign` WHERE `userid` = 2 AND `wid` = null AND `day` = '2017-08-25' LIMIT 1   [ RunTime:0.0000s ]
NOTIC: [8] Undefined index: wid D:\xampp\htdocs\new_lgx\Application\Runtime\Cache\Weixin\0635f5ba9f28cf75b6f9fdc1653b9cb5.php 第 44 行.
SQL: SELECT * FROM `wx_weixin_sign` WHERE `userid` = 2 AND `wid` = null AND `day` = '2017-08-26' LIMIT 1   [ RunTime:0.0000s ]
NOTIC: [8] Array to string conversion D:\xampp\htdocs\new_lgx\Application\Runtime\Cache\Weixin\0635f5ba9f28cf75b6f9fdc1653b9cb5.php 第 52 行.
NOTIC: [8] Undefined index: wid D:\xampp\htdocs\new_lgx\Application\Runtime\Cache\Weixin\0635f5ba9f28cf75b6f9fdc1653b9cb5.php 第 57 行.
SQL: SELECT * FROM `wx_weixin_sign` WHERE `wid` = null AND `day` = '2017-08-26' LIMIT 1   [ RunTime:0.0005s ]
NOTIC: [8] Undefined offset: 0 D:\xampp\htdocs\new_lgx\Application\Runtime\Cache\Weixin\0635f5ba9f28cf75b6f9fdc1653b9cb5.php 第 81 行.
NOTIC: [8] Undefined offset: 0 D:\xampp\htdocs\new_lgx\Application\Runtime\Cache\Weixin\0635f5ba9f28cf75b6f9fdc1653b9cb5.php 第 81 行.
NOTIC: [8] Undefined offset: 0 D:\xampp\htdocs\new_lgx\Application\Runtime\Cache\Weixin\0635f5ba9f28cf75b6f9fdc1653b9cb5.php 第 81 行.
NOTIC: [8] Undefined offset: 0 D:\xampp\htdocs\new_lgx\Application\Runtime\Cache\Weixin\0635f5ba9f28cf75b6f9fdc1653b9cb5.php 第 81 行.
NOTIC: [8] Undefined offset: 0 D:\xampp\htdocs\new_lgx\Application\Runtime\Cache\Weixin\0635f5ba9f28cf75b6f9fdc1653b9cb5.php 第 81 行.
NOTIC: [8] Undefined offset: 0 D:\xampp\htdocs\new_lgx\Application\Runtime\Cache\Weixin\0635f5ba9f28cf75b6f9fdc1653b9cb5.php 第 81 行.
NOTIC: [8] Undefined offset: 0 D:\xampp\htdocs\new_lgx\Application\Runtime\Cache\Weixin\0635f5ba9f28cf75b6f9fdc1653b9cb5.php 第 81 行.
INFO: Run Behavior\ParseTemplateBehavior [ RunTime:0.042006s ]
INFO: [ view_parse ] --END-- [ RunTime:0.042006s ]
INFO: [ view_filter ] --START--
INFO: Run Behavior\WriteHtmlCacheBehavior [ RunTime:0.000500s ]
INFO: [ view_filter ] --END-- [ RunTime:0.000500s ]
INFO: [ app_end ] --START--
INFO: Run Behavior\ShowPageTraceBehavior [ RunTime:0.000500s ]
INFO: [ app_end ] --END-- [ RunTime:0.000500s ]

[ 2017-08-26T15:53:33+08:00 ] ::1 /new_lgx/Weixin/Index/new_sign.html
INFO: [ app_init ] --START--
INFO: Run Behavior\BuildLiteBehavior [ RunTime:0.000000s ]
INFO: [ app_init ] --END-- [ RunTime:0.035504s ]
INFO: [ app_begin ] --START--
INFO: Run Behavior\ReadHtmlCacheBehavior [ RunTime:0.014002s ]
INFO: [ app_begin ] --END-- [ RunTime:0.014002s ]
NOTIC: [8] Undefined index: wid D:\xampp\htdocs\new_lgx\Application\Weixin\Controller\IndexController.class.php 第 25 行.
NOTIC: [8] Undefined index: wid D:\xampp\htdocs\new_lgx\Application\Weixin\Controller\IndexController.class.php 第 26 行.
SQL: SHOW COLUMNS FROM `wx_weixin_sign` [ RunTime:1.1847s ]
NOTIC: [8] Undefined index: wid D:\xampp\htdocs\new_lgx\Application\Weixin\Controller\IndexController.class.php 第 392 行.
SQL: SELECT * FROM `wx_weixin_sign` WHERE `userid` = 2 AND `wid` = null ORDER BY id desc  [ RunTime:0.5741s ]
NOTIC: [8] Undefined index: wid D:\xampp\htdocs\new_lgx\Application\Weixin\Controller\IndexController.class.php 第 393 行.
SQL: SELECT * FROM `wx_weixin_sign` WHERE `userid` = 2 AND `wid` = null  [ RunTime:0.0150s ]
NOTIC: [8] Undefined index: wid D:\xampp\htdocs\new_lgx\Application\Weixin\Controller\IndexController.class.php 第 394 行.
SQL: SELECT * FROM `wx_weixin_sign` WHERE `userid` = 2 AND `day` = '2017-08-26' AND `wid` <> null LIMIT 4   [ RunTime:0.0005s ]
INFO: [ view_parse ] --START--
INFO: [ template_filter ] --START--
INFO: Run Behavior\ContentReplaceBehavior [ RunTime:0.039505s ]
INFO: [ template_filter ] --END-- [ RunTime:0.039505s ]
NOTIC: [8] Undefined index: wid D:\xampp\htdocs\new_lgx\Application\Runtime\Cache\Weixin\0635f5ba9f28cf75b6f9fdc1653b9cb5.php 第 44 行.
SQL: SELECT * FROM `wx_weixin_sign` WHERE `userid` = 2 AND `wid` = null AND `day` = '2017-08-20' LIMIT 1   [ RunTime:0.0120s ]
NOTIC: [8] Undefined index: wid D:\xampp\htdocs\new_lgx\Application\Runtime\Cache\Weixin\0635f5ba9f28cf75b6f9fdc1653b9cb5.php 第 44 行.
SQL: SELECT * FROM `wx_weixin_sign` WHERE `userid` = 2 AND `wid` = null AND `day` = '2017-08-21' LIMIT 1   [ RunTime:0.0005s ]
NOTIC: [8] Undefined index: wid D:\xampp\htdocs\new_lgx\Application\Runtime\Cache\Weixin\0635f5ba9f28cf75b6f9fdc1653b9cb5.php 第 44 行.
SQL: SELECT * FROM `wx_weixin_sign` WHERE `userid` = 2 AND `wid` = null AND `day` = '2017-08-22' LIMIT 1   [ RunTime:0.0005s ]
NOTIC: [8] Undefined index: wid D:\xampp\htdocs\new_lgx\Application\Runtime\Cache\Weixin\0635f5ba9f28cf75b6f9fdc1653b9cb5.php 第 44 行.
SQL: SELECT * FROM `wx_weixin_sign` WHERE `userid` = 2 AND `wid` = null AND `day` = '2017-08-23' LIMIT 1   [ RunTime:0.0005s ]
NOTIC: [8] Undefined index: wid D:\xampp\htdocs\new_lgx\Application\Runtime\Cache\Weixin\0635f5ba9f28cf75b6f9fdc1653b9cb5.php 第 44 行.
SQL: SELECT * FROM `wx_weixin_sign` WHERE `userid` = 2 AND `wid` = null AND `day` = '2017-08-24' LIMIT 1   [ RunTime:0.0005s ]
NOTIC: [8] Undefined index: wid D:\xampp\htdocs\new_lgx\Application\Runtime\Cache\Weixin\0635f5ba9f28cf75b6f9fdc1653b9cb5.php 第 44 行.
SQL: SELECT * FROM `wx_weixin_sign` WHERE `userid` = 2 AND `wid` = null AND `day` = '2017-08-25' LIMIT 1   [ RunTime:0.0000s ]
NOTIC: [8] Undefined index: wid D:\xampp\htdocs\new_lgx\Application\Runtime\Cache\Weixin\0635f5ba9f28cf75b6f9fdc1653b9cb5.php 第 44 行.
SQL: SELECT * FROM `wx_weixin_sign` WHERE `userid` = 2 AND `wid` = null AND `day` = '2017-08-26' LIMIT 1   [ RunTime:0.0000s ]
NOTIC: [8] Array to string conversion D:\xampp\htdocs\new_lgx\Application\Runtime\Cache\Weixin\0635f5ba9f28cf75b6f9fdc1653b9cb5.php 第 52 行.
NOTIC: [8] Undefined index: wid D:\xampp\htdocs\new_lgx\Application\Runtime\Cache\Weixin\0635f5ba9f28cf75b6f9fdc1653b9cb5.php 第 57 行.
SQL: SELECT * FROM `wx_weixin_sign` WHERE `wid` = null AND `day` = '2017-08-26' LIMIT 1   [ RunTime:0.0000s ]
NOTIC: [8] Undefined offset: 0 D:\xampp\htdocs\new_lgx\Application\Runtime\Cache\Weixin\0635f5ba9f28cf75b6f9fdc1653b9cb5.php 第 81 行.
NOTIC: [8] Undefined offset: 0 D:\xampp\htdocs\new_lgx\Application\Runtime\Cache\Weixin\0635f5ba9f28cf75b6f9fdc1653b9cb5.php 第 81 行.
NOTIC: [8] Undefined offset: 0 D:\xampp\htdocs\new_lgx\Application\Runtime\Cache\Weixin\0635f5ba9f28cf75b6f9fdc1653b9cb5.php 第 81 行.
NOTIC: [8] Undefined offset: 0 D:\xampp\htdocs\new_lgx\Application\Runtime\Cache\Weixin\0635f5ba9f28cf75b6f9fdc1653b9cb5.php 第 81 行.
NOTIC: [8] Undefined offset: 0 D:\xampp\htdocs\new_lgx\Application\Runtime\Cache\Weixin\0635f5ba9f28cf75b6f9fdc1653b9cb5.php 第 81 行.
NOTIC: [8] Undefined offset: 0 D:\xampp\htdocs\new_lgx\Application\Runtime\Cache\Weixin\0635f5ba9f28cf75b6f9fdc1653b9cb5.php 第 81 行.
NOTIC: [8] Undefined offset: 0 D:\xampp\htdocs\new_lgx\Application\Runtime\Cache\Weixin\0635f5ba9f28cf75b6f9fdc1653b9cb5.php 第 81 行.
INFO: Run Behavior\ParseTemplateBehavior [ RunTime:1.003127s ]
INFO: [ view_parse ] --END-- [ RunTime:1.003127s ]
INFO: [ view_filter ] --START--
INFO: Run Behavior\WriteHtmlCacheBehavior [ RunTime:0.045006s ]
INFO: [ view_filter ] --END-- [ RunTime:0.045006s ]
INFO: [ app_end ] --START--
INFO: Run Behavior\ShowPageTraceBehavior [ RunTime:0.004500s ]
INFO: [ app_end ] --END-- [ RunTime:0.004500s ]

[ 2017-08-26T15:53:35+08:00 ] ::1 /new_lgx/Weixin/Index/new_sign.html
INFO: [ app_init ] --START--
INFO: Run Behavior\BuildLiteBehavior [ RunTime:0.000000s ]
INFO: [ app_init ] --END-- [ RunTime:0.000500s ]
INFO: [ app_begin ] --START--
INFO: Run Behavior\ReadHtmlCacheBehavior [ RunTime:0.000500s ]
INFO: [ app_begin ] --END-- [ RunTime:0.000500s ]
NOTIC: [8] Undefined index: wid D:\xampp\htdocs\new_lgx\Application\Weixin\Controller\IndexController.class.php 第 25 行.
NOTIC: [8] Undefined index: wid D:\xampp\htdocs\new_lgx\Application\Weixin\Controller\IndexController.class.php 第 26 行.
SQL: SHOW COLUMNS FROM `wx_weixin_sign` [ RunTime:0.0240s ]
NOTIC: [8] Undefined index: wid D:\xampp\htdocs\new_lgx\Application\Weixin\Controller\IndexController.class.php 第 392 行.
SQL: SELECT * FROM `wx_weixin_sign` WHERE `userid` = 2 AND `wid` = null ORDER BY id desc  [ RunTime:0.0005s ]
NOTIC: [8] Undefined index: wid D:\xampp\htdocs\new_lgx\Application\Weixin\Controller\IndexController.class.php 第 393 行.
SQL: SELECT * FROM `wx_weixin_sign` WHERE `userid` = 2 AND `wid` = null  [ RunTime:0.0005s ]
NOTIC: [8] Undefined index: wid D:\xampp\htdocs\new_lgx\Application\Weixin\Controller\IndexController.class.php 第 394 行.
SQL: SELECT * FROM `wx_weixin_sign` WHERE `userid` = 2 AND `day` = '2017-08-26' AND `wid` <> null LIMIT 4   [ RunTime:0.0000s ]
INFO: [ view_parse ] --START--
INFO: [ template_filter ] --START--
INFO: Run Behavior\ContentReplaceBehavior [ RunTime:0.000000s ]
INFO: [ template_filter ] --END-- [ RunTime:0.000000s ]
NOTIC: [8] Undefined index: wid D:\xampp\htdocs\new_lgx\Application\Runtime\Cache\Weixin\0635f5ba9f28cf75b6f9fdc1653b9cb5.php 第 44 行.
SQL: SELECT * FROM `wx_weixin_sign` WHERE `userid` = 2 AND `wid` = null AND `day` = '2017-08-20' LIMIT 1   [ RunTime:0.0005s ]
NOTIC: [8] Undefined index: wid D:\xampp\htdocs\new_lgx\Application\Runtime\Cache\Weixin\0635f5ba9f28cf75b6f9fdc1653b9cb5.php 第 44 行.
SQL: SELECT * FROM `wx_weixin_sign` WHERE `userid` = 2 AND `wid` = null AND `day` = '2017-08-21' LIMIT 1   [ RunTime:0.0005s ]
NOTIC: [8] Undefined index: wid D:\xampp\htdocs\new_lgx\Application\Runtime\Cache\Weixin\0635f5ba9f28cf75b6f9fdc1653b9cb5.php 第 44 行.
SQL: SELECT * FROM `wx_weixin_sign` WHERE `userid` = 2 AND `wid` = null AND `day` = '2017-08-22' LIMIT 1   [ RunTime:0.0005s ]
NOTIC: [8] Undefined index: wid D:\xampp\htdocs\new_lgx\Application\Runtime\Cache\Weixin\0635f5ba9f28cf75b6f9fdc1653b9cb5.php 第 44 行.
SQL: SELECT * FROM `wx_weixin_sign` WHERE `userid` = 2 AND `wid` = null AND `day` = '2017-08-23' LIMIT 1   [ RunTime:0.0005s ]
NOTIC: [8] Undefined index: wid D:\xampp\htdocs\new_lgx\Application\Runtime\Cache\Weixin\0635f5ba9f28cf75b6f9fdc1653b9cb5.php 第 44 行.
SQL: SELECT * FROM `wx_weixin_sign` WHERE `userid` = 2 AND `wid` = null AND `day` = '2017-08-24' LIMIT 1   [ RunTime:0.0000s ]
NOTIC: [8] Undefined index: wid D:\xampp\htdocs\new_lgx\Application\Runtime\Cache\Weixin\0635f5ba9f28cf75b6f9fdc1653b9cb5.php 第 44 行.
SQL: SELECT * FROM `wx_weixin_sign` WHERE `userid` = 2 AND `wid` = null AND `day` = '2017-08-25' LIMIT 1   [ RunTime:0.0000s ]
NOTIC: [8] Undefined index: wid D:\xampp\htdocs\new_lgx\Application\Runtime\Cache\Weixin\0635f5ba9f28cf75b6f9fdc1653b9cb5.php 第 44 行.
SQL: SELECT * FROM `wx_weixin_sign` WHERE `userid` = 2 AND `wid` = null AND `day` = '2017-08-26' LIMIT 1   [ RunTime:0.0000s ]
NOTIC: [8] Array to string conversion D:\xampp\htdocs\new_lgx\Application\Runtime\Cache\Weixin\0635f5ba9f28cf75b6f9fdc1653b9cb5.php 第 52 行.
NOTIC: [8] Undefined index: wid D:\xampp\htdocs\new_lgx\Application\Runtime\Cache\Weixin\0635f5ba9f28cf75b6f9fdc1653b9cb5.php 第 57 行.
SQL: SELECT * FROM `wx_weixin_sign` WHERE `wid` = null AND `day` = '2017-08-26' LIMIT 1   [ RunTime:0.0000s ]
NOTIC: [8] Undefined offset: 0 D:\xampp\htdocs\new_lgx\Application\Runtime\Cache\Weixin\0635f5ba9f28cf75b6f9fdc1653b9cb5.php 第 81 行.
NOTIC: [8] Undefined offset: 0 D:\xampp\htdocs\new_lgx\Application\Runtime\Cache\Weixin\0635f5ba9f28cf75b6f9fdc1653b9cb5.php 第 81 行.
NOTIC: [8] Undefined offset: 0 D:\xampp\htdocs\new_lgx\Application\Runtime\Cache\Weixin\0635f5ba9f28cf75b6f9fdc1653b9cb5.php 第 81 行.
NOTIC: [8] Undefined offset: 0 D:\xampp\htdocs\new_lgx\Application\Runtime\Cache\Weixin\0635f5ba9f28cf75b6f9fdc1653b9cb5.php 第 81 行.
NOTIC: [8] Undefined offset: 0 D:\xampp\htdocs\new_lgx\Application\Runtime\Cache\Weixin\0635f5ba9f28cf75b6f9fdc1653b9cb5.php 第 81 行.
NOTIC: [8] Undefined offset: 0 D:\xampp\htdocs\new_lgx\Application\Runtime\Cache\Weixin\0635f5ba9f28cf75b6f9fdc1653b9cb5.php 第 81 行.
NOTIC: [8] Undefined offset: 0 D:\xampp\htdocs\new_lgx\Application\Runtime\Cache\Weixin\0635f5ba9f28cf75b6f9fdc1653b9cb5.php 第 81 行.
INFO: Run Behavior\ParseTemplateBehavior [ RunTime:0.027004s ]
INFO: [ view_parse ] --END-- [ RunTime:0.027004s ]
INFO: [ view_filter ] --START--
INFO: Run Behavior\WriteHtmlCacheBehavior [ RunTime:0.000500s ]
INFO: [ view_filter ] --END-- [ RunTime:0.000500s ]
INFO: [ app_end ] --START--
INFO: Run Behavior\ShowPageTraceBehavior [ RunTime:0.000500s ]
INFO: [ app_end ] --END-- [ RunTime:0.000500s ]

