[ 2017-09-18T18:16:40+08:00 ] ::1 /new_lgx/weixin/index/new_index
INFO: [ app_init ] --START--
INFO: Run Behavior\BuildLiteBehavior [ RunTime:0.000010s ]
INFO: [ app_init ] --END-- [ RunTime:0.000516s ]
INFO: [ app_begin ] --START--
INFO: Run Behavior\ReadHtmlCacheBehavior [ RunTime:0.000691s ]
INFO: [ app_begin ] --END-- [ RunTime:0.000719s ]
NOTIC: [8] Undefined index: wid D:\xampp\htdocs\new_lgx\Application\Weixin\Controller\IndexController.class.php 第 25 行.
NOTIC: [8] Undefined index: wid D:\xampp\htdocs\new_lgx\Application\Weixin\Controller\IndexController.class.php 第 26 行.
SQL: SHOW COLUMNS FROM `wx_weixin_activity` [ RunTime:0.0067s ]
SQL: SELECT * FROM `wx_weixin_activity` WHERE `userid` = 2 ORDER BY id desc LIMIT 2   [ RunTime:0.0227s ]
SQL: SHOW COLUMNS FROM `wx_weixin_lunbotu` [ RunTime:0.0058s ]
SQL: SELECT * FROM `wx_weixin_lunbotu` WHERE `userid` = 2 AND `page` = 1 AND `type` = 1  [ RunTime:0.0152s ]
SQL: SELECT * FROM `wx_weixin_lunbotu` WHERE `userid` = 2 AND `page` = 1 AND `type` = 2  [ RunTime:0.0006s ]
SQL: SELECT * FROM `wx_weixin_lunbotu` WHERE `userid` = 2 AND `page` = 1 AND `type` = 3  [ RunTime:0.0004s ]
SQL: SELECT * FROM `wx_weixin_lunbotu` WHERE `userid` = 2 AND `page` = 1 AND `type` = 4  [ RunTime:0.0004s ]
SQL: SELECT * FROM `wx_weixin_lunbotu` WHERE `userid` = 2 AND `page` = 1 AND `type` = 5  [ RunTime:0.0004s ]
SQL: SELECT * FROM `wx_weixin_lunbotu` WHERE `userid` = 2 AND `page` = 1 AND `type` = 6  [ RunTime:0.0004s ]
SQL: SHOW COLUMNS FROM `wx_weixin_article` [ RunTime:0.0044s ]
SQL: SELECT * FROM `wx_weixin_article` WHERE `userid` = 2 ORDER BY addtime desc LIMIT 3   [ RunTime:0.0190s ]
SQL: SHOW COLUMNS FROM `wx_weixin_release_pic` [ RunTime:0.1052s ]
NOTIC: [8] Undefined index: wid D:\xampp\htdocs\new_lgx\Application\Weixin\Controller\IndexController.class.php 第 497 行.
SQL: SELECT * FROM `wx_weixin_release_pic` WHERE `wid` <> null GROUP BY wid  [ RunTime:0.3016s ]
NOTIC: [8] Undefined offset: 0 D:\xampp\htdocs\new_lgx\Application\Weixin\Controller\IndexController.class.php 第 515 行.
NOTIC: [8] Undefined offset: -1 D:\xampp\htdocs\new_lgx\Application\Weixin\Controller\IndexController.class.php 第 515 行.
SQL: SELECT * FROM `wx_weixin_release_pic` WHERE `wid` IN (null,null) GROUP BY wid  [ RunTime:0.0007s ]
INFO: [ view_parse ] --START--
INFO: [ template_filter ] --START--
INFO: Run Behavior\ContentReplaceBehavior [ RunTime:0.000371s ]
INFO: [ template_filter ] --END-- [ RunTime:0.000425s ]
SQL: SHOW COLUMNS FROM `wx_weixin_pic` [ RunTime:0.0048s ]
SQL: SELECT * FROM `wx_weixin_pic` WHERE `aid` = 27  [ RunTime:0.0452s ]
SQL: SELECT * FROM `wx_weixin_pic` WHERE `aid` = 26  [ RunTime:0.0004s ]
SQL: SELECT * FROM `wx_weixin_pic` WHERE `aid` = 25  [ RunTime:0.0004s ]
NOTIC: [8] Undefined index: wid D:\xampp\htdocs\new_lgx\Application\Runtime\Cache\Weixin\98c561c497f1db6720e3136cad874fa0.php 第 596 行.
INFO: Run Behavior\ParseTemplateBehavior [ RunTime:0.220363s ]
INFO: [ view_parse ] --END-- [ RunTime:0.220405s ]
INFO: [ view_filter ] --START--
INFO: Run Behavior\WriteHtmlCacheBehavior [ RunTime:0.000680s ]
INFO: [ view_filter ] --END-- [ RunTime:0.000705s ]
INFO: [ app_end ] --START--
INFO: Run Behavior\ShowPageTraceBehavior [ RunTime:0.000888s ]
INFO: [ app_end ] --END-- [ RunTime:0.000930s ]

[ 2017-09-18T18:16:41+08:00 ] ::1 /new_lgx/Weixin/Index/new_tianqi.html
INFO: [ app_init ] --START--
INFO: Run Behavior\BuildLiteBehavior [ RunTime:0.000010s ]
INFO: [ app_init ] --END-- [ RunTime:0.000489s ]
INFO: [ app_begin ] --START--
INFO: Run Behavior\ReadHtmlCacheBehavior [ RunTime:0.001059s ]
INFO: [ app_begin ] --END-- [ RunTime:0.001103s ]
NOTIC: [8] Undefined index: wid D:\xampp\htdocs\new_lgx\Application\Weixin\Controller\IndexController.class.php 第 25 行.
NOTIC: [8] Undefined index: wid D:\xampp\htdocs\new_lgx\Application\Weixin\Controller\IndexController.class.php 第 26 行.
INFO: [ view_parse ] --START--
INFO: [ template_filter ] --START--
INFO: Run Behavior\ContentReplaceBehavior [ RunTime:0.000086s ]
INFO: [ template_filter ] --END-- [ RunTime:0.000126s ]
INFO: Run Behavior\ParseTemplateBehavior [ RunTime:0.036093s ]
INFO: [ view_parse ] --END-- [ RunTime:0.036146s ]
INFO: [ view_filter ] --START--
INFO: Run Behavior\WriteHtmlCacheBehavior [ RunTime:0.000937s ]
INFO: [ view_filter ] --END-- [ RunTime:0.000975s ]
INFO: [ app_end ] --START--
INFO: Run Behavior\ShowPageTraceBehavior [ RunTime:0.001289s ]
INFO: [ app_end ] --END-- [ RunTime:0.001328s ]

[ 2017-09-18T18:17:02+08:00 ] ::1 /new_lgx/Weixin/Index/new_my/id/2.html
INFO: [ app_init ] --START--
INFO: Run Behavior\BuildLiteBehavior [ RunTime:0.000009s ]
INFO: [ app_init ] --END-- [ RunTime:0.000480s ]
INFO: [ app_begin ] --START--
INFO: Run Behavior\ReadHtmlCacheBehavior [ RunTime:0.000560s ]
INFO: [ app_begin ] --END-- [ RunTime:0.000587s ]
NOTIC: [8] Undefined index: wid D:\xampp\htdocs\new_lgx\Application\Weixin\Controller\IndexController.class.php 第 25 行.
NOTIC: [8] Undefined index: wid D:\xampp\htdocs\new_lgx\Application\Weixin\Controller\IndexController.class.php 第 26 行.
SQL: SHOW COLUMNS FROM `wx_weixin_mydata` [ RunTime:0.0059s ]
NOTIC: [8] Undefined index: wid D:\xampp\htdocs\new_lgx\Application\Weixin\Controller\IndexController.class.php 第 525 行.
SQL: SELECT * FROM `wx_weixin_mydata` WHERE `wid` = null LIMIT 1   [ RunTime:0.0190s ]
SQL: SHOW COLUMNS FROM `wx_weixin_man` [ RunTime:0.0048s ]
NOTIC: [8] Undefined index: wid D:\xampp\htdocs\new_lgx\Application\Weixin\Controller\IndexController.class.php 第 533 行.
SQL: SELECT * FROM `wx_weixin_man` WHERE `id` = null LIMIT 1   [ RunTime:0.0004s ]
SQL: SHOW COLUMNS FROM `wx_weixin_release` [ RunTime:0.0037s ]
NOTIC: [8] Undefined index: wid D:\xampp\htdocs\new_lgx\Application\Weixin\Controller\IndexController.class.php 第 535 行.
SQL: SELECT * FROM `wx_weixin_release` WHERE `wid` = null  [ RunTime:0.0177s ]
SQL: SHOW COLUMNS FROM `wx_weixin_attention` [ RunTime:0.0049s ]
NOTIC: [8] Undefined index: wid D:\xampp\htdocs\new_lgx\Application\Weixin\Controller\IndexController.class.php 第 536 行.
SQL: SELECT COUNT(*) AS tp_count FROM `wx_weixin_attention` WHERE `wid` = null LIMIT 1   [ RunTime:0.0161s ]
NOTIC: [8] Undefined index: wid D:\xampp\htdocs\new_lgx\Application\Weixin\Controller\IndexController.class.php 第 537 行.
SQL: SELECT COUNT(*) AS tp_count FROM `wx_weixin_attention` WHERE `aid` = null LIMIT 1   [ RunTime:0.0003s ]
SQL: SHOW COLUMNS FROM `wx_weixin_my_notice` [ RunTime:0.0038s ]
NOTIC: [8] Undefined index: wid D:\xampp\htdocs\new_lgx\Application\Weixin\Controller\IndexController.class.php 第 538 行.
SQL: SELECT COUNT(*) AS tp_count FROM `wx_weixin_my_notice` WHERE `aid` = null AND `view` = 0 LIMIT 1   [ RunTime:0.0148s ]
INFO: [ view_parse ] --START--
INFO: [ template_filter ] --START--
INFO: Run Behavior\ContentReplaceBehavior [ RunTime:0.000048s ]
INFO: [ template_filter ] --END-- [ RunTime:0.000077s ]
NOTIC: [8] Undefined index: wid D:\xampp\htdocs\new_lgx\Application\Runtime\Cache\Weixin\e81bef42ae520274f565ee79102a8427.php 第 57 行.
NOTIC: [8] Undefined index: wid D:\xampp\htdocs\new_lgx\Application\Runtime\Cache\Weixin\e81bef42ae520274f565ee79102a8427.php 第 78 行.
NOTIC: [8] Undefined index: wid D:\xampp\htdocs\new_lgx\Application\Runtime\Cache\Weixin\e81bef42ae520274f565ee79102a8427.php 第 84 行.
NOTIC: [8] Undefined index: wid D:\xampp\htdocs\new_lgx\Application\Runtime\Cache\Weixin\e81bef42ae520274f565ee79102a8427.php 第 90 行.
INFO: Run Behavior\ParseTemplateBehavior [ RunTime:0.007841s ]
INFO: [ view_parse ] --END-- [ RunTime:0.007871s ]
INFO: [ view_filter ] --START--
INFO: Run Behavior\WriteHtmlCacheBehavior [ RunTime:0.000496s ]
INFO: [ view_filter ] --END-- [ RunTime:0.000519s ]
INFO: [ app_end ] --START--
INFO: Run Behavior\ShowPageTraceBehavior [ RunTime:0.000613s ]
INFO: [ app_end ] --END-- [ RunTime:0.000650s ]

[ 2017-09-18T18:17:02+08:00 ] ::1 /new_lgx/Weixin/Index/new_my/id/2.html
INFO: [ app_init ] --START--
INFO: Run Behavior\BuildLiteBehavior [ RunTime:0.000015s ]
INFO: [ app_init ] --END-- [ RunTime:0.000816s ]
INFO: [ app_begin ] --START--
INFO: Run Behavior\ReadHtmlCacheBehavior [ RunTime:0.000818s ]
INFO: [ app_begin ] --END-- [ RunTime:0.000869s ]
NOTIC: [8] Undefined index: wid D:\xampp\htdocs\new_lgx\Application\Weixin\Controller\IndexController.class.php 第 25 行.
NOTIC: [8] Undefined index: wid D:\xampp\htdocs\new_lgx\Application\Weixin\Controller\IndexController.class.php 第 26 行.
SQL: SHOW COLUMNS FROM `wx_weixin_mydata` [ RunTime:0.0082s ]
NOTIC: [8] Undefined index: wid D:\xampp\htdocs\new_lgx\Application\Weixin\Controller\IndexController.class.php 第 525 行.
SQL: SELECT * FROM `wx_weixin_mydata` WHERE `wid` = null LIMIT 1   [ RunTime:0.0007s ]
SQL: SHOW COLUMNS FROM `wx_weixin_man` [ RunTime:0.0071s ]
NOTIC: [8] Undefined index: wid D:\xampp\htdocs\new_lgx\Application\Weixin\Controller\IndexController.class.php 第 533 行.
SQL: SELECT * FROM `wx_weixin_man` WHERE `id` = null LIMIT 1   [ RunTime:0.0006s ]
SQL: SHOW COLUMNS FROM `wx_weixin_release` [ RunTime:0.0086s ]
NOTIC: [8] Undefined index: wid D:\xampp\htdocs\new_lgx\Application\Weixin\Controller\IndexController.class.php 第 535 行.
SQL: SELECT * FROM `wx_weixin_release` WHERE `wid` = null  [ RunTime:0.0151s ]
SQL: SHOW COLUMNS FROM `wx_weixin_attention` [ RunTime:0.0062s ]
NOTIC: [8] Undefined index: wid D:\xampp\htdocs\new_lgx\Application\Weixin\Controller\IndexController.class.php 第 536 行.
SQL: SELECT COUNT(*) AS tp_count FROM `wx_weixin_attention` WHERE `wid` = null LIMIT 1   [ RunTime:0.0005s ]
NOTIC: [8] Undefined index: wid D:\xampp\htdocs\new_lgx\Application\Weixin\Controller\IndexController.class.php 第 537 行.
SQL: SELECT COUNT(*) AS tp_count FROM `wx_weixin_attention` WHERE `aid` = null LIMIT 1   [ RunTime:0.0003s ]
SQL: SHOW COLUMNS FROM `wx_weixin_my_notice` [ RunTime:0.0053s ]
NOTIC: [8] Undefined index: wid D:\xampp\htdocs\new_lgx\Application\Weixin\Controller\IndexController.class.php 第 538 行.
SQL: SELECT COUNT(*) AS tp_count FROM `wx_weixin_my_notice` WHERE `aid` = null AND `view` = 0 LIMIT 1   [ RunTime:0.0004s ]
INFO: [ view_parse ] --START--
INFO: [ template_filter ] --START--
INFO: Run Behavior\ContentReplaceBehavior [ RunTime:0.000062s ]
INFO: [ template_filter ] --END-- [ RunTime:0.000104s ]
NOTIC: [8] Undefined index: wid D:\xampp\htdocs\new_lgx\Application\Runtime\Cache\Weixin\e81bef42ae520274f565ee79102a8427.php 第 57 行.
NOTIC: [8] Undefined index: wid D:\xampp\htdocs\new_lgx\Application\Runtime\Cache\Weixin\e81bef42ae520274f565ee79102a8427.php 第 78 行.
NOTIC: [8] Undefined index: wid D:\xampp\htdocs\new_lgx\Application\Runtime\Cache\Weixin\e81bef42ae520274f565ee79102a8427.php 第 84 行.
NOTIC: [8] Undefined index: wid D:\xampp\htdocs\new_lgx\Application\Runtime\Cache\Weixin\e81bef42ae520274f565ee79102a8427.php 第 90 行.
INFO: Run Behavior\ParseTemplateBehavior [ RunTime:0.008947s ]
INFO: [ view_parse ] --END-- [ RunTime:0.008997s ]
INFO: [ view_filter ] --START--
INFO: Run Behavior\WriteHtmlCacheBehavior [ RunTime:0.000627s ]
INFO: [ view_filter ] --END-- [ RunTime:0.000664s ]
INFO: [ app_end ] --START--
INFO: Run Behavior\ShowPageTraceBehavior [ RunTime:0.000914s ]
INFO: [ app_end ] --END-- [ RunTime:0.000961s ]

