[ 2017-08-24T14:03:50+08:00 ] ::1 /new_lgx/weixin/index/new_index
INFO: [ app_init ] --START--
INFO: Run Behavior\BuildLiteBehavior [ RunTime:0.000000s ]
INFO: [ app_init ] --END-- [ RunTime:0.000500s ]
INFO: [ app_begin ] --START--
INFO: Run Behavior\ReadHtmlCacheBehavior [ RunTime:0.000500s ]
INFO: [ app_begin ] --END-- [ RunTime:0.000500s ]
NOTIC: [8] Undefined index: uid D:\xampp\htdocs\new_lgx\Application\Weixin\Controller\IndexController.class.php 第 22 行.
NOTIC: [8] Undefined index: id D:\xampp\htdocs\new_lgx\Application\Weixin\Controller\IndexController.class.php 第 23 行.
NOTIC: [8] Undefined index: wid D:\xampp\htdocs\new_lgx\Application\Weixin\Controller\IndexController.class.php 第 25 行.
NOTIC: [8] Undefined index: wid D:\xampp\htdocs\new_lgx\Application\Weixin\Controller\IndexController.class.php 第 26 行.
SQL: SHOW COLUMNS FROM `wx_weixin_activity` [ RunTime:0.4061s ]
NOTIC: [8] Undefined index: uid D:\xampp\htdocs\new_lgx\Application\Weixin\Controller\IndexController.class.php 第 471 行.
SQL: SELECT * FROM `wx_weixin_activity` WHERE `userid` = null ORDER BY id desc LIMIT 2   [ RunTime:0.0005s ]
SQL: SHOW COLUMNS FROM `wx_weixin_lunbotu` [ RunTime:0.0735s ]
NOTIC: [8] Undefined index: uid D:\xampp\htdocs\new_lgx\Application\Weixin\Controller\IndexController.class.php 第 472 行.
SQL: SELECT * FROM `wx_weixin_lunbotu` WHERE `userid` = null AND `page` = 1 AND `type` = 1  [ RunTime:0.0135s ]
NOTIC: [8] Undefined index: uid D:\xampp\htdocs\new_lgx\Application\Weixin\Controller\IndexController.class.php 第 473 行.
SQL: SELECT * FROM `wx_weixin_lunbotu` WHERE `userid` = null AND `page` = 1 AND `type` = 2  [ RunTime:0.0005s ]
NOTIC: [8] Undefined index: uid D:\xampp\htdocs\new_lgx\Application\Weixin\Controller\IndexController.class.php 第 474 行.
SQL: SELECT * FROM `wx_weixin_lunbotu` WHERE `userid` = null AND `page` = 1 AND `type` = 3  [ RunTime:0.0005s ]
NOTIC: [8] Undefined index: uid D:\xampp\htdocs\new_lgx\Application\Weixin\Controller\IndexController.class.php 第 475 行.
SQL: SELECT * FROM `wx_weixin_lunbotu` WHERE `userid` = null AND `page` = 1 AND `type` = 4  [ RunTime:0.0005s ]
NOTIC: [8] Undefined index: uid D:\xampp\htdocs\new_lgx\Application\Weixin\Controller\IndexController.class.php 第 476 行.
SQL: SELECT * FROM `wx_weixin_lunbotu` WHERE `userid` = null AND `page` = 1 AND `type` = 5  [ RunTime:0.0005s ]
NOTIC: [8] Undefined index: uid D:\xampp\htdocs\new_lgx\Application\Weixin\Controller\IndexController.class.php 第 477 行.
SQL: SELECT * FROM `wx_weixin_lunbotu` WHERE `userid` = null AND `page` = 1 AND `type` = 6  [ RunTime:0.0005s ]
SQL: SHOW COLUMNS FROM `wx_weixin_article` [ RunTime:0.0680s ]
NOTIC: [8] Undefined index: uid D:\xampp\htdocs\new_lgx\Application\Weixin\Controller\IndexController.class.php 第 480 行.
SQL: SELECT * FROM `wx_weixin_article` WHERE `userid` = null ORDER BY addtime desc LIMIT 3   [ RunTime:0.0010s ]
SQL: SHOW COLUMNS FROM `wx_weixin_release_pic` [ RunTime:0.0350s ]
NOTIC: [8] Undefined index: wid D:\xampp\htdocs\new_lgx\Application\Weixin\Controller\IndexController.class.php 第 481 行.
SQL: SELECT * FROM `wx_weixin_release_pic` WHERE `wid` <> null GROUP BY wid  [ RunTime:0.0145s ]
NOTIC: [8] Undefined offset: 0 D:\xampp\htdocs\new_lgx\Application\Weixin\Controller\IndexController.class.php 第 499 行.
NOTIC: [8] Undefined offset: -1 D:\xampp\htdocs\new_lgx\Application\Weixin\Controller\IndexController.class.php 第 499 行.
SQL: SELECT * FROM `wx_weixin_release_pic` WHERE `wid` IN (null,null) GROUP BY wid  [ RunTime:0.0975s ]
INFO: [ view_parse ] --START--
INFO: [ template_filter ] --START--
INFO: Run Behavior\ContentReplaceBehavior [ RunTime:0.000500s ]
INFO: [ template_filter ] --END-- [ RunTime:0.000500s ]
NOTIC: [8] Undefined index: uid D:\xampp\htdocs\new_lgx\Application\Runtime\Cache\Weixin\98c561c497f1db6720e3136cad874fa0.php 第 128 行.
NOTIC: [8] Undefined index: uid D:\xampp\htdocs\new_lgx\Application\Runtime\Cache\Weixin\98c561c497f1db6720e3136cad874fa0.php 第 129 行.
NOTIC: [8] Undefined index: uid D:\xampp\htdocs\new_lgx\Application\Runtime\Cache\Weixin\98c561c497f1db6720e3136cad874fa0.php 第 130 行.
NOTIC: [8] Undefined index: uid D:\xampp\htdocs\new_lgx\Application\Runtime\Cache\Weixin\98c561c497f1db6720e3136cad874fa0.php 第 133 行.
NOTIC: [8] Undefined index: uid D:\xampp\htdocs\new_lgx\Application\Runtime\Cache\Weixin\98c561c497f1db6720e3136cad874fa0.php 第 143 行.
NOTIC: [8] Undefined index: uid D:\xampp\htdocs\new_lgx\Application\Runtime\Cache\Weixin\98c561c497f1db6720e3136cad874fa0.php 第 145 行.
NOTIC: [8] Undefined index: uid D:\xampp\htdocs\new_lgx\Application\Runtime\Cache\Weixin\98c561c497f1db6720e3136cad874fa0.php 第 185 行.
NOTIC: [8] Undefined index: uid D:\xampp\htdocs\new_lgx\Application\Runtime\Cache\Weixin\98c561c497f1db6720e3136cad874fa0.php 第 449 行.
NOTIC: [8] Undefined index: uid D:\xampp\htdocs\new_lgx\Application\Runtime\Cache\Weixin\98c561c497f1db6720e3136cad874fa0.php 第 504 行.
NOTIC: [8] Undefined index: uid D:\xampp\htdocs\new_lgx\Application\Runtime\Cache\Weixin\98c561c497f1db6720e3136cad874fa0.php 第 508 行.
NOTIC: [8] Undefined index: uid D:\xampp\htdocs\new_lgx\Application\Runtime\Cache\Weixin\98c561c497f1db6720e3136cad874fa0.php 第 568 行.
NOTIC: [8] Undefined index: uid D:\xampp\htdocs\new_lgx\Application\Runtime\Cache\Weixin\98c561c497f1db6720e3136cad874fa0.php 第 572 行.
NOTIC: [8] Undefined index: wid D:\xampp\htdocs\new_lgx\Application\Runtime\Cache\Weixin\98c561c497f1db6720e3136cad874fa0.php 第 583 行.
NOTIC: [8] Undefined index: uid D:\xampp\htdocs\new_lgx\Application\Runtime\Cache\Weixin\98c561c497f1db6720e3136cad874fa0.php 第 608 行.
NOTIC: [8] Undefined index: uid D:\xampp\htdocs\new_lgx\Application\Runtime\Cache\Weixin\98c561c497f1db6720e3136cad874fa0.php 第 612 行.
NOTIC: [8] Undefined index: uid D:\xampp\htdocs\new_lgx\Application\Runtime\Cache\Weixin\98c561c497f1db6720e3136cad874fa0.php 第 703 行.
NOTIC: [8] Undefined index: uid D:\xampp\htdocs\new_lgx\Application\Runtime\Cache\Weixin\98c561c497f1db6720e3136cad874fa0.php 第 706 行.
NOTIC: [8] Undefined index: uid D:\xampp\htdocs\new_lgx\Application\Runtime\Cache\Weixin\98c561c497f1db6720e3136cad874fa0.php 第 709 行.
NOTIC: [8] Undefined index: uid D:\xampp\htdocs\new_lgx\Application\Runtime\Cache\Weixin\98c561c497f1db6720e3136cad874fa0.php 第 712 行.
INFO: Run Behavior\ParseTemplateBehavior [ RunTime:0.054006s ]
INFO: [ view_parse ] --END-- [ RunTime:0.054006s ]
INFO: [ view_filter ] --START--
INFO: Run Behavior\WriteHtmlCacheBehavior [ RunTime:0.000000s ]
INFO: [ view_filter ] --END-- [ RunTime:0.000000s ]
INFO: [ app_end ] --START--
INFO: Run Behavior\ShowPageTraceBehavior [ RunTime:0.000500s ]
INFO: [ app_end ] --END-- [ RunTime:0.000500s ]

[ 2017-08-24T14:03:51+08:00 ] ::1 /new_lgx/Weixin/Index/new_tianqi.html
INFO: [ app_init ] --START--
INFO: Run Behavior\BuildLiteBehavior [ RunTime:0.000500s ]
INFO: [ app_init ] --END-- [ RunTime:0.000500s ]
INFO: [ app_begin ] --START--
INFO: Run Behavior\ReadHtmlCacheBehavior [ RunTime:0.000500s ]
INFO: [ app_begin ] --END-- [ RunTime:0.000500s ]
NOTIC: [8] Undefined index: uid D:\xampp\htdocs\new_lgx\Application\Weixin\Controller\IndexController.class.php 第 22 行.
NOTIC: [8] Undefined index: id D:\xampp\htdocs\new_lgx\Application\Weixin\Controller\IndexController.class.php 第 23 行.
NOTIC: [8] Undefined index: wid D:\xampp\htdocs\new_lgx\Application\Weixin\Controller\IndexController.class.php 第 25 行.
NOTIC: [8] Undefined index: wid D:\xampp\htdocs\new_lgx\Application\Weixin\Controller\IndexController.class.php 第 26 行.
INFO: [ view_parse ] --START--
INFO: [ template_filter ] --START--
INFO: Run Behavior\ContentReplaceBehavior [ RunTime:0.000000s ]
INFO: [ template_filter ] --END-- [ RunTime:0.000500s ]
INFO: Run Behavior\ParseTemplateBehavior [ RunTime:0.039005s ]
INFO: [ view_parse ] --END-- [ RunTime:0.039005s ]
INFO: [ view_filter ] --START--
INFO: Run Behavior\WriteHtmlCacheBehavior [ RunTime:0.000500s ]
INFO: [ view_filter ] --END-- [ RunTime:0.000500s ]
INFO: [ app_end ] --START--
INFO: Run Behavior\ShowPageTraceBehavior [ RunTime:0.000500s ]
INFO: [ app_end ] --END-- [ RunTime:0.000500s ]

[ 2017-08-24T14:03:52+08:00 ] ::1 /new_lgx/Weixin/Index/new_tianqi.html
INFO: [ app_init ] --START--
INFO: Run Behavior\BuildLiteBehavior [ RunTime:0.000000s ]
INFO: [ app_init ] --END-- [ RunTime:0.000500s ]
INFO: [ app_begin ] --START--
INFO: Run Behavior\ReadHtmlCacheBehavior [ RunTime:0.000500s ]
INFO: [ app_begin ] --END-- [ RunTime:0.000500s ]
NOTIC: [8] Undefined index: uid D:\xampp\htdocs\new_lgx\Application\Weixin\Controller\IndexController.class.php 第 22 行.
NOTIC: [8] Undefined index: id D:\xampp\htdocs\new_lgx\Application\Weixin\Controller\IndexController.class.php 第 23 行.
NOTIC: [8] Undefined index: wid D:\xampp\htdocs\new_lgx\Application\Weixin\Controller\IndexController.class.php 第 25 行.
NOTIC: [8] Undefined index: wid D:\xampp\htdocs\new_lgx\Application\Weixin\Controller\IndexController.class.php 第 26 行.
INFO: [ view_parse ] --START--
INFO: [ template_filter ] --START--
INFO: Run Behavior\ContentReplaceBehavior [ RunTime:0.000000s ]
INFO: [ template_filter ] --END-- [ RunTime:0.000000s ]
INFO: Run Behavior\ParseTemplateBehavior [ RunTime:0.006501s ]
INFO: [ view_parse ] --END-- [ RunTime:0.006501s ]
INFO: [ view_filter ] --START--
INFO: Run Behavior\WriteHtmlCacheBehavior [ RunTime:0.000500s ]
INFO: [ view_filter ] --END-- [ RunTime:0.000500s ]
INFO: [ app_end ] --START--
INFO: Run Behavior\ShowPageTraceBehavior [ RunTime:0.001000s ]
INFO: [ app_end ] --END-- [ RunTime:0.001000s ]

[ 2017-08-24T14:03:55+08:00 ] ::1 /new_lgx/Weixin/Index/education.html
INFO: [ app_init ] --START--
INFO: Run Behavior\BuildLiteBehavior [ RunTime:0.000000s ]
INFO: [ app_init ] --END-- [ RunTime:0.000500s ]
INFO: [ app_begin ] --START--
INFO: Run Behavior\ReadHtmlCacheBehavior [ RunTime:0.000500s ]
INFO: [ app_begin ] --END-- [ RunTime:0.000500s ]
NOTIC: [8] Undefined index: uid D:\xampp\htdocs\new_lgx\Application\Weixin\Controller\IndexController.class.php 第 22 行.
NOTIC: [8] Undefined index: id D:\xampp\htdocs\new_lgx\Application\Weixin\Controller\IndexController.class.php 第 23 行.
NOTIC: [8] Undefined index: wid D:\xampp\htdocs\new_lgx\Application\Weixin\Controller\IndexController.class.php 第 25 行.
NOTIC: [8] Undefined index: wid D:\xampp\htdocs\new_lgx\Application\Weixin\Controller\IndexController.class.php 第 26 行.
SQL: SHOW COLUMNS FROM `wx_weixin_lunbotu` [ RunTime:0.0025s ]
NOTIC: [8] Undefined index: uid D:\xampp\htdocs\new_lgx\Application\Weixin\Controller\IndexController.class.php 第 747 行.
SQL: SELECT * FROM `wx_weixin_lunbotu` WHERE `userid` = null AND `page` = 3  [ RunTime:0.0000s ]
INFO: [ view_parse ] --START--
INFO: [ template_filter ] --START--
INFO: Run Behavior\ContentReplaceBehavior [ RunTime:0.000000s ]
INFO: [ template_filter ] --END-- [ RunTime:0.000501s ]
NOTIC: [8] Use of undefined constant php - assumed 'php' D:\xampp\htdocs\new_lgx\Application\Runtime\Cache\Weixin\d9d629aafc0db5d1ee21268c60172373.php 第 210 行.
NOTIC: [8] Use of undefined constant php - assumed 'php' D:\xampp\htdocs\new_lgx\Application\Runtime\Cache\Weixin\d9d629aafc0db5d1ee21268c60172373.php 第 211 行.
NOTIC: [8] Use of undefined constant php - assumed 'php' D:\xampp\htdocs\new_lgx\Application\Runtime\Cache\Weixin\d9d629aafc0db5d1ee21268c60172373.php 第 212 行.
NOTIC: [8] Use of undefined constant php - assumed 'php' D:\xampp\htdocs\new_lgx\Application\Runtime\Cache\Weixin\d9d629aafc0db5d1ee21268c60172373.php 第 225 行.
NOTIC: [8] Use of undefined constant php - assumed 'php' D:\xampp\htdocs\new_lgx\Application\Runtime\Cache\Weixin\d9d629aafc0db5d1ee21268c60172373.php 第 228 行.
NOTIC: [8] Use of undefined constant php - assumed 'php' D:\xampp\htdocs\new_lgx\Application\Runtime\Cache\Weixin\d9d629aafc0db5d1ee21268c60172373.php 第 231 行.
NOTIC: [8] Use of undefined constant php - assumed 'php' D:\xampp\htdocs\new_lgx\Application\Runtime\Cache\Weixin\d9d629aafc0db5d1ee21268c60172373.php 第 234 行.
NOTIC: [8] Use of undefined constant php - assumed 'php' D:\xampp\htdocs\new_lgx\Application\Runtime\Cache\Weixin\d9d629aafc0db5d1ee21268c60172373.php 第 250 行.
NOTIC: [8] Use of undefined constant php - assumed 'php' D:\xampp\htdocs\new_lgx\Application\Runtime\Cache\Weixin\d9d629aafc0db5d1ee21268c60172373.php 第 259 行.
INFO: Run Behavior\ParseTemplateBehavior [ RunTime:0.052506s ]
INFO: [ view_parse ] --END-- [ RunTime:0.052506s ]
INFO: [ view_filter ] --START--
INFO: Run Behavior\WriteHtmlCacheBehavior [ RunTime:0.001000s ]
INFO: [ view_filter ] --END-- [ RunTime:0.001000s ]
INFO: [ app_end ] --START--
INFO: Run Behavior\ShowPageTraceBehavior [ RunTime:0.002001s ]
INFO: [ app_end ] --END-- [ RunTime:0.002001s ]

[ 2017-08-24T14:04:07+08:00 ] ::1 /new_lgx/Weixin/Index/education.html
INFO: [ app_init ] --START--
INFO: Run Behavior\BuildLiteBehavior [ RunTime:0.000000s ]
INFO: [ app_init ] --END-- [ RunTime:0.000000s ]
INFO: [ app_begin ] --START--
INFO: Run Behavior\ReadHtmlCacheBehavior [ RunTime:0.000500s ]
INFO: [ app_begin ] --END-- [ RunTime:0.000500s ]
NOTIC: [8] Undefined index: uid D:\xampp\htdocs\new_lgx\Application\Weixin\Controller\IndexController.class.php 第 22 行.
NOTIC: [8] Undefined index: id D:\xampp\htdocs\new_lgx\Application\Weixin\Controller\IndexController.class.php 第 23 行.
NOTIC: [8] Undefined index: wid D:\xampp\htdocs\new_lgx\Application\Weixin\Controller\IndexController.class.php 第 25 行.
NOTIC: [8] Undefined index: wid D:\xampp\htdocs\new_lgx\Application\Weixin\Controller\IndexController.class.php 第 26 行.
SQL: SHOW COLUMNS FROM `wx_weixin_lunbotu` [ RunTime:0.0030s ]
NOTIC: [8] Undefined index: uid D:\xampp\htdocs\new_lgx\Application\Weixin\Controller\IndexController.class.php 第 747 行.
SQL: SELECT * FROM `wx_weixin_lunbotu` WHERE `userid` = null AND `page` = 3  [ RunTime:0.0005s ]
INFO: [ view_parse ] --START--
INFO: [ template_filter ] --START--
INFO: Run Behavior\ContentReplaceBehavior [ RunTime:0.000000s ]
INFO: [ template_filter ] --END-- [ RunTime:0.000000s ]
NOTIC: [8] Use of undefined constant php - assumed 'php' D:\xampp\htdocs\new_lgx\Application\Runtime\Cache\Weixin\d9d629aafc0db5d1ee21268c60172373.php 第 210 行.
NOTIC: [8] Use of undefined constant php - assumed 'php' D:\xampp\htdocs\new_lgx\Application\Runtime\Cache\Weixin\d9d629aafc0db5d1ee21268c60172373.php 第 211 行.
NOTIC: [8] Use of undefined constant php - assumed 'php' D:\xampp\htdocs\new_lgx\Application\Runtime\Cache\Weixin\d9d629aafc0db5d1ee21268c60172373.php 第 212 行.
NOTIC: [8] Use of undefined constant php - assumed 'php' D:\xampp\htdocs\new_lgx\Application\Runtime\Cache\Weixin\d9d629aafc0db5d1ee21268c60172373.php 第 225 行.
NOTIC: [8] Use of undefined constant php - assumed 'php' D:\xampp\htdocs\new_lgx\Application\Runtime\Cache\Weixin\d9d629aafc0db5d1ee21268c60172373.php 第 228 行.
NOTIC: [8] Use of undefined constant php - assumed 'php' D:\xampp\htdocs\new_lgx\Application\Runtime\Cache\Weixin\d9d629aafc0db5d1ee21268c60172373.php 第 231 行.
NOTIC: [8] Use of undefined constant php - assumed 'php' D:\xampp\htdocs\new_lgx\Application\Runtime\Cache\Weixin\d9d629aafc0db5d1ee21268c60172373.php 第 234 行.
NOTIC: [8] Use of undefined constant php - assumed 'php' D:\xampp\htdocs\new_lgx\Application\Runtime\Cache\Weixin\d9d629aafc0db5d1ee21268c60172373.php 第 250 行.
NOTIC: [8] Use of undefined constant php - assumed 'php' D:\xampp\htdocs\new_lgx\Application\Runtime\Cache\Weixin\d9d629aafc0db5d1ee21268c60172373.php 第 259 行.
INFO: Run Behavior\ParseTemplateBehavior [ RunTime:0.010002s ]
INFO: [ view_parse ] --END-- [ RunTime:0.010002s ]
INFO: [ view_filter ] --START--
INFO: Run Behavior\WriteHtmlCacheBehavior [ RunTime:0.000500s ]
INFO: [ view_filter ] --END-- [ RunTime:0.000500s ]
INFO: [ app_end ] --START--
INFO: Run Behavior\ShowPageTraceBehavior [ RunTime:0.000500s ]
INFO: [ app_end ] --END-- [ RunTime:0.002500s ]

