[ 2017-08-09T08:32:41+08:00 ] ::1 /new_lgx/weixin/index/new_index
INFO: [ app_init ] --START--
INFO: Run Behavior\BuildLiteBehavior [ RunTime:0.000000s ]
INFO: [ app_init ] --END-- [ RunTime:0.001001s ]
INFO: [ app_begin ] --START--
INFO: Run Behavior\ReadHtmlCacheBehavior [ RunTime:0.000000s ]
INFO: [ app_begin ] --END-- [ RunTime:0.002000s ]
SQL: SHOW COLUMNS FROM `wx_weixin_activity` [ RunTime:0.1850s ]
SQL: SELECT * FROM `wx_weixin_activity` WHERE `userid` = 2 ORDER BY id desc LIMIT 2   [ RunTime:0.0090s ]
SQL: SHOW COLUMNS FROM `wx_weixin_lunbotu` [ RunTime:0.1110s ]
SQL: SELECT * FROM `wx_weixin_lunbotu` WHERE `userid` = 2 AND `page` = 1 AND `type` = 1  [ RunTime:0.0010s ]
SQL: SELECT * FROM `wx_weixin_lunbotu` WHERE `userid` = 2 AND `page` = 1 AND `type` = 2  [ RunTime:0.0000s ]
SQL: SELECT * FROM `wx_weixin_lunbotu` WHERE `userid` = 2 AND `page` = 1 AND `type` = 3  [ RunTime:0.0000s ]
SQL: SELECT * FROM `wx_weixin_lunbotu` WHERE `userid` = 2 AND `page` = 1 AND `type` = 4  [ RunTime:0.0000s ]
SQL: SELECT * FROM `wx_weixin_lunbotu` WHERE `userid` = 2 AND `page` = 1 AND `type` = 5  [ RunTime:0.0000s ]
SQL: SELECT * FROM `wx_weixin_lunbotu` WHERE `userid` = 2 AND `page` = 1 AND `type` = 6  [ RunTime:0.0000s ]
SQL: SHOW COLUMNS FROM `wx_weixin_article` [ RunTime:0.0520s ]
SQL: SELECT * FROM `wx_weixin_article` WHERE `userid` = 2 ORDER BY addtime desc LIMIT 3   [ RunTime:0.0050s ]
SQL: SHOW COLUMNS FROM `wx_weixin_release_pic` [ RunTime:0.0300s ]
NOTIC: [8] Undefined index: wid D:\xampp\htdocs\new_lgx\Application\Weixin\Controller\IndexController.class.php 第 474 行.
SQL: SELECT * FROM `wx_weixin_release_pic` WHERE `wid` <> null GROUP BY wid  [ RunTime:0.0120s ]
NOTIC: [8] Undefined offset: 0 D:\xampp\htdocs\new_lgx\Application\Weixin\Controller\IndexController.class.php 第 492 行.
NOTIC: [8] Undefined offset: -1 D:\xampp\htdocs\new_lgx\Application\Weixin\Controller\IndexController.class.php 第 492 行.
SQL: SELECT * FROM `wx_weixin_release_pic` WHERE `wid` IN (null,null) GROUP BY wid  [ RunTime:0.0050s ]
INFO: [ view_parse ] --START--
INFO: [ template_filter ] --START--
INFO: Run Behavior\ContentReplaceBehavior [ RunTime:0.000000s ]
INFO: [ template_filter ] --END-- [ RunTime:0.001000s ]
SQL: SHOW COLUMNS FROM `wx_weixin_pic` [ RunTime:0.1120s ]
SQL: SELECT * FROM `wx_weixin_pic` WHERE `aid` = 21  [ RunTime:0.0010s ]
SQL: SELECT * FROM `wx_weixin_pic` WHERE `aid` = 20  [ RunTime:0.0000s ]
SQL: SELECT * FROM `wx_weixin_pic` WHERE `aid` = 19  [ RunTime:0.0000s ]
NOTIC: [8] Undefined index: wid D:\xampp\htdocs\new_lgx\Application\Runtime\Cache\Weixin\98c561c497f1db6720e3136cad874fa0.php 第 583 行.
INFO: Run Behavior\ParseTemplateBehavior [ RunTime:0.267015s ]
INFO: [ view_parse ] --END-- [ RunTime:0.267015s ]
INFO: [ view_filter ] --START--
INFO: Run Behavior\WriteHtmlCacheBehavior [ RunTime:0.000000s ]
INFO: [ view_filter ] --END-- [ RunTime:0.000000s ]
INFO: [ app_end ] --START--
INFO: Run Behavior\ShowPageTraceBehavior [ RunTime:0.001000s ]
INFO: [ app_end ] --END-- [ RunTime:0.001000s ]

[ 2017-08-09T08:32:43+08:00 ] ::1 /new_lgx/Weixin/Index/new_tianqi.html
INFO: [ app_init ] --START--
INFO: Run Behavior\BuildLiteBehavior [ RunTime:0.000000s ]
INFO: [ app_init ] --END-- [ RunTime:0.000000s ]
INFO: [ app_begin ] --START--
INFO: Run Behavior\ReadHtmlCacheBehavior [ RunTime:0.001000s ]
INFO: [ app_begin ] --END-- [ RunTime:0.002000s ]
INFO: [ view_parse ] --START--
INFO: [ template_filter ] --START--
INFO: Run Behavior\ContentReplaceBehavior [ RunTime:0.000000s ]
INFO: [ template_filter ] --END-- [ RunTime:0.000000s ]
INFO: Run Behavior\ParseTemplateBehavior [ RunTime:0.057004s ]
INFO: [ view_parse ] --END-- [ RunTime:0.057004s ]
INFO: [ view_filter ] --START--
INFO: Run Behavior\WriteHtmlCacheBehavior [ RunTime:0.000000s ]
INFO: [ view_filter ] --END-- [ RunTime:0.000000s ]
INFO: [ app_end ] --START--
INFO: Run Behavior\ShowPageTraceBehavior [ RunTime:0.001000s ]
INFO: [ app_end ] --END-- [ RunTime:0.001000s ]

[ 2017-08-09T08:32:46+08:00 ] ::1 /new_lgx/Weixin/Index/new_tianqi.html
INFO: [ app_init ] --START--
INFO: Run Behavior\BuildLiteBehavior [ RunTime:0.000000s ]
INFO: [ app_init ] --END-- [ RunTime:0.001000s ]
INFO: [ app_begin ] --START--
INFO: Run Behavior\ReadHtmlCacheBehavior [ RunTime:0.000000s ]
INFO: [ app_begin ] --END-- [ RunTime:0.000000s ]
INFO: [ view_parse ] --START--
INFO: [ template_filter ] --START--
INFO: Run Behavior\ContentReplaceBehavior [ RunTime:0.000000s ]
INFO: [ template_filter ] --END-- [ RunTime:0.001000s ]
INFO: Run Behavior\ParseTemplateBehavior [ RunTime:0.012001s ]
INFO: [ view_parse ] --END-- [ RunTime:0.012001s ]
INFO: [ view_filter ] --START--
INFO: Run Behavior\WriteHtmlCacheBehavior [ RunTime:0.000000s ]
INFO: [ view_filter ] --END-- [ RunTime:0.000000s ]
INFO: [ app_end ] --START--
INFO: Run Behavior\ShowPageTraceBehavior [ RunTime:0.001000s ]
INFO: [ app_end ] --END-- [ RunTime:0.001000s ]

[ 2017-08-09T08:32:59+08:00 ] ::1 /new_lgx/Weixin/Index/new_faxian/id/2.html
INFO: [ app_init ] --START--
INFO: Run Behavior\BuildLiteBehavior [ RunTime:0.000000s ]
INFO: [ app_init ] --END-- [ RunTime:0.000000s ]
INFO: [ app_begin ] --START--
INFO: Run Behavior\ReadHtmlCacheBehavior [ RunTime:0.000000s ]
INFO: [ app_begin ] --END-- [ RunTime:0.000000s ]
SQL: SHOW COLUMNS FROM `wx_weixin_lunbotu` [ RunTime:0.0500s ]
SQL: SELECT * FROM `wx_weixin_lunbotu` WHERE `userid` = 2 AND `page` = 1 AND `type` = 8  [ RunTime:0.0140s ]
INFO: [ view_parse ] --START--
INFO: [ template_filter ] --START--
INFO: Run Behavior\ContentReplaceBehavior [ RunTime:0.000000s ]
INFO: [ template_filter ] --END-- [ RunTime:0.000000s ]
NOTIC: [8] Undefined variable: k D:\xampp\htdocs\new_lgx\Application\Runtime\Cache\Weixin\aa57035f95134e0a203344a5aa9c159c.php 第 64 行.
INFO: Run Behavior\ParseTemplateBehavior [ RunTime:0.045003s ]
INFO: [ view_parse ] --END-- [ RunTime:0.046003s ]
INFO: [ view_filter ] --START--
INFO: Run Behavior\WriteHtmlCacheBehavior [ RunTime:0.001000s ]
INFO: [ view_filter ] --END-- [ RunTime:0.001000s ]
INFO: [ app_end ] --START--
INFO: Run Behavior\ShowPageTraceBehavior [ RunTime:0.001000s ]
INFO: [ app_end ] --END-- [ RunTime:0.001000s ]

[ 2017-08-09T15:48:50+08:00 ] ::1 /new_lgx/Weixin/Index/new_dongtai.html
INFO: [ app_init ] --START--
INFO: Run Behavior\BuildLiteBehavior [ RunTime:0.000000s ]
INFO: [ app_init ] --END-- [ RunTime:0.001000s ]
INFO: [ app_begin ] --START--
INFO: Run Behavior\ReadHtmlCacheBehavior [ RunTime:0.000000s ]
INFO: [ app_begin ] --END-- [ RunTime:0.000000s ]
NOTIC: [8] Undefined index: type D:\xampp\htdocs\new_lgx\Application\Weixin\Controller\IndexController.class.php 第 636 行.
NOTIC: [8] Undefined index: wid D:\xampp\htdocs\new_lgx\Application\Weixin\Controller\IndexController.class.php 第 643 行.
NOTIC: [8] Undefined index: type D:\xampp\htdocs\new_lgx\Application\Weixin\Controller\IndexController.class.php 第 666 行.
NOTIC: [8] Undefined variable: arr D:\xampp\htdocs\new_lgx\Application\Weixin\Controller\IndexController.class.php 第 670 行.
SQL: SHOW COLUMNS FROM `wx_weixin_lunbotu` [ RunTime:0.0210s ]
SQL: SELECT * FROM `wx_weixin_lunbotu` WHERE `userid` = 2 AND `page` = 1 AND `type` = 9  [ RunTime:0.0010s ]
SQL: SHOW COLUMNS FROM `wx_weixin_dynamic_nav` [ RunTime:0.0430s ]
SQL: SELECT * FROM `wx_weixin_dynamic_nav`  [ RunTime:0.0010s ]
SQL: SHOW COLUMNS FROM `wx_weixin_release` [ RunTime:0.0530s ]
NOTIC: [8] Undefined variable: limit D:\xampp\htdocs\new_lgx\Application\Weixin\Controller\IndexController.class.php 第 673 行.
NOTIC: [8] Undefined variable: group D:\xampp\htdocs\new_lgx\Application\Weixin\Controller\IndexController.class.php 第 673 行.
SQL: SELECT * FROM `wx_weixin_release` WHERE `userid` = 2 AND `type` > 0 ORDER BY view desc  [ RunTime:0.0000s ]
INFO: [ view_parse ] --START--
INFO: [ template_filter ] --START--
INFO: Run Behavior\ContentReplaceBehavior [ RunTime:0.001000s ]
INFO: [ template_filter ] --END-- [ RunTime:0.001000s ]
NOTIC: [8] Undefined index: num D:\xampp\htdocs\new_lgx\Application\Runtime\Cache\Weixin\0e9543150021452ea69906478989321f.php 第 243 行.
NOTIC: [8] Undefined index: type D:\xampp\htdocs\new_lgx\Application\Runtime\Cache\Weixin\0e9543150021452ea69906478989321f.php 第 247 行.
NOTIC: [8] Undefined index: wid D:\xampp\htdocs\new_lgx\Application\Runtime\Cache\Weixin\0e9543150021452ea69906478989321f.php 第 247 行.
NOTIC: [8] Undefined index: type D:\xampp\htdocs\new_lgx\Application\Runtime\Cache\Weixin\0e9543150021452ea69906478989321f.php 第 248 行.
NOTIC: [8] Undefined index: wid D:\xampp\htdocs\new_lgx\Application\Runtime\Cache\Weixin\0e9543150021452ea69906478989321f.php 第 249 行.
NOTIC: [8] Undefined index: wid D:\xampp\htdocs\new_lgx\Application\Runtime\Cache\Weixin\0e9543150021452ea69906478989321f.php 第 249 行.
NOTIC: [8] Undefined index: type D:\xampp\htdocs\new_lgx\Application\Runtime\Cache\Weixin\0e9543150021452ea69906478989321f.php 第 251 行.
NOTIC: [8] Undefined index: type D:\xampp\htdocs\new_lgx\Application\Runtime\Cache\Weixin\0e9543150021452ea69906478989321f.php 第 251 行.
NOTIC: [8] Undefined index: type D:\xampp\htdocs\new_lgx\Application\Runtime\Cache\Weixin\0e9543150021452ea69906478989321f.php 第 251 行.
NOTIC: [8] Undefined index: type D:\xampp\htdocs\new_lgx\Application\Runtime\Cache\Weixin\0e9543150021452ea69906478989321f.php 第 251 行.
NOTIC: [8] Undefined index: type D:\xampp\htdocs\new_lgx\Application\Runtime\Cache\Weixin\0e9543150021452ea69906478989321f.php 第 251 行.
NOTIC: [8] Undefined index: type D:\xampp\htdocs\new_lgx\Application\Runtime\Cache\Weixin\0e9543150021452ea69906478989321f.php 第 251 行.
NOTIC: [8] Undefined index: type D:\xampp\htdocs\new_lgx\Application\Runtime\Cache\Weixin\0e9543150021452ea69906478989321f.php 第 251 行.
NOTIC: [8] Undefined index: type D:\xampp\htdocs\new_lgx\Application\Runtime\Cache\Weixin\0e9543150021452ea69906478989321f.php 第 255 行.
NOTIC: [8] Undefined index: wid D:\xampp\htdocs\new_lgx\Application\Runtime\Cache\Weixin\0e9543150021452ea69906478989321f.php 第 269 行.
NOTIC: [8] Undefined index: type D:\xampp\htdocs\new_lgx\Application\Runtime\Cache\Weixin\0e9543150021452ea69906478989321f.php 第 269 行.
NOTIC: [8] Undefined variable: k D:\xampp\htdocs\new_lgx\Application\Runtime\Cache\Weixin\0e9543150021452ea69906478989321f.php 第 283 行.
NOTIC: [8] Undefined index: type D:\xampp\htdocs\new_lgx\Application\Runtime\Cache\Weixin\0e9543150021452ea69906478989321f.php 第 322 行.
NOTIC: [8] Undefined index: wid D:\xampp\htdocs\new_lgx\Application\Runtime\Cache\Weixin\0e9543150021452ea69906478989321f.php 第 441 行.
SQL: SHOW COLUMNS FROM `wx_weixin_release_pic` [ RunTime:0.0100s ]
SQL: SELECT * FROM `wx_weixin_release_pic` WHERE `aid` = 42  [ RunTime:0.0000s ]
SQL: SHOW COLUMNS FROM `wx_weixin_man` [ RunTime:0.0720s ]
SQL: SELECT `headimgurl` FROM `wx_weixin_man` WHERE `id` = 11 LIMIT 1   [ RunTime:0.0010s ]
SQL: SHOW COLUMNS FROM `wx_weixin_mydata` [ RunTime:0.0640s ]
SQL: SELECT `nickname` FROM `wx_weixin_mydata` WHERE `wid` = 11 LIMIT 1   [ RunTime:0.0000s ]
SQL: SELECT `nickname` FROM `wx_weixin_man` WHERE `id` = 11 LIMIT 1   [ RunTime:0.0000s ]
SQL: SELECT * FROM `wx_weixin_release_pic` WHERE `aid` = 24  [ RunTime:0.0010s ]
SQL: SELECT `headimgurl` FROM `wx_weixin_man` WHERE `id` = 3 LIMIT 1   [ RunTime:0.0000s ]
SQL: SELECT `nickname` FROM `wx_weixin_mydata` WHERE `wid` = 3 LIMIT 1   [ RunTime:0.0000s ]
SQL: SELECT `nickname` FROM `wx_weixin_mydata` WHERE `wid` = 3 LIMIT 1   [ RunTime:0.0010s ]
SQL: SELECT * FROM `wx_weixin_release_pic` WHERE `aid` = 44  [ RunTime:0.0000s ]
SQL: SELECT `headimgurl` FROM `wx_weixin_man` WHERE `id` = 9 LIMIT 1   [ RunTime:0.0000s ]
SQL: SELECT `nickname` FROM `wx_weixin_mydata` WHERE `wid` = 9 LIMIT 1   [ RunTime:0.0000s ]
SQL: SELECT `nickname` FROM `wx_weixin_mydata` WHERE `wid` = 9 LIMIT 1   [ RunTime:0.0000s ]
SQL: SELECT * FROM `wx_weixin_release_pic` WHERE `aid` = 45  [ RunTime:0.0000s ]
SQL: SELECT `headimgurl` FROM `wx_weixin_man` WHERE `id` = 8 LIMIT 1   [ RunTime:0.0000s ]
SQL: SELECT `nickname` FROM `wx_weixin_mydata` WHERE `wid` = 8 LIMIT 1   [ RunTime:0.0000s ]
SQL: SELECT `nickname` FROM `wx_weixin_man` WHERE `id` = 8 LIMIT 1   [ RunTime:0.0000s ]
SQL: SELECT * FROM `wx_weixin_release_pic` WHERE `aid` = 27  [ RunTime:0.0010s ]
SQL: SELECT `headimgurl` FROM `wx_weixin_man` WHERE `id` = 1 LIMIT 1   [ RunTime:0.0000s ]
SQL: SELECT `nickname` FROM `wx_weixin_mydata` WHERE `wid` = 1 LIMIT 1   [ RunTime:0.0000s ]
SQL: SELECT `nickname` FROM `wx_weixin_man` WHERE `id` = 1 LIMIT 1   [ RunTime:0.0000s ]
SQL: SELECT * FROM `wx_weixin_release_pic` WHERE `aid` = 48  [ RunTime:0.0000s ]
NOTIC: [8] Undefined offset: 0 D:\xampp\htdocs\new_lgx\Application\Runtime\Cache\Weixin\0e9543150021452ea69906478989321f.php 第 446 行.
SQL: SELECT `headimgurl` FROM `wx_weixin_man` WHERE `id` = 5 LIMIT 1   [ RunTime:0.0010s ]
SQL: SELECT `nickname` FROM `wx_weixin_mydata` WHERE `wid` = 5 LIMIT 1   [ RunTime:0.0000s ]
SQL: SELECT `nickname` FROM `wx_weixin_man` WHERE `id` = 5 LIMIT 1   [ RunTime:0.0000s ]
SQL: SELECT * FROM `wx_weixin_release_pic` WHERE `aid` = 26  [ RunTime:0.0000s ]
SQL: SELECT `headimgurl` FROM `wx_weixin_man` WHERE `id` = 2 LIMIT 1   [ RunTime:0.0000s ]
SQL: SELECT `nickname` FROM `wx_weixin_mydata` WHERE `wid` = 2 LIMIT 1   [ RunTime:0.0000s ]
SQL: SELECT `nickname` FROM `wx_weixin_mydata` WHERE `wid` = 2 LIMIT 1   [ RunTime:0.0010s ]
SQL: SELECT * FROM `wx_weixin_release_pic` WHERE `aid` = 28  [ RunTime:0.0000s ]
SQL: SELECT `headimgurl` FROM `wx_weixin_man` WHERE `id` = 2 LIMIT 1   [ RunTime:0.0010s ]
SQL: SELECT `nickname` FROM `wx_weixin_mydata` WHERE `wid` = 2 LIMIT 1   [ RunTime:0.0000s ]
SQL: SELECT `nickname` FROM `wx_weixin_mydata` WHERE `wid` = 2 LIMIT 1   [ RunTime:0.0000s ]
SQL: SELECT * FROM `wx_weixin_release_pic` WHERE `aid` = 29  [ RunTime:0.0010s ]
SQL: SELECT `headimgurl` FROM `wx_weixin_man` WHERE `id` = 4 LIMIT 1   [ RunTime:0.0000s ]
SQL: SELECT `nickname` FROM `wx_weixin_mydata` WHERE `wid` = 4 LIMIT 1   [ RunTime:0.0000s ]
SQL: SELECT `nickname` FROM `wx_weixin_man` WHERE `id` = 4 LIMIT 1   [ RunTime:0.0000s ]
SQL: SELECT * FROM `wx_weixin_release_pic` WHERE `aid` = 35  [ RunTime:0.0000s ]
NOTIC: [8] Undefined offset: 0 D:\xampp\htdocs\new_lgx\Application\Runtime\Cache\Weixin\0e9543150021452ea69906478989321f.php 第 446 行.
SQL: SELECT `headimgurl` FROM `wx_weixin_man` WHERE `id` = 8 LIMIT 1   [ RunTime:0.0010s ]
SQL: SELECT `nickname` FROM `wx_weixin_mydata` WHERE `wid` = 8 LIMIT 1   [ RunTime:0.0000s ]
SQL: SELECT `nickname` FROM `wx_weixin_man` WHERE `id` = 8 LIMIT 1   [ RunTime:0.0000s ]
SQL: SELECT * FROM `wx_weixin_release_pic` WHERE `aid` = 12  [ RunTime:0.0000s ]
NOTIC: [8] Undefined offset: 0 D:\xampp\htdocs\new_lgx\Application\Runtime\Cache\Weixin\0e9543150021452ea69906478989321f.php 第 446 行.
SQL: SELECT `headimgurl` FROM `wx_weixin_man` WHERE `id` = 3 LIMIT 1   [ RunTime:0.0000s ]
SQL: SELECT `nickname` FROM `wx_weixin_mydata` WHERE `wid` = 3 LIMIT 1   [ RunTime:0.0010s ]
SQL: SELECT `nickname` FROM `wx_weixin_mydata` WHERE `wid` = 3 LIMIT 1   [ RunTime:0.0000s ]
SQL: SELECT * FROM `wx_weixin_release_pic` WHERE `aid` = 30  [ RunTime:0.0000s ]
NOTIC: [8] Undefined offset: 0 D:\xampp\htdocs\new_lgx\Application\Runtime\Cache\Weixin\0e9543150021452ea69906478989321f.php 第 446 行.
SQL: SELECT `headimgurl` FROM `wx_weixin_man` WHERE `id` = 3 LIMIT 1   [ RunTime:0.0000s ]
SQL: SELECT `nickname` FROM `wx_weixin_mydata` WHERE `wid` = 3 LIMIT 1   [ RunTime:0.0000s ]
SQL: SELECT `nickname` FROM `wx_weixin_mydata` WHERE `wid` = 3 LIMIT 1   [ RunTime:0.0010s ]
SQL: SELECT * FROM `wx_weixin_release_pic` WHERE `aid` = 31  [ RunTime:0.0000s ]
NOTIC: [8] Undefined offset: 0 D:\xampp\htdocs\new_lgx\Application\Runtime\Cache\Weixin\0e9543150021452ea69906478989321f.php 第 446 行.
SQL: SELECT `headimgurl` FROM `wx_weixin_man` WHERE `id` = 5 LIMIT 1   [ RunTime:0.0000s ]
SQL: SELECT `nickname` FROM `wx_weixin_mydata` WHERE `wid` = 5 LIMIT 1   [ RunTime:0.0000s ]
SQL: SELECT `nickname` FROM `wx_weixin_man` WHERE `id` = 5 LIMIT 1   [ RunTime:0.0000s ]
SQL: SELECT * FROM `wx_weixin_release_pic` WHERE `aid` = 32  [ RunTime:0.0010s ]
NOTIC: [8] Undefined offset: 0 D:\xampp\htdocs\new_lgx\Application\Runtime\Cache\Weixin\0e9543150021452ea69906478989321f.php 第 446 行.
SQL: SELECT `headimgurl` FROM `wx_weixin_man` WHERE `id` = 16 LIMIT 1   [ RunTime:0.0000s ]
SQL: SELECT `nickname` FROM `wx_weixin_mydata` WHERE `wid` = 16 LIMIT 1   [ RunTime:0.0000s ]
SQL: SELECT `nickname` FROM `wx_weixin_man` WHERE `id` = 16 LIMIT 1   [ RunTime:0.0000s ]
SQL: SELECT * FROM `wx_weixin_release_pic` WHERE `aid` = 33  [ RunTime:0.0000s ]
NOTIC: [8] Undefined offset: 0 D:\xampp\htdocs\new_lgx\Application\Runtime\Cache\Weixin\0e9543150021452ea69906478989321f.php 第 446 行.
SQL: SELECT `headimgurl` FROM `wx_weixin_man` WHERE `id` = 6 LIMIT 1   [ RunTime:0.0010s ]
SQL: SELECT `nickname` FROM `wx_weixin_mydata` WHERE `wid` = 6 LIMIT 1   [ RunTime:0.0000s ]
SQL: SELECT `nickname` FROM `wx_weixin_man` WHERE `id` = 6 LIMIT 1   [ RunTime:0.0000s ]
SQL: SELECT * FROM `wx_weixin_release_pic` WHERE `aid` = 34  [ RunTime:0.0000s ]
NOTIC: [8] Undefined offset: 0 D:\xampp\htdocs\new_lgx\Application\Runtime\Cache\Weixin\0e9543150021452ea69906478989321f.php 第 446 行.
SQL: SELECT `headimgurl` FROM `wx_weixin_man` WHERE `id` = 7 LIMIT 1   [ RunTime:0.0000s ]
SQL: SELECT `nickname` FROM `wx_weixin_mydata` WHERE `wid` = 7 LIMIT 1   [ RunTime:0.0010s ]
SQL: SELECT `nickname` FROM `wx_weixin_man` WHERE `id` = 7 LIMIT 1   [ RunTime:0.0000s ]
SQL: SELECT * FROM `wx_weixin_release_pic` WHERE `aid` = 36  [ RunTime:0.0000s ]
SQL: SELECT `headimgurl` FROM `wx_weixin_man` WHERE `id` = 15 LIMIT 1   [ RunTime:0.0000s ]
SQL: SELECT `nickname` FROM `wx_weixin_mydata` WHERE `wid` = 15 LIMIT 1   [ RunTime:0.0000s ]
SQL: SELECT `nickname` FROM `wx_weixin_man` WHERE `id` = 15 LIMIT 1   [ RunTime:0.0000s ]
SQL: SELECT * FROM `wx_weixin_release_pic` WHERE `aid` = 37  [ RunTime:0.0000s ]
SQL: SELECT `headimgurl` FROM `wx_weixin_man` WHERE `id` = 14 LIMIT 1   [ RunTime:0.0000s ]
SQL: SELECT `nickname` FROM `wx_weixin_mydata` WHERE `wid` = 14 LIMIT 1   [ RunTime:0.0000s ]
SQL: SELECT `nickname` FROM `wx_weixin_man` WHERE `id` = 14 LIMIT 1   [ RunTime:0.0000s ]
SQL: SELECT * FROM `wx_weixin_release_pic` WHERE `aid` = 38  [ RunTime:0.0000s ]
SQL: SELECT `headimgurl` FROM `wx_weixin_man` WHERE `id` = 13 LIMIT 1   [ RunTime:0.0010s ]
SQL: SELECT `nickname` FROM `wx_weixin_mydata` WHERE `wid` = 13 LIMIT 1   [ RunTime:0.0000s ]
SQL: SELECT `nickname` FROM `wx_weixin_man` WHERE `id` = 13 LIMIT 1   [ RunTime:0.0000s ]
SQL: SELECT * FROM `wx_weixin_release_pic` WHERE `aid` = 41  [ RunTime:0.0000s ]
SQL: SELECT `headimgurl` FROM `wx_weixin_man` WHERE `id` = 12 LIMIT 1   [ RunTime:0.0010s ]
SQL: SELECT `nickname` FROM `wx_weixin_mydata` WHERE `wid` = 12 LIMIT 1   [ RunTime:0.0000s ]
SQL: SELECT `nickname` FROM `wx_weixin_man` WHERE `id` = 12 LIMIT 1   [ RunTime:0.0010s ]
SQL: SELECT * FROM `wx_weixin_release_pic` WHERE `aid` = 43  [ RunTime:0.0000s ]
NOTIC: [8] Undefined offset: 0 D:\xampp\htdocs\new_lgx\Application\Runtime\Cache\Weixin\0e9543150021452ea69906478989321f.php 第 446 行.
SQL: SELECT `headimgurl` FROM `wx_weixin_man` WHERE `id` = 10 LIMIT 1   [ RunTime:0.0010s ]
SQL: SELECT `nickname` FROM `wx_weixin_mydata` WHERE `wid` = 10 LIMIT 1   [ RunTime:0.0000s ]
SQL: SELECT `nickname` FROM `wx_weixin_man` WHERE `id` = 10 LIMIT 1   [ RunTime:0.0000s ]
SQL: SELECT * FROM `wx_weixin_release_pic` WHERE `aid` = 46  [ RunTime:0.0000s ]
NOTIC: [8] Undefined offset: 0 D:\xampp\htdocs\new_lgx\Application\Runtime\Cache\Weixin\0e9543150021452ea69906478989321f.php 第 446 行.
SQL: SELECT `headimgurl` FROM `wx_weixin_man` WHERE `id` = 6 LIMIT 1   [ RunTime:0.0000s ]
SQL: SELECT `nickname` FROM `wx_weixin_mydata` WHERE `wid` = 6 LIMIT 1   [ RunTime:0.0000s ]
SQL: SELECT `nickname` FROM `wx_weixin_man` WHERE `id` = 6 LIMIT 1   [ RunTime:0.0000s ]
SQL: SELECT * FROM `wx_weixin_release_pic` WHERE `aid` = 47  [ RunTime:0.0010s ]
NOTIC: [8] Undefined offset: 0 D:\xampp\htdocs\new_lgx\Application\Runtime\Cache\Weixin\0e9543150021452ea69906478989321f.php 第 446 行.
SQL: SELECT `headimgurl` FROM `wx_weixin_man` WHERE `id` = 7 LIMIT 1   [ RunTime:0.0000s ]
SQL: SELECT `nickname` FROM `wx_weixin_mydata` WHERE `wid` = 7 LIMIT 1   [ RunTime:0.0000s ]
SQL: SELECT `nickname` FROM `wx_weixin_man` WHERE `id` = 7 LIMIT 1   [ RunTime:0.0000s ]
SQL: SELECT * FROM `wx_weixin_release_pic` WHERE `aid` = 49  [ RunTime:0.0000s ]
NOTIC: [8] Undefined offset: 0 D:\xampp\htdocs\new_lgx\Application\Runtime\Cache\Weixin\0e9543150021452ea69906478989321f.php 第 446 行.
SQL: SELECT `headimgurl` FROM `wx_weixin_man` WHERE `id` = 1 LIMIT 1   [ RunTime:0.0010s ]
SQL: SELECT `nickname` FROM `wx_weixin_mydata` WHERE `wid` = 1 LIMIT 1   [ RunTime:0.0000s ]
SQL: SELECT `nickname` FROM `wx_weixin_man` WHERE `id` = 1 LIMIT 1   [ RunTime:0.0010s ]
SQL: SELECT * FROM `wx_weixin_release_pic` WHERE `aid` = 50  [ RunTime:0.0000s ]
NOTIC: [8] Undefined offset: 0 D:\xampp\htdocs\new_lgx\Application\Runtime\Cache\Weixin\0e9543150021452ea69906478989321f.php 第 446 行.
SQL: SELECT `headimgurl` FROM `wx_weixin_man` WHERE `id` = 4 LIMIT 1   [ RunTime:0.0010s ]
SQL: SELECT `nickname` FROM `wx_weixin_mydata` WHERE `wid` = 4 LIMIT 1   [ RunTime:0.0000s ]
SQL: SELECT `nickname` FROM `wx_weixin_man` WHERE `id` = 4 LIMIT 1   [ RunTime:0.0000s ]
NOTIC: [8] Undefined index: wid D:\xampp\htdocs\new_lgx\Application\Runtime\Cache\Weixin\0e9543150021452ea69906478989321f.php 第 683 行.
NOTIC: [8] Undefined index: wid D:\xampp\htdocs\new_lgx\Application\Runtime\Cache\Weixin\0e9543150021452ea69906478989321f.php 第 812 行.
SQL: SELECT `nickname` FROM `wx_weixin_mydata` WHERE `wid` = null LIMIT 1   [ RunTime:0.0000s ]
NOTIC: [8] Undefined index: wid D:\xampp\htdocs\new_lgx\Application\Runtime\Cache\Weixin\0e9543150021452ea69906478989321f.php 第 812 行.
SQL: SELECT `nickname` FROM `wx_weixin_man` WHERE `id` = null LIMIT 1   [ RunTime:0.0180s ]
NOTIC: [8] Undefined index: wid D:\xampp\htdocs\new_lgx\Application\Runtime\Cache\Weixin\0e9543150021452ea69906478989321f.php 第 814 行.
SQL: SELECT `nickname` FROM `wx_weixin_mydata` WHERE `wid` = null LIMIT 1   [ RunTime:0.0010s ]
NOTIC: [8] Undefined index: wid D:\xampp\htdocs\new_lgx\Application\Runtime\Cache\Weixin\0e9543150021452ea69906478989321f.php 第 814 行.
SQL: SELECT `nickname` FROM `wx_weixin_man` WHERE `id` = null LIMIT 1   [ RunTime:0.0000s ]
INFO: Run Behavior\ParseTemplateBehavior [ RunTime:0.316018s ]
INFO: [ view_parse ] --END-- [ RunTime:0.316018s ]
INFO: [ view_filter ] --START--
INFO: Run Behavior\WriteHtmlCacheBehavior [ RunTime:0.001000s ]
INFO: [ view_filter ] --END-- [ RunTime:0.001000s ]
INFO: [ app_end ] --START--
INFO: Run Behavior\ShowPageTraceBehavior [ RunTime:0.002001s ]
INFO: [ app_end ] --END-- [ RunTime:0.002001s ]

[ 2017-08-09T15:48:51+08:00 ] ::1 /new_lgx/Weixin/Index/__ROOT__/Public/weixin/new_write/images/arclist/1.gif
INFO: [ app_init ] --START--
INFO: Run Behavior\BuildLiteBehavior [ RunTime:0.000000s ]
INFO: [ app_init ] --END-- [ RunTime:0.000000s ]

