[ 2017-06-08T15:09:18+08:00 ] ::1 /new_lgx/
INFO: [ app_init ] --START--
INFO: Run Behavior\BuildLiteBehavior [ RunTime:0.000000s ]
INFO: [ app_init ] --END-- [ RunTime:0.001000s ]
INFO: [ app_begin ] --START--
INFO: Run Behavior\ReadHtmlCacheBehavior [ RunTime:0.001000s ]
INFO: [ app_begin ] --END-- [ RunTime:0.002000s ]
INFO: [ view_parse ] --START--
INFO: [ template_filter ] --START--
INFO: Run Behavior\ContentReplaceBehavior [ RunTime:0.000000s ]
INFO: [ template_filter ] --END-- [ RunTime:0.000000s ]
INFO: Run Behavior\ParseTemplateBehavior [ RunTime:0.069004s ]
INFO: [ view_parse ] --END-- [ RunTime:0.069004s ]
INFO: [ view_filter ] --START--
INFO: Run Behavior\WriteHtmlCacheBehavior [ RunTime:0.002000s ]
INFO: [ view_filter ] --END-- [ RunTime:0.002000s ]
INFO: [ app_end ] --START--
INFO: Run Behavior\ShowPageTraceBehavior [ RunTime:0.002000s ]
INFO: [ app_end ] --END-- [ RunTime:0.002000s ]

[ 2017-06-08T15:09:20+08:00 ] ::1 /new_lgx/Index/check_login.html
INFO: [ app_init ] --START--
INFO: Run Behavior\BuildLiteBehavior [ RunTime:0.000000s ]
INFO: [ app_init ] --END-- [ RunTime:0.000000s ]
INFO: [ app_begin ] --START--
INFO: Run Behavior\ReadHtmlCacheBehavior [ RunTime:0.001000s ]
INFO: [ app_begin ] --END-- [ RunTime:0.001000s ]
SQL: SHOW COLUMNS FROM `wx_member` [ RunTime:0.2230s ]
SQL: SELECT * FROM `wx_member` WHERE `username` = 'admin' AND `password` = '123456' LIMIT 1   [ RunTime:0.0000s ]

[ 2017-06-08T15:09:20+08:00 ] ::1 /new_lgx/index/login.html
INFO: [ app_init ] --START--
INFO: Run Behavior\BuildLiteBehavior [ RunTime:0.000000s ]
INFO: [ app_init ] --END-- [ RunTime:0.002000s ]
INFO: [ app_begin ] --START--
INFO: Run Behavior\ReadHtmlCacheBehavior [ RunTime:0.001000s ]
INFO: [ app_begin ] --END-- [ RunTime:0.001000s ]
SQL: SHOW COLUMNS FROM `wx_member` [ RunTime:0.0030s ]
SQL: SELECT * FROM `wx_member` WHERE `username` = 'admin' AND `password` = '123456' LIMIT 1   [ RunTime:0.0000s ]

[ 2017-06-08T15:09:20+08:00 ] ::1 /new_lgx/Index/index.html
INFO: [ app_init ] --START--
INFO: Run Behavior\BuildLiteBehavior [ RunTime:0.000000s ]
INFO: [ app_init ] --END-- [ RunTime:0.000000s ]
INFO: [ app_begin ] --START--
INFO: Run Behavior\ReadHtmlCacheBehavior [ RunTime:0.001000s ]
INFO: [ app_begin ] --END-- [ RunTime:0.001000s ]
INFO: [ view_parse ] --START--
INFO: [ template_filter ] --START--
INFO: Run Behavior\ContentReplaceBehavior [ RunTime:0.000000s ]
INFO: [ template_filter ] --END-- [ RunTime:0.001000s ]
INFO: Run Behavior\ParseTemplateBehavior [ RunTime:0.009000s ]
INFO: [ view_parse ] --END-- [ RunTime:0.009000s ]
INFO: [ view_filter ] --START--
INFO: Run Behavior\WriteHtmlCacheBehavior [ RunTime:0.001000s ]
INFO: [ view_filter ] --END-- [ RunTime:0.001000s ]
INFO: [ app_end ] --START--
INFO: Run Behavior\ShowPageTraceBehavior [ RunTime:0.000000s ]
INFO: [ app_end ] --END-- [ RunTime:0.001000s ]

[ 2017-06-08T15:09:23+08:00 ] ::1 /new_lgx/member/index.html
INFO: [ app_init ] --START--
INFO: Run Behavior\BuildLiteBehavior [ RunTime:0.000000s ]
INFO: [ app_init ] --END-- [ RunTime:0.001000s ]
INFO: [ app_begin ] --START--
INFO: Run Behavior\ReadHtmlCacheBehavior [ RunTime:0.001000s ]
INFO: [ app_begin ] --END-- [ RunTime:0.001000s ]
NOTIC: [2048] Declaration of Home\Controller\MemberController::show() should be compatible with Think\Controller::show($content, $charset = '', $contentType = '', $prefix = '') D:\xampp\htdocs\new_lgx\Application\Home\Controller\MemberController.class.php 第 2776 行.
SQL: SHOW COLUMNS FROM `wx_member` [ RunTime:0.0020s ]
SQL: SELECT * FROM `wx_member` WHERE `id` = 2 LIMIT 1   [ RunTime:0.0000s ]
INFO: [ view_parse ] --START--
INFO: [ template_filter ] --START--
INFO: Run Behavior\ContentReplaceBehavior [ RunTime:0.000000s ]
INFO: [ template_filter ] --END-- [ RunTime:0.000000s ]
INFO: Run Behavior\ParseTemplateBehavior [ RunTime:0.063004s ]
INFO: [ view_parse ] --END-- [ RunTime:0.063004s ]
INFO: [ view_filter ] --START--
INFO: Run Behavior\WriteHtmlCacheBehavior [ RunTime:0.001000s ]
INFO: [ view_filter ] --END-- [ RunTime:0.001000s ]
INFO: [ app_end ] --START--
INFO: Run Behavior\ShowPageTraceBehavior [ RunTime:0.002000s ]
INFO: [ app_end ] --END-- [ RunTime:0.002000s ]

[ 2017-06-08T15:09:27+08:00 ] ::1 /new_lgx/Member/set_bangding.html
INFO: [ app_init ] --START--
INFO: Run Behavior\BuildLiteBehavior [ RunTime:0.000000s ]
INFO: [ app_init ] --END-- [ RunTime:0.001000s ]
INFO: [ app_begin ] --START--
INFO: Run Behavior\ReadHtmlCacheBehavior [ RunTime:0.001000s ]
INFO: [ app_begin ] --END-- [ RunTime:0.001000s ]
NOTIC: [2048] Declaration of Home\Controller\MemberController::show() should be compatible with Think\Controller::show($content, $charset = '', $contentType = '', $prefix = '') D:\xampp\htdocs\new_lgx\Application\Home\Controller\MemberController.class.php 第 2776 行.
SQL: SHOW COLUMNS FROM `wx_member` [ RunTime:0.0020s ]
SQL: SELECT * FROM `wx_member` WHERE `id` = 2 LIMIT 1   [ RunTime:0.0000s ]
SQL: SHOW COLUMNS FROM `wx_weixin` [ RunTime:0.1510s ]
SQL: SELECT * FROM `wx_weixin` WHERE `userid` = 2 LIMIT 1   [ RunTime:0.0010s ]
INFO: [ view_parse ] --START--
INFO: [ template_filter ] --START--
INFO: Run Behavior\ContentReplaceBehavior [ RunTime:0.001000s ]
INFO: [ template_filter ] --END-- [ RunTime:0.001000s ]
INFO: Run Behavior\ParseTemplateBehavior [ RunTime:0.078005s ]
INFO: [ view_parse ] --END-- [ RunTime:0.079005s ]
INFO: [ view_filter ] --START--
INFO: Run Behavior\WriteHtmlCacheBehavior [ RunTime:0.000000s ]
INFO: [ view_filter ] --END-- [ RunTime:0.000000s ]
INFO: [ app_end ] --START--
INFO: Run Behavior\ShowPageTraceBehavior [ RunTime:0.001000s ]
INFO: [ app_end ] --END-- [ RunTime:0.001000s ]

[ 2017-06-08T15:09:30+08:00 ] ::1 /new_lgx/Member/set_menu.html
INFO: [ app_init ] --START--
INFO: Run Behavior\BuildLiteBehavior [ RunTime:0.000000s ]
INFO: [ app_init ] --END-- [ RunTime:0.001001s ]
INFO: [ app_begin ] --START--
INFO: Run Behavior\ReadHtmlCacheBehavior [ RunTime:0.001000s ]
INFO: [ app_begin ] --END-- [ RunTime:0.001000s ]
NOTIC: [2048] Declaration of Home\Controller\MemberController::show() should be compatible with Think\Controller::show($content, $charset = '', $contentType = '', $prefix = '') D:\xampp\htdocs\new_lgx\Application\Home\Controller\MemberController.class.php 第 2776 行.
SQL: SHOW COLUMNS FROM `wx_member` [ RunTime:0.0040s ]
SQL: SELECT * FROM `wx_member` WHERE `id` = 2 LIMIT 1   [ RunTime:0.0010s ]
SQL: SHOW COLUMNS FROM `wx_weixinmenu` [ RunTime:0.0540s ]
SQL: SELECT * FROM `wx_weixinmenu` WHERE `userid` = 2 AND `pid` = 0 AND `type` = 0 ORDER BY orderid asc  [ RunTime:0.0010s ]
SQL: SELECT * FROM `wx_weixinmenu` WHERE `id` = 0 LIMIT 1   [ RunTime:0.0000s ]
SQL: SELECT * FROM `wx_weixinmenu` WHERE `pid` = 0  [ RunTime:0.0010s ]
INFO: [ view_parse ] --START--
INFO: [ template_filter ] --START--
INFO: Run Behavior\ContentReplaceBehavior [ RunTime:0.000000s ]
INFO: [ template_filter ] --END-- [ RunTime:0.000000s ]
NOTIC: [8] Use of undefined constant add_menu - assumed 'add_menu' D:\xampp\htdocs\new_lgx\Application\Runtime\Cache\Home\5f578b6263cb036bff2ca56fd4e0db0a.php 第 280 行.
NOTIC: [8] Use of undefined constant change_menu - assumed 'change_menu' D:\xampp\htdocs\new_lgx\Application\Runtime\Cache\Home\5f578b6263cb036bff2ca56fd4e0db0a.php 第 307 行.
SQL: SELECT COUNT(*) AS tp_count FROM `wx_weixinmenu` WHERE `userid` = 2 AND `pid` = 0 LIMIT 1   [ RunTime:0.0000s ]
SQL: SELECT * FROM `wx_weixinmenu` WHERE `pid` = 42 AND `type` = 0 ORDER BY orderid asc  [ RunTime:0.0000s ]
SQL: SELECT * FROM `wx_weixinmenu` WHERE `pid` = 43 AND `type` = 0 ORDER BY orderid asc  [ RunTime:0.0000s ]
SQL: SELECT * FROM `wx_weixinmenu` WHERE `pid` = 41 AND `type` = 0 ORDER BY orderid asc  [ RunTime:0.0010s ]
NOTIC: [8] Undefined index: id D:\xampp\htdocs\new_lgx\Application\Runtime\Cache\Home\5f578b6263cb036bff2ca56fd4e0db0a.php 第 509 行.
NOTIC: [8] Use of undefined constant set_menu_save - assumed 'set_menu_save' D:\xampp\htdocs\new_lgx\Application\Runtime\Cache\Home\5f578b6263cb036bff2ca56fd4e0db0a.php 第 687 行.
NOTIC: [8] Use of undefined constant style - assumed 'style' D:\xampp\htdocs\new_lgx\Application\Runtime\Cache\Home\5f578b6263cb036bff2ca56fd4e0db0a.php 第 687 行.
NOTIC: [8] Use of undefined constant style - assumed 'style' D:\xampp\htdocs\new_lgx\Application\Runtime\Cache\Home\5f578b6263cb036bff2ca56fd4e0db0a.php 第 687 行.
NOTIC: [8] Use of undefined constant set_menu_save - assumed 'set_menu_save' D:\xampp\htdocs\new_lgx\Application\Runtime\Cache\Home\5f578b6263cb036bff2ca56fd4e0db0a.php 第 706 行.
NOTIC: [8] Use of undefined constant set_menu_save - assumed 'set_menu_save' D:\xampp\htdocs\new_lgx\Application\Runtime\Cache\Home\5f578b6263cb036bff2ca56fd4e0db0a.php 第 714 行.
INFO: Run Behavior\ParseTemplateBehavior [ RunTime:0.034001s ]
INFO: [ view_parse ] --END-- [ RunTime:0.034001s ]
INFO: [ view_filter ] --START--
INFO: Run Behavior\WriteHtmlCacheBehavior [ RunTime:0.001001s ]
INFO: [ view_filter ] --END-- [ RunTime:0.001001s ]
INFO: [ app_end ] --START--
INFO: Run Behavior\ShowPageTraceBehavior [ RunTime:0.001000s ]
INFO: [ app_end ] --END-- [ RunTime:0.001000s ]

[ 2017-06-08T15:09:30+08:00 ] ::1 /new_lgx/
INFO: [ app_init ] --START--
INFO: Run Behavior\BuildLiteBehavior [ RunTime:0.000000s ]
INFO: [ app_init ] --END-- [ RunTime:0.000000s ]
INFO: [ app_begin ] --START--
INFO: Run Behavior\ReadHtmlCacheBehavior [ RunTime:0.000000s ]
INFO: [ app_begin ] --END-- [ RunTime:0.000000s ]
INFO: [ view_parse ] --START--
INFO: [ template_filter ] --START--
INFO: Run Behavior\ContentReplaceBehavior [ RunTime:0.000000s ]
INFO: [ template_filter ] --END-- [ RunTime:0.000000s ]
INFO: Run Behavior\ParseTemplateBehavior [ RunTime:0.008001s ]
INFO: [ view_parse ] --END-- [ RunTime:0.008001s ]
INFO: [ view_filter ] --START--
INFO: Run Behavior\WriteHtmlCacheBehavior [ RunTime:0.001000s ]
INFO: [ view_filter ] --END-- [ RunTime:0.001000s ]
INFO: [ app_end ] --START--
INFO: Run Behavior\ShowPageTraceBehavior [ RunTime:0.000000s ]
INFO: [ app_end ] --END-- [ RunTime:0.000000s ]

[ 2017-06-08T15:09:30+08:00 ] ::1 /new_lgx/
INFO: [ app_init ] --START--
INFO: Run Behavior\BuildLiteBehavior [ RunTime:0.000000s ]
INFO: [ app_init ] --END-- [ RunTime:0.001000s ]
INFO: [ app_begin ] --START--
INFO: Run Behavior\ReadHtmlCacheBehavior [ RunTime:0.001000s ]
INFO: [ app_begin ] --END-- [ RunTime:0.001000s ]
INFO: [ view_parse ] --START--
INFO: [ template_filter ] --START--
INFO: Run Behavior\ContentReplaceBehavior [ RunTime:0.000000s ]
INFO: [ template_filter ] --END-- [ RunTime:0.000000s ]
INFO: Run Behavior\ParseTemplateBehavior [ RunTime:0.007001s ]
INFO: [ view_parse ] --END-- [ RunTime:0.007001s ]
INFO: [ view_filter ] --START--
INFO: Run Behavior\WriteHtmlCacheBehavior [ RunTime:0.000000s ]
INFO: [ view_filter ] --END-- [ RunTime:0.000000s ]
INFO: [ app_end ] --START--
INFO: Run Behavior\ShowPageTraceBehavior [ RunTime:0.001000s ]
INFO: [ app_end ] --END-- [ RunTime:0.001000s ]

[ 2017-06-08T15:10:31+08:00 ] ::1 /new_lgx/
INFO: [ app_init ] --START--
INFO: Run Behavior\BuildLiteBehavior [ RunTime:0.000000s ]
INFO: [ app_init ] --END-- [ RunTime:0.000000s ]
INFO: [ app_begin ] --START--
INFO: Run Behavior\ReadHtmlCacheBehavior [ RunTime:0.001000s ]
INFO: [ app_begin ] --END-- [ RunTime:0.001000s ]
INFO: [ view_parse ] --START--
INFO: [ template_filter ] --START--
INFO: Run Behavior\ContentReplaceBehavior [ RunTime:0.000000s ]
INFO: [ template_filter ] --END-- [ RunTime:0.000000s ]
INFO: Run Behavior\ParseTemplateBehavior [ RunTime:0.009000s ]
INFO: [ view_parse ] --END-- [ RunTime:0.009000s ]
INFO: [ view_filter ] --START--
INFO: Run Behavior\WriteHtmlCacheBehavior [ RunTime:0.001000s ]
INFO: [ view_filter ] --END-- [ RunTime:0.001000s ]
INFO: [ app_end ] --START--
INFO: Run Behavior\ShowPageTraceBehavior [ RunTime:0.001001s ]
INFO: [ app_end ] --END-- [ RunTime:0.001001s ]

[ 2017-06-08T15:10:36+08:00 ] ::1 /new_lgx/new_index
INFO: [ app_init ] --START--
INFO: Run Behavior\BuildLiteBehavior [ RunTime:0.000000s ]
INFO: [ app_init ] --END-- [ RunTime:0.001000s ]
INFO: [ app_begin ] --START--
INFO: Run Behavior\ReadHtmlCacheBehavior [ RunTime:0.002001s ]
INFO: [ app_begin ] --END-- [ RunTime:0.002001s ]
ERR: 无法加载控制器:New_index

[ 2017-06-08T15:10:45+08:00 ] ::1 /new_lgx/Public/weixin/new_index/js/maps/swiper.min.js.map
INFO: [ app_init ] --START--
INFO: Run Behavior\BuildLiteBehavior [ RunTime:0.000000s ]
INFO: [ app_init ] --END-- [ RunTime:0.000000s ]
INFO: [ app_begin ] --START--
INFO: Run Behavior\ReadHtmlCacheBehavior [ RunTime:0.000000s ]
INFO: [ app_begin ] --END-- [ RunTime:0.001000s ]
ERR: 无法加载控制器:Public

