[ 2017-08-11T08:29:17+08:00 ] ::1 /new_lgx/
INFO: [ app_init ] --START--
INFO: Run Behavior\BuildLiteBehavior [ RunTime:0.000000s ]
INFO: [ app_init ] --END-- [ RunTime:0.078004s ]
INFO: [ app_begin ] --START--
INFO: Run Behavior\ReadHtmlCacheBehavior [ RunTime:0.021002s ]
INFO: [ app_begin ] --END-- [ RunTime:0.021002s ]
INFO: [ view_parse ] --START--
INFO: [ template_filter ] --START--
INFO: Run Behavior\ContentReplaceBehavior [ RunTime:0.066003s ]
INFO: [ template_filter ] --END-- [ RunTime:0.066003s ]
INFO: Run Behavior\ParseTemplateBehavior [ RunTime:0.286017s ]
INFO: [ view_parse ] --END-- [ RunTime:0.286017s ]
INFO: [ view_filter ] --START--
INFO: Run Behavior\WriteHtmlCacheBehavior [ RunTime:0.017001s ]
INFO: [ view_filter ] --END-- [ RunTime:0.017001s ]
INFO: [ app_end ] --START--
INFO: Run Behavior\ShowPageTraceBehavior [ RunTime:0.013000s ]
INFO: [ app_end ] --END-- [ RunTime:0.013000s ]

[ 2017-08-11T08:29:24+08:00 ] ::1 /new_lgx/Index/check_login.html
INFO: [ app_init ] --START--
INFO: Run Behavior\BuildLiteBehavior [ RunTime:0.000000s ]
INFO: [ app_init ] --END-- [ RunTime:0.000000s ]
INFO: [ app_begin ] --START--
INFO: Run Behavior\ReadHtmlCacheBehavior [ RunTime:0.000000s ]
INFO: [ app_begin ] --END-- [ RunTime:0.000000s ]
SQL: SHOW COLUMNS FROM `wx_member` [ RunTime:0.2130s ]
SQL: SELECT * FROM `wx_member` WHERE `username` = 'admin' AND `password` = '123456' LIMIT 1   [ RunTime:0.0010s ]

[ 2017-08-11T08:29:24+08:00 ] ::1 /new_lgx/index/login.html
INFO: [ app_init ] --START--
INFO: Run Behavior\BuildLiteBehavior [ RunTime:0.000000s ]
INFO: [ app_init ] --END-- [ RunTime:0.000000s ]
INFO: [ app_begin ] --START--
INFO: Run Behavior\ReadHtmlCacheBehavior [ RunTime:0.001001s ]
INFO: [ app_begin ] --END-- [ RunTime:0.001001s ]
SQL: SHOW COLUMNS FROM `wx_member` [ RunTime:0.0030s ]
SQL: SELECT * FROM `wx_member` WHERE `username` = 'admin' AND `password` = '123456' LIMIT 1   [ RunTime:0.0000s ]

[ 2017-08-11T08:29:24+08:00 ] ::1 /new_lgx/Index/index.html
INFO: [ app_init ] --START--
INFO: Run Behavior\BuildLiteBehavior [ RunTime:0.000000s ]
INFO: [ app_init ] --END-- [ RunTime:0.001000s ]
INFO: [ app_begin ] --START--
INFO: Run Behavior\ReadHtmlCacheBehavior [ RunTime:0.001000s ]
INFO: [ app_begin ] --END-- [ RunTime:0.001000s ]
INFO: [ view_parse ] --START--
INFO: [ template_filter ] --START--
INFO: Run Behavior\ContentReplaceBehavior [ RunTime:0.000000s ]
INFO: [ template_filter ] --END-- [ RunTime:0.000000s ]
INFO: Run Behavior\ParseTemplateBehavior [ RunTime:0.007001s ]
INFO: [ view_parse ] --END-- [ RunTime:0.007001s ]
INFO: [ view_filter ] --START--
INFO: Run Behavior\WriteHtmlCacheBehavior [ RunTime:0.001000s ]
INFO: [ view_filter ] --END-- [ RunTime:0.001000s ]
INFO: [ app_end ] --START--
INFO: Run Behavior\ShowPageTraceBehavior [ RunTime:0.001000s ]
INFO: [ app_end ] --END-- [ RunTime:0.001000s ]

[ 2017-08-11T08:29:26+08:00 ] ::1 /new_lgx/member/index.html
INFO: [ app_init ] --START--
INFO: Run Behavior\BuildLiteBehavior [ RunTime:0.000000s ]
INFO: [ app_init ] --END-- [ RunTime:0.000000s ]
INFO: [ app_begin ] --START--
INFO: Run Behavior\ReadHtmlCacheBehavior [ RunTime:0.000000s ]
INFO: [ app_begin ] --END-- [ RunTime:0.000000s ]
NOTIC: [2048] Declaration of Home\Controller\MemberController::show() should be compatible with Think\Controller::show($content, $charset = '', $contentType = '', $prefix = '') D:\xampp\htdocs\new_lgx\Application\Home\Controller\MemberController.class.php 第 3477 行.
INFO: [ view_parse ] --START--
INFO: [ template_filter ] --START--
INFO: Run Behavior\ContentReplaceBehavior [ RunTime:0.000000s ]
INFO: [ template_filter ] --END-- [ RunTime:0.000000s ]
NOTIC: [8] Undefined variable: member D:\xampp\htdocs\new_lgx\Application\Runtime\Cache\Home\fdc24d97de08be5342dd939702a23904.php 第 283 行.
INFO: Run Behavior\ParseTemplateBehavior [ RunTime:0.136008s ]
INFO: [ view_parse ] --END-- [ RunTime:0.136008s ]
INFO: [ view_filter ] --START--
INFO: Run Behavior\WriteHtmlCacheBehavior [ RunTime:0.000000s ]
INFO: [ view_filter ] --END-- [ RunTime:0.000000s ]
INFO: [ app_end ] --START--
INFO: Run Behavior\ShowPageTraceBehavior [ RunTime:0.000000s ]
INFO: [ app_end ] --END-- [ RunTime:0.000000s ]

[ 2017-08-11T08:29:30+08:00 ] ::1 /new_lgx/Member/set_menu.html
INFO: [ app_init ] --START--
INFO: Run Behavior\BuildLiteBehavior [ RunTime:0.001000s ]
INFO: [ app_init ] --END-- [ RunTime:0.001000s ]
INFO: [ app_begin ] --START--
INFO: Run Behavior\ReadHtmlCacheBehavior [ RunTime:0.001000s ]
INFO: [ app_begin ] --END-- [ RunTime:0.001000s ]
NOTIC: [2048] Declaration of Home\Controller\MemberController::show() should be compatible with Think\Controller::show($content, $charset = '', $contentType = '', $prefix = '') D:\xampp\htdocs\new_lgx\Application\Home\Controller\MemberController.class.php 第 3477 行.
SQL: SHOW COLUMNS FROM `wx_weixinmenu` [ RunTime:0.0280s ]
SQL: SELECT * FROM `wx_weixinmenu` WHERE `userid` = 2 AND `pid` = 0 ORDER BY orderid asc  [ RunTime:0.0000s ]
SQL: SELECT * FROM `wx_weixinmenu` WHERE `id` = 0 LIMIT 1   [ RunTime:0.0000s ]
SQL: SELECT * FROM `wx_weixinmenu` WHERE `pid` = 0  [ RunTime:0.0010s ]
INFO: [ view_parse ] --START--
INFO: [ template_filter ] --START--
INFO: Run Behavior\ContentReplaceBehavior [ RunTime:0.000000s ]
INFO: [ template_filter ] --END-- [ RunTime:0.000000s ]
NOTIC: [8] Use of undefined constant add_menu - assumed 'add_menu' D:\xampp\htdocs\new_lgx\Application\Runtime\Cache\Home\5f578b6263cb036bff2ca56fd4e0db0a.php 第 307 行.
NOTIC: [8] Use of undefined constant change_menu - assumed 'change_menu' D:\xampp\htdocs\new_lgx\Application\Runtime\Cache\Home\5f578b6263cb036bff2ca56fd4e0db0a.php 第 334 行.
SQL: SELECT COUNT(*) AS tp_count FROM `wx_weixinmenu` WHERE `userid` = 2 AND `pid` = 0 LIMIT 1   [ RunTime:0.0000s ]
SQL: SELECT * FROM `wx_weixinmenu` WHERE `pid` = 42 ORDER BY orderid asc  [ RunTime:0.0000s ]
SQL: SELECT * FROM `wx_weixinmenu` WHERE `pid` = 43 ORDER BY orderid asc  [ RunTime:0.0000s ]
SQL: SELECT * FROM `wx_weixinmenu` WHERE `pid` = 41 ORDER BY orderid asc  [ RunTime:0.0010s ]
NOTIC: [8] Undefined index: id D:\xampp\htdocs\new_lgx\Application\Runtime\Cache\Home\5f578b6263cb036bff2ca56fd4e0db0a.php 第 554 行.
NOTIC: [8] Use of undefined constant set_menu_save - assumed 'set_menu_save' D:\xampp\htdocs\new_lgx\Application\Runtime\Cache\Home\5f578b6263cb036bff2ca56fd4e0db0a.php 第 732 行.
NOTIC: [8] Use of undefined constant style - assumed 'style' D:\xampp\htdocs\new_lgx\Application\Runtime\Cache\Home\5f578b6263cb036bff2ca56fd4e0db0a.php 第 732 行.
NOTIC: [8] Use of undefined constant style - assumed 'style' D:\xampp\htdocs\new_lgx\Application\Runtime\Cache\Home\5f578b6263cb036bff2ca56fd4e0db0a.php 第 732 行.
NOTIC: [8] Use of undefined constant set_menu_save - assumed 'set_menu_save' D:\xampp\htdocs\new_lgx\Application\Runtime\Cache\Home\5f578b6263cb036bff2ca56fd4e0db0a.php 第 751 行.
NOTIC: [8] Use of undefined constant set_menu_save - assumed 'set_menu_save' D:\xampp\htdocs\new_lgx\Application\Runtime\Cache\Home\5f578b6263cb036bff2ca56fd4e0db0a.php 第 759 行.
INFO: Run Behavior\ParseTemplateBehavior [ RunTime:0.066003s ]
INFO: [ view_parse ] --END-- [ RunTime:0.066003s ]
INFO: [ view_filter ] --START--
INFO: Run Behavior\WriteHtmlCacheBehavior [ RunTime:0.000000s ]
INFO: [ view_filter ] --END-- [ RunTime:0.000000s ]
INFO: [ app_end ] --START--
INFO: Run Behavior\ShowPageTraceBehavior [ RunTime:0.001000s ]
INFO: [ app_end ] --END-- [ RunTime:0.001000s ]

[ 2017-08-11T08:29:30+08:00 ] ::1 /new_lgx/
INFO: [ app_init ] --START--
INFO: Run Behavior\BuildLiteBehavior [ RunTime:0.000000s ]
INFO: [ app_init ] --END-- [ RunTime:0.000000s ]
INFO: [ app_begin ] --START--
INFO: Run Behavior\ReadHtmlCacheBehavior [ RunTime:0.000000s ]
INFO: [ app_begin ] --END-- [ RunTime:0.000000s ]
INFO: [ view_parse ] --START--
INFO: [ template_filter ] --START--
INFO: Run Behavior\ContentReplaceBehavior [ RunTime:0.001000s ]
INFO: [ template_filter ] --END-- [ RunTime:0.001000s ]
INFO: Run Behavior\ParseTemplateBehavior [ RunTime:0.008001s ]
INFO: [ view_parse ] --END-- [ RunTime:0.008001s ]
INFO: [ view_filter ] --START--
INFO: Run Behavior\WriteHtmlCacheBehavior [ RunTime:0.001000s ]
INFO: [ view_filter ] --END-- [ RunTime:0.001000s ]
INFO: [ app_end ] --START--
INFO: Run Behavior\ShowPageTraceBehavior [ RunTime:0.001000s ]
INFO: [ app_end ] --END-- [ RunTime:0.001000s ]

[ 2017-08-11T08:29:33+08:00 ] ::1 /new_lgx/Member/set_menu/id/49.html
INFO: [ app_init ] --START--
INFO: Run Behavior\BuildLiteBehavior [ RunTime:0.000000s ]
INFO: [ app_init ] --END-- [ RunTime:0.001000s ]
INFO: [ app_begin ] --START--
INFO: Run Behavior\ReadHtmlCacheBehavior [ RunTime:0.001000s ]
INFO: [ app_begin ] --END-- [ RunTime:0.001000s ]
NOTIC: [2048] Declaration of Home\Controller\MemberController::show() should be compatible with Think\Controller::show($content, $charset = '', $contentType = '', $prefix = '') D:\xampp\htdocs\new_lgx\Application\Home\Controller\MemberController.class.php 第 3477 行.
SQL: SHOW COLUMNS FROM `wx_weixinmenu` [ RunTime:0.0030s ]
SQL: SELECT * FROM `wx_weixinmenu` WHERE `userid` = 2 AND `pid` = 0 ORDER BY orderid asc  [ RunTime:0.0000s ]
SQL: SELECT * FROM `wx_weixinmenu` WHERE `id` = 49 LIMIT 1   [ RunTime:0.0010s ]
SQL: SELECT * FROM `wx_weixinmenu` WHERE `pid` = 49  [ RunTime:0.0000s ]
INFO: [ view_parse ] --START--
INFO: [ template_filter ] --START--
INFO: Run Behavior\ContentReplaceBehavior [ RunTime:0.000000s ]
INFO: [ template_filter ] --END-- [ RunTime:0.000000s ]
NOTIC: [8] Use of undefined constant add_menu - assumed 'add_menu' D:\xampp\htdocs\new_lgx\Application\Runtime\Cache\Home\5f578b6263cb036bff2ca56fd4e0db0a.php 第 307 行.
NOTIC: [8] Use of undefined constant change_menu - assumed 'change_menu' D:\xampp\htdocs\new_lgx\Application\Runtime\Cache\Home\5f578b6263cb036bff2ca56fd4e0db0a.php 第 334 行.
SQL: SELECT COUNT(*) AS tp_count FROM `wx_weixinmenu` WHERE `userid` = 2 AND `pid` = 0 LIMIT 1   [ RunTime:0.0010s ]
SQL: SELECT * FROM `wx_weixinmenu` WHERE `pid` = 42 ORDER BY orderid asc  [ RunTime:0.0000s ]
SQL: SELECT * FROM `wx_weixinmenu` WHERE `pid` = 43 ORDER BY orderid asc  [ RunTime:0.0000s ]
SQL: SELECT * FROM `wx_weixinmenu` WHERE `pid` = 41 ORDER BY orderid asc  [ RunTime:0.0010s ]
NOTIC: [8] Use of undefined constant set_menu_save - assumed 'set_menu_save' D:\xampp\htdocs\new_lgx\Application\Runtime\Cache\Home\5f578b6263cb036bff2ca56fd4e0db0a.php 第 732 行.
NOTIC: [8] Use of undefined constant style - assumed 'style' D:\xampp\htdocs\new_lgx\Application\Runtime\Cache\Home\5f578b6263cb036bff2ca56fd4e0db0a.php 第 732 行.
NOTIC: [8] Use of undefined constant style - assumed 'style' D:\xampp\htdocs\new_lgx\Application\Runtime\Cache\Home\5f578b6263cb036bff2ca56fd4e0db0a.php 第 732 行.
NOTIC: [8] Use of undefined constant set_menu_save - assumed 'set_menu_save' D:\xampp\htdocs\new_lgx\Application\Runtime\Cache\Home\5f578b6263cb036bff2ca56fd4e0db0a.php 第 751 行.
NOTIC: [8] Use of undefined constant set_menu_save - assumed 'set_menu_save' D:\xampp\htdocs\new_lgx\Application\Runtime\Cache\Home\5f578b6263cb036bff2ca56fd4e0db0a.php 第 759 行.
INFO: Run Behavior\ParseTemplateBehavior [ RunTime:0.029002s ]
INFO: [ view_parse ] --END-- [ RunTime:0.029002s ]
INFO: [ view_filter ] --START--
INFO: Run Behavior\WriteHtmlCacheBehavior [ RunTime:0.002000s ]
INFO: [ view_filter ] --END-- [ RunTime:0.002000s ]
INFO: [ app_end ] --START--
INFO: Run Behavior\ShowPageTraceBehavior [ RunTime:0.003000s ]
INFO: [ app_end ] --END-- [ RunTime:0.003000s ]

[ 2017-08-11T08:29:33+08:00 ] ::1 /new_lgx/
INFO: [ app_init ] --START--
INFO: Run Behavior\BuildLiteBehavior [ RunTime:0.000000s ]
INFO: [ app_init ] --END-- [ RunTime:0.001000s ]
INFO: [ app_begin ] --START--
INFO: Run Behavior\ReadHtmlCacheBehavior [ RunTime:0.001000s ]
INFO: [ app_begin ] --END-- [ RunTime:0.001000s ]
INFO: [ view_parse ] --START--
INFO: [ template_filter ] --START--
INFO: Run Behavior\ContentReplaceBehavior [ RunTime:0.001000s ]
INFO: [ template_filter ] --END-- [ RunTime:0.001000s ]
INFO: Run Behavior\ParseTemplateBehavior [ RunTime:0.009000s ]
INFO: [ view_parse ] --END-- [ RunTime:0.009000s ]
INFO: [ view_filter ] --START--
INFO: Run Behavior\WriteHtmlCacheBehavior [ RunTime:0.001001s ]
INFO: [ view_filter ] --END-- [ RunTime:0.001001s ]
INFO: [ app_end ] --START--
INFO: Run Behavior\ShowPageTraceBehavior [ RunTime:0.001000s ]
INFO: [ app_end ] --END-- [ RunTime:0.001000s ]

[ 2017-08-11T08:29:34+08:00 ] ::1 /new_lgx/Member/set_menu/id/51.html
INFO: [ app_init ] --START--
INFO: Run Behavior\BuildLiteBehavior [ RunTime:0.000000s ]
INFO: [ app_init ] --END-- [ RunTime:0.001000s ]
INFO: [ app_begin ] --START--
INFO: Run Behavior\ReadHtmlCacheBehavior [ RunTime:0.001000s ]
INFO: [ app_begin ] --END-- [ RunTime:0.001000s ]
NOTIC: [2048] Declaration of Home\Controller\MemberController::show() should be compatible with Think\Controller::show($content, $charset = '', $contentType = '', $prefix = '') D:\xampp\htdocs\new_lgx\Application\Home\Controller\MemberController.class.php 第 3477 行.
SQL: SHOW COLUMNS FROM `wx_weixinmenu` [ RunTime:0.0030s ]
SQL: SELECT * FROM `wx_weixinmenu` WHERE `userid` = 2 AND `pid` = 0 ORDER BY orderid asc  [ RunTime:0.0000s ]
SQL: SELECT * FROM `wx_weixinmenu` WHERE `id` = 51 LIMIT 1   [ RunTime:0.0000s ]
SQL: SELECT * FROM `wx_weixinmenu` WHERE `pid` = 51  [ RunTime:0.0000s ]
INFO: [ view_parse ] --START--
INFO: [ template_filter ] --START--
INFO: Run Behavior\ContentReplaceBehavior [ RunTime:0.000000s ]
INFO: [ template_filter ] --END-- [ RunTime:0.000000s ]
NOTIC: [8] Use of undefined constant add_menu - assumed 'add_menu' D:\xampp\htdocs\new_lgx\Application\Runtime\Cache\Home\5f578b6263cb036bff2ca56fd4e0db0a.php 第 307 行.
NOTIC: [8] Use of undefined constant change_menu - assumed 'change_menu' D:\xampp\htdocs\new_lgx\Application\Runtime\Cache\Home\5f578b6263cb036bff2ca56fd4e0db0a.php 第 334 行.
SQL: SELECT COUNT(*) AS tp_count FROM `wx_weixinmenu` WHERE `userid` = 2 AND `pid` = 0 LIMIT 1   [ RunTime:0.0010s ]
SQL: SELECT * FROM `wx_weixinmenu` WHERE `pid` = 42 ORDER BY orderid asc  [ RunTime:0.0010s ]
SQL: SELECT * FROM `wx_weixinmenu` WHERE `pid` = 43 ORDER BY orderid asc  [ RunTime:0.0010s ]
SQL: SELECT * FROM `wx_weixinmenu` WHERE `pid` = 41 ORDER BY orderid asc  [ RunTime:0.0000s ]
NOTIC: [8] Use of undefined constant set_menu_save - assumed 'set_menu_save' D:\xampp\htdocs\new_lgx\Application\Runtime\Cache\Home\5f578b6263cb036bff2ca56fd4e0db0a.php 第 732 行.
NOTIC: [8] Use of undefined constant style - assumed 'style' D:\xampp\htdocs\new_lgx\Application\Runtime\Cache\Home\5f578b6263cb036bff2ca56fd4e0db0a.php 第 732 行.
NOTIC: [8] Use of undefined constant style - assumed 'style' D:\xampp\htdocs\new_lgx\Application\Runtime\Cache\Home\5f578b6263cb036bff2ca56fd4e0db0a.php 第 732 行.
NOTIC: [8] Use of undefined constant set_menu_save - assumed 'set_menu_save' D:\xampp\htdocs\new_lgx\Application\Runtime\Cache\Home\5f578b6263cb036bff2ca56fd4e0db0a.php 第 751 行.
NOTIC: [8] Use of undefined constant set_menu_save - assumed 'set_menu_save' D:\xampp\htdocs\new_lgx\Application\Runtime\Cache\Home\5f578b6263cb036bff2ca56fd4e0db0a.php 第 759 行.
INFO: Run Behavior\ParseTemplateBehavior [ RunTime:0.033002s ]
INFO: [ view_parse ] --END-- [ RunTime:0.033002s ]
INFO: [ view_filter ] --START--
INFO: Run Behavior\WriteHtmlCacheBehavior [ RunTime:0.000000s ]
INFO: [ view_filter ] --END-- [ RunTime:0.000000s ]
INFO: [ app_end ] --START--
INFO: Run Behavior\ShowPageTraceBehavior [ RunTime:0.001000s ]
INFO: [ app_end ] --END-- [ RunTime:0.001000s ]

[ 2017-08-11T08:29:34+08:00 ] ::1 /new_lgx/
INFO: [ app_init ] --START--
INFO: Run Behavior\BuildLiteBehavior [ RunTime:0.000000s ]
INFO: [ app_init ] --END-- [ RunTime:0.001000s ]
INFO: [ app_begin ] --START--
INFO: Run Behavior\ReadHtmlCacheBehavior [ RunTime:0.000000s ]
INFO: [ app_begin ] --END-- [ RunTime:0.000000s ]
INFO: [ view_parse ] --START--
INFO: [ template_filter ] --START--
INFO: Run Behavior\ContentReplaceBehavior [ RunTime:0.000000s ]
INFO: [ template_filter ] --END-- [ RunTime:0.001000s ]
INFO: Run Behavior\ParseTemplateBehavior [ RunTime:0.008000s ]
INFO: [ view_parse ] --END-- [ RunTime:0.008000s ]
INFO: [ view_filter ] --START--
INFO: Run Behavior\WriteHtmlCacheBehavior [ RunTime:0.000000s ]
INFO: [ view_filter ] --END-- [ RunTime:0.001001s ]
INFO: [ app_end ] --START--
INFO: Run Behavior\ShowPageTraceBehavior [ RunTime:0.000000s ]
INFO: [ app_end ] --END-- [ RunTime:0.001000s ]

[ 2017-08-11T08:29:36+08:00 ] ::1 /new_lgx/Member/set_menu/id/50.html
INFO: [ app_init ] --START--
INFO: Run Behavior\BuildLiteBehavior [ RunTime:0.000000s ]
INFO: [ app_init ] --END-- [ RunTime:0.000000s ]
INFO: [ app_begin ] --START--
INFO: Run Behavior\ReadHtmlCacheBehavior [ RunTime:0.000000s ]
INFO: [ app_begin ] --END-- [ RunTime:0.000000s ]
NOTIC: [2048] Declaration of Home\Controller\MemberController::show() should be compatible with Think\Controller::show($content, $charset = '', $contentType = '', $prefix = '') D:\xampp\htdocs\new_lgx\Application\Home\Controller\MemberController.class.php 第 3477 行.
SQL: SHOW COLUMNS FROM `wx_weixinmenu` [ RunTime:0.0040s ]
SQL: SELECT * FROM `wx_weixinmenu` WHERE `userid` = 2 AND `pid` = 0 ORDER BY orderid asc  [ RunTime:0.0000s ]
SQL: SELECT * FROM `wx_weixinmenu` WHERE `id` = 50 LIMIT 1   [ RunTime:0.0010s ]
SQL: SELECT * FROM `wx_weixinmenu` WHERE `pid` = 50  [ RunTime:0.0000s ]
INFO: [ view_parse ] --START--
INFO: [ template_filter ] --START--
INFO: Run Behavior\ContentReplaceBehavior [ RunTime:0.000000s ]
INFO: [ template_filter ] --END-- [ RunTime:0.000000s ]
NOTIC: [8] Use of undefined constant add_menu - assumed 'add_menu' D:\xampp\htdocs\new_lgx\Application\Runtime\Cache\Home\5f578b6263cb036bff2ca56fd4e0db0a.php 第 307 行.
NOTIC: [8] Use of undefined constant change_menu - assumed 'change_menu' D:\xampp\htdocs\new_lgx\Application\Runtime\Cache\Home\5f578b6263cb036bff2ca56fd4e0db0a.php 第 334 行.
SQL: SELECT COUNT(*) AS tp_count FROM `wx_weixinmenu` WHERE `userid` = 2 AND `pid` = 0 LIMIT 1   [ RunTime:0.0010s ]
SQL: SELECT * FROM `wx_weixinmenu` WHERE `pid` = 42 ORDER BY orderid asc  [ RunTime:0.0010s ]
SQL: SELECT * FROM `wx_weixinmenu` WHERE `pid` = 43 ORDER BY orderid asc  [ RunTime:0.0000s ]
SQL: SELECT * FROM `wx_weixinmenu` WHERE `pid` = 41 ORDER BY orderid asc  [ RunTime:0.0000s ]
NOTIC: [8] Use of undefined constant set_menu_save - assumed 'set_menu_save' D:\xampp\htdocs\new_lgx\Application\Runtime\Cache\Home\5f578b6263cb036bff2ca56fd4e0db0a.php 第 732 行.
NOTIC: [8] Use of undefined constant style - assumed 'style' D:\xampp\htdocs\new_lgx\Application\Runtime\Cache\Home\5f578b6263cb036bff2ca56fd4e0db0a.php 第 732 行.
NOTIC: [8] Use of undefined constant style - assumed 'style' D:\xampp\htdocs\new_lgx\Application\Runtime\Cache\Home\5f578b6263cb036bff2ca56fd4e0db0a.php 第 732 行.
NOTIC: [8] Use of undefined constant set_menu_save - assumed 'set_menu_save' D:\xampp\htdocs\new_lgx\Application\Runtime\Cache\Home\5f578b6263cb036bff2ca56fd4e0db0a.php 第 751 行.
NOTIC: [8] Use of undefined constant set_menu_save - assumed 'set_menu_save' D:\xampp\htdocs\new_lgx\Application\Runtime\Cache\Home\5f578b6263cb036bff2ca56fd4e0db0a.php 第 759 行.
INFO: Run Behavior\ParseTemplateBehavior [ RunTime:0.033002s ]
INFO: [ view_parse ] --END-- [ RunTime:0.033002s ]
INFO: [ view_filter ] --START--
INFO: Run Behavior\WriteHtmlCacheBehavior [ RunTime:0.001000s ]
INFO: [ view_filter ] --END-- [ RunTime:0.001000s ]
INFO: [ app_end ] --START--
INFO: Run Behavior\ShowPageTraceBehavior [ RunTime:0.003000s ]
INFO: [ app_end ] --END-- [ RunTime:0.003000s ]

[ 2017-08-11T08:29:36+08:00 ] ::1 /new_lgx/
INFO: [ app_init ] --START--
INFO: Run Behavior\BuildLiteBehavior [ RunTime:0.000000s ]
INFO: [ app_init ] --END-- [ RunTime:0.001000s ]
INFO: [ app_begin ] --START--
INFO: Run Behavior\ReadHtmlCacheBehavior [ RunTime:0.001000s ]
INFO: [ app_begin ] --END-- [ RunTime:0.001000s ]
INFO: [ view_parse ] --START--
INFO: [ template_filter ] --START--
INFO: Run Behavior\ContentReplaceBehavior [ RunTime:0.000000s ]
INFO: [ template_filter ] --END-- [ RunTime:0.000000s ]
INFO: Run Behavior\ParseTemplateBehavior [ RunTime:0.009001s ]
INFO: [ view_parse ] --END-- [ RunTime:0.009001s ]
INFO: [ view_filter ] --START--
INFO: Run Behavior\WriteHtmlCacheBehavior [ RunTime:0.000000s ]
INFO: [ view_filter ] --END-- [ RunTime:0.000000s ]
INFO: [ app_end ] --START--
INFO: Run Behavior\ShowPageTraceBehavior [ RunTime:0.001000s ]
INFO: [ app_end ] --END-- [ RunTime:0.001000s ]

[ 2017-08-11T08:29:37+08:00 ] ::1 /new_lgx/Member/set_menu/id/48.html
INFO: [ app_init ] --START--
INFO: Run Behavior\BuildLiteBehavior [ RunTime:0.000000s ]
INFO: [ app_init ] --END-- [ RunTime:0.001000s ]
INFO: [ app_begin ] --START--
INFO: Run Behavior\ReadHtmlCacheBehavior [ RunTime:0.000000s ]
INFO: [ app_begin ] --END-- [ RunTime:0.000000s ]
NOTIC: [2048] Declaration of Home\Controller\MemberController::show() should be compatible with Think\Controller::show($content, $charset = '', $contentType = '', $prefix = '') D:\xampp\htdocs\new_lgx\Application\Home\Controller\MemberController.class.php 第 3477 行.
SQL: SHOW COLUMNS FROM `wx_weixinmenu` [ RunTime:0.0030s ]
SQL: SELECT * FROM `wx_weixinmenu` WHERE `userid` = 2 AND `pid` = 0 ORDER BY orderid asc  [ RunTime:0.0010s ]
SQL: SELECT * FROM `wx_weixinmenu` WHERE `id` = 48 LIMIT 1   [ RunTime:0.0000s ]
SQL: SELECT * FROM `wx_weixinmenu` WHERE `pid` = 48  [ RunTime:0.0020s ]
INFO: [ view_parse ] --START--
INFO: [ template_filter ] --START--
INFO: Run Behavior\ContentReplaceBehavior [ RunTime:0.001000s ]
INFO: [ template_filter ] --END-- [ RunTime:0.001000s ]
NOTIC: [8] Use of undefined constant add_menu - assumed 'add_menu' D:\xampp\htdocs\new_lgx\Application\Runtime\Cache\Home\5f578b6263cb036bff2ca56fd4e0db0a.php 第 307 行.
NOTIC: [8] Use of undefined constant change_menu - assumed 'change_menu' D:\xampp\htdocs\new_lgx\Application\Runtime\Cache\Home\5f578b6263cb036bff2ca56fd4e0db0a.php 第 334 行.
SQL: SELECT COUNT(*) AS tp_count FROM `wx_weixinmenu` WHERE `userid` = 2 AND `pid` = 0 LIMIT 1   [ RunTime:0.0010s ]
SQL: SELECT * FROM `wx_weixinmenu` WHERE `pid` = 42 ORDER BY orderid asc  [ RunTime:0.0000s ]
SQL: SELECT * FROM `wx_weixinmenu` WHERE `pid` = 43 ORDER BY orderid asc  [ RunTime:0.0010s ]
SQL: SELECT * FROM `wx_weixinmenu` WHERE `pid` = 41 ORDER BY orderid asc  [ RunTime:0.0010s ]
NOTIC: [8] Use of undefined constant set_menu_save - assumed 'set_menu_save' D:\xampp\htdocs\new_lgx\Application\Runtime\Cache\Home\5f578b6263cb036bff2ca56fd4e0db0a.php 第 732 行.
NOTIC: [8] Use of undefined constant style - assumed 'style' D:\xampp\htdocs\new_lgx\Application\Runtime\Cache\Home\5f578b6263cb036bff2ca56fd4e0db0a.php 第 732 行.
NOTIC: [8] Use of undefined constant style - assumed 'style' D:\xampp\htdocs\new_lgx\Application\Runtime\Cache\Home\5f578b6263cb036bff2ca56fd4e0db0a.php 第 732 行.
NOTIC: [8] Use of undefined constant set_menu_save - assumed 'set_menu_save' D:\xampp\htdocs\new_lgx\Application\Runtime\Cache\Home\5f578b6263cb036bff2ca56fd4e0db0a.php 第 751 行.
NOTIC: [8] Use of undefined constant set_menu_save - assumed 'set_menu_save' D:\xampp\htdocs\new_lgx\Application\Runtime\Cache\Home\5f578b6263cb036bff2ca56fd4e0db0a.php 第 759 行.
INFO: Run Behavior\ParseTemplateBehavior [ RunTime:0.035002s ]
INFO: [ view_parse ] --END-- [ RunTime:0.035002s ]
INFO: [ view_filter ] --START--
INFO: Run Behavior\WriteHtmlCacheBehavior [ RunTime:0.004000s ]
INFO: [ view_filter ] --END-- [ RunTime:0.004000s ]
INFO: [ app_end ] --START--
INFO: Run Behavior\ShowPageTraceBehavior [ RunTime:0.003000s ]
INFO: [ app_end ] --END-- [ RunTime:0.003000s ]

[ 2017-08-11T08:29:37+08:00 ] ::1 /new_lgx/
INFO: [ app_init ] --START--
INFO: Run Behavior\BuildLiteBehavior [ RunTime:0.000000s ]
INFO: [ app_init ] --END-- [ RunTime:0.001000s ]
INFO: [ app_begin ] --START--
INFO: Run Behavior\ReadHtmlCacheBehavior [ RunTime:0.001001s ]
INFO: [ app_begin ] --END-- [ RunTime:0.001001s ]
INFO: [ view_parse ] --START--
INFO: [ template_filter ] --START--
INFO: Run Behavior\ContentReplaceBehavior [ RunTime:0.000000s ]
INFO: [ template_filter ] --END-- [ RunTime:0.000000s ]
INFO: Run Behavior\ParseTemplateBehavior [ RunTime:0.013000s ]
INFO: [ view_parse ] --END-- [ RunTime:0.013000s ]
INFO: [ view_filter ] --START--
INFO: Run Behavior\WriteHtmlCacheBehavior [ RunTime:0.000000s ]
INFO: [ view_filter ] --END-- [ RunTime:0.000000s ]
INFO: [ app_end ] --START--
INFO: Run Behavior\ShowPageTraceBehavior [ RunTime:0.002001s ]
INFO: [ app_end ] --END-- [ RunTime:0.002001s ]

[ 2017-08-11T08:29:38+08:00 ] ::1 /new_lgx/Member/set_menu/id/47.html
INFO: [ app_init ] --START--
INFO: Run Behavior\BuildLiteBehavior [ RunTime:0.000000s ]
INFO: [ app_init ] --END-- [ RunTime:0.000000s ]
INFO: [ app_begin ] --START--
INFO: Run Behavior\ReadHtmlCacheBehavior [ RunTime:0.001001s ]
INFO: [ app_begin ] --END-- [ RunTime:0.001001s ]
NOTIC: [2048] Declaration of Home\Controller\MemberController::show() should be compatible with Think\Controller::show($content, $charset = '', $contentType = '', $prefix = '') D:\xampp\htdocs\new_lgx\Application\Home\Controller\MemberController.class.php 第 3477 行.
SQL: SHOW COLUMNS FROM `wx_weixinmenu` [ RunTime:0.0040s ]
SQL: SELECT * FROM `wx_weixinmenu` WHERE `userid` = 2 AND `pid` = 0 ORDER BY orderid asc  [ RunTime:0.0010s ]
SQL: SELECT * FROM `wx_weixinmenu` WHERE `id` = 47 LIMIT 1   [ RunTime:0.0000s ]
SQL: SELECT * FROM `wx_weixinmenu` WHERE `pid` = 47  [ RunTime:0.0010s ]
INFO: [ view_parse ] --START--
INFO: [ template_filter ] --START--
INFO: Run Behavior\ContentReplaceBehavior [ RunTime:0.000000s ]
INFO: [ template_filter ] --END-- [ RunTime:0.000000s ]
NOTIC: [8] Use of undefined constant add_menu - assumed 'add_menu' D:\xampp\htdocs\new_lgx\Application\Runtime\Cache\Home\5f578b6263cb036bff2ca56fd4e0db0a.php 第 307 行.
NOTIC: [8] Use of undefined constant change_menu - assumed 'change_menu' D:\xampp\htdocs\new_lgx\Application\Runtime\Cache\Home\5f578b6263cb036bff2ca56fd4e0db0a.php 第 334 行.
SQL: SELECT COUNT(*) AS tp_count FROM `wx_weixinmenu` WHERE `userid` = 2 AND `pid` = 0 LIMIT 1   [ RunTime:0.0010s ]
SQL: SELECT * FROM `wx_weixinmenu` WHERE `pid` = 42 ORDER BY orderid asc  [ RunTime:0.0000s ]
SQL: SELECT * FROM `wx_weixinmenu` WHERE `pid` = 43 ORDER BY orderid asc  [ RunTime:0.0000s ]
SQL: SELECT * FROM `wx_weixinmenu` WHERE `pid` = 41 ORDER BY orderid asc  [ RunTime:0.0000s ]
NOTIC: [8] Use of undefined constant set_menu_save - assumed 'set_menu_save' D:\xampp\htdocs\new_lgx\Application\Runtime\Cache\Home\5f578b6263cb036bff2ca56fd4e0db0a.php 第 732 行.
NOTIC: [8] Use of undefined constant style - assumed 'style' D:\xampp\htdocs\new_lgx\Application\Runtime\Cache\Home\5f578b6263cb036bff2ca56fd4e0db0a.php 第 732 行.
NOTIC: [8] Use of undefined constant style - assumed 'style' D:\xampp\htdocs\new_lgx\Application\Runtime\Cache\Home\5f578b6263cb036bff2ca56fd4e0db0a.php 第 732 行.
NOTIC: [8] Use of undefined constant set_menu_save - assumed 'set_menu_save' D:\xampp\htdocs\new_lgx\Application\Runtime\Cache\Home\5f578b6263cb036bff2ca56fd4e0db0a.php 第 751 行.
NOTIC: [8] Use of undefined constant set_menu_save - assumed 'set_menu_save' D:\xampp\htdocs\new_lgx\Application\Runtime\Cache\Home\5f578b6263cb036bff2ca56fd4e0db0a.php 第 759 行.
INFO: Run Behavior\ParseTemplateBehavior [ RunTime:0.032002s ]
INFO: [ view_parse ] --END-- [ RunTime:0.032002s ]
INFO: [ view_filter ] --START--
INFO: Run Behavior\WriteHtmlCacheBehavior [ RunTime:0.000000s ]
INFO: [ view_filter ] --END-- [ RunTime:0.000000s ]
INFO: [ app_end ] --START--
INFO: Run Behavior\ShowPageTraceBehavior [ RunTime:0.000000s ]
INFO: [ app_end ] --END-- [ RunTime:0.000000s ]

[ 2017-08-11T08:29:38+08:00 ] ::1 /new_lgx/
INFO: [ app_init ] --START--
INFO: Run Behavior\BuildLiteBehavior [ RunTime:0.000000s ]
INFO: [ app_init ] --END-- [ RunTime:0.001000s ]
INFO: [ app_begin ] --START--
INFO: Run Behavior\ReadHtmlCacheBehavior [ RunTime:0.001001s ]
INFO: [ app_begin ] --END-- [ RunTime:0.001001s ]
INFO: [ view_parse ] --START--
INFO: [ template_filter ] --START--
INFO: Run Behavior\ContentReplaceBehavior [ RunTime:0.000000s ]
INFO: [ template_filter ] --END-- [ RunTime:0.000000s ]
INFO: Run Behavior\ParseTemplateBehavior [ RunTime:0.008000s ]
INFO: [ view_parse ] --END-- [ RunTime:0.008000s ]
INFO: [ view_filter ] --START--
INFO: Run Behavior\WriteHtmlCacheBehavior [ RunTime:0.001000s ]
INFO: [ view_filter ] --END-- [ RunTime:0.001000s ]
INFO: [ app_end ] --START--
INFO: Run Behavior\ShowPageTraceBehavior [ RunTime:0.000000s ]
INFO: [ app_end ] --END-- [ RunTime:0.002000s ]

[ 2017-08-11T08:29:39+08:00 ] ::1 /new_lgx/Member/set_man.html
INFO: [ app_init ] --START--
INFO: Run Behavior\BuildLiteBehavior [ RunTime:0.000000s ]
INFO: [ app_init ] --END-- [ RunTime:0.001000s ]
INFO: [ app_begin ] --START--
INFO: Run Behavior\ReadHtmlCacheBehavior [ RunTime:0.001000s ]
INFO: [ app_begin ] --END-- [ RunTime:0.001000s ]
NOTIC: [2048] Declaration of Home\Controller\MemberController::show() should be compatible with Think\Controller::show($content, $charset = '', $contentType = '', $prefix = '') D:\xampp\htdocs\new_lgx\Application\Home\Controller\MemberController.class.php 第 3477 行.
SQL: SHOW COLUMNS FROM `wx_weixin_man` [ RunTime:0.0660s ]
SQL: SELECT COUNT(*) AS tp_count FROM `wx_weixin_man` WHERE `userid` = 2 AND `linshi` = 0 LIMIT 1   [ RunTime:0.0010s ]
SQL: SELECT * FROM `wx_weixin_man` WHERE `userid` = 2 AND `linshi` = 0 ORDER BY subscribe_time desc LIMIT 0,10   [ RunTime:0.0010s ]
INFO: [ view_parse ] --START--
INFO: [ template_filter ] --START--
INFO: Run Behavior\ContentReplaceBehavior [ RunTime:0.000000s ]
INFO: [ template_filter ] --END-- [ RunTime:0.000000s ]
INFO: Run Behavior\ParseTemplateBehavior [ RunTime:0.056003s ]
INFO: [ view_parse ] --END-- [ RunTime:0.056003s ]
INFO: [ view_filter ] --START--
INFO: Run Behavior\WriteHtmlCacheBehavior [ RunTime:0.000000s ]
INFO: [ view_filter ] --END-- [ RunTime:0.000000s ]
INFO: [ app_end ] --START--
INFO: Run Behavior\ShowPageTraceBehavior [ RunTime:0.001000s ]
INFO: [ app_end ] --END-- [ RunTime:0.002000s ]

[ 2017-08-11T08:29:42+08:00 ] ::1 /new_lgx/Member/word.html
INFO: [ app_init ] --START--
INFO: Run Behavior\BuildLiteBehavior [ RunTime:0.000000s ]
INFO: [ app_init ] --END-- [ RunTime:0.001000s ]
INFO: [ app_begin ] --START--
INFO: Run Behavior\ReadHtmlCacheBehavior [ RunTime:0.000000s ]
INFO: [ app_begin ] --END-- [ RunTime:0.000000s ]
NOTIC: [2048] Declaration of Home\Controller\MemberController::show() should be compatible with Think\Controller::show($content, $charset = '', $contentType = '', $prefix = '') D:\xampp\htdocs\new_lgx\Application\Home\Controller\MemberController.class.php 第 3477 行.
NOTIC: [8] Undefined index: title D:\xampp\htdocs\new_lgx\Application\Home\Controller\MemberController.class.php 第 1554 行.
SQL: SHOW COLUMNS FROM `wx_weixin_word` [ RunTime:0.0300s ]
SQL: SELECT COUNT(*) AS tp_count FROM `wx_weixin_word` WHERE `userid` = 2 LIMIT 1   [ RunTime:0.0000s ]
SQL: SELECT * FROM `wx_weixin_word` WHERE `userid` = 2 LIMIT 0,20   [ RunTime:0.0010s ]
INFO: [ view_parse ] --START--
INFO: [ template_filter ] --START--
INFO: Run Behavior\ContentReplaceBehavior [ RunTime:0.000000s ]
INFO: [ template_filter ] --END-- [ RunTime:0.000000s ]
NOTIC: [8] Undefined index: title D:\xampp\htdocs\new_lgx\Application\Runtime\Cache\Home\c2eb621602219d0c4caefebe327e197b.php 第 294 行.
INFO: Run Behavior\ParseTemplateBehavior [ RunTime:0.110006s ]
INFO: [ view_parse ] --END-- [ RunTime:0.110006s ]
INFO: [ view_filter ] --START--
INFO: Run Behavior\WriteHtmlCacheBehavior [ RunTime:0.001000s ]
INFO: [ view_filter ] --END-- [ RunTime:0.001000s ]
INFO: [ app_end ] --START--
INFO: Run Behavior\ShowPageTraceBehavior [ RunTime:0.002001s ]
INFO: [ app_end ] --END-- [ RunTime:0.002001s ]

[ 2017-08-11T08:29:44+08:00 ] ::1 /new_lgx/Member/nav.html
INFO: [ app_init ] --START--
INFO: Run Behavior\BuildLiteBehavior [ RunTime:0.000000s ]
INFO: [ app_init ] --END-- [ RunTime:0.001000s ]
INFO: [ app_begin ] --START--
INFO: Run Behavior\ReadHtmlCacheBehavior [ RunTime:0.000000s ]
INFO: [ app_begin ] --END-- [ RunTime:0.000000s ]
NOTIC: [2048] Declaration of Home\Controller\MemberController::show() should be compatible with Think\Controller::show($content, $charset = '', $contentType = '', $prefix = '') D:\xampp\htdocs\new_lgx\Application\Home\Controller\MemberController.class.php 第 3477 行.
SQL: SHOW COLUMNS FROM `wx_weixin_nav` [ RunTime:0.0540s ]
SQL: SELECT COUNT(*) AS tp_count FROM `wx_weixin_nav` WHERE `userid` = 2 LIMIT 1   [ RunTime:0.0000s ]
SQL: SELECT * FROM `wx_weixin_nav` WHERE `userid` = 2 LIMIT 0,8   [ RunTime:0.0000s ]
INFO: [ view_parse ] --START--
INFO: [ template_filter ] --START--
INFO: Run Behavior\ContentReplaceBehavior [ RunTime:0.000000s ]
INFO: [ template_filter ] --END-- [ RunTime:0.000000s ]
INFO: Run Behavior\ParseTemplateBehavior [ RunTime:0.297017s ]
INFO: [ view_parse ] --END-- [ RunTime:0.297017s ]
INFO: [ view_filter ] --START--
INFO: Run Behavior\WriteHtmlCacheBehavior [ RunTime:0.001000s ]
INFO: [ view_filter ] --END-- [ RunTime:0.001000s ]
INFO: [ app_end ] --START--
INFO: Run Behavior\ShowPageTraceBehavior [ RunTime:0.001000s ]
INFO: [ app_end ] --END-- [ RunTime:0.001000s ]

[ 2017-08-11T08:29:47+08:00 ] ::1 /new_lgx/Member/article.html
INFO: [ app_init ] --START--
INFO: Run Behavior\BuildLiteBehavior [ RunTime:0.000000s ]
INFO: [ app_init ] --END-- [ RunTime:0.000000s ]
INFO: [ app_begin ] --START--
INFO: Run Behavior\ReadHtmlCacheBehavior [ RunTime:0.001000s ]
INFO: [ app_begin ] --END-- [ RunTime:0.001000s ]
NOTIC: [2048] Declaration of Home\Controller\MemberController::show() should be compatible with Think\Controller::show($content, $charset = '', $contentType = '', $prefix = '') D:\xampp\htdocs\new_lgx\Application\Home\Controller\MemberController.class.php 第 3477 行.
NOTIC: [8] Undefined index: title D:\xampp\htdocs\new_lgx\Application\Home\Controller\MemberController.class.php 第 898 行.
SQL: SHOW COLUMNS FROM `wx_weixin_article` [ RunTime:0.0290s ]
SQL: SELECT COUNT(*) AS tp_count FROM `wx_weixin_article` WHERE `userid` = 2 LIMIT 1   [ RunTime:0.0000s ]
SQL: SELECT * FROM `wx_weixin_article` WHERE `userid` = 2 ORDER BY addtime desc LIMIT 0,15   [ RunTime:0.0010s ]
INFO: [ view_parse ] --START--
INFO: [ template_filter ] --START--
INFO: Run Behavior\ContentReplaceBehavior [ RunTime:0.000000s ]
INFO: [ template_filter ] --END-- [ RunTime:0.000000s ]
NOTIC: [8] Undefined index: title D:\xampp\htdocs\new_lgx\Application\Runtime\Cache\Home\9ed10e4a6240ee4948aded5ff88e0f16.php 第 299 行.
SQL: SHOW COLUMNS FROM `wx_weixin_article_column` [ RunTime:0.0510s ]
SQL: SELECT `title` FROM `wx_weixin_article_column` WHERE `id` = 4 LIMIT 1   [ RunTime:0.0000s ]
SQL: SELECT `title` FROM `wx_weixin_article_column` WHERE `id` = 13 LIMIT 1   [ RunTime:0.0000s ]
SQL: SELECT `title` FROM `wx_weixin_article_column` WHERE `id` = 11 LIMIT 1   [ RunTime:0.0000s ]
SQL: SELECT `title` FROM `wx_weixin_article_column` WHERE `id` = 11 LIMIT 1   [ RunTime:0.0000s ]
SQL: SELECT `title` FROM `wx_weixin_article_column` WHERE `id` = 11 LIMIT 1   [ RunTime:0.0000s ]
SQL: SELECT `title` FROM `wx_weixin_article_column` WHERE `id` = 11 LIMIT 1   [ RunTime:0.0000s ]
SQL: SELECT `title` FROM `wx_weixin_article_column` WHERE `id` = 11 LIMIT 1   [ RunTime:0.0010s ]
SQL: SELECT `title` FROM `wx_weixin_article_column` WHERE `id` = 11 LIMIT 1   [ RunTime:0.0000s ]
SQL: SELECT `title` FROM `wx_weixin_article_column` WHERE `id` = 9 LIMIT 1   [ RunTime:0.0000s ]
SQL: SELECT `title` FROM `wx_weixin_article_column` WHERE `id` = 13 LIMIT 1   [ RunTime:0.0010s ]
SQL: SELECT `title` FROM `wx_weixin_article_column` WHERE `id` = 13 LIMIT 1   [ RunTime:0.0000s ]
SQL: SELECT `title` FROM `wx_weixin_article_column` WHERE `id` = 10 LIMIT 1   [ RunTime:0.0000s ]
SQL: SELECT `title` FROM `wx_weixin_article_column` WHERE `id` = 13 LIMIT 1   [ RunTime:0.0000s ]
SQL: SELECT `title` FROM `wx_weixin_article_column` WHERE `id` = 13 LIMIT 1   [ RunTime:0.0000s ]
SQL: SELECT `title` FROM `wx_weixin_article_column` WHERE `id` = 9 LIMIT 1   [ RunTime:0.0000s ]
INFO: Run Behavior\ParseTemplateBehavior [ RunTime:0.094005s ]
INFO: [ view_parse ] --END-- [ RunTime:0.094005s ]
INFO: [ view_filter ] --START--
INFO: Run Behavior\WriteHtmlCacheBehavior [ RunTime:0.000000s ]
INFO: [ view_filter ] --END-- [ RunTime:0.000000s ]
INFO: [ app_end ] --START--
INFO: Run Behavior\ShowPageTraceBehavior [ RunTime:0.001000s ]
INFO: [ app_end ] --END-- [ RunTime:0.001000s ]

[ 2017-08-11T09:52:58+08:00 ] ::1 /new_lgx/
INFO: [ app_init ] --START--
INFO: Run Behavior\BuildLiteBehavior [ RunTime:0.000000s ]
INFO: [ app_init ] --END-- [ RunTime:0.000000s ]
INFO: [ app_begin ] --START--
INFO: Run Behavior\ReadHtmlCacheBehavior [ RunTime:0.001000s ]
INFO: [ app_begin ] --END-- [ RunTime:0.001000s ]
INFO: [ view_parse ] --START--
INFO: [ template_filter ] --START--
INFO: Run Behavior\ContentReplaceBehavior [ RunTime:0.000000s ]
INFO: [ template_filter ] --END-- [ RunTime:0.000000s ]
INFO: Run Behavior\ParseTemplateBehavior [ RunTime:0.008000s ]
INFO: [ view_parse ] --END-- [ RunTime:0.008000s ]
INFO: [ view_filter ] --START--
INFO: Run Behavior\WriteHtmlCacheBehavior [ RunTime:0.001000s ]
INFO: [ view_filter ] --END-- [ RunTime:0.001000s ]
INFO: [ app_end ] --START--
INFO: Run Behavior\ShowPageTraceBehavior [ RunTime:0.001000s ]
INFO: [ app_end ] --END-- [ RunTime:0.001000s ]

[ 2017-08-11T09:53:10+08:00 ] ::1 /new_lgx/Public/common/js/maps/swiper.min.js.map
INFO: [ app_init ] --START--
INFO: Run Behavior\BuildLiteBehavior [ RunTime:0.000000s ]
INFO: [ app_init ] --END-- [ RunTime:0.001000s ]
INFO: [ app_begin ] --START--
INFO: Run Behavior\ReadHtmlCacheBehavior [ RunTime:0.001000s ]
INFO: [ app_begin ] --END-- [ RunTime:0.001000s ]
ERR: 无法加载控制器:Public

[ 2017-08-11T09:53:10+08:00 ] ::1 /new_lgx/
INFO: [ app_init ] --START--
INFO: Run Behavior\BuildLiteBehavior [ RunTime:0.000000s ]
INFO: [ app_init ] --END-- [ RunTime:0.002000s ]
INFO: [ app_begin ] --START--
INFO: Run Behavior\ReadHtmlCacheBehavior [ RunTime:0.001000s ]
INFO: [ app_begin ] --END-- [ RunTime:0.001000s ]
INFO: [ view_parse ] --START--
INFO: [ template_filter ] --START--
INFO: Run Behavior\ContentReplaceBehavior [ RunTime:0.000000s ]
INFO: [ template_filter ] --END-- [ RunTime:0.000000s ]
INFO: Run Behavior\ParseTemplateBehavior [ RunTime:0.012001s ]
INFO: [ view_parse ] --END-- [ RunTime:0.012001s ]
INFO: [ view_filter ] --START--
INFO: Run Behavior\WriteHtmlCacheBehavior [ RunTime:0.000000s ]
INFO: [ view_filter ] --END-- [ RunTime:0.000000s ]
INFO: [ app_end ] --START--
INFO: Run Behavior\ShowPageTraceBehavior [ RunTime:0.002000s ]
INFO: [ app_end ] --END-- [ RunTime:0.002000s ]

[ 2017-08-11T09:53:11+08:00 ] ::1 /new_lgx/Public/common/js/maps/swiper.min.js.map
INFO: [ app_init ] --START--
INFO: Run Behavior\BuildLiteBehavior [ RunTime:0.000000s ]
INFO: [ app_init ] --END-- [ RunTime:0.000000s ]
INFO: [ app_begin ] --START--
INFO: Run Behavior\ReadHtmlCacheBehavior [ RunTime:0.000000s ]
INFO: [ app_begin ] --END-- [ RunTime:0.000000s ]
ERR: 无法加载控制器:Public

[ 2017-08-11T09:53:30+08:00 ] ::1 /new_lgx/Public/common/js/maps/swiper.min.js.map
INFO: [ app_init ] --START--
INFO: Run Behavior\BuildLiteBehavior [ RunTime:0.000000s ]
INFO: [ app_init ] --END-- [ RunTime:0.000000s ]
INFO: [ app_begin ] --START--
INFO: Run Behavior\ReadHtmlCacheBehavior [ RunTime:0.001000s ]
INFO: [ app_begin ] --END-- [ RunTime:0.001000s ]
ERR: 无法加载控制器:Public

[ 2017-08-11T09:53:49+08:00 ] ::1 /new_lgx/Public/common/js/maps/swiper.min.js.map
INFO: [ app_init ] --START--
INFO: Run Behavior\BuildLiteBehavior [ RunTime:0.000000s ]
INFO: [ app_init ] --END-- [ RunTime:0.000000s ]
INFO: [ app_begin ] --START--
INFO: Run Behavior\ReadHtmlCacheBehavior [ RunTime:0.000000s ]
INFO: [ app_begin ] --END-- [ RunTime:0.000000s ]
ERR: 无法加载控制器:Public

[ 2017-08-11T09:54:30+08:00 ] ::1 /new_lgx/Public/common/js/maps/swiper.min.js.map
INFO: [ app_init ] --START--
INFO: Run Behavior\BuildLiteBehavior [ RunTime:0.000000s ]
INFO: [ app_init ] --END-- [ RunTime:0.000000s ]
INFO: [ app_begin ] --START--
INFO: Run Behavior\ReadHtmlCacheBehavior [ RunTime:0.001000s ]
INFO: [ app_begin ] --END-- [ RunTime:0.001000s ]
ERR: 无法加载控制器:Public

[ 2017-08-11T09:55:24+08:00 ] ::1 /new_lgx/Public/weixin/detial/js/bootstrap.min.js
INFO: [ app_init ] --START--
INFO: Run Behavior\BuildLiteBehavior [ RunTime:0.000000s ]
INFO: [ app_init ] --END-- [ RunTime:0.000000s ]
INFO: [ app_begin ] --START--
INFO: Run Behavior\ReadHtmlCacheBehavior [ RunTime:0.001001s ]
INFO: [ app_begin ] --END-- [ RunTime:0.001001s ]
ERR: 无法加载控制器:Public

[ 2017-08-11T09:55:24+08:00 ] ::1 /new_lgx/Public/weixin/detial/js/bootstrap.min.js
INFO: [ app_init ] --START--
INFO: Run Behavior\BuildLiteBehavior [ RunTime:0.000000s ]
INFO: [ app_init ] --END-- [ RunTime:0.000000s ]
INFO: [ app_begin ] --START--
INFO: Run Behavior\ReadHtmlCacheBehavior [ RunTime:0.000000s ]
INFO: [ app_begin ] --END-- [ RunTime:0.000000s ]
ERR: 无法加载控制器:Public

[ 2017-08-11T09:55:24+08:00 ] ::1 /new_lgx/Public/common/js/maps/swiper.min.js.map
INFO: [ app_init ] --START--
INFO: Run Behavior\BuildLiteBehavior [ RunTime:0.000000s ]
INFO: [ app_init ] --END-- [ RunTime:0.000000s ]
INFO: [ app_begin ] --START--
INFO: Run Behavior\ReadHtmlCacheBehavior [ RunTime:0.001000s ]
INFO: [ app_begin ] --END-- [ RunTime:0.001000s ]
ERR: 无法加载控制器:Public

[ 2017-08-11T09:55:36+08:00 ] ::1 /new_lgx/Public/common/js/maps/swiper.min.js.map
INFO: [ app_init ] --START--
INFO: Run Behavior\BuildLiteBehavior [ RunTime:0.000000s ]
INFO: [ app_init ] --END-- [ RunTime:0.001000s ]
INFO: [ app_begin ] --START--
INFO: Run Behavior\ReadHtmlCacheBehavior [ RunTime:0.001000s ]
INFO: [ app_begin ] --END-- [ RunTime:0.002000s ]
ERR: 无法加载控制器:Public

[ 2017-08-11T09:55:48+08:00 ] ::1 /new_lgx/Public/common/js/maps/swiper.min.js.map
INFO: [ app_init ] --START--
INFO: Run Behavior\BuildLiteBehavior [ RunTime:0.000000s ]
INFO: [ app_init ] --END-- [ RunTime:0.000000s ]
INFO: [ app_begin ] --START--
INFO: Run Behavior\ReadHtmlCacheBehavior [ RunTime:0.000000s ]
INFO: [ app_begin ] --END-- [ RunTime:0.000000s ]
ERR: 无法加载控制器:Public

[ 2017-08-11T09:56:40+08:00 ] ::1 /new_lgx/
INFO: [ app_init ] --START--
INFO: Run Behavior\BuildLiteBehavior [ RunTime:0.000000s ]
INFO: [ app_init ] --END-- [ RunTime:0.001000s ]
INFO: [ app_begin ] --START--
INFO: Run Behavior\ReadHtmlCacheBehavior [ RunTime:0.000000s ]
INFO: [ app_begin ] --END-- [ RunTime:0.000000s ]
INFO: [ view_parse ] --START--
INFO: [ template_filter ] --START--
INFO: Run Behavior\ContentReplaceBehavior [ RunTime:0.000000s ]
INFO: [ template_filter ] --END-- [ RunTime:0.000000s ]
INFO: Run Behavior\ParseTemplateBehavior [ RunTime:0.010001s ]
INFO: [ view_parse ] --END-- [ RunTime:0.010001s ]
INFO: [ view_filter ] --START--
INFO: Run Behavior\WriteHtmlCacheBehavior [ RunTime:0.000000s ]
INFO: [ view_filter ] --END-- [ RunTime:0.000000s ]
INFO: [ app_end ] --START--
INFO: Run Behavior\ShowPageTraceBehavior [ RunTime:0.001000s ]
INFO: [ app_end ] --END-- [ RunTime:0.002000s ]

[ 2017-08-11T09:56:41+08:00 ] ::1 /new_lgx/Public/common/js/maps/swiper.min.js.map
INFO: [ app_init ] --START--
INFO: Run Behavior\BuildLiteBehavior [ RunTime:0.000000s ]
INFO: [ app_init ] --END-- [ RunTime:0.000000s ]
INFO: [ app_begin ] --START--
INFO: Run Behavior\ReadHtmlCacheBehavior [ RunTime:0.000000s ]
INFO: [ app_begin ] --END-- [ RunTime:0.000000s ]
ERR: 无法加载控制器:Public

[ 2017-08-11T09:56:44+08:00 ] ::1 /new_lgx/Public/common/js/maps/swiper.min.js.map
INFO: [ app_init ] --START--
INFO: Run Behavior\BuildLiteBehavior [ RunTime:0.000000s ]
INFO: [ app_init ] --END-- [ RunTime:0.001000s ]
INFO: [ app_begin ] --START--
INFO: Run Behavior\ReadHtmlCacheBehavior [ RunTime:0.001001s ]
INFO: [ app_begin ] --END-- [ RunTime:0.001001s ]
ERR: 无法加载控制器:Public

[ 2017-08-11T09:57:38+08:00 ] ::1 /new_lgx/Public/common/js/maps/swiper.min.js.map
INFO: [ app_init ] --START--
INFO: Run Behavior\BuildLiteBehavior [ RunTime:0.000000s ]
INFO: [ app_init ] --END-- [ RunTime:0.000000s ]
INFO: [ app_begin ] --START--
INFO: Run Behavior\ReadHtmlCacheBehavior [ RunTime:0.000000s ]
INFO: [ app_begin ] --END-- [ RunTime:0.000000s ]
ERR: 无法加载控制器:Public

[ 2017-08-11T09:58:02+08:00 ] ::1 /new_lgx/Public/common/js/maps/swiper.min.js.map
INFO: [ app_init ] --START--
INFO: Run Behavior\BuildLiteBehavior [ RunTime:0.000000s ]
INFO: [ app_init ] --END-- [ RunTime:0.000000s ]
INFO: [ app_begin ] --START--
INFO: Run Behavior\ReadHtmlCacheBehavior [ RunTime:0.000000s ]
INFO: [ app_begin ] --END-- [ RunTime:0.000000s ]
ERR: 无法加载控制器:Public

[ 2017-08-11T09:59:02+08:00 ] ::1 /new_lgx/Public/common/js/maps/swiper.min.js.map
INFO: [ app_init ] --START--
INFO: Run Behavior\BuildLiteBehavior [ RunTime:0.000000s ]
INFO: [ app_init ] --END-- [ RunTime:0.001000s ]
INFO: [ app_begin ] --START--
INFO: Run Behavior\ReadHtmlCacheBehavior [ RunTime:0.002000s ]
INFO: [ app_begin ] --END-- [ RunTime:0.002000s ]
ERR: 无法加载控制器:Public

[ 2017-08-11T09:59:28+08:00 ] ::1 /new_lgx/Public/common/js/maps/swiper.min.js.map
INFO: [ app_init ] --START--
INFO: Run Behavior\BuildLiteBehavior [ RunTime:0.000000s ]
INFO: [ app_init ] --END-- [ RunTime:0.001000s ]
INFO: [ app_begin ] --START--
INFO: Run Behavior\ReadHtmlCacheBehavior [ RunTime:0.001000s ]
INFO: [ app_begin ] --END-- [ RunTime:0.001000s ]
ERR: 无法加载控制器:Public

[ 2017-08-11T09:59:35+08:00 ] ::1 /new_lgx/Public/common/js/maps/swiper.min.js.map
INFO: [ app_init ] --START--
INFO: Run Behavior\BuildLiteBehavior [ RunTime:0.000000s ]
INFO: [ app_init ] --END-- [ RunTime:0.000000s ]
INFO: [ app_begin ] --START--
INFO: Run Behavior\ReadHtmlCacheBehavior [ RunTime:0.002000s ]
INFO: [ app_begin ] --END-- [ RunTime:0.002000s ]
ERR: 无法加载控制器:Public

[ 2017-08-11T10:00:02+08:00 ] ::1 /new_lgx/Public/common/js/maps/swiper.min.js.map
INFO: [ app_init ] --START--
INFO: Run Behavior\BuildLiteBehavior [ RunTime:0.000000s ]
INFO: [ app_init ] --END-- [ RunTime:0.000000s ]
INFO: [ app_begin ] --START--
INFO: Run Behavior\ReadHtmlCacheBehavior [ RunTime:0.001000s ]
INFO: [ app_begin ] --END-- [ RunTime:0.001000s ]
ERR: 无法加载控制器:Public

[ 2017-08-11T10:00:40+08:00 ] ::1 /new_lgx/Public/common/js/maps/swiper.min.js.map
INFO: [ app_init ] --START--
INFO: Run Behavior\BuildLiteBehavior [ RunTime:0.000000s ]
INFO: [ app_init ] --END-- [ RunTime:0.001000s ]
INFO: [ app_begin ] --START--
INFO: Run Behavior\ReadHtmlCacheBehavior [ RunTime:0.001000s ]
INFO: [ app_begin ] --END-- [ RunTime:0.001000s ]
ERR: 无法加载控制器:Public

[ 2017-08-11T10:01:20+08:00 ] ::1 /new_lgx/Public/common/js/maps/swiper.min.js.map
INFO: [ app_init ] --START--
INFO: Run Behavior\BuildLiteBehavior [ RunTime:0.000000s ]
INFO: [ app_init ] --END-- [ RunTime:0.000000s ]
INFO: [ app_begin ] --START--
INFO: Run Behavior\ReadHtmlCacheBehavior [ RunTime:0.000000s ]
INFO: [ app_begin ] --END-- [ RunTime:0.000000s ]
ERR: 无法加载控制器:Public

[ 2017-08-11T10:02:51+08:00 ] ::1 /new_lgx/Public/common/js/maps/swiper.min.js.map
INFO: [ app_init ] --START--
INFO: Run Behavior\BuildLiteBehavior [ RunTime:0.000000s ]
INFO: [ app_init ] --END-- [ RunTime:0.000000s ]
INFO: [ app_begin ] --START--
INFO: Run Behavior\ReadHtmlCacheBehavior [ RunTime:0.001000s ]
INFO: [ app_begin ] --END-- [ RunTime:0.001000s ]
ERR: 无法加载控制器:Public

[ 2017-08-11T10:06:18+08:00 ] ::1 /new_lgx/Public/common/js/maps/swiper.min.js.map
INFO: [ app_init ] --START--
INFO: Run Behavior\BuildLiteBehavior [ RunTime:0.000000s ]
INFO: [ app_init ] --END-- [ RunTime:0.000000s ]
INFO: [ app_begin ] --START--
INFO: Run Behavior\ReadHtmlCacheBehavior [ RunTime:0.001000s ]
INFO: [ app_begin ] --END-- [ RunTime:0.001000s ]
ERR: 无法加载控制器:Public

[ 2017-08-11T14:05:20+08:00 ] ::1 /new_lgx/Member/easy.html
INFO: [ app_init ] --START--
INFO: Run Behavior\BuildLiteBehavior [ RunTime:0.000000s ]
INFO: [ app_init ] --END-- [ RunTime:0.001000s ]
INFO: [ app_begin ] --START--
INFO: Run Behavior\ReadHtmlCacheBehavior [ RunTime:0.000000s ]
INFO: [ app_begin ] --END-- [ RunTime:0.001001s ]
NOTIC: [2048] Declaration of Home\Controller\MemberController::show() should be compatible with Think\Controller::show($content, $charset = '', $contentType = '', $prefix = '') D:\xampp\htdocs\new_lgx\Application\Home\Controller\MemberController.class.php 第 3477 行.
SQL: SHOW COLUMNS FROM `wx_weixin_easy` [ RunTime:0.0260s ]
SQL: SELECT COUNT(*) AS tp_count FROM `wx_weixin_easy` WHERE `userid` = 2 LIMIT 1   [ RunTime:0.0000s ]
SQL: SELECT * FROM `wx_weixin_easy` WHERE `userid` = 2 LIMIT 0,8   [ RunTime:0.0000s ]
INFO: [ view_parse ] --START--
INFO: [ template_filter ] --START--
INFO: Run Behavior\ContentReplaceBehavior [ RunTime:0.001000s ]
INFO: [ template_filter ] --END-- [ RunTime:0.001000s ]
SQL: SHOW COLUMNS FROM `wx_weixin_easy_column` [ RunTime:0.0170s ]
SQL: SELECT `title` FROM `wx_weixin_easy_column` WHERE `id` = 1 LIMIT 1   [ RunTime:0.0000s ]
SQL: SELECT `title` FROM `wx_weixin_easy_column` WHERE `id` = 1 LIMIT 1   [ RunTime:0.0000s ]
SQL: SELECT `title` FROM `wx_weixin_easy_column` WHERE `id` = 2 LIMIT 1   [ RunTime:0.0000s ]
SQL: SELECT `title` FROM `wx_weixin_easy_column` WHERE `id` = 2 LIMIT 1   [ RunTime:0.0000s ]
SQL: SELECT `title` FROM `wx_weixin_easy_column` WHERE `id` = 2 LIMIT 1   [ RunTime:0.0000s ]
SQL: SELECT `title` FROM `wx_weixin_easy_column` WHERE `id` = 2 LIMIT 1   [ RunTime:0.0000s ]
SQL: SELECT `title` FROM `wx_weixin_easy_column` WHERE `id` = 2 LIMIT 1   [ RunTime:0.0010s ]
INFO: Run Behavior\ParseTemplateBehavior [ RunTime:0.063003s ]
INFO: [ view_parse ] --END-- [ RunTime:0.063003s ]
INFO: [ view_filter ] --START--
INFO: Run Behavior\WriteHtmlCacheBehavior [ RunTime:0.000000s ]
INFO: [ view_filter ] --END-- [ RunTime:0.000000s ]
INFO: [ app_end ] --START--
INFO: Run Behavior\ShowPageTraceBehavior [ RunTime:0.001000s ]
INFO: [ app_end ] --END-- [ RunTime:0.001000s ]

[ 2017-08-11T14:11:52+08:00 ] ::1 /new_lgx/Member/easy.html
INFO: [ app_init ] --START--
INFO: Run Behavior\BuildLiteBehavior [ RunTime:0.000000s ]
INFO: [ app_init ] --END-- [ RunTime:0.000000s ]
INFO: [ app_begin ] --START--
INFO: Run Behavior\ReadHtmlCacheBehavior [ RunTime:0.001000s ]
INFO: [ app_begin ] --END-- [ RunTime:0.001000s ]
NOTIC: [2048] Declaration of Home\Controller\MemberController::show() should be compatible with Think\Controller::show($content, $charset = '', $contentType = '', $prefix = '') D:\xampp\htdocs\new_lgx\Application\Home\Controller\MemberController.class.php 第 3477 行.
SQL: SHOW COLUMNS FROM `wx_weixin_easy` [ RunTime:0.0030s ]
SQL: SELECT COUNT(*) AS tp_count FROM `wx_weixin_easy` WHERE `userid` = 2 LIMIT 1   [ RunTime:0.0010s ]
SQL: SELECT * FROM `wx_weixin_easy` WHERE `userid` = 2 LIMIT 0,8   [ RunTime:0.0010s ]
INFO: [ view_parse ] --START--
INFO: [ template_filter ] --START--
INFO: Run Behavior\ContentReplaceBehavior [ RunTime:0.000000s ]
INFO: [ template_filter ] --END-- [ RunTime:0.000000s ]
SQL: SHOW COLUMNS FROM `wx_weixin_easy_column` [ RunTime:0.0030s ]
SQL: SELECT `title` FROM `wx_weixin_easy_column` WHERE `id` = 1 LIMIT 1   [ RunTime:0.0010s ]
SQL: SELECT `title` FROM `wx_weixin_easy_column` WHERE `id` = 1 LIMIT 1   [ RunTime:0.0000s ]
SQL: SELECT `title` FROM `wx_weixin_easy_column` WHERE `id` = 2 LIMIT 1   [ RunTime:0.0000s ]
SQL: SELECT `title` FROM `wx_weixin_easy_column` WHERE `id` = 2 LIMIT 1   [ RunTime:0.0000s ]
SQL: SELECT `title` FROM `wx_weixin_easy_column` WHERE `id` = 2 LIMIT 1   [ RunTime:0.0000s ]
SQL: SELECT `title` FROM `wx_weixin_easy_column` WHERE `id` = 2 LIMIT 1   [ RunTime:0.0010s ]
SQL: SELECT `title` FROM `wx_weixin_easy_column` WHERE `id` = 2 LIMIT 1   [ RunTime:0.0000s ]
INFO: Run Behavior\ParseTemplateBehavior [ RunTime:0.022002s ]
INFO: [ view_parse ] --END-- [ RunTime:0.022002s ]
INFO: [ view_filter ] --START--
INFO: Run Behavior\WriteHtmlCacheBehavior [ RunTime:0.001000s ]
INFO: [ view_filter ] --END-- [ RunTime:0.001000s ]
INFO: [ app_end ] --START--
INFO: Run Behavior\ShowPageTraceBehavior [ RunTime:0.000000s ]
INFO: [ app_end ] --END-- [ RunTime:0.000000s ]

[ 2017-08-11T16:53:34+08:00 ] ::1 /new_lgx/
INFO: [ app_init ] --START--
INFO: Run Behavior\BuildLiteBehavior [ RunTime:0.000000s ]
INFO: [ app_init ] --END-- [ RunTime:0.001000s ]
INFO: [ app_begin ] --START--
INFO: Run Behavior\ReadHtmlCacheBehavior [ RunTime:0.001000s ]
INFO: [ app_begin ] --END-- [ RunTime:0.002000s ]
INFO: [ view_parse ] --START--
INFO: [ template_filter ] --START--
INFO: Run Behavior\ContentReplaceBehavior [ RunTime:0.000000s ]
INFO: [ template_filter ] --END-- [ RunTime:0.000000s ]
INFO: Run Behavior\ParseTemplateBehavior [ RunTime:0.044003s ]
INFO: [ view_parse ] --END-- [ RunTime:0.044003s ]
INFO: [ view_filter ] --START--
INFO: Run Behavior\WriteHtmlCacheBehavior [ RunTime:0.000000s ]
INFO: [ view_filter ] --END-- [ RunTime:0.000000s ]
INFO: [ app_end ] --START--
INFO: Run Behavior\ShowPageTraceBehavior [ RunTime:0.001000s ]
INFO: [ app_end ] --END-- [ RunTime:0.001000s ]

