[ 2017-08-21T09:54:57+08:00 ] ::1 /new_lgx/
INFO: [ app_init ] --START--
INFO: Run Behavior\BuildLiteBehavior [ RunTime:0.000000s ]
INFO: [ app_init ] --END-- [ RunTime:0.002000s ]
INFO: [ app_begin ] --START--
INFO: Run Behavior\ReadHtmlCacheBehavior [ RunTime:0.002000s ]
INFO: [ app_begin ] --END-- [ RunTime:0.002000s ]
INFO: [ view_parse ] --START--
INFO: [ template_filter ] --START--
INFO: Run Behavior\ContentReplaceBehavior [ RunTime:0.001000s ]
INFO: [ template_filter ] --END-- [ RunTime:0.001000s ]
INFO: Run Behavior\ParseTemplateBehavior [ RunTime:0.058003s ]
INFO: [ view_parse ] --END-- [ RunTime:0.058003s ]
INFO: [ view_filter ] --START--
INFO: Run Behavior\WriteHtmlCacheBehavior [ RunTime:0.002000s ]
INFO: [ view_filter ] --END-- [ RunTime:0.003000s ]
INFO: [ app_end ] --START--
INFO: Run Behavior\ShowPageTraceBehavior [ RunTime:0.003000s ]
INFO: [ app_end ] --END-- [ RunTime:0.003000s ]

[ 2017-08-21T09:55:07+08:00 ] ::1 /new_lgx/Index/check_login.html
INFO: [ app_init ] --START--
INFO: Run Behavior\BuildLiteBehavior [ RunTime:0.000000s ]
INFO: [ app_init ] --END-- [ RunTime:0.001000s ]
INFO: [ app_begin ] --START--
INFO: Run Behavior\ReadHtmlCacheBehavior [ RunTime:0.001000s ]
INFO: [ app_begin ] --END-- [ RunTime:0.001000s ]
SQL: SHOW COLUMNS FROM `wx_member` [ RunTime:0.0910s ]
SQL: SELECT * FROM `wx_member` WHERE `username` = 'admin' AND `password` = '123456' LIMIT 1   [ RunTime:0.0200s ]

[ 2017-08-21T09:55:07+08:00 ] ::1 /new_lgx/index/login.html
INFO: [ app_init ] --START--
INFO: Run Behavior\BuildLiteBehavior [ RunTime:0.000000s ]
INFO: [ app_init ] --END-- [ RunTime:0.000000s ]
INFO: [ app_begin ] --START--
INFO: Run Behavior\ReadHtmlCacheBehavior [ RunTime:0.001000s ]
INFO: [ app_begin ] --END-- [ RunTime:0.001000s ]
SQL: SHOW COLUMNS FROM `wx_member` [ RunTime:0.0030s ]
SQL: SELECT * FROM `wx_member` WHERE `username` = 'admin' AND `password` = '123456' LIMIT 1   [ RunTime:0.0010s ]

[ 2017-08-21T09:55:08+08:00 ] ::1 /new_lgx/Index/index.html
INFO: [ app_init ] --START--
INFO: Run Behavior\BuildLiteBehavior [ RunTime:0.000000s ]
INFO: [ app_init ] --END-- [ RunTime:0.001000s ]
INFO: [ app_begin ] --START--
INFO: Run Behavior\ReadHtmlCacheBehavior [ RunTime:0.000000s ]
INFO: [ app_begin ] --END-- [ RunTime:0.000000s ]
INFO: [ view_parse ] --START--
INFO: [ template_filter ] --START--
INFO: Run Behavior\ContentReplaceBehavior [ RunTime:0.000000s ]
INFO: [ template_filter ] --END-- [ RunTime:0.001000s ]
INFO: Run Behavior\ParseTemplateBehavior [ RunTime:0.008001s ]
INFO: [ view_parse ] --END-- [ RunTime:0.008001s ]
INFO: [ view_filter ] --START--
INFO: Run Behavior\WriteHtmlCacheBehavior [ RunTime:0.001000s ]
INFO: [ view_filter ] --END-- [ RunTime:0.001000s ]
INFO: [ app_end ] --START--
INFO: Run Behavior\ShowPageTraceBehavior [ RunTime:0.001000s ]
INFO: [ app_end ] --END-- [ RunTime:0.001000s ]

[ 2017-08-21T09:55:08+08:00 ] ::1 /new_lgx/member/index.html
INFO: [ app_init ] --START--
INFO: Run Behavior\BuildLiteBehavior [ RunTime:0.000000s ]
INFO: [ app_init ] --END-- [ RunTime:0.001000s ]
INFO: [ app_begin ] --START--
INFO: Run Behavior\ReadHtmlCacheBehavior [ RunTime:0.001000s ]
INFO: [ app_begin ] --END-- [ RunTime:0.001000s ]
NOTIC: [2048] Declaration of Home\Controller\MemberController::show() should be compatible with Think\Controller::show($content, $charset = '', $contentType = '', $prefix = '') D:\xampp\htdocs\new_lgx\Application\Home\Controller\MemberController.class.php 第 3478 行.
INFO: [ view_parse ] --START--
INFO: [ template_filter ] --START--
INFO: Run Behavior\ContentReplaceBehavior [ RunTime:0.000000s ]
INFO: [ template_filter ] --END-- [ RunTime:0.000000s ]
NOTIC: [8] Undefined variable: member D:\xampp\htdocs\new_lgx\Application\Runtime\Cache\Home\fdc24d97de08be5342dd939702a23904.php 第 283 行.
INFO: Run Behavior\ParseTemplateBehavior [ RunTime:0.087005s ]
INFO: [ view_parse ] --END-- [ RunTime:0.087005s ]
INFO: [ view_filter ] --START--
INFO: Run Behavior\WriteHtmlCacheBehavior [ RunTime:0.000000s ]
INFO: [ view_filter ] --END-- [ RunTime:0.001000s ]
INFO: [ app_end ] --START--
INFO: Run Behavior\ShowPageTraceBehavior [ RunTime:0.002000s ]
INFO: [ app_end ] --END-- [ RunTime:0.002000s ]

[ 2017-08-21T09:55:24+08:00 ] ::1 /new_lgx/Member/activity.html
INFO: [ app_init ] --START--
INFO: Run Behavior\BuildLiteBehavior [ RunTime:0.000000s ]
INFO: [ app_init ] --END-- [ RunTime:0.001000s ]
INFO: [ app_begin ] --START--
INFO: Run Behavior\ReadHtmlCacheBehavior [ RunTime:0.002000s ]
INFO: [ app_begin ] --END-- [ RunTime:0.002000s ]
NOTIC: [2048] Declaration of Home\Controller\MemberController::show() should be compatible with Think\Controller::show($content, $charset = '', $contentType = '', $prefix = '') D:\xampp\htdocs\new_lgx\Application\Home\Controller\MemberController.class.php 第 3478 行.
SQL: SHOW COLUMNS FROM `wx_weixin_activity` [ RunTime:0.0370s ]
SQL: SELECT COUNT(*) AS tp_count FROM `wx_weixin_activity` WHERE `userid` = 2 LIMIT 1   [ RunTime:0.0820s ]
SQL: SELECT * FROM `wx_weixin_activity` WHERE `userid` = 2 ORDER BY id desc LIMIT 0,8   [ RunTime:0.0090s ]
INFO: [ view_parse ] --START--
INFO: [ template_filter ] --START--
INFO: Run Behavior\ContentReplaceBehavior [ RunTime:0.000000s ]
INFO: [ template_filter ] --END-- [ RunTime:0.000000s ]
INFO: Run Behavior\ParseTemplateBehavior [ RunTime:0.040002s ]
INFO: [ view_parse ] --END-- [ RunTime:0.040002s ]
INFO: [ view_filter ] --START--
INFO: Run Behavior\WriteHtmlCacheBehavior [ RunTime:0.001000s ]
INFO: [ view_filter ] --END-- [ RunTime:0.001000s ]
INFO: [ app_end ] --START--
INFO: Run Behavior\ShowPageTraceBehavior [ RunTime:0.001000s ]
INFO: [ app_end ] --END-- [ RunTime:0.001000s ]

[ 2017-08-21T09:55:26+08:00 ] ::1 /new_lgx/Member/activity_baoming/id/2/type/2.html
INFO: [ app_init ] --START--
INFO: Run Behavior\BuildLiteBehavior [ RunTime:0.000000s ]
INFO: [ app_init ] --END-- [ RunTime:0.001000s ]
INFO: [ app_begin ] --START--
INFO: Run Behavior\ReadHtmlCacheBehavior [ RunTime:0.000000s ]
INFO: [ app_begin ] --END-- [ RunTime:0.000000s ]
NOTIC: [2048] Declaration of Home\Controller\MemberController::show() should be compatible with Think\Controller::show($content, $charset = '', $contentType = '', $prefix = '') D:\xampp\htdocs\new_lgx\Application\Home\Controller\MemberController.class.php 第 3478 行.
SQL: SHOW COLUMNS FROM `wx_weixin_activity_baoming` [ RunTime:0.0370s ]
SQL: SELECT COUNT(*) AS tp_count FROM `wx_weixin_activity_baoming` WHERE `aid` = 2 LIMIT 1   [ RunTime:0.0000s ]
SQL: SELECT * FROM `wx_weixin_activity_baoming` WHERE `aid` = 2 LIMIT 0,8   [ RunTime:0.0010s ]
INFO: [ view_parse ] --START--
INFO: [ template_filter ] --START--
INFO: Run Behavior\ContentReplaceBehavior [ RunTime:0.000000s ]
INFO: [ template_filter ] --END-- [ RunTime:0.000000s ]
SQL: SHOW COLUMNS FROM `wx_weixin_activity_pic` [ RunTime:0.0270s ]
SQL: SELECT * FROM `wx_weixin_activity_pic` WHERE `aid` = 2  [ RunTime:0.0000s ]
SQL: SELECT * FROM `wx_weixin_activity_pic` WHERE `aid` = 3  [ RunTime:0.0010s ]
SQL: SELECT * FROM `wx_weixin_activity_pic` WHERE `aid` = 4  [ RunTime:0.0000s ]
SQL: SELECT * FROM `wx_weixin_activity_pic` WHERE `aid` = 5  [ RunTime:0.0000s ]
SQL: SELECT * FROM `wx_weixin_activity_pic` WHERE `aid` = 6  [ RunTime:0.0000s ]
SQL: SELECT * FROM `wx_weixin_activity_pic` WHERE `aid` = 7  [ RunTime:0.0000s ]
SQL: SELECT * FROM `wx_weixin_activity_pic` WHERE `aid` = 8  [ RunTime:0.0010s ]
SQL: SELECT * FROM `wx_weixin_activity_pic` WHERE `aid` = 10  [ RunTime:0.0000s ]
INFO: Run Behavior\ParseTemplateBehavior [ RunTime:0.061003s ]
INFO: [ view_parse ] --END-- [ RunTime:0.061003s ]
INFO: [ view_filter ] --START--
INFO: Run Behavior\WriteHtmlCacheBehavior [ RunTime:0.001000s ]
INFO: [ view_filter ] --END-- [ RunTime:0.001000s ]
INFO: [ app_end ] --START--
INFO: Run Behavior\ShowPageTraceBehavior [ RunTime:0.001001s ]
INFO: [ app_end ] --END-- [ RunTime:0.001001s ]

[ 2017-08-21T09:55:34+08:00 ] ::1 /new_lgx/Member/activity_baoming/id/1/type/1.html
INFO: [ app_init ] --START--
INFO: Run Behavior\BuildLiteBehavior [ RunTime:0.000000s ]
INFO: [ app_init ] --END-- [ RunTime:0.000000s ]
INFO: [ app_begin ] --START--
INFO: Run Behavior\ReadHtmlCacheBehavior [ RunTime:0.001000s ]
INFO: [ app_begin ] --END-- [ RunTime:0.001000s ]
NOTIC: [2048] Declaration of Home\Controller\MemberController::show() should be compatible with Think\Controller::show($content, $charset = '', $contentType = '', $prefix = '') D:\xampp\htdocs\new_lgx\Application\Home\Controller\MemberController.class.php 第 3478 行.
SQL: SHOW COLUMNS FROM `wx_weixin_activity_baoming` [ RunTime:0.0020s ]
SQL: SELECT COUNT(*) AS tp_count FROM `wx_weixin_activity_baoming` WHERE `aid` = 1 LIMIT 1   [ RunTime:0.0000s ]
SQL: SELECT * FROM `wx_weixin_activity_baoming` WHERE `aid` = 1 LIMIT 0,8   [ RunTime:0.0010s ]
INFO: [ view_parse ] --START--
INFO: [ template_filter ] --START--
INFO: Run Behavior\ContentReplaceBehavior [ RunTime:0.000000s ]
INFO: [ template_filter ] --END-- [ RunTime:0.000000s ]
NOTIC: [8] Undefined variable: pic D:\xampp\htdocs\new_lgx\Application\Runtime\Cache\Home\f7f9eb4a35a3f5b910698a2075602fff.php 第 311 行.
NOTIC: [8] Undefined variable: pic D:\xampp\htdocs\new_lgx\Application\Runtime\Cache\Home\f7f9eb4a35a3f5b910698a2075602fff.php 第 311 行.
INFO: Run Behavior\ParseTemplateBehavior [ RunTime:0.018001s ]
INFO: [ view_parse ] --END-- [ RunTime:0.018001s ]
INFO: [ view_filter ] --START--
INFO: Run Behavior\WriteHtmlCacheBehavior [ RunTime:0.001000s ]
INFO: [ view_filter ] --END-- [ RunTime:0.001000s ]
INFO: [ app_end ] --START--
INFO: Run Behavior\ShowPageTraceBehavior [ RunTime:0.001000s ]
INFO: [ app_end ] --END-- [ RunTime:0.001000s ]

[ 2017-08-21T09:55:53+08:00 ] ::1 /new_lgx/Member/article.html
INFO: [ app_init ] --START--
INFO: Run Behavior\BuildLiteBehavior [ RunTime:0.000000s ]
INFO: [ app_init ] --END-- [ RunTime:0.000000s ]
INFO: [ app_begin ] --START--
INFO: Run Behavior\ReadHtmlCacheBehavior [ RunTime:0.001000s ]
INFO: [ app_begin ] --END-- [ RunTime:0.001000s ]
NOTIC: [2048] Declaration of Home\Controller\MemberController::show() should be compatible with Think\Controller::show($content, $charset = '', $contentType = '', $prefix = '') D:\xampp\htdocs\new_lgx\Application\Home\Controller\MemberController.class.php 第 3478 行.
NOTIC: [8] Undefined index: title D:\xampp\htdocs\new_lgx\Application\Home\Controller\MemberController.class.php 第 898 行.
SQL: SHOW COLUMNS FROM `wx_weixin_article` [ RunTime:0.0200s ]
SQL: SELECT COUNT(*) AS tp_count FROM `wx_weixin_article` WHERE `userid` = 2 LIMIT 1   [ RunTime:0.0010s ]
SQL: SELECT * FROM `wx_weixin_article` WHERE `userid` = 2 ORDER BY addtime desc LIMIT 0,15   [ RunTime:0.0160s ]
INFO: [ view_parse ] --START--
INFO: [ template_filter ] --START--
INFO: Run Behavior\ContentReplaceBehavior [ RunTime:0.000000s ]
INFO: [ template_filter ] --END-- [ RunTime:0.000000s ]
NOTIC: [8] Undefined index: title D:\xampp\htdocs\new_lgx\Application\Runtime\Cache\Home\9ed10e4a6240ee4948aded5ff88e0f16.php 第 299 行.
SQL: SHOW COLUMNS FROM `wx_weixin_article_column` [ RunTime:0.0310s ]
SQL: SELECT `title` FROM `wx_weixin_article_column` WHERE `id` = 4 LIMIT 1   [ RunTime:0.0000s ]
SQL: SELECT `title` FROM `wx_weixin_article_column` WHERE `id` = 13 LIMIT 1   [ RunTime:0.0000s ]
SQL: SELECT `title` FROM `wx_weixin_article_column` WHERE `id` = 11 LIMIT 1   [ RunTime:0.0000s ]
SQL: SELECT `title` FROM `wx_weixin_article_column` WHERE `id` = 11 LIMIT 1   [ RunTime:0.0000s ]
SQL: SELECT `title` FROM `wx_weixin_article_column` WHERE `id` = 11 LIMIT 1   [ RunTime:0.0000s ]
SQL: SELECT `title` FROM `wx_weixin_article_column` WHERE `id` = 11 LIMIT 1   [ RunTime:0.0000s ]
SQL: SELECT `title` FROM `wx_weixin_article_column` WHERE `id` = 11 LIMIT 1   [ RunTime:0.0010s ]
SQL: SELECT `title` FROM `wx_weixin_article_column` WHERE `id` = 11 LIMIT 1   [ RunTime:0.0000s ]
SQL: SELECT `title` FROM `wx_weixin_article_column` WHERE `id` = 9 LIMIT 1   [ RunTime:0.0000s ]
SQL: SELECT `title` FROM `wx_weixin_article_column` WHERE `id` = 13 LIMIT 1   [ RunTime:0.0000s ]
SQL: SELECT `title` FROM `wx_weixin_article_column` WHERE `id` = 13 LIMIT 1   [ RunTime:0.0000s ]
SQL: SELECT `title` FROM `wx_weixin_article_column` WHERE `id` = 10 LIMIT 1   [ RunTime:0.0010s ]
SQL: SELECT `title` FROM `wx_weixin_article_column` WHERE `id` = 13 LIMIT 1   [ RunTime:0.0000s ]
SQL: SELECT `title` FROM `wx_weixin_article_column` WHERE `id` = 13 LIMIT 1   [ RunTime:0.0000s ]
SQL: SELECT `title` FROM `wx_weixin_article_column` WHERE `id` = 9 LIMIT 1   [ RunTime:0.0010s ]
INFO: Run Behavior\ParseTemplateBehavior [ RunTime:0.067004s ]
INFO: [ view_parse ] --END-- [ RunTime:0.067004s ]
INFO: [ view_filter ] --START--
INFO: Run Behavior\WriteHtmlCacheBehavior [ RunTime:0.000000s ]
INFO: [ view_filter ] --END-- [ RunTime:0.000000s ]
INFO: [ app_end ] --START--
INFO: Run Behavior\ShowPageTraceBehavior [ RunTime:0.000000s ]
INFO: [ app_end ] --END-- [ RunTime:0.000000s ]

[ 2017-08-21T09:55:55+08:00 ] ::1 /new_lgx/Member/baoliao_list.html
INFO: [ app_init ] --START--
INFO: Run Behavior\BuildLiteBehavior [ RunTime:0.000000s ]
INFO: [ app_init ] --END-- [ RunTime:0.001000s ]
INFO: [ app_begin ] --START--
INFO: Run Behavior\ReadHtmlCacheBehavior [ RunTime:0.001000s ]
INFO: [ app_begin ] --END-- [ RunTime:0.001000s ]
NOTIC: [2048] Declaration of Home\Controller\MemberController::show() should be compatible with Think\Controller::show($content, $charset = '', $contentType = '', $prefix = '') D:\xampp\htdocs\new_lgx\Application\Home\Controller\MemberController.class.php 第 3478 行.
SQL: SHOW COLUMNS FROM `wx_weixin_baoliao` [ RunTime:0.2370s ]
SQL: SELECT COUNT(*) AS tp_count FROM `wx_weixin_baoliao` WHERE `userid` = 2 AND `dele` <> 1 LIMIT 1   [ RunTime:0.0010s ]
SQL: SELECT * FROM `wx_weixin_baoliao` WHERE `userid` = 2 AND `dele` <> 1 ORDER BY addtime desc LIMIT 0,15   [ RunTime:0.0000s ]
INFO: [ view_parse ] --START--
INFO: [ template_filter ] --START--
INFO: Run Behavior\ContentReplaceBehavior [ RunTime:0.001000s ]
INFO: [ template_filter ] --END-- [ RunTime:0.001000s ]
SQL: SHOW COLUMNS FROM `wx_weixin_article_column` [ RunTime:0.0030s ]
SQL: SELECT `title` FROM `wx_weixin_article_column` WHERE `id` = 8 LIMIT 1   [ RunTime:0.0000s ]
SQL: SELECT `title` FROM `wx_weixin_article_column` WHERE `id` = 8 LIMIT 1   [ RunTime:0.0010s ]
SQL: SELECT `title` FROM `wx_weixin_article_column` WHERE `id` = 4 LIMIT 1   [ RunTime:0.0010s ]
SQL: SELECT `title` FROM `wx_weixin_article_column` WHERE `id` = 3 LIMIT 1   [ RunTime:0.0000s ]
SQL: SELECT `title` FROM `wx_weixin_article_column` WHERE `id` = 0 LIMIT 1   [ RunTime:0.0010s ]
SQL: SELECT `title` FROM `wx_weixin_article_column` WHERE `id` = 0 LIMIT 1   [ RunTime:0.0000s ]
SQL: SELECT `title` FROM `wx_weixin_article_column` WHERE `id` = 9 LIMIT 1   [ RunTime:0.0010s ]
SQL: SELECT `title` FROM `wx_weixin_article_column` WHERE `id` = 8 LIMIT 1   [ RunTime:0.0000s ]
SQL: SELECT `title` FROM `wx_weixin_article_column` WHERE `id` = 11 LIMIT 1   [ RunTime:0.0000s ]
SQL: SELECT `title` FROM `wx_weixin_article_column` WHERE `id` = 10 LIMIT 1   [ RunTime:0.0000s ]
SQL: SELECT `title` FROM `wx_weixin_article_column` WHERE `id` = 9 LIMIT 1   [ RunTime:0.0010s ]
INFO: Run Behavior\ParseTemplateBehavior [ RunTime:0.035002s ]
INFO: [ view_parse ] --END-- [ RunTime:0.036002s ]
INFO: [ view_filter ] --START--
INFO: Run Behavior\WriteHtmlCacheBehavior [ RunTime:0.000000s ]
INFO: [ view_filter ] --END-- [ RunTime:0.000000s ]
INFO: [ app_end ] --START--
INFO: Run Behavior\ShowPageTraceBehavior [ RunTime:0.000000s ]
INFO: [ app_end ] --END-- [ RunTime:0.000000s ]

[ 2017-08-21T09:57:18+08:00 ] ::1 /new_lgx/Member/baoliao_list.html
INFO: [ app_init ] --START--
INFO: Run Behavior\BuildLiteBehavior [ RunTime:0.000000s ]
INFO: [ app_init ] --END-- [ RunTime:0.000000s ]
INFO: [ app_begin ] --START--
INFO: Run Behavior\ReadHtmlCacheBehavior [ RunTime:0.001000s ]
INFO: [ app_begin ] --END-- [ RunTime:0.001000s ]
NOTIC: [2048] Declaration of Home\Controller\MemberController::show() should be compatible with Think\Controller::show($content, $charset = '', $contentType = '', $prefix = '') D:\xampp\htdocs\new_lgx\Application\Home\Controller\MemberController.class.php 第 3478 行.
SQL: SHOW COLUMNS FROM `wx_weixin_baoliao` [ RunTime:0.0070s ]
SQL: SELECT COUNT(*) AS tp_count FROM `wx_weixin_baoliao` WHERE `userid` = 2 AND `dele` <> 1 LIMIT 1   [ RunTime:0.0000s ]
SQL: SELECT * FROM `wx_weixin_baoliao` WHERE `userid` = 2 AND `dele` <> 1 ORDER BY addtime desc LIMIT 0,15   [ RunTime:0.0010s ]
INFO: [ view_parse ] --START--
INFO: [ template_filter ] --START--
INFO: Run Behavior\ContentReplaceBehavior [ RunTime:0.000000s ]
INFO: [ template_filter ] --END-- [ RunTime:0.000000s ]
SQL: SHOW COLUMNS FROM `wx_weixin_article_column` [ RunTime:0.0030s ]
SQL: SELECT `title` FROM `wx_weixin_article_column` WHERE `id` = 8 LIMIT 1   [ RunTime:0.0000s ]
SQL: SELECT `title` FROM `wx_weixin_article_column` WHERE `id` = 8 LIMIT 1   [ RunTime:0.0010s ]
SQL: SELECT `title` FROM `wx_weixin_article_column` WHERE `id` = 4 LIMIT 1   [ RunTime:0.0000s ]
SQL: SELECT `title` FROM `wx_weixin_article_column` WHERE `id` = 3 LIMIT 1   [ RunTime:0.0010s ]
SQL: SELECT `title` FROM `wx_weixin_article_column` WHERE `id` = 0 LIMIT 1   [ RunTime:0.0000s ]
SQL: SELECT `title` FROM `wx_weixin_article_column` WHERE `id` = 0 LIMIT 1   [ RunTime:0.0000s ]
SQL: SELECT `title` FROM `wx_weixin_article_column` WHERE `id` = 9 LIMIT 1   [ RunTime:0.0000s ]
SQL: SELECT `title` FROM `wx_weixin_article_column` WHERE `id` = 8 LIMIT 1   [ RunTime:0.0000s ]
SQL: SELECT `title` FROM `wx_weixin_article_column` WHERE `id` = 11 LIMIT 1   [ RunTime:0.0000s ]
SQL: SELECT `title` FROM `wx_weixin_article_column` WHERE `id` = 10 LIMIT 1   [ RunTime:0.0000s ]
SQL: SELECT `title` FROM `wx_weixin_article_column` WHERE `id` = 9 LIMIT 1   [ RunTime:0.0010s ]
INFO: Run Behavior\ParseTemplateBehavior [ RunTime:0.031001s ]
INFO: [ view_parse ] --END-- [ RunTime:0.031001s ]
INFO: [ view_filter ] --START--
INFO: Run Behavior\WriteHtmlCacheBehavior [ RunTime:0.001000s ]
INFO: [ view_filter ] --END-- [ RunTime:0.001000s ]
INFO: [ app_end ] --START--
INFO: Run Behavior\ShowPageTraceBehavior [ RunTime:0.001000s ]
INFO: [ app_end ] --END-- [ RunTime:0.001000s ]

[ 2017-08-21T09:57:44+08:00 ] ::1 /new_lgx/Member/baoliao_list.html
INFO: [ app_init ] --START--
INFO: Run Behavior\BuildLiteBehavior [ RunTime:0.000000s ]
INFO: [ app_init ] --END-- [ RunTime:0.001000s ]
INFO: [ app_begin ] --START--
INFO: Run Behavior\ReadHtmlCacheBehavior [ RunTime:0.001001s ]
INFO: [ app_begin ] --END-- [ RunTime:0.001001s ]
NOTIC: [2048] Declaration of Home\Controller\MemberController::show() should be compatible with Think\Controller::show($content, $charset = '', $contentType = '', $prefix = '') D:\xampp\htdocs\new_lgx\Application\Home\Controller\MemberController.class.php 第 3478 行.
SQL: SHOW COLUMNS FROM `wx_weixin_baoliao` [ RunTime:0.0030s ]
SQL: SELECT COUNT(*) AS tp_count FROM `wx_weixin_baoliao` WHERE `userid` = 2 AND `dele` <> 1 LIMIT 1   [ RunTime:0.0010s ]
SQL: SELECT * FROM `wx_weixin_baoliao` WHERE `userid` = 2 AND `dele` <> 1 ORDER BY addtime desc LIMIT 0,15   [ RunTime:0.0010s ]
INFO: [ view_parse ] --START--
INFO: [ template_filter ] --START--
INFO: Run Behavior\ContentReplaceBehavior [ RunTime:0.000000s ]
INFO: [ template_filter ] --END-- [ RunTime:0.000000s ]
SQL: SHOW COLUMNS FROM `wx_weixin_article_column` [ RunTime:0.0030s ]
SQL: SELECT `title` FROM `wx_weixin_article_column` WHERE `id` = 8 LIMIT 1   [ RunTime:0.0000s ]
SQL: SELECT `title` FROM `wx_weixin_article_column` WHERE `id` = 8 LIMIT 1   [ RunTime:0.0000s ]
SQL: SELECT `title` FROM `wx_weixin_article_column` WHERE `id` = 4 LIMIT 1   [ RunTime:0.0000s ]
SQL: SELECT `title` FROM `wx_weixin_article_column` WHERE `id` = 3 LIMIT 1   [ RunTime:0.0000s ]
SQL: SELECT `title` FROM `wx_weixin_article_column` WHERE `id` = 0 LIMIT 1   [ RunTime:0.0010s ]
SQL: SELECT `title` FROM `wx_weixin_article_column` WHERE `id` = 0 LIMIT 1   [ RunTime:0.0000s ]
SQL: SELECT `title` FROM `wx_weixin_article_column` WHERE `id` = 9 LIMIT 1   [ RunTime:0.0010s ]
SQL: SELECT `title` FROM `wx_weixin_article_column` WHERE `id` = 8 LIMIT 1   [ RunTime:0.0000s ]
SQL: SELECT `title` FROM `wx_weixin_article_column` WHERE `id` = 11 LIMIT 1   [ RunTime:0.0000s ]
SQL: SELECT `title` FROM `wx_weixin_article_column` WHERE `id` = 10 LIMIT 1   [ RunTime:0.0010s ]
SQL: SELECT `title` FROM `wx_weixin_article_column` WHERE `id` = 9 LIMIT 1   [ RunTime:0.0000s ]
INFO: Run Behavior\ParseTemplateBehavior [ RunTime:0.028002s ]
INFO: [ view_parse ] --END-- [ RunTime:0.028002s ]
INFO: [ view_filter ] --START--
INFO: Run Behavior\WriteHtmlCacheBehavior [ RunTime:0.001000s ]
INFO: [ view_filter ] --END-- [ RunTime:0.001000s ]
INFO: [ app_end ] --START--
INFO: Run Behavior\ShowPageTraceBehavior [ RunTime:0.003000s ]
INFO: [ app_end ] --END-- [ RunTime:0.003000s ]

[ 2017-08-21T09:57:55+08:00 ] ::1 /new_lgx/Member/baoliao_list.html
INFO: [ app_init ] --START--
INFO: Run Behavior\BuildLiteBehavior [ RunTime:0.000000s ]
INFO: [ app_init ] --END-- [ RunTime:0.001000s ]
INFO: [ app_begin ] --START--
INFO: Run Behavior\ReadHtmlCacheBehavior [ RunTime:0.001000s ]
INFO: [ app_begin ] --END-- [ RunTime:0.001000s ]
NOTIC: [2048] Declaration of Home\Controller\MemberController::show() should be compatible with Think\Controller::show($content, $charset = '', $contentType = '', $prefix = '') D:\xampp\htdocs\new_lgx\Application\Home\Controller\MemberController.class.php 第 3478 行.
SQL: SHOW COLUMNS FROM `wx_weixin_baoliao` [ RunTime:0.0030s ]
SQL: SELECT COUNT(*) AS tp_count FROM `wx_weixin_baoliao` WHERE `userid` = 2 AND `dele` <> 1 LIMIT 1   [ RunTime:0.0000s ]
SQL: SELECT * FROM `wx_weixin_baoliao` WHERE `userid` = 2 AND `dele` <> 1 ORDER BY addtime desc LIMIT 0,15   [ RunTime:0.0000s ]
INFO: [ view_parse ] --START--
INFO: [ template_filter ] --START--
INFO: Run Behavior\ContentReplaceBehavior [ RunTime:0.000000s ]
INFO: [ template_filter ] --END-- [ RunTime:0.000000s ]
SQL: SHOW COLUMNS FROM `wx_weixin_article_column` [ RunTime:0.0020s ]
SQL: SELECT `title` FROM `wx_weixin_article_column` WHERE `id` = 8 LIMIT 1   [ RunTime:0.0000s ]
SQL: SELECT `title` FROM `wx_weixin_article_column` WHERE `id` = 8 LIMIT 1   [ RunTime:0.0000s ]
SQL: SELECT `title` FROM `wx_weixin_article_column` WHERE `id` = 4 LIMIT 1   [ RunTime:0.0000s ]
SQL: SELECT `title` FROM `wx_weixin_article_column` WHERE `id` = 3 LIMIT 1   [ RunTime:0.0000s ]
SQL: SELECT `title` FROM `wx_weixin_article_column` WHERE `id` = 0 LIMIT 1   [ RunTime:0.0000s ]
SQL: SELECT `title` FROM `wx_weixin_article_column` WHERE `id` = 0 LIMIT 1   [ RunTime:0.0000s ]
SQL: SELECT `title` FROM `wx_weixin_article_column` WHERE `id` = 9 LIMIT 1   [ RunTime:0.0000s ]
SQL: SELECT `title` FROM `wx_weixin_article_column` WHERE `id` = 8 LIMIT 1   [ RunTime:0.0000s ]
SQL: SELECT `title` FROM `wx_weixin_article_column` WHERE `id` = 11 LIMIT 1   [ RunTime:0.0000s ]
SQL: SELECT `title` FROM `wx_weixin_article_column` WHERE `id` = 10 LIMIT 1   [ RunTime:0.0000s ]
SQL: SELECT `title` FROM `wx_weixin_article_column` WHERE `id` = 9 LIMIT 1   [ RunTime:0.0000s ]
INFO: Run Behavior\ParseTemplateBehavior [ RunTime:0.023001s ]
INFO: [ view_parse ] --END-- [ RunTime:0.023001s ]
INFO: [ view_filter ] --START--
INFO: Run Behavior\WriteHtmlCacheBehavior [ RunTime:0.001000s ]
INFO: [ view_filter ] --END-- [ RunTime:0.001000s ]
INFO: [ app_end ] --START--
INFO: Run Behavior\ShowPageTraceBehavior [ RunTime:0.001000s ]
INFO: [ app_end ] --END-- [ RunTime:0.001000s ]

[ 2017-08-21T09:58:07+08:00 ] ::1 /new_lgx/Member/baoliao_list.html
INFO: [ app_init ] --START--
INFO: Run Behavior\BuildLiteBehavior [ RunTime:0.000000s ]
INFO: [ app_init ] --END-- [ RunTime:0.000000s ]
INFO: [ app_begin ] --START--
INFO: Run Behavior\ReadHtmlCacheBehavior [ RunTime:0.001000s ]
INFO: [ app_begin ] --END-- [ RunTime:0.001000s ]
NOTIC: [2048] Declaration of Home\Controller\MemberController::show() should be compatible with Think\Controller::show($content, $charset = '', $contentType = '', $prefix = '') D:\xampp\htdocs\new_lgx\Application\Home\Controller\MemberController.class.php 第 3478 行.
SQL: SHOW COLUMNS FROM `wx_weixin_baoliao` [ RunTime:0.0030s ]
SQL: SELECT COUNT(*) AS tp_count FROM `wx_weixin_baoliao` WHERE `userid` = 2 AND `dele` <> 1 LIMIT 1   [ RunTime:0.0010s ]
SQL: SELECT * FROM `wx_weixin_baoliao` WHERE `userid` = 2 AND `dele` <> 1 ORDER BY addtime desc LIMIT 0,15   [ RunTime:0.0000s ]
INFO: [ view_parse ] --START--
INFO: [ template_filter ] --START--
INFO: Run Behavior\ContentReplaceBehavior [ RunTime:0.000000s ]
INFO: [ template_filter ] --END-- [ RunTime:0.000000s ]
SQL: SHOW COLUMNS FROM `wx_weixin_article_column` [ RunTime:0.0030s ]
SQL: SELECT `title` FROM `wx_weixin_article_column` WHERE `id` = 8 LIMIT 1   [ RunTime:0.0000s ]
SQL: SELECT `title` FROM `wx_weixin_article_column` WHERE `id` = 8 LIMIT 1   [ RunTime:0.0010s ]
SQL: SELECT `title` FROM `wx_weixin_article_column` WHERE `id` = 4 LIMIT 1   [ RunTime:0.0000s ]
SQL: SELECT `title` FROM `wx_weixin_article_column` WHERE `id` = 3 LIMIT 1   [ RunTime:0.0000s ]
SQL: SELECT `title` FROM `wx_weixin_article_column` WHERE `id` = 0 LIMIT 1   [ RunTime:0.0000s ]
SQL: SELECT `title` FROM `wx_weixin_article_column` WHERE `id` = 0 LIMIT 1   [ RunTime:0.0000s ]
SQL: SELECT `title` FROM `wx_weixin_article_column` WHERE `id` = 9 LIMIT 1   [ RunTime:0.0010s ]
SQL: SELECT `title` FROM `wx_weixin_article_column` WHERE `id` = 8 LIMIT 1   [ RunTime:0.0000s ]
SQL: SELECT `title` FROM `wx_weixin_article_column` WHERE `id` = 11 LIMIT 1   [ RunTime:0.0000s ]
SQL: SELECT `title` FROM `wx_weixin_article_column` WHERE `id` = 10 LIMIT 1   [ RunTime:0.0000s ]
SQL: SELECT `title` FROM `wx_weixin_article_column` WHERE `id` = 9 LIMIT 1   [ RunTime:0.0000s ]
INFO: Run Behavior\ParseTemplateBehavior [ RunTime:0.030002s ]
INFO: [ view_parse ] --END-- [ RunTime:0.030002s ]
INFO: [ view_filter ] --START--
INFO: Run Behavior\WriteHtmlCacheBehavior [ RunTime:0.001000s ]
INFO: [ view_filter ] --END-- [ RunTime:0.001000s ]
INFO: [ app_end ] --START--
INFO: Run Behavior\ShowPageTraceBehavior [ RunTime:0.001000s ]
INFO: [ app_end ] --END-- [ RunTime:0.001000s ]

[ 2017-08-21T09:58:16+08:00 ] ::1 /new_lgx/Member/baoliao_status.html
INFO: [ app_init ] --START--
INFO: Run Behavior\BuildLiteBehavior [ RunTime:0.000000s ]
INFO: [ app_init ] --END-- [ RunTime:0.001000s ]
INFO: [ app_begin ] --START--
INFO: Run Behavior\ReadHtmlCacheBehavior [ RunTime:0.000000s ]
INFO: [ app_begin ] --END-- [ RunTime:0.000000s ]
NOTIC: [2048] Declaration of Home\Controller\MemberController::show() should be compatible with Think\Controller::show($content, $charset = '', $contentType = '', $prefix = '') D:\xampp\htdocs\new_lgx\Application\Home\Controller\MemberController.class.php 第 3478 行.
SQL: SHOW COLUMNS FROM `wx_weixin_baoliao` [ RunTime:0.0020s ]
SQL: SELECT * FROM `wx_weixin_baoliao` WHERE `id` = 8 LIMIT 1   [ RunTime:0.0000s ]
SQL: SHOW COLUMNS FROM `wx_weixin_article` [ RunTime:0.0020s ]
SQL: INSERT INTO `wx_weixin_article` (`userid`,`content`,`addtime`,`wid`,`title`,`column`) VALUES ('2','&lt;img src=&quot;/new_lgx/Uploads/weixin/images/5955a202a16b7.jpeg&quot; /&gt;123','1503280696',NULL,'123111111','11') [ RunTime:0.1200s ]
SQL: SHOW COLUMNS FROM `wx_weixin_pic` [ RunTime:0.0260s ]
SQL: SELECT * FROM `wx_weixin_pic` WHERE `bid` = 8  [ RunTime:0.0010s ]
SQL: UPDATE `wx_weixin_baoliao` SET `status`='1' WHERE `id` = 8 [ RunTime:0.0960s ]

[ 2017-08-21T09:58:17+08:00 ] ::1 /new_lgx/Member/baoliao_list.html
INFO: [ app_init ] --START--
INFO: Run Behavior\BuildLiteBehavior [ RunTime:0.000000s ]
INFO: [ app_init ] --END-- [ RunTime:0.001000s ]
INFO: [ app_begin ] --START--
INFO: Run Behavior\ReadHtmlCacheBehavior [ RunTime:0.000000s ]
INFO: [ app_begin ] --END-- [ RunTime:0.001000s ]
NOTIC: [2048] Declaration of Home\Controller\MemberController::show() should be compatible with Think\Controller::show($content, $charset = '', $contentType = '', $prefix = '') D:\xampp\htdocs\new_lgx\Application\Home\Controller\MemberController.class.php 第 3478 行.
SQL: SHOW COLUMNS FROM `wx_weixin_baoliao` [ RunTime:0.0030s ]
SQL: SELECT COUNT(*) AS tp_count FROM `wx_weixin_baoliao` WHERE `userid` = 2 AND `dele` <> 1 LIMIT 1   [ RunTime:0.0030s ]
SQL: SELECT * FROM `wx_weixin_baoliao` WHERE `userid` = 2 AND `dele` <> 1 ORDER BY addtime desc LIMIT 0,15   [ RunTime:0.0000s ]
INFO: [ view_parse ] --START--
INFO: [ template_filter ] --START--
INFO: Run Behavior\ContentReplaceBehavior [ RunTime:0.000000s ]
INFO: [ template_filter ] --END-- [ RunTime:0.000000s ]
SQL: SHOW COLUMNS FROM `wx_weixin_article_column` [ RunTime:0.0020s ]
SQL: SELECT `title` FROM `wx_weixin_article_column` WHERE `id` = 8 LIMIT 1   [ RunTime:0.0000s ]
SQL: SELECT `title` FROM `wx_weixin_article_column` WHERE `id` = 8 LIMIT 1   [ RunTime:0.0010s ]
SQL: SELECT `title` FROM `wx_weixin_article_column` WHERE `id` = 4 LIMIT 1   [ RunTime:0.0000s ]
SQL: SELECT `title` FROM `wx_weixin_article_column` WHERE `id` = 3 LIMIT 1   [ RunTime:0.0000s ]
SQL: SELECT `title` FROM `wx_weixin_article_column` WHERE `id` = 0 LIMIT 1   [ RunTime:0.0000s ]
SQL: SELECT `title` FROM `wx_weixin_article_column` WHERE `id` = 0 LIMIT 1   [ RunTime:0.0000s ]
SQL: SELECT `title` FROM `wx_weixin_article_column` WHERE `id` = 9 LIMIT 1   [ RunTime:0.0000s ]
SQL: SELECT `title` FROM `wx_weixin_article_column` WHERE `id` = 8 LIMIT 1   [ RunTime:0.0000s ]
SQL: SELECT `title` FROM `wx_weixin_article_column` WHERE `id` = 11 LIMIT 1   [ RunTime:0.0000s ]
SQL: SELECT `title` FROM `wx_weixin_article_column` WHERE `id` = 10 LIMIT 1   [ RunTime:0.0010s ]
SQL: SELECT `title` FROM `wx_weixin_article_column` WHERE `id` = 9 LIMIT 1   [ RunTime:0.0010s ]
INFO: Run Behavior\ParseTemplateBehavior [ RunTime:0.029001s ]
INFO: [ view_parse ] --END-- [ RunTime:0.029001s ]
INFO: [ view_filter ] --START--
INFO: Run Behavior\WriteHtmlCacheBehavior [ RunTime:0.000000s ]
INFO: [ view_filter ] --END-- [ RunTime:0.000000s ]
INFO: [ app_end ] --START--
INFO: Run Behavior\ShowPageTraceBehavior [ RunTime:0.001000s ]
INFO: [ app_end ] --END-- [ RunTime:0.001000s ]

[ 2017-08-21T09:58:21+08:00 ] ::1 /new_lgx/Member/activity.html
INFO: [ app_init ] --START--
INFO: Run Behavior\BuildLiteBehavior [ RunTime:0.000000s ]
INFO: [ app_init ] --END-- [ RunTime:0.000000s ]
INFO: [ app_begin ] --START--
INFO: Run Behavior\ReadHtmlCacheBehavior [ RunTime:0.001000s ]
INFO: [ app_begin ] --END-- [ RunTime:0.001000s ]
NOTIC: [2048] Declaration of Home\Controller\MemberController::show() should be compatible with Think\Controller::show($content, $charset = '', $contentType = '', $prefix = '') D:\xampp\htdocs\new_lgx\Application\Home\Controller\MemberController.class.php 第 3478 行.
SQL: SHOW COLUMNS FROM `wx_weixin_activity` [ RunTime:0.0020s ]
SQL: SELECT COUNT(*) AS tp_count FROM `wx_weixin_activity` WHERE `userid` = 2 LIMIT 1   [ RunTime:0.0010s ]
SQL: SELECT * FROM `wx_weixin_activity` WHERE `userid` = 2 ORDER BY id desc LIMIT 0,8   [ RunTime:0.0020s ]
INFO: [ view_parse ] --START--
INFO: [ template_filter ] --START--
INFO: Run Behavior\ContentReplaceBehavior [ RunTime:0.001000s ]
INFO: [ template_filter ] --END-- [ RunTime:0.001000s ]
INFO: Run Behavior\ParseTemplateBehavior [ RunTime:0.018001s ]
INFO: [ view_parse ] --END-- [ RunTime:0.018001s ]
INFO: [ view_filter ] --START--
INFO: Run Behavior\WriteHtmlCacheBehavior [ RunTime:0.000000s ]
INFO: [ view_filter ] --END-- [ RunTime:0.000000s ]
INFO: [ app_end ] --START--
INFO: Run Behavior\ShowPageTraceBehavior [ RunTime:0.000000s ]
INFO: [ app_end ] --END-- [ RunTime:0.000000s ]

[ 2017-08-21T09:58:22+08:00 ] ::1 /new_lgx/Member/activity_baoming/id/2/type/2.html
INFO: [ app_init ] --START--
INFO: Run Behavior\BuildLiteBehavior [ RunTime:0.000000s ]
INFO: [ app_init ] --END-- [ RunTime:0.001001s ]
INFO: [ app_begin ] --START--
INFO: Run Behavior\ReadHtmlCacheBehavior [ RunTime:0.000000s ]
INFO: [ app_begin ] --END-- [ RunTime:0.000000s ]
NOTIC: [2048] Declaration of Home\Controller\MemberController::show() should be compatible with Think\Controller::show($content, $charset = '', $contentType = '', $prefix = '') D:\xampp\htdocs\new_lgx\Application\Home\Controller\MemberController.class.php 第 3478 行.
SQL: SHOW COLUMNS FROM `wx_weixin_activity_baoming` [ RunTime:0.0030s ]
SQL: SELECT COUNT(*) AS tp_count FROM `wx_weixin_activity_baoming` WHERE `aid` = 2 LIMIT 1   [ RunTime:0.0000s ]
SQL: SELECT * FROM `wx_weixin_activity_baoming` WHERE `aid` = 2 LIMIT 0,8   [ RunTime:0.0000s ]
INFO: [ view_parse ] --START--
INFO: [ template_filter ] --START--
INFO: Run Behavior\ContentReplaceBehavior [ RunTime:0.001000s ]
INFO: [ template_filter ] --END-- [ RunTime:0.001000s ]
SQL: SHOW COLUMNS FROM `wx_weixin_activity_pic` [ RunTime:0.0030s ]
SQL: SELECT * FROM `wx_weixin_activity_pic` WHERE `aid` = 2  [ RunTime:0.0000s ]
SQL: SELECT * FROM `wx_weixin_activity_pic` WHERE `aid` = 3  [ RunTime:0.0000s ]
SQL: SELECT * FROM `wx_weixin_activity_pic` WHERE `aid` = 4  [ RunTime:0.0010s ]
SQL: SELECT * FROM `wx_weixin_activity_pic` WHERE `aid` = 5  [ RunTime:0.0000s ]
SQL: SELECT * FROM `wx_weixin_activity_pic` WHERE `aid` = 6  [ RunTime:0.0000s ]
SQL: SELECT * FROM `wx_weixin_activity_pic` WHERE `aid` = 7  [ RunTime:0.0000s ]
SQL: SELECT * FROM `wx_weixin_activity_pic` WHERE `aid` = 8  [ RunTime:0.0000s ]
SQL: SELECT * FROM `wx_weixin_activity_pic` WHERE `aid` = 10  [ RunTime:0.0000s ]
INFO: Run Behavior\ParseTemplateBehavior [ RunTime:0.025001s ]
INFO: [ view_parse ] --END-- [ RunTime:0.025001s ]
INFO: [ view_filter ] --START--
INFO: Run Behavior\WriteHtmlCacheBehavior [ RunTime:0.000000s ]
INFO: [ view_filter ] --END-- [ RunTime:0.000000s ]
INFO: [ app_end ] --START--
INFO: Run Behavior\ShowPageTraceBehavior [ RunTime:0.001000s ]
INFO: [ app_end ] --END-- [ RunTime:0.001000s ]

[ 2017-08-21T09:58:51+08:00 ] ::1 /new_lgx/Member/activity_baoming/id/2/type/2.html
INFO: [ app_init ] --START--
INFO: Run Behavior\BuildLiteBehavior [ RunTime:0.000000s ]
INFO: [ app_init ] --END-- [ RunTime:0.000000s ]
INFO: [ app_begin ] --START--
INFO: Run Behavior\ReadHtmlCacheBehavior [ RunTime:0.001000s ]
INFO: [ app_begin ] --END-- [ RunTime:0.001000s ]
NOTIC: [2048] Declaration of Home\Controller\MemberController::show() should be compatible with Think\Controller::show($content, $charset = '', $contentType = '', $prefix = '') D:\xampp\htdocs\new_lgx\Application\Home\Controller\MemberController.class.php 第 3478 行.
SQL: SHOW COLUMNS FROM `wx_weixin_activity_baoming` [ RunTime:0.0030s ]
SQL: SELECT COUNT(*) AS tp_count FROM `wx_weixin_activity_baoming` WHERE `aid` = 2 LIMIT 1   [ RunTime:0.0000s ]
SQL: SELECT * FROM `wx_weixin_activity_baoming` WHERE `aid` = 2 LIMIT 0,8   [ RunTime:0.0010s ]
INFO: [ view_parse ] --START--
INFO: [ template_filter ] --START--
INFO: Run Behavior\ContentReplaceBehavior [ RunTime:0.000000s ]
INFO: [ template_filter ] --END-- [ RunTime:0.000000s ]
SQL: SHOW COLUMNS FROM `wx_weixin_activity_pic` [ RunTime:0.0040s ]
SQL: SELECT * FROM `wx_weixin_activity_pic` WHERE `aid` = 2  [ RunTime:0.0000s ]
SQL: SELECT * FROM `wx_weixin_activity_pic` WHERE `aid` = 3  [ RunTime:0.0010s ]
SQL: SELECT * FROM `wx_weixin_activity_pic` WHERE `aid` = 4  [ RunTime:0.0000s ]
SQL: SELECT * FROM `wx_weixin_activity_pic` WHERE `aid` = 5  [ RunTime:0.0000s ]
SQL: SELECT * FROM `wx_weixin_activity_pic` WHERE `aid` = 6  [ RunTime:0.0000s ]
SQL: SELECT * FROM `wx_weixin_activity_pic` WHERE `aid` = 7  [ RunTime:0.0000s ]
SQL: SELECT * FROM `wx_weixin_activity_pic` WHERE `aid` = 8  [ RunTime:0.0010s ]
SQL: SELECT * FROM `wx_weixin_activity_pic` WHERE `aid` = 10  [ RunTime:0.0000s ]
INFO: Run Behavior\ParseTemplateBehavior [ RunTime:0.025001s ]
INFO: [ view_parse ] --END-- [ RunTime:0.025001s ]
INFO: [ view_filter ] --START--
INFO: Run Behavior\WriteHtmlCacheBehavior [ RunTime:0.001000s ]
INFO: [ view_filter ] --END-- [ RunTime:0.001000s ]
INFO: [ app_end ] --START--
INFO: Run Behavior\ShowPageTraceBehavior [ RunTime:0.000000s ]
INFO: [ app_end ] --END-- [ RunTime:0.001000s ]

