[ 2017-10-09T10:29:44+08:00 ] ::1 /new_lgx/
INFO: [ app_init ] --START--
INFO: Run Behavior\BuildLiteBehavior [ RunTime:0.000100s ]
INFO: [ app_init ] --END-- [ RunTime:0.002506s ]
INFO: [ app_begin ] --START--
INFO: Run Behavior\ReadHtmlCacheBehavior [ RunTime:0.003681s ]
INFO: [ app_begin ] --END-- [ RunTime:0.003831s ]
INFO: [ view_parse ] --START--
INFO: [ template_filter ] --START--
INFO: Run Behavior\ContentReplaceBehavior [ RunTime:0.000394s ]
INFO: [ template_filter ] --END-- [ RunTime:0.000543s ]
INFO: Run Behavior\ParseTemplateBehavior [ RunTime:0.061255s ]
INFO: [ view_parse ] --END-- [ RunTime:0.061411s ]
INFO: [ view_filter ] --START--
INFO: Run Behavior\WriteHtmlCacheBehavior [ RunTime:0.002185s ]
INFO: [ view_filter ] --END-- [ RunTime:0.002304s ]
INFO: [ app_end ] --START--
INFO: Run Behavior\ShowPageTraceBehavior [ RunTime:0.002705s ]
INFO: [ app_end ] --END-- [ RunTime:0.002852s ]

[ 2017-10-09T10:29:48+08:00 ] ::1 /new_lgx/Index/login.html
INFO: [ app_init ] --START--
INFO: Run Behavior\BuildLiteBehavior [ RunTime:0.000012s ]
INFO: [ app_init ] --END-- [ RunTime:0.000514s ]
INFO: [ app_begin ] --START--
INFO: Run Behavior\ReadHtmlCacheBehavior [ RunTime:0.000700s ]
INFO: [ app_begin ] --END-- [ RunTime:0.000755s ]
INFO: [ view_parse ] --START--
INFO: [ template_filter ] --START--
INFO: Run Behavior\ContentReplaceBehavior [ RunTime:0.000157s ]
INFO: [ template_filter ] --END-- [ RunTime:0.000319s ]
INFO: Run Behavior\ParseTemplateBehavior [ RunTime:0.314846s ]
INFO: [ view_parse ] --END-- [ RunTime:0.314952s ]
INFO: [ view_filter ] --START--
INFO: Run Behavior\WriteHtmlCacheBehavior [ RunTime:0.001380s ]
INFO: [ view_filter ] --END-- [ RunTime:0.001499s ]
INFO: [ app_end ] --START--
INFO: Run Behavior\ShowPageTraceBehavior [ RunTime:0.001960s ]
INFO: [ app_end ] --END-- [ RunTime:0.002082s ]

[ 2017-10-09T10:29:51+08:00 ] ::1 /new_lgx/Index/check_login.html
INFO: [ app_init ] --START--
INFO: Run Behavior\BuildLiteBehavior [ RunTime:0.000010s ]
INFO: [ app_init ] --END-- [ RunTime:0.000333s ]
INFO: [ app_begin ] --START--
INFO: Run Behavior\ReadHtmlCacheBehavior [ RunTime:0.000418s ]
INFO: [ app_begin ] --END-- [ RunTime:0.000456s ]
NOTIC: [2048] Declaration of Think\Db\Driver\Mongo::connect() should be compatible with Think\Db\Driver::connect($config = '', $linkNum = 0, $autoConnection = false) D:\xampp\htdocs\new_lgx\ThinkPHP\Library\Think\Db\Driver\Mongo.class.php ç¬¬ 18 è¡Œ.
NOTIC: [2048] Declaration of Think\Db\Driver\Mongo::insertAll() should be compatible with Think\Db\Driver::insertAll($dataSet, $options = Array, $replace = false) D:\xampp\htdocs\new_lgx\ThinkPHP\Library\Think\Db\Driver\Mongo.class.php ç¬¬ 18 è¡Œ.
ERR: Failed to connect to: localhost:27017: ÓÉÓÚÄ¿±ê¼ÆËã»ú»ý¼«¾Ü¾ø£¬ÎÞ·¨Á¬½Ó¡£


[ 2017-10-09T10:29:53+08:00 ] ::1 /new_lgx/Index/check_login.html
INFO: [ app_init ] --START--
INFO: Run Behavior\BuildLiteBehavior [ RunTime:0.000011s ]
INFO: [ app_init ] --END-- [ RunTime:0.000481s ]
INFO: [ app_begin ] --START--
INFO: Run Behavior\ReadHtmlCacheBehavior [ RunTime:0.000604s ]
INFO: [ app_begin ] --END-- [ RunTime:0.000646s ]
NOTIC: [2048] Declaration of Think\Db\Driver\Mongo::connect() should be compatible with Think\Db\Driver::connect($config = '', $linkNum = 0, $autoConnection = false) D:\xampp\htdocs\new_lgx\ThinkPHP\Library\Think\Db\Driver\Mongo.class.php ç¬¬ 18 è¡Œ.
NOTIC: [2048] Declaration of Think\Db\Driver\Mongo::insertAll() should be compatible with Think\Db\Driver::insertAll($dataSet, $options = Array, $replace = false) D:\xampp\htdocs\new_lgx\ThinkPHP\Library\Think\Db\Driver\Mongo.class.php ç¬¬ 18 è¡Œ.
ERR: Failed to connect to: localhost:27017: ÓÉÓÚÄ¿±ê¼ÆËã»ú»ý¼«¾Ü¾ø£¬ÎÞ·¨Á¬½Ó¡£


[ 2017-10-09T10:29:58+08:00 ] ::1 /new_lgx/Index/check_login.html
INFO: [ app_init ] --START--
INFO: Run Behavior\BuildLiteBehavior [ RunTime:0.000011s ]
INFO: [ app_init ] --END-- [ RunTime:0.000451s ]
INFO: [ app_begin ] --START--
INFO: Run Behavior\ReadHtmlCacheBehavior [ RunTime:0.000509s ]
INFO: [ app_begin ] --END-- [ RunTime:0.000549s ]
NOTIC: [2048] Declaration of Think\Db\Driver\Mongo::connect() should be compatible with Think\Db\Driver::connect($config = '', $linkNum = 0, $autoConnection = false) D:\xampp\htdocs\new_lgx\ThinkPHP\Library\Think\Db\Driver\Mongo.class.php ç¬¬ 18 è¡Œ.
NOTIC: [2048] Declaration of Think\Db\Driver\Mongo::insertAll() should be compatible with Think\Db\Driver::insertAll($dataSet, $options = Array, $replace = false) D:\xampp\htdocs\new_lgx\ThinkPHP\Library\Think\Db\Driver\Mongo.class.php ç¬¬ 18 è¡Œ.
ERR: Failed to connect to: localhost:27017: ÓÉÓÚÄ¿±ê¼ÆËã»ú»ý¼«¾Ü¾ø£¬ÎÞ·¨Á¬½Ó¡£


