[ 2017-08-11T17:28:58+08:00 ] ::1 /new_lgx/Admin/Weixin/column/column_id/80.html
INFO: [ app_init ] --START--
INFO: Run Behavior\BuildLiteBehavior [ RunTime:0.000000s ]
INFO: [ app_init ] --END-- [ RunTime:0.001001s ]
INFO: [ app_begin ] --START--
INFO: Run Behavior\ReadHtmlCacheBehavior [ RunTime:0.001000s ]
INFO: [ app_begin ] --END-- [ RunTime:0.001000s ]
SQL: SHOW COLUMNS FROM `wx_admin` [ RunTime:0.0020s ]
SQL: SELECT `group_id` FROM `wx_admin` WHERE `admin_id` = 1 LIMIT 1   [ RunTime:0.0000s ]
SQL: SHOW COLUMNS FROM `wx_column` [ RunTime:0.0030s ]
SQL: SELECT * FROM `wx_column` WHERE `pid` = 0 ORDER BY column_id asc  [ RunTime:0.0000s ]
SQL: SELECT `keyword` FROM `wx_column` WHERE `column_id` = 80 LIMIT 1   [ RunTime:0.0000s ]

[ 2017-08-11T17:28:58+08:00 ] ::1 /new_lgx/Admin/weixin/lanmu.html
INFO: [ app_init ] --START--
INFO: Run Behavior\BuildLiteBehavior [ RunTime:0.000000s ]
INFO: [ app_init ] --END-- [ RunTime:0.001000s ]
INFO: [ app_begin ] --START--
INFO: Run Behavior\ReadHtmlCacheBehavior [ RunTime:0.000000s ]
INFO: [ app_begin ] --END-- [ RunTime:0.000000s ]
SQL: SHOW COLUMNS FROM `wx_admin` [ RunTime:0.0030s ]
SQL: SELECT `group_id` FROM `wx_admin` WHERE `admin_id` = 1 LIMIT 1   [ RunTime:0.0010s ]
SQL: SHOW COLUMNS FROM `wx_column` [ RunTime:0.0020s ]
SQL: SELECT * FROM `wx_column` WHERE `pid` = 0 ORDER BY column_id asc  [ RunTime:0.0010s ]
SQL: SELECT `column_name` FROM `wx_column` WHERE `column_id` = 14 LIMIT 1   [ RunTime:0.0000s ]
SQL: SELECT `column_name` FROM `wx_column` WHERE `column_id` = 16 LIMIT 1   [ RunTime:0.0000s ]
SQL: SELECT `column_name` FROM `wx_column` WHERE `column_id` = 80 LIMIT 1   [ RunTime:0.0000s ]
SQL: SELECT `group_id` FROM `wx_admin` WHERE `admin_id` = 1 LIMIT 1   [ RunTime:0.0000s ]
SQL: SELECT * FROM `wx_column` WHERE `pid` = 0 ORDER BY column_id asc  [ RunTime:0.0000s ]
SQL: SELECT `group_id` FROM `wx_admin` WHERE `admin_id` = 1 LIMIT 1   [ RunTime:0.0000s ]
SQL: SELECT * FROM `wx_column` WHERE `pid` = 14 ORDER BY sort_order asc  [ RunTime:0.0000s ]
SQL: SHOW COLUMNS FROM `wx_weixin_catch_news_column` [ RunTime:0.0020s ]
SQL: SELECT COUNT(*) AS tp_count FROM `wx_weixin_catch_news_column` LIMIT 1   [ RunTime:0.0000s ]
SQL: SELECT * FROM `wx_weixin_catch_news_column`  [ RunTime:0.0000s ]
INFO: [ view_parse ] --START--
INFO: [ template_filter ] --START--
INFO: Run Behavior\ContentReplaceBehavior [ RunTime:0.000000s ]
INFO: [ template_filter ] --END-- [ RunTime:0.000000s ]
SQL: SELECT `realname` FROM `wx_admin` WHERE `admin_id` = 1 LIMIT 1   [ RunTime:0.0000s ]
SQL: SELECT * FROM `wx_column` WHERE `pid` = 15 ORDER BY sort_order DESC  [ RunTime:0.0000s ]
SQL: SELECT * FROM `wx_column` WHERE `pid` = 16 ORDER BY sort_order DESC  [ RunTime:0.0000s ]
SQL: SELECT * FROM `wx_column` WHERE `pid` = 644 ORDER BY sort_order DESC  [ RunTime:0.0000s ]
SQL: SELECT * FROM `wx_column` WHERE `pid` = 645 ORDER BY sort_order DESC  [ RunTime:0.0000s ]
SQL: SELECT * FROM `wx_column` WHERE `pid` = 646 ORDER BY sort_order DESC  [ RunTime:0.0010s ]
SQL: SELECT * FROM `wx_column` WHERE `pid` = 1 ORDER BY sort_order DESC  [ RunTime:0.0010s ]
SQL: SELECT * FROM `wx_column` WHERE `pid` = 14 ORDER BY sort_order DESC  [ RunTime:0.0000s ]
SQL: SELECT * FROM `wx_column` WHERE `pid` = 15 ORDER BY sort_order DESC  [ RunTime:0.0000s ]
SQL: SELECT * FROM `wx_column` WHERE `pid` = 16 ORDER BY sort_order DESC  [ RunTime:0.0000s ]
SQL: SELECT * FROM `wx_column` WHERE `pid` = 644 ORDER BY sort_order DESC  [ RunTime:0.0010s ]
SQL: SELECT * FROM `wx_column` WHERE `pid` = 645 ORDER BY sort_order DESC  [ RunTime:0.0000s ]
SQL: SELECT * FROM `wx_column` WHERE `pid` = 646 ORDER BY sort_order DESC  [ RunTime:0.0000s ]
NOTIC: [8] Undefined index: p D:\xampp\htdocs\new_lgx\Application\Runtime\Cache\Admin\a9605b5d7d092d021783ce1f85568c95.php 第 288 行.
INFO: Run Behavior\ParseTemplateBehavior [ RunTime:0.022002s ]
INFO: [ view_parse ] --END-- [ RunTime:0.022002s ]
INFO: [ view_filter ] --START--
INFO: Run Behavior\WriteHtmlCacheBehavior [ RunTime:0.001000s ]
INFO: [ view_filter ] --END-- [ RunTime:0.001000s ]
INFO: [ app_end ] --START--
INFO: Run Behavior\ShowPageTraceBehavior [ RunTime:0.001000s ]
INFO: [ app_end ] --END-- [ RunTime:0.001000s ]

[ 2017-08-11T17:31:03+08:00 ] ::1 /new_lgx/Admin/Weixin/column/column_id/81.html
INFO: [ app_init ] --START--
INFO: Run Behavior\BuildLiteBehavior [ RunTime:0.000000s ]
INFO: [ app_init ] --END-- [ RunTime:0.001000s ]
INFO: [ app_begin ] --START--
INFO: Run Behavior\ReadHtmlCacheBehavior [ RunTime:0.001000s ]
INFO: [ app_begin ] --END-- [ RunTime:0.001000s ]
SQL: SHOW COLUMNS FROM `wx_admin` [ RunTime:0.0030s ]
SQL: SELECT `group_id` FROM `wx_admin` WHERE `admin_id` = 1 LIMIT 1   [ RunTime:0.0000s ]
SQL: SHOW COLUMNS FROM `wx_column` [ RunTime:0.0020s ]
SQL: SELECT * FROM `wx_column` WHERE `pid` = 0 ORDER BY column_id asc  [ RunTime:0.0000s ]
SQL: SELECT `keyword` FROM `wx_column` WHERE `column_id` = 81 LIMIT 1   [ RunTime:0.0000s ]

[ 2017-08-11T17:31:04+08:00 ] ::1 /new_lgx/Admin/weixin/article.html
INFO: [ app_init ] --START--
INFO: Run Behavior\BuildLiteBehavior [ RunTime:0.000000s ]
INFO: [ app_init ] --END-- [ RunTime:0.001000s ]
INFO: [ app_begin ] --START--
INFO: Run Behavior\ReadHtmlCacheBehavior [ RunTime:0.000000s ]
INFO: [ app_begin ] --END-- [ RunTime:0.000000s ]
SQL: SHOW COLUMNS FROM `wx_admin` [ RunTime:0.0020s ]
SQL: SELECT `group_id` FROM `wx_admin` WHERE `admin_id` = 1 LIMIT 1   [ RunTime:0.0000s ]
SQL: SHOW COLUMNS FROM `wx_column` [ RunTime:0.0040s ]
SQL: SELECT * FROM `wx_column` WHERE `pid` = 0 ORDER BY column_id asc  [ RunTime:0.0000s ]
SQL: SELECT `column_name` FROM `wx_column` WHERE `column_id` = 14 LIMIT 1   [ RunTime:0.0000s ]
SQL: SELECT `column_name` FROM `wx_column` WHERE `column_id` = 16 LIMIT 1   [ RunTime:0.0000s ]
SQL: SELECT `column_name` FROM `wx_column` WHERE `column_id` = 81 LIMIT 1   [ RunTime:0.0000s ]
SQL: SELECT `group_id` FROM `wx_admin` WHERE `admin_id` = 1 LIMIT 1   [ RunTime:0.0000s ]
SQL: SELECT * FROM `wx_column` WHERE `pid` = 0 ORDER BY column_id asc  [ RunTime:0.0010s ]
SQL: SELECT `group_id` FROM `wx_admin` WHERE `admin_id` = 1 LIMIT 1   [ RunTime:0.0000s ]
SQL: SELECT * FROM `wx_column` WHERE `pid` = 14 ORDER BY sort_order asc  [ RunTime:0.0000s ]
SQL: SHOW COLUMNS FROM `wx_weixin_catch_news` [ RunTime:0.0030s ]
SQL: SELECT COUNT(*) AS tp_count FROM `wx_weixin_catch_news` LIMIT 1   [ RunTime:0.0010s ]
SQL: SELECT * FROM `wx_weixin_catch_news`  [ RunTime:0.0020s ]
INFO: [ view_parse ] --START--
INFO: [ template_filter ] --START--
INFO: Run Behavior\ContentReplaceBehavior [ RunTime:0.001000s ]
INFO: [ template_filter ] --END-- [ RunTime:0.001000s ]
SQL: SELECT `realname` FROM `wx_admin` WHERE `admin_id` = 1 LIMIT 1   [ RunTime:0.0000s ]
SQL: SELECT * FROM `wx_column` WHERE `pid` = 15 ORDER BY sort_order DESC  [ RunTime:0.0010s ]
SQL: SELECT * FROM `wx_column` WHERE `pid` = 16 ORDER BY sort_order DESC  [ RunTime:0.0000s ]
SQL: SELECT * FROM `wx_column` WHERE `pid` = 644 ORDER BY sort_order DESC  [ RunTime:0.0000s ]
SQL: SELECT * FROM `wx_column` WHERE `pid` = 645 ORDER BY sort_order DESC  [ RunTime:0.0000s ]
SQL: SELECT * FROM `wx_column` WHERE `pid` = 646 ORDER BY sort_order DESC  [ RunTime:0.0000s ]
SQL: SELECT * FROM `wx_column` WHERE `pid` = 1 ORDER BY sort_order DESC  [ RunTime:0.0000s ]
SQL: SELECT * FROM `wx_column` WHERE `pid` = 14 ORDER BY sort_order DESC  [ RunTime:0.0000s ]
SQL: SELECT * FROM `wx_column` WHERE `pid` = 15 ORDER BY sort_order DESC  [ RunTime:0.0000s ]
SQL: SELECT * FROM `wx_column` WHERE `pid` = 16 ORDER BY sort_order DESC  [ RunTime:0.0000s ]
SQL: SELECT * FROM `wx_column` WHERE `pid` = 644 ORDER BY sort_order DESC  [ RunTime:0.0010s ]
SQL: SELECT * FROM `wx_column` WHERE `pid` = 645 ORDER BY sort_order DESC  [ RunTime:0.0000s ]
SQL: SELECT * FROM `wx_column` WHERE `pid` = 646 ORDER BY sort_order DESC  [ RunTime:0.0000s ]
SQL: SHOW COLUMNS FROM `wx_weixin_catch_news_column` [ RunTime:0.0030s ]
SQL: SELECT `title` FROM `wx_weixin_catch_news_column` WHERE `id` = 1 LIMIT 1   [ RunTime:0.0010s ]
NOTIC: [8] Undefined index: p D:\xampp\htdocs\new_lgx\Application\Runtime\Cache\Admin\2e6a6e0a0793ee151dc0fb7dd2f12d06.php 第 289 行.
SQL: SELECT `title` FROM `wx_weixin_catch_news_column` WHERE `id` = 1 LIMIT 1   [ RunTime:0.0000s ]
NOTIC: [8] Undefined index: p D:\xampp\htdocs\new_lgx\Application\Runtime\Cache\Admin\2e6a6e0a0793ee151dc0fb7dd2f12d06.php 第 289 行.
SQL: SELECT `title` FROM `wx_weixin_catch_news_column` WHERE `id` = 1 LIMIT 1   [ RunTime:0.0000s ]
NOTIC: [8] Undefined index: p D:\xampp\htdocs\new_lgx\Application\Runtime\Cache\Admin\2e6a6e0a0793ee151dc0fb7dd2f12d06.php 第 289 行.
SQL: SELECT `title` FROM `wx_weixin_catch_news_column` WHERE `id` = 1 LIMIT 1   [ RunTime:0.0010s ]
NOTIC: [8] Undefined index: p D:\xampp\htdocs\new_lgx\Application\Runtime\Cache\Admin\2e6a6e0a0793ee151dc0fb7dd2f12d06.php 第 289 行.
SQL: SELECT `title` FROM `wx_weixin_catch_news_column` WHERE `id` = 1 LIMIT 1   [ RunTime:0.0000s ]
NOTIC: [8] Undefined index: p D:\xampp\htdocs\new_lgx\Application\Runtime\Cache\Admin\2e6a6e0a0793ee151dc0fb7dd2f12d06.php 第 289 行.
SQL: SELECT `title` FROM `wx_weixin_catch_news_column` WHERE `id` = 1 LIMIT 1   [ RunTime:0.0000s ]
NOTIC: [8] Undefined index: p D:\xampp\htdocs\new_lgx\Application\Runtime\Cache\Admin\2e6a6e0a0793ee151dc0fb7dd2f12d06.php 第 289 行.
SQL: SELECT `title` FROM `wx_weixin_catch_news_column` WHERE `id` = 1 LIMIT 1   [ RunTime:0.0000s ]
NOTIC: [8] Undefined index: p D:\xampp\htdocs\new_lgx\Application\Runtime\Cache\Admin\2e6a6e0a0793ee151dc0fb7dd2f12d06.php 第 289 行.
SQL: SELECT `title` FROM `wx_weixin_catch_news_column` WHERE `id` = 1 LIMIT 1   [ RunTime:0.0000s ]
NOTIC: [8] Undefined index: p D:\xampp\htdocs\new_lgx\Application\Runtime\Cache\Admin\2e6a6e0a0793ee151dc0fb7dd2f12d06.php 第 289 行.
SQL: SELECT `title` FROM `wx_weixin_catch_news_column` WHERE `id` = 1 LIMIT 1   [ RunTime:0.0000s ]
NOTIC: [8] Undefined index: p D:\xampp\htdocs\new_lgx\Application\Runtime\Cache\Admin\2e6a6e0a0793ee151dc0fb7dd2f12d06.php 第 289 行.
SQL: SELECT `title` FROM `wx_weixin_catch_news_column` WHERE `id` = 1 LIMIT 1   [ RunTime:0.0010s ]
NOTIC: [8] Undefined index: p D:\xampp\htdocs\new_lgx\Application\Runtime\Cache\Admin\2e6a6e0a0793ee151dc0fb7dd2f12d06.php 第 289 行.
SQL: SELECT `title` FROM `wx_weixin_catch_news_column` WHERE `id` = 1 LIMIT 1   [ RunTime:0.0000s ]
NOTIC: [8] Undefined index: p D:\xampp\htdocs\new_lgx\Application\Runtime\Cache\Admin\2e6a6e0a0793ee151dc0fb7dd2f12d06.php 第 289 行.
SQL: SELECT `title` FROM `wx_weixin_catch_news_column` WHERE `id` = 1 LIMIT 1   [ RunTime:0.0000s ]
NOTIC: [8] Undefined index: p D:\xampp\htdocs\new_lgx\Application\Runtime\Cache\Admin\2e6a6e0a0793ee151dc0fb7dd2f12d06.php 第 289 行.
SQL: SELECT `title` FROM `wx_weixin_catch_news_column` WHERE `id` = 1 LIMIT 1   [ RunTime:0.0010s ]
NOTIC: [8] Undefined index: p D:\xampp\htdocs\new_lgx\Application\Runtime\Cache\Admin\2e6a6e0a0793ee151dc0fb7dd2f12d06.php 第 289 行.
SQL: SELECT `title` FROM `wx_weixin_catch_news_column` WHERE `id` = 1 LIMIT 1   [ RunTime:0.0000s ]
NOTIC: [8] Undefined index: p D:\xampp\htdocs\new_lgx\Application\Runtime\Cache\Admin\2e6a6e0a0793ee151dc0fb7dd2f12d06.php 第 289 行.
SQL: SELECT `title` FROM `wx_weixin_catch_news_column` WHERE `id` = 1 LIMIT 1   [ RunTime:0.0000s ]
NOTIC: [8] Undefined index: p D:\xampp\htdocs\new_lgx\Application\Runtime\Cache\Admin\2e6a6e0a0793ee151dc0fb7dd2f12d06.php 第 289 行.
SQL: SELECT `title` FROM `wx_weixin_catch_news_column` WHERE `id` = 1 LIMIT 1   [ RunTime:0.0010s ]
NOTIC: [8] Undefined index: p D:\xampp\htdocs\new_lgx\Application\Runtime\Cache\Admin\2e6a6e0a0793ee151dc0fb7dd2f12d06.php 第 289 行.
SQL: SELECT `title` FROM `wx_weixin_catch_news_column` WHERE `id` = 1 LIMIT 1   [ RunTime:0.0000s ]
NOTIC: [8] Undefined index: p D:\xampp\htdocs\new_lgx\Application\Runtime\Cache\Admin\2e6a6e0a0793ee151dc0fb7dd2f12d06.php 第 289 行.
SQL: SELECT `title` FROM `wx_weixin_catch_news_column` WHERE `id` = 1 LIMIT 1   [ RunTime:0.0000s ]
NOTIC: [8] Undefined index: p D:\xampp\htdocs\new_lgx\Application\Runtime\Cache\Admin\2e6a6e0a0793ee151dc0fb7dd2f12d06.php 第 289 行.
SQL: SELECT `title` FROM `wx_weixin_catch_news_column` WHERE `id` = 1 LIMIT 1   [ RunTime:0.0000s ]
NOTIC: [8] Undefined index: p D:\xampp\htdocs\new_lgx\Application\Runtime\Cache\Admin\2e6a6e0a0793ee151dc0fb7dd2f12d06.php 第 289 行.
SQL: SELECT `title` FROM `wx_weixin_catch_news_column` WHERE `id` = 1 LIMIT 1   [ RunTime:0.0000s ]
NOTIC: [8] Undefined index: p D:\xampp\htdocs\new_lgx\Application\Runtime\Cache\Admin\2e6a6e0a0793ee151dc0fb7dd2f12d06.php 第 289 行.
SQL: SELECT `title` FROM `wx_weixin_catch_news_column` WHERE `id` = 1 LIMIT 1   [ RunTime:0.0000s ]
NOTIC: [8] Undefined index: p D:\xampp\htdocs\new_lgx\Application\Runtime\Cache\Admin\2e6a6e0a0793ee151dc0fb7dd2f12d06.php 第 289 行.
SQL: SELECT `title` FROM `wx_weixin_catch_news_column` WHERE `id` = 1 LIMIT 1   [ RunTime:0.0000s ]
NOTIC: [8] Undefined index: p D:\xampp\htdocs\new_lgx\Application\Runtime\Cache\Admin\2e6a6e0a0793ee151dc0fb7dd2f12d06.php 第 289 行.
SQL: SELECT `title` FROM `wx_weixin_catch_news_column` WHERE `id` = 1 LIMIT 1   [ RunTime:0.0000s ]
NOTIC: [8] Undefined index: p D:\xampp\htdocs\new_lgx\Application\Runtime\Cache\Admin\2e6a6e0a0793ee151dc0fb7dd2f12d06.php 第 289 行.
SQL: SELECT `title` FROM `wx_weixin_catch_news_column` WHERE `id` = 1 LIMIT 1   [ RunTime:0.0000s ]
NOTIC: [8] Undefined index: p D:\xampp\htdocs\new_lgx\Application\Runtime\Cache\Admin\2e6a6e0a0793ee151dc0fb7dd2f12d06.php 第 289 行.
SQL: SELECT `title` FROM `wx_weixin_catch_news_column` WHERE `id` = 1 LIMIT 1   [ RunTime:0.0000s ]
NOTIC: [8] Undefined index: p D:\xampp\htdocs\new_lgx\Application\Runtime\Cache\Admin\2e6a6e0a0793ee151dc0fb7dd2f12d06.php 第 289 行.
SQL: SELECT `title` FROM `wx_weixin_catch_news_column` WHERE `id` = 1 LIMIT 1   [ RunTime:0.0000s ]
NOTIC: [8] Undefined index: p D:\xampp\htdocs\new_lgx\Application\Runtime\Cache\Admin\2e6a6e0a0793ee151dc0fb7dd2f12d06.php 第 289 行.
SQL: SELECT `title` FROM `wx_weixin_catch_news_column` WHERE `id` = 1 LIMIT 1   [ RunTime:0.0010s ]
NOTIC: [8] Undefined index: p D:\xampp\htdocs\new_lgx\Application\Runtime\Cache\Admin\2e6a6e0a0793ee151dc0fb7dd2f12d06.php 第 289 行.
SQL: SELECT `title` FROM `wx_weixin_catch_news_column` WHERE `id` = 1 LIMIT 1   [ RunTime:0.0000s ]
NOTIC: [8] Undefined index: p D:\xampp\htdocs\new_lgx\Application\Runtime\Cache\Admin\2e6a6e0a0793ee151dc0fb7dd2f12d06.php 第 289 行.
SQL: SELECT `title` FROM `wx_weixin_catch_news_column` WHERE `id` = 1 LIMIT 1   [ RunTime:0.0010s ]
NOTIC: [8] Undefined index: p D:\xampp\htdocs\new_lgx\Application\Runtime\Cache\Admin\2e6a6e0a0793ee151dc0fb7dd2f12d06.php 第 289 行.
SQL: SELECT `title` FROM `wx_weixin_catch_news_column` WHERE `id` = 1 LIMIT 1   [ RunTime:0.0000s ]
NOTIC: [8] Undefined index: p D:\xampp\htdocs\new_lgx\Application\Runtime\Cache\Admin\2e6a6e0a0793ee151dc0fb7dd2f12d06.php 第 289 行.
SQL: SELECT `title` FROM `wx_weixin_catch_news_column` WHERE `id` = 1 LIMIT 1   [ RunTime:0.0000s ]
NOTIC: [8] Undefined index: p D:\xampp\htdocs\new_lgx\Application\Runtime\Cache\Admin\2e6a6e0a0793ee151dc0fb7dd2f12d06.php 第 289 行.
SQL: SELECT `title` FROM `wx_weixin_catch_news_column` WHERE `id` = 1 LIMIT 1   [ RunTime:0.0000s ]
NOTIC: [8] Undefined index: p D:\xampp\htdocs\new_lgx\Application\Runtime\Cache\Admin\2e6a6e0a0793ee151dc0fb7dd2f12d06.php 第 289 行.
SQL: SELECT `title` FROM `wx_weixin_catch_news_column` WHERE `id` = 1 LIMIT 1   [ RunTime:0.0000s ]
NOTIC: [8] Undefined index: p D:\xampp\htdocs\new_lgx\Application\Runtime\Cache\Admin\2e6a6e0a0793ee151dc0fb7dd2f12d06.php 第 289 行.
SQL: SELECT `title` FROM `wx_weixin_catch_news_column` WHERE `id` = 1 LIMIT 1   [ RunTime:0.0010s ]
NOTIC: [8] Undefined index: p D:\xampp\htdocs\new_lgx\Application\Runtime\Cache\Admin\2e6a6e0a0793ee151dc0fb7dd2f12d06.php 第 289 行.
SQL: SELECT `title` FROM `wx_weixin_catch_news_column` WHERE `id` = 1 LIMIT 1   [ RunTime:0.0000s ]
NOTIC: [8] Undefined index: p D:\xampp\htdocs\new_lgx\Application\Runtime\Cache\Admin\2e6a6e0a0793ee151dc0fb7dd2f12d06.php 第 289 行.
SQL: SELECT `title` FROM `wx_weixin_catch_news_column` WHERE `id` = 1 LIMIT 1   [ RunTime:0.0000s ]
NOTIC: [8] Undefined index: p D:\xampp\htdocs\new_lgx\Application\Runtime\Cache\Admin\2e6a6e0a0793ee151dc0fb7dd2f12d06.php 第 289 行.
SQL: SELECT `title` FROM `wx_weixin_catch_news_column` WHERE `id` = 1 LIMIT 1   [ RunTime:0.0000s ]
NOTIC: [8] Undefined index: p D:\xampp\htdocs\new_lgx\Application\Runtime\Cache\Admin\2e6a6e0a0793ee151dc0fb7dd2f12d06.php 第 289 行.
SQL: SELECT `title` FROM `wx_weixin_catch_news_column` WHERE `id` = 1 LIMIT 1   [ RunTime:0.0000s ]
NOTIC: [8] Undefined index: p D:\xampp\htdocs\new_lgx\Application\Runtime\Cache\Admin\2e6a6e0a0793ee151dc0fb7dd2f12d06.php 第 289 行.
SQL: SELECT `title` FROM `wx_weixin_catch_news_column` WHERE `id` = 1 LIMIT 1   [ RunTime:0.0000s ]
NOTIC: [8] Undefined index: p D:\xampp\htdocs\new_lgx\Application\Runtime\Cache\Admin\2e6a6e0a0793ee151dc0fb7dd2f12d06.php 第 289 行.
SQL: SELECT `title` FROM `wx_weixin_catch_news_column` WHERE `id` = 1 LIMIT 1   [ RunTime:0.0000s ]
NOTIC: [8] Undefined index: p D:\xampp\htdocs\new_lgx\Application\Runtime\Cache\Admin\2e6a6e0a0793ee151dc0fb7dd2f12d06.php 第 289 行.
SQL: SELECT `title` FROM `wx_weixin_catch_news_column` WHERE `id` = 1 LIMIT 1   [ RunTime:0.0000s ]
NOTIC: [8] Undefined index: p D:\xampp\htdocs\new_lgx\Application\Runtime\Cache\Admin\2e6a6e0a0793ee151dc0fb7dd2f12d06.php 第 289 行.
SQL: SELECT `title` FROM `wx_weixin_catch_news_column` WHERE `id` = 1 LIMIT 1   [ RunTime:0.0000s ]
NOTIC: [8] Undefined index: p D:\xampp\htdocs\new_lgx\Application\Runtime\Cache\Admin\2e6a6e0a0793ee151dc0fb7dd2f12d06.php 第 289 行.
SQL: SELECT `title` FROM `wx_weixin_catch_news_column` WHERE `id` = 1 LIMIT 1   [ RunTime:0.0000s ]
NOTIC: [8] Undefined index: p D:\xampp\htdocs\new_lgx\Application\Runtime\Cache\Admin\2e6a6e0a0793ee151dc0fb7dd2f12d06.php 第 289 行.
SQL: SELECT `title` FROM `wx_weixin_catch_news_column` WHERE `id` = 1 LIMIT 1   [ RunTime:0.0000s ]
NOTIC: [8] Undefined index: p D:\xampp\htdocs\new_lgx\Application\Runtime\Cache\Admin\2e6a6e0a0793ee151dc0fb7dd2f12d06.php 第 289 行.
SQL: SELECT `title` FROM `wx_weixin_catch_news_column` WHERE `id` = 1 LIMIT 1   [ RunTime:0.0000s ]
NOTIC: [8] Undefined index: p D:\xampp\htdocs\new_lgx\Application\Runtime\Cache\Admin\2e6a6e0a0793ee151dc0fb7dd2f12d06.php 第 289 行.
SQL: SELECT `title` FROM `wx_weixin_catch_news_column` WHERE `id` = 1 LIMIT 1   [ RunTime:0.0000s ]
NOTIC: [8] Undefined index: p D:\xampp\htdocs\new_lgx\Application\Runtime\Cache\Admin\2e6a6e0a0793ee151dc0fb7dd2f12d06.php 第 289 行.
SQL: SELECT `title` FROM `wx_weixin_catch_news_column` WHERE `id` = 1 LIMIT 1   [ RunTime:0.0000s ]
NOTIC: [8] Undefined index: p D:\xampp\htdocs\new_lgx\Application\Runtime\Cache\Admin\2e6a6e0a0793ee151dc0fb7dd2f12d06.php 第 289 行.
SQL: SELECT `title` FROM `wx_weixin_catch_news_column` WHERE `id` = 1 LIMIT 1   [ RunTime:0.0010s ]
NOTIC: [8] Undefined index: p D:\xampp\htdocs\new_lgx\Application\Runtime\Cache\Admin\2e6a6e0a0793ee151dc0fb7dd2f12d06.php 第 289 行.
SQL: SELECT `title` FROM `wx_weixin_catch_news_column` WHERE `id` = 1 LIMIT 1   [ RunTime:0.0000s ]
NOTIC: [8] Undefined index: p D:\xampp\htdocs\new_lgx\Application\Runtime\Cache\Admin\2e6a6e0a0793ee151dc0fb7dd2f12d06.php 第 289 行.
SQL: SELECT `title` FROM `wx_weixin_catch_news_column` WHERE `id` = 1 LIMIT 1   [ RunTime:0.0000s ]
NOTIC: [8] Undefined index: p D:\xampp\htdocs\new_lgx\Application\Runtime\Cache\Admin\2e6a6e0a0793ee151dc0fb7dd2f12d06.php 第 289 行.
SQL: SELECT `title` FROM `wx_weixin_catch_news_column` WHERE `id` = 1 LIMIT 1   [ RunTime:0.0000s ]
NOTIC: [8] Undefined index: p D:\xampp\htdocs\new_lgx\Application\Runtime\Cache\Admin\2e6a6e0a0793ee151dc0fb7dd2f12d06.php 第 289 行.
SQL: SELECT `title` FROM `wx_weixin_catch_news_column` WHERE `id` = 1 LIMIT 1   [ RunTime:0.0000s ]
NOTIC: [8] Undefined index: p D:\xampp\htdocs\new_lgx\Application\Runtime\Cache\Admin\2e6a6e0a0793ee151dc0fb7dd2f12d06.php 第 289 行.
SQL: SELECT `title` FROM `wx_weixin_catch_news_column` WHERE `id` = 1 LIMIT 1   [ RunTime:0.0000s ]
NOTIC: [8] Undefined index: p D:\xampp\htdocs\new_lgx\Application\Runtime\Cache\Admin\2e6a6e0a0793ee151dc0fb7dd2f12d06.php 第 289 行.
SQL: SELECT `title` FROM `wx_weixin_catch_news_column` WHERE `id` = 1 LIMIT 1   [ RunTime:0.0000s ]
NOTIC: [8] Undefined index: p D:\xampp\htdocs\new_lgx\Application\Runtime\Cache\Admin\2e6a6e0a0793ee151dc0fb7dd2f12d06.php 第 289 行.
SQL: SELECT `title` FROM `wx_weixin_catch_news_column` WHERE `id` = 1 LIMIT 1   [ RunTime:0.0000s ]
NOTIC: [8] Undefined index: p D:\xampp\htdocs\new_lgx\Application\Runtime\Cache\Admin\2e6a6e0a0793ee151dc0fb7dd2f12d06.php 第 289 行.
SQL: SELECT `title` FROM `wx_weixin_catch_news_column` WHERE `id` = 1 LIMIT 1   [ RunTime:0.0000s ]
NOTIC: [8] Undefined index: p D:\xampp\htdocs\new_lgx\Application\Runtime\Cache\Admin\2e6a6e0a0793ee151dc0fb7dd2f12d06.php 第 289 行.
SQL: SELECT `title` FROM `wx_weixin_catch_news_column` WHERE `id` = 1 LIMIT 1   [ RunTime:0.0000s ]
NOTIC: [8] Undefined index: p D:\xampp\htdocs\new_lgx\Application\Runtime\Cache\Admin\2e6a6e0a0793ee151dc0fb7dd2f12d06.php 第 289 行.
SQL: SELECT `title` FROM `wx_weixin_catch_news_column` WHERE `id` = 1 LIMIT 1   [ RunTime:0.0010s ]
NOTIC: [8] Undefined index: p D:\xampp\htdocs\new_lgx\Application\Runtime\Cache\Admin\2e6a6e0a0793ee151dc0fb7dd2f12d06.php 第 289 行.
SQL: SELECT `title` FROM `wx_weixin_catch_news_column` WHERE `id` = 1 LIMIT 1   [ RunTime:0.0000s ]
NOTIC: [8] Undefined index: p D:\xampp\htdocs\new_lgx\Application\Runtime\Cache\Admin\2e6a6e0a0793ee151dc0fb7dd2f12d06.php 第 289 行.
SQL: SELECT `title` FROM `wx_weixin_catch_news_column` WHERE `id` = 1 LIMIT 1   [ RunTime:0.0000s ]
NOTIC: [8] Undefined index: p D:\xampp\htdocs\new_lgx\Application\Runtime\Cache\Admin\2e6a6e0a0793ee151dc0fb7dd2f12d06.php 第 289 行.
SQL: SELECT `title` FROM `wx_weixin_catch_news_column` WHERE `id` = 1 LIMIT 1   [ RunTime:0.0000s ]
NOTIC: [8] Undefined index: p D:\xampp\htdocs\new_lgx\Application\Runtime\Cache\Admin\2e6a6e0a0793ee151dc0fb7dd2f12d06.php 第 289 行.
SQL: SELECT `title` FROM `wx_weixin_catch_news_column` WHERE `id` = 1 LIMIT 1   [ RunTime:0.0000s ]
NOTIC: [8] Undefined index: p D:\xampp\htdocs\new_lgx\Application\Runtime\Cache\Admin\2e6a6e0a0793ee151dc0fb7dd2f12d06.php 第 289 行.
SQL: SELECT `title` FROM `wx_weixin_catch_news_column` WHERE `id` = 1 LIMIT 1   [ RunTime:0.0000s ]
NOTIC: [8] Undefined index: p D:\xampp\htdocs\new_lgx\Application\Runtime\Cache\Admin\2e6a6e0a0793ee151dc0fb7dd2f12d06.php 第 289 行.
SQL: SELECT `title` FROM `wx_weixin_catch_news_column` WHERE `id` = 1 LIMIT 1   [ RunTime:0.0000s ]
NOTIC: [8] Undefined index: p D:\xampp\htdocs\new_lgx\Application\Runtime\Cache\Admin\2e6a6e0a0793ee151dc0fb7dd2f12d06.php 第 289 行.
SQL: SELECT `title` FROM `wx_weixin_catch_news_column` WHERE `id` = 1 LIMIT 1   [ RunTime:0.0010s ]
NOTIC: [8] Undefined index: p D:\xampp\htdocs\new_lgx\Application\Runtime\Cache\Admin\2e6a6e0a0793ee151dc0fb7dd2f12d06.php 第 289 行.
SQL: SELECT `title` FROM `wx_weixin_catch_news_column` WHERE `id` = 1 LIMIT 1   [ RunTime:0.0000s ]
NOTIC: [8] Undefined index: p D:\xampp\htdocs\new_lgx\Application\Runtime\Cache\Admin\2e6a6e0a0793ee151dc0fb7dd2f12d06.php 第 289 行.
SQL: SELECT `title` FROM `wx_weixin_catch_news_column` WHERE `id` = 1 LIMIT 1   [ RunTime:0.0010s ]
NOTIC: [8] Undefined index: p D:\xampp\htdocs\new_lgx\Application\Runtime\Cache\Admin\2e6a6e0a0793ee151dc0fb7dd2f12d06.php 第 289 行.
SQL: SELECT `title` FROM `wx_weixin_catch_news_column` WHERE `id` = 1 LIMIT 1   [ RunTime:0.0000s ]
NOTIC: [8] Undefined index: p D:\xampp\htdocs\new_lgx\Application\Runtime\Cache\Admin\2e6a6e0a0793ee151dc0fb7dd2f12d06.php 第 289 行.
SQL: SELECT `title` FROM `wx_weixin_catch_news_column` WHERE `id` = 1 LIMIT 1   [ RunTime:0.0000s ]
NOTIC: [8] Undefined index: p D:\xampp\htdocs\new_lgx\Application\Runtime\Cache\Admin\2e6a6e0a0793ee151dc0fb7dd2f12d06.php 第 289 行.
SQL: SELECT `title` FROM `wx_weixin_catch_news_column` WHERE `id` = 1 LIMIT 1   [ RunTime:0.0010s ]
NOTIC: [8] Undefined index: p D:\xampp\htdocs\new_lgx\Application\Runtime\Cache\Admin\2e6a6e0a0793ee151dc0fb7dd2f12d06.php 第 289 行.
SQL: SELECT `title` FROM `wx_weixin_catch_news_column` WHERE `id` = 1 LIMIT 1   [ RunTime:0.0000s ]
NOTIC: [8] Undefined index: p D:\xampp\htdocs\new_lgx\Application\Runtime\Cache\Admin\2e6a6e0a0793ee151dc0fb7dd2f12d06.php 第 289 行.
SQL: SELECT `title` FROM `wx_weixin_catch_news_column` WHERE `id` = 1 LIMIT 1   [ RunTime:0.0000s ]
NOTIC: [8] Undefined index: p D:\xampp\htdocs\new_lgx\Application\Runtime\Cache\Admin\2e6a6e0a0793ee151dc0fb7dd2f12d06.php 第 289 行.
SQL: SELECT `title` FROM `wx_weixin_catch_news_column` WHERE `id` = 1 LIMIT 1   [ RunTime:0.0000s ]
NOTIC: [8] Undefined index: p D:\xampp\htdocs\new_lgx\Application\Runtime\Cache\Admin\2e6a6e0a0793ee151dc0fb7dd2f12d06.php 第 289 行.
SQL: SELECT `title` FROM `wx_weixin_catch_news_column` WHERE `id` = 1 LIMIT 1   [ RunTime:0.0000s ]
NOTIC: [8] Undefined index: p D:\xampp\htdocs\new_lgx\Application\Runtime\Cache\Admin\2e6a6e0a0793ee151dc0fb7dd2f12d06.php 第 289 行.
SQL: SELECT `title` FROM `wx_weixin_catch_news_column` WHERE `id` = 1 LIMIT 1   [ RunTime:0.0000s ]
NOTIC: [8] Undefined index: p D:\xampp\htdocs\new_lgx\Application\Runtime\Cache\Admin\2e6a6e0a0793ee151dc0fb7dd2f12d06.php 第 289 行.
SQL: SELECT `title` FROM `wx_weixin_catch_news_column` WHERE `id` = 1 LIMIT 1   [ RunTime:0.0000s ]
NOTIC: [8] Undefined index: p D:\xampp\htdocs\new_lgx\Application\Runtime\Cache\Admin\2e6a6e0a0793ee151dc0fb7dd2f12d06.php 第 289 行.
SQL: SELECT `title` FROM `wx_weixin_catch_news_column` WHERE `id` = 1 LIMIT 1   [ RunTime:0.0010s ]
NOTIC: [8] Undefined index: p D:\xampp\htdocs\new_lgx\Application\Runtime\Cache\Admin\2e6a6e0a0793ee151dc0fb7dd2f12d06.php 第 289 行.
SQL: SELECT `title` FROM `wx_weixin_catch_news_column` WHERE `id` = 1 LIMIT 1   [ RunTime:0.0000s ]
NOTIC: [8] Undefined index: p D:\xampp\htdocs\new_lgx\Application\Runtime\Cache\Admin\2e6a6e0a0793ee151dc0fb7dd2f12d06.php 第 289 行.
SQL: SELECT `title` FROM `wx_weixin_catch_news_column` WHERE `id` = 1 LIMIT 1   [ RunTime:0.0000s ]
NOTIC: [8] Undefined index: p D:\xampp\htdocs\new_lgx\Application\Runtime\Cache\Admin\2e6a6e0a0793ee151dc0fb7dd2f12d06.php 第 289 行.
SQL: SELECT `title` FROM `wx_weixin_catch_news_column` WHERE `id` = 1 LIMIT 1   [ RunTime:0.0000s ]
NOTIC: [8] Undefined index: p D:\xampp\htdocs\new_lgx\Application\Runtime\Cache\Admin\2e6a6e0a0793ee151dc0fb7dd2f12d06.php 第 289 行.
SQL: SELECT `title` FROM `wx_weixin_catch_news_column` WHERE `id` = 1 LIMIT 1   [ RunTime:0.0000s ]
NOTIC: [8] Undefined index: p D:\xampp\htdocs\new_lgx\Application\Runtime\Cache\Admin\2e6a6e0a0793ee151dc0fb7dd2f12d06.php 第 289 行.
SQL: SELECT `title` FROM `wx_weixin_catch_news_column` WHERE `id` = 1 LIMIT 1   [ RunTime:0.0000s ]
NOTIC: [8] Undefined index: p D:\xampp\htdocs\new_lgx\Application\Runtime\Cache\Admin\2e6a6e0a0793ee151dc0fb7dd2f12d06.php 第 289 行.
SQL: SELECT `title` FROM `wx_weixin_catch_news_column` WHERE `id` = 1 LIMIT 1   [ RunTime:0.0000s ]
NOTIC: [8] Undefined index: p D:\xampp\htdocs\new_lgx\Application\Runtime\Cache\Admin\2e6a6e0a0793ee151dc0fb7dd2f12d06.php 第 289 行.
SQL: SELECT `title` FROM `wx_weixin_catch_news_column` WHERE `id` = 1 LIMIT 1   [ RunTime:0.0000s ]
NOTIC: [8] Undefined index: p D:\xampp\htdocs\new_lgx\Application\Runtime\Cache\Admin\2e6a6e0a0793ee151dc0fb7dd2f12d06.php 第 289 行.
SQL: SELECT `title` FROM `wx_weixin_catch_news_column` WHERE `id` = 1 LIMIT 1   [ RunTime:0.0000s ]
NOTIC: [8] Undefined index: p D:\xampp\htdocs\new_lgx\Application\Runtime\Cache\Admin\2e6a6e0a0793ee151dc0fb7dd2f12d06.php 第 289 行.
SQL: SELECT `title` FROM `wx_weixin_catch_news_column` WHERE `id` = 1 LIMIT 1   [ RunTime:0.0000s ]
NOTIC: [8] Undefined index: p D:\xampp\htdocs\new_lgx\Application\Runtime\Cache\Admin\2e6a6e0a0793ee151dc0fb7dd2f12d06.php 第 289 行.
SQL: SELECT `title` FROM `wx_weixin_catch_news_column` WHERE `id` = 1 LIMIT 1   [ RunTime:0.0000s ]
NOTIC: [8] Undefined index: p D:\xampp\htdocs\new_lgx\Application\Runtime\Cache\Admin\2e6a6e0a0793ee151dc0fb7dd2f12d06.php 第 289 行.
SQL: SELECT `title` FROM `wx_weixin_catch_news_column` WHERE `id` = 1 LIMIT 1   [ RunTime:0.0000s ]
NOTIC: [8] Undefined index: p D:\xampp\htdocs\new_lgx\Application\Runtime\Cache\Admin\2e6a6e0a0793ee151dc0fb7dd2f12d06.php 第 289 行.
SQL: SELECT `title` FROM `wx_weixin_catch_news_column` WHERE `id` = 1 LIMIT 1   [ RunTime:0.0000s ]
NOTIC: [8] Undefined index: p D:\xampp\htdocs\new_lgx\Application\Runtime\Cache\Admin\2e6a6e0a0793ee151dc0fb7dd2f12d06.php 第 289 行.
SQL: SELECT `title` FROM `wx_weixin_catch_news_column` WHERE `id` = 1 LIMIT 1   [ RunTime:0.0000s ]
NOTIC: [8] Undefined index: p D:\xampp\htdocs\new_lgx\Application\Runtime\Cache\Admin\2e6a6e0a0793ee151dc0fb7dd2f12d06.php 第 289 行.
SQL: SELECT `title` FROM `wx_weixin_catch_news_column` WHERE `id` = 1 LIMIT 1   [ RunTime:0.0010s ]
NOTIC: [8] Undefined index: p D:\xampp\htdocs\new_lgx\Application\Runtime\Cache\Admin\2e6a6e0a0793ee151dc0fb7dd2f12d06.php 第 289 行.
SQL: SELECT `title` FROM `wx_weixin_catch_news_column` WHERE `id` = 1 LIMIT 1   [ RunTime:0.0000s ]
NOTIC: [8] Undefined index: p D:\xampp\htdocs\new_lgx\Application\Runtime\Cache\Admin\2e6a6e0a0793ee151dc0fb7dd2f12d06.php 第 289 行.
SQL: SELECT `title` FROM `wx_weixin_catch_news_column` WHERE `id` = 1 LIMIT 1   [ RunTime:0.0000s ]
NOTIC: [8] Undefined index: p D:\xampp\htdocs\new_lgx\Application\Runtime\Cache\Admin\2e6a6e0a0793ee151dc0fb7dd2f12d06.php 第 289 行.
SQL: SELECT `title` FROM `wx_weixin_catch_news_column` WHERE `id` = 1 LIMIT 1   [ RunTime:0.0000s ]
NOTIC: [8] Undefined index: p D:\xampp\htdocs\new_lgx\Application\Runtime\Cache\Admin\2e6a6e0a0793ee151dc0fb7dd2f12d06.php 第 289 行.
SQL: SELECT `title` FROM `wx_weixin_catch_news_column` WHERE `id` = 1 LIMIT 1   [ RunTime:0.0000s ]
NOTIC: [8] Undefined index: p D:\xampp\htdocs\new_lgx\Application\Runtime\Cache\Admin\2e6a6e0a0793ee151dc0fb7dd2f12d06.php 第 289 行.
SQL: SELECT `title` FROM `wx_weixin_catch_news_column` WHERE `id` = 1 LIMIT 1   [ RunTime:0.0000s ]
NOTIC: [8] Undefined index: p D:\xampp\htdocs\new_lgx\Application\Runtime\Cache\Admin\2e6a6e0a0793ee151dc0fb7dd2f12d06.php 第 289 行.
SQL: SELECT `title` FROM `wx_weixin_catch_news_column` WHERE `id` = 1 LIMIT 1   [ RunTime:0.0000s ]
NOTIC: [8] Undefined index: p D:\xampp\htdocs\new_lgx\Application\Runtime\Cache\Admin\2e6a6e0a0793ee151dc0fb7dd2f12d06.php 第 289 行.
SQL: SELECT `title` FROM `wx_weixin_catch_news_column` WHERE `id` = 1 LIMIT 1   [ RunTime:0.0010s ]
NOTIC: [8] Undefined index: p D:\xampp\htdocs\new_lgx\Application\Runtime\Cache\Admin\2e6a6e0a0793ee151dc0fb7dd2f12d06.php 第 289 行.
SQL: SELECT `title` FROM `wx_weixin_catch_news_column` WHERE `id` = 1 LIMIT 1   [ RunTime:0.0000s ]
NOTIC: [8] Undefined index: p D:\xampp\htdocs\new_lgx\Application\Runtime\Cache\Admin\2e6a6e0a0793ee151dc0fb7dd2f12d06.php 第 289 行.
SQL: SELECT `title` FROM `wx_weixin_catch_news_column` WHERE `id` = 1 LIMIT 1   [ RunTime:0.0000s ]
NOTIC: [8] Undefined index: p D:\xampp\htdocs\new_lgx\Application\Runtime\Cache\Admin\2e6a6e0a0793ee151dc0fb7dd2f12d06.php 第 289 行.
INFO: Run Behavior\ParseTemplateBehavior [ RunTime:0.062004s ]
INFO: [ view_parse ] --END-- [ RunTime:0.062004s ]
INFO: [ view_filter ] --START--
INFO: Run Behavior\WriteHtmlCacheBehavior [ RunTime:0.001000s ]
INFO: [ view_filter ] --END-- [ RunTime:0.001000s ]
INFO: [ app_end ] --START--
INFO: Run Behavior\ShowPageTraceBehavior [ RunTime:0.001000s ]
INFO: [ app_end ] --END-- [ RunTime:0.001000s ]

