[ 2017-08-29T11:43:26+08:00 ] ::1 /new_lgx/admin
INFO: [ app_init ] --START--
INFO: Run Behavior\BuildLiteBehavior [ RunTime:0.000000s ]
INFO: [ app_init ] --END-- [ RunTime:0.000000s ]
INFO: [ app_begin ] --START--
INFO: Run Behavior\ReadHtmlCacheBehavior [ RunTime:0.001000s ]
INFO: [ app_begin ] --END-- [ RunTime:0.001000s ]

[ 2017-08-29T11:43:26+08:00 ] ::1 /new_lgx/Admin/Index/login.html
INFO: [ app_init ] --START--
INFO: Run Behavior\BuildLiteBehavior [ RunTime:0.000000s ]
INFO: [ app_init ] --END-- [ RunTime:0.000500s ]
INFO: [ app_begin ] --START--
INFO: Run Behavior\ReadHtmlCacheBehavior [ RunTime:0.000500s ]
INFO: [ app_begin ] --END-- [ RunTime:0.000500s ]
INFO: [ view_parse ] --START--
INFO: [ template_filter ] --START--
INFO: Run Behavior\ContentReplaceBehavior [ RunTime:0.000000s ]
INFO: [ template_filter ] --END-- [ RunTime:0.000000s ]
INFO: Run Behavior\ParseTemplateBehavior [ RunTime:0.038005s ]
INFO: [ view_parse ] --END-- [ RunTime:0.038005s ]
INFO: [ view_filter ] --START--
INFO: Run Behavior\WriteHtmlCacheBehavior [ RunTime:0.002000s ]
INFO: [ view_filter ] --END-- [ RunTime:0.002000s ]
INFO: [ app_end ] --START--
INFO: Run Behavior\ShowPageTraceBehavior [ RunTime:0.001000s ]
INFO: [ app_end ] --END-- [ RunTime:0.001000s ]

[ 2017-08-29T11:43:26+08:00 ] ::1 /new_lgx/Admin/Index/verify
INFO: [ app_init ] --START--
INFO: Run Behavior\BuildLiteBehavior [ RunTime:0.000000s ]
INFO: [ app_init ] --END-- [ RunTime:0.000500s ]
INFO: [ app_begin ] --START--
INFO: Run Behavior\ReadHtmlCacheBehavior [ RunTime:0.001000s ]
INFO: [ app_begin ] --END-- [ RunTime:0.001000s ]
INFO: [ app_end ] --START--
INFO: Run Behavior\ShowPageTraceBehavior [ RunTime:0.001000s ]
INFO: [ app_end ] --END-- [ RunTime:0.001000s ]

[ 2017-08-29T11:43:32+08:00 ] ::1 /new_lgx/Admin/Index/checkverify.html
INFO: [ app_init ] --START--
INFO: Run Behavior\BuildLiteBehavior [ RunTime:0.000000s ]
INFO: [ app_init ] --END-- [ RunTime:0.000000s ]
INFO: [ app_begin ] --START--
INFO: Run Behavior\ReadHtmlCacheBehavior [ RunTime:0.000500s ]
INFO: [ app_begin ] --END-- [ RunTime:0.000500s ]
INFO: [ app_end ] --START--
INFO: Run Behavior\ShowPageTraceBehavior [ RunTime:0.000500s ]
INFO: [ app_end ] --END-- [ RunTime:0.000500s ]

[ 2017-08-29T11:43:33+08:00 ] ::1 /new_lgx/Admin/Index/verify/0.42556333192246476
INFO: [ app_init ] --START--
INFO: Run Behavior\BuildLiteBehavior [ RunTime:0.000000s ]
INFO: [ app_init ] --END-- [ RunTime:0.000000s ]
INFO: [ app_begin ] --START--
INFO: Run Behavior\ReadHtmlCacheBehavior [ RunTime:0.000500s ]
INFO: [ app_begin ] --END-- [ RunTime:0.000500s ]
INFO: [ app_end ] --START--
INFO: Run Behavior\ShowPageTraceBehavior [ RunTime:0.000500s ]
INFO: [ app_end ] --END-- [ RunTime:0.000500s ]

[ 2017-08-29T11:43:37+08:00 ] ::1 /new_lgx/Admin/Index/checkverify.html
INFO: [ app_init ] --START--
INFO: Run Behavior\BuildLiteBehavior [ RunTime:0.000000s ]
INFO: [ app_init ] --END-- [ RunTime:0.000500s ]
INFO: [ app_begin ] --START--
INFO: Run Behavior\ReadHtmlCacheBehavior [ RunTime:0.000500s ]
INFO: [ app_begin ] --END-- [ RunTime:0.000500s ]
SQL: SHOW COLUMNS FROM `wx_admin` [ RunTime:0.0790s ]
SQL: SELECT * FROM `wx_admin` WHERE `username` = 'admin' LIMIT 1   [ RunTime:0.0005s ]
INFO: [ app_end ] --START--
INFO: Run Behavior\ShowPageTraceBehavior [ RunTime:0.001000s ]
INFO: [ app_end ] --END-- [ RunTime:0.001000s ]

[ 2017-08-29T11:43:37+08:00 ] ::1 /new_lgx/Admin/Index/index.html
INFO: [ app_init ] --START--
INFO: Run Behavior\BuildLiteBehavior [ RunTime:0.000000s ]
INFO: [ app_init ] --END-- [ RunTime:0.000500s ]
INFO: [ app_begin ] --START--
INFO: Run Behavior\ReadHtmlCacheBehavior [ RunTime:0.000500s ]
INFO: [ app_begin ] --END-- [ RunTime:0.000500s ]
SQL: SHOW COLUMNS FROM `wx_column` [ RunTime:0.0500s ]
SQL: SELECT `column_name` FROM `wx_column` WHERE `column_id` = 1 LIMIT 1   [ RunTime:0.0085s ]
SQL: SELECT `column_name` FROM `wx_column` WHERE `column_id` = 147 LIMIT 1   [ RunTime:0.0025s ]
SQL: SELECT `column_name` FROM `wx_column` WHERE `column_id` = 147 LIMIT 1   [ RunTime:0.0000s ]
SQL: SHOW COLUMNS FROM `wx_admin` [ RunTime:0.0115s ]
SQL: SELECT `group_id` FROM `wx_admin` WHERE `admin_id` = 1 LIMIT 1   [ RunTime:0.0005s ]
SQL: SELECT * FROM `wx_column` WHERE `pid` = 0 ORDER BY column_id asc  [ RunTime:0.0005s ]
SQL: SELECT `group_id` FROM `wx_admin` WHERE `admin_id` = 1 LIMIT 1   [ RunTime:0.0000s ]
SQL: SELECT * FROM `wx_column` WHERE `pid` = 1 ORDER BY sort_order asc  [ RunTime:0.0010s ]
INFO: [ view_parse ] --START--
INFO: [ template_filter ] --START--
INFO: Run Behavior\ContentReplaceBehavior [ RunTime:0.000000s ]
INFO: [ template_filter ] --END-- [ RunTime:0.000000s ]
SQL: SELECT `realname` FROM `wx_admin` WHERE `admin_id` = 1 LIMIT 1   [ RunTime:0.0000s ]
SQL: SELECT * FROM `wx_column` WHERE `pid` = 1 ORDER BY sort_order DESC  [ RunTime:0.0000s ]
SQL: SELECT * FROM `wx_column` WHERE `pid` = 14 ORDER BY sort_order DESC  [ RunTime:0.0000s ]
SQL: SELECT * FROM `wx_column` WHERE `pid` = 15 ORDER BY sort_order DESC  [ RunTime:0.0005s ]
SQL: SELECT * FROM `wx_column` WHERE `pid` = 16 ORDER BY sort_order DESC  [ RunTime:0.0005s ]
SQL: SELECT * FROM `wx_column` WHERE `pid` = 644 ORDER BY sort_order DESC  [ RunTime:0.0000s ]
SQL: SELECT * FROM `wx_column` WHERE `pid` = 645 ORDER BY sort_order DESC  [ RunTime:0.0000s ]
SQL: SELECT * FROM `wx_column` WHERE `pid` = 646 ORDER BY sort_order DESC  [ RunTime:0.0005s ]
NOTIC: [8192] mysql_get_server_info(): The mysql extension is deprecated and will be removed in the future: use mysqli or PDO instead D:\xampp\htdocs\new_lgx\Application\Runtime\Cache\Admin\b595b808c2ebeeeb0478ffc30bb4e87a.php 第 271 行.
INFO: Run Behavior\ParseTemplateBehavior [ RunTime:0.093512s ]
INFO: [ view_parse ] --END-- [ RunTime:0.093512s ]
INFO: [ view_filter ] --START--
INFO: Run Behavior\WriteHtmlCacheBehavior [ RunTime:0.000500s ]
INFO: [ view_filter ] --END-- [ RunTime:0.000500s ]
INFO: [ app_end ] --START--
INFO: Run Behavior\ShowPageTraceBehavior [ RunTime:0.000500s ]
INFO: [ app_end ] --END-- [ RunTime:0.000500s ]

[ 2017-08-29T11:43:39+08:00 ] ::1 /new_lgx/Admin/Index/column/column_id/14.html
INFO: [ app_init ] --START--
INFO: Run Behavior\BuildLiteBehavior [ RunTime:0.000000s ]
INFO: [ app_init ] --END-- [ RunTime:0.000500s ]
INFO: [ app_begin ] --START--
INFO: Run Behavior\ReadHtmlCacheBehavior [ RunTime:0.000500s ]
INFO: [ app_begin ] --END-- [ RunTime:0.000500s ]
SQL: SHOW COLUMNS FROM `wx_column` [ RunTime:0.0035s ]
SQL: SELECT `keyword` FROM `wx_column` WHERE `column_id` = 14 LIMIT 1   [ RunTime:0.0005s ]

[ 2017-08-29T11:43:39+08:00 ] ::1 /new_lgx/Admin/weixin/index.html
INFO: [ app_init ] --START--
INFO: Run Behavior\BuildLiteBehavior [ RunTime:0.000000s ]
INFO: [ app_init ] --END-- [ RunTime:0.000500s ]
INFO: [ app_begin ] --START--
INFO: Run Behavior\ReadHtmlCacheBehavior [ RunTime:0.000500s ]
INFO: [ app_begin ] --END-- [ RunTime:0.001000s ]
SQL: SHOW COLUMNS FROM `wx_admin` [ RunTime:0.0075s ]
SQL: SELECT `group_id` FROM `wx_admin` WHERE `admin_id` = 1 LIMIT 1   [ RunTime:0.0005s ]
SQL: SHOW COLUMNS FROM `wx_column` [ RunTime:0.0025s ]
SQL: SELECT * FROM `wx_column` WHERE `pid` = 0 ORDER BY column_id asc  [ RunTime:0.0005s ]
SQL: SELECT `column_name` FROM `wx_column` WHERE `column_id` = 14 LIMIT 1   [ RunTime:0.0005s ]
SQL: SELECT `column_name` FROM `wx_column` WHERE `column_id` = 0 LIMIT 1   [ RunTime:0.0000s ]
SQL: SELECT `column_name` FROM `wx_column` WHERE `column_id` = 0 LIMIT 1   [ RunTime:0.0000s ]
SQL: SELECT `group_id` FROM `wx_admin` WHERE `admin_id` = 1 LIMIT 1   [ RunTime:0.0005s ]
SQL: SELECT * FROM `wx_column` WHERE `pid` = 0 ORDER BY column_id asc  [ RunTime:0.0000s ]
SQL: SELECT `group_id` FROM `wx_admin` WHERE `admin_id` = 1 LIMIT 1   [ RunTime:0.0000s ]
SQL: SELECT * FROM `wx_column` WHERE `pid` = 14 ORDER BY sort_order asc  [ RunTime:0.0005s ]
INFO: [ view_parse ] --START--
INFO: [ template_filter ] --START--
INFO: Run Behavior\ContentReplaceBehavior [ RunTime:0.000000s ]
INFO: [ template_filter ] --END-- [ RunTime:0.000000s ]
SQL: SELECT `realname` FROM `wx_admin` WHERE `admin_id` = 1 LIMIT 1   [ RunTime:0.0005s ]
NOTIC: [8] Undefined variable: open D:\xampp\htdocs\new_lgx\Application\Runtime\Cache\Admin\76fd484450a0dd02b6c26a519be5a044.php 第 134 行.
NOTIC: [8] Undefined variable: open D:\xampp\htdocs\new_lgx\Application\Runtime\Cache\Admin\76fd484450a0dd02b6c26a519be5a044.php 第 141 行.
SQL: SELECT * FROM `wx_column` WHERE `pid` = 15 ORDER BY sort_order DESC  [ RunTime:0.0010s ]
NOTIC: [8] Undefined variable: active D:\xampp\htdocs\new_lgx\Application\Runtime\Cache\Admin\76fd484450a0dd02b6c26a519be5a044.php 第 146 行.
NOTIC: [8] Undefined variable: active D:\xampp\htdocs\new_lgx\Application\Runtime\Cache\Admin\76fd484450a0dd02b6c26a519be5a044.php 第 146 行.
NOTIC: [8] Undefined variable: open D:\xampp\htdocs\new_lgx\Application\Runtime\Cache\Admin\76fd484450a0dd02b6c26a519be5a044.php 第 134 行.
NOTIC: [8] Undefined variable: open D:\xampp\htdocs\new_lgx\Application\Runtime\Cache\Admin\76fd484450a0dd02b6c26a519be5a044.php 第 141 行.
SQL: SELECT * FROM `wx_column` WHERE `pid` = 16 ORDER BY sort_order DESC  [ RunTime:0.0005s ]
NOTIC: [8] Undefined variable: active D:\xampp\htdocs\new_lgx\Application\Runtime\Cache\Admin\76fd484450a0dd02b6c26a519be5a044.php 第 146 行.
NOTIC: [8] Undefined variable: active D:\xampp\htdocs\new_lgx\Application\Runtime\Cache\Admin\76fd484450a0dd02b6c26a519be5a044.php 第 146 行.
NOTIC: [8] Undefined variable: open D:\xampp\htdocs\new_lgx\Application\Runtime\Cache\Admin\76fd484450a0dd02b6c26a519be5a044.php 第 134 行.
NOTIC: [8] Undefined variable: open D:\xampp\htdocs\new_lgx\Application\Runtime\Cache\Admin\76fd484450a0dd02b6c26a519be5a044.php 第 141 行.
SQL: SELECT * FROM `wx_column` WHERE `pid` = 644 ORDER BY sort_order DESC  [ RunTime:0.0005s ]
NOTIC: [8] Undefined variable: open D:\xampp\htdocs\new_lgx\Application\Runtime\Cache\Admin\76fd484450a0dd02b6c26a519be5a044.php 第 134 行.
NOTIC: [8] Undefined variable: open D:\xampp\htdocs\new_lgx\Application\Runtime\Cache\Admin\76fd484450a0dd02b6c26a519be5a044.php 第 141 行.
SQL: SELECT * FROM `wx_column` WHERE `pid` = 645 ORDER BY sort_order DESC  [ RunTime:0.0005s ]
NOTIC: [8] Undefined variable: active D:\xampp\htdocs\new_lgx\Application\Runtime\Cache\Admin\76fd484450a0dd02b6c26a519be5a044.php 第 146 行.
NOTIC: [8] Undefined variable: active D:\xampp\htdocs\new_lgx\Application\Runtime\Cache\Admin\76fd484450a0dd02b6c26a519be5a044.php 第 146 行.
NOTIC: [8] Undefined variable: open D:\xampp\htdocs\new_lgx\Application\Runtime\Cache\Admin\76fd484450a0dd02b6c26a519be5a044.php 第 134 行.
NOTIC: [8] Undefined variable: open D:\xampp\htdocs\new_lgx\Application\Runtime\Cache\Admin\76fd484450a0dd02b6c26a519be5a044.php 第 141 行.
SQL: SELECT * FROM `wx_column` WHERE `pid` = 646 ORDER BY sort_order DESC  [ RunTime:0.0005s ]
NOTIC: [8] Undefined variable: active D:\xampp\htdocs\new_lgx\Application\Runtime\Cache\Admin\76fd484450a0dd02b6c26a519be5a044.php 第 146 行.
NOTIC: [8] Undefined variable: active D:\xampp\htdocs\new_lgx\Application\Runtime\Cache\Admin\76fd484450a0dd02b6c26a519be5a044.php 第 146 行.
NOTIC: [8] Undefined variable: active D:\xampp\htdocs\new_lgx\Application\Runtime\Cache\Admin\76fd484450a0dd02b6c26a519be5a044.php 第 146 行.
NOTIC: [8] Undefined variable: active D:\xampp\htdocs\new_lgx\Application\Runtime\Cache\Admin\76fd484450a0dd02b6c26a519be5a044.php 第 146 行.
NOTIC: [8] Undefined variable: active D:\xampp\htdocs\new_lgx\Application\Runtime\Cache\Admin\76fd484450a0dd02b6c26a519be5a044.php 第 146 行.
NOTIC: [8] Undefined variable: active D:\xampp\htdocs\new_lgx\Application\Runtime\Cache\Admin\76fd484450a0dd02b6c26a519be5a044.php 第 146 行.
NOTIC: [8] Undefined variable: active D:\xampp\htdocs\new_lgx\Application\Runtime\Cache\Admin\76fd484450a0dd02b6c26a519be5a044.php 第 168 行.
NOTIC: [8] Undefined variable: active D:\xampp\htdocs\new_lgx\Application\Runtime\Cache\Admin\76fd484450a0dd02b6c26a519be5a044.php 第 172 行.
NOTIC: [8] Undefined variable: open D:\xampp\htdocs\new_lgx\Application\Runtime\Cache\Admin\76fd484450a0dd02b6c26a519be5a044.php 第 187 行.
SQL: SELECT * FROM `wx_column` WHERE `pid` = 1 ORDER BY sort_order DESC  [ RunTime:0.0000s ]
NOTIC: [8] Undefined variable: open D:\xampp\htdocs\new_lgx\Application\Runtime\Cache\Admin\76fd484450a0dd02b6c26a519be5a044.php 第 187 行.
SQL: SELECT * FROM `wx_column` WHERE `pid` = 14 ORDER BY sort_order DESC  [ RunTime:0.0005s ]
NOTIC: [8] Undefined variable: open D:\xampp\htdocs\new_lgx\Application\Runtime\Cache\Admin\76fd484450a0dd02b6c26a519be5a044.php 第 193 行.
NOTIC: [8] Undefined variable: open D:\xampp\htdocs\new_lgx\Application\Runtime\Cache\Admin\76fd484450a0dd02b6c26a519be5a044.php 第 198 行.
SQL: SELECT * FROM `wx_column` WHERE `pid` = 15 ORDER BY sort_order DESC  [ RunTime:0.0000s ]
NOTIC: [8] Undefined variable: active D:\xampp\htdocs\new_lgx\Application\Runtime\Cache\Admin\76fd484450a0dd02b6c26a519be5a044.php 第 203 行.
NOTIC: [8] Undefined variable: active D:\xampp\htdocs\new_lgx\Application\Runtime\Cache\Admin\76fd484450a0dd02b6c26a519be5a044.php 第 203 行.
NOTIC: [8] Undefined variable: open D:\xampp\htdocs\new_lgx\Application\Runtime\Cache\Admin\76fd484450a0dd02b6c26a519be5a044.php 第 193 行.
NOTIC: [8] Undefined variable: open D:\xampp\htdocs\new_lgx\Application\Runtime\Cache\Admin\76fd484450a0dd02b6c26a519be5a044.php 第 198 行.
SQL: SELECT * FROM `wx_column` WHERE `pid` = 16 ORDER BY sort_order DESC  [ RunTime:0.0000s ]
NOTIC: [8] Undefined variable: active D:\xampp\htdocs\new_lgx\Application\Runtime\Cache\Admin\76fd484450a0dd02b6c26a519be5a044.php 第 203 行.
NOTIC: [8] Undefined variable: active D:\xampp\htdocs\new_lgx\Application\Runtime\Cache\Admin\76fd484450a0dd02b6c26a519be5a044.php 第 203 行.
NOTIC: [8] Undefined variable: open D:\xampp\htdocs\new_lgx\Application\Runtime\Cache\Admin\76fd484450a0dd02b6c26a519be5a044.php 第 193 行.
NOTIC: [8] Undefined variable: open D:\xampp\htdocs\new_lgx\Application\Runtime\Cache\Admin\76fd484450a0dd02b6c26a519be5a044.php 第 198 行.
SQL: SELECT * FROM `wx_column` WHERE `pid` = 644 ORDER BY sort_order DESC  [ RunTime:0.0000s ]
NOTIC: [8] Undefined variable: open D:\xampp\htdocs\new_lgx\Application\Runtime\Cache\Admin\76fd484450a0dd02b6c26a519be5a044.php 第 193 行.
NOTIC: [8] Undefined variable: open D:\xampp\htdocs\new_lgx\Application\Runtime\Cache\Admin\76fd484450a0dd02b6c26a519be5a044.php 第 198 行.
SQL: SELECT * FROM `wx_column` WHERE `pid` = 645 ORDER BY sort_order DESC  [ RunTime:0.0000s ]
NOTIC: [8] Undefined variable: active D:\xampp\htdocs\new_lgx\Application\Runtime\Cache\Admin\76fd484450a0dd02b6c26a519be5a044.php 第 203 行.
NOTIC: [8] Undefined variable: active D:\xampp\htdocs\new_lgx\Application\Runtime\Cache\Admin\76fd484450a0dd02b6c26a519be5a044.php 第 203 行.
NOTIC: [8] Undefined variable: open D:\xampp\htdocs\new_lgx\Application\Runtime\Cache\Admin\76fd484450a0dd02b6c26a519be5a044.php 第 193 行.
NOTIC: [8] Undefined variable: open D:\xampp\htdocs\new_lgx\Application\Runtime\Cache\Admin\76fd484450a0dd02b6c26a519be5a044.php 第 198 行.
SQL: SELECT * FROM `wx_column` WHERE `pid` = 646 ORDER BY sort_order DESC  [ RunTime:0.0005s ]
NOTIC: [8] Undefined variable: active D:\xampp\htdocs\new_lgx\Application\Runtime\Cache\Admin\76fd484450a0dd02b6c26a519be5a044.php 第 203 行.
NOTIC: [8] Undefined variable: active D:\xampp\htdocs\new_lgx\Application\Runtime\Cache\Admin\76fd484450a0dd02b6c26a519be5a044.php 第 203 行.
NOTIC: [8] Undefined variable: active D:\xampp\htdocs\new_lgx\Application\Runtime\Cache\Admin\76fd484450a0dd02b6c26a519be5a044.php 第 203 行.
NOTIC: [8] Undefined variable: active D:\xampp\htdocs\new_lgx\Application\Runtime\Cache\Admin\76fd484450a0dd02b6c26a519be5a044.php 第 203 行.
NOTIC: [8] Undefined variable: active D:\xampp\htdocs\new_lgx\Application\Runtime\Cache\Admin\76fd484450a0dd02b6c26a519be5a044.php 第 203 行.
NOTIC: [8] Undefined variable: active D:\xampp\htdocs\new_lgx\Application\Runtime\Cache\Admin\76fd484450a0dd02b6c26a519be5a044.php 第 203 行.
NOTIC: [8] Undefined variable: baike D:\xampp\htdocs\new_lgx\Application\Runtime\Cache\Admin\76fd484450a0dd02b6c26a519be5a044.php 第 262 行.
NOTIC: [8] Undefined variable: news D:\xampp\htdocs\new_lgx\Application\Runtime\Cache\Admin\76fd484450a0dd02b6c26a519be5a044.php 第 264 行.
NOTIC: [8] Undefined variable: law D:\xampp\htdocs\new_lgx\Application\Runtime\Cache\Admin\76fd484450a0dd02b6c26a519be5a044.php 第 266 行.
NOTIC: [8] Undefined variable: jihua D:\xampp\htdocs\new_lgx\Application\Runtime\Cache\Admin\76fd484450a0dd02b6c26a519be5a044.php 第 267 行.
NOTIC: [8] Undefined variable: fenxi D:\xampp\htdocs\new_lgx\Application\Runtime\Cache\Admin\76fd484450a0dd02b6c26a519be5a044.php 第 268 行.
NOTIC: [8] Undefined variable: zhidao D:\xampp\htdocs\new_lgx\Application\Runtime\Cache\Admin\76fd484450a0dd02b6c26a519be5a044.php 第 269 行.
NOTIC: [8] Undefined variable: hetong D:\xampp\htdocs\new_lgx\Application\Runtime\Cache\Admin\76fd484450a0dd02b6c26a519be5a044.php 第 270 行.
NOTIC: [8] Undefined variable: money D:\xampp\htdocs\new_lgx\Application\Runtime\Cache\Admin\76fd484450a0dd02b6c26a519be5a044.php 第 273 行.
NOTIC: [8] Undefined variable: project D:\xampp\htdocs\new_lgx\Application\Runtime\Cache\Admin\76fd484450a0dd02b6c26a519be5a044.php 第 274 行.
NOTIC: [8] Undefined variable: member D:\xampp\htdocs\new_lgx\Application\Runtime\Cache\Admin\76fd484450a0dd02b6c26a519be5a044.php 第 275 行.
NOTIC: [8] Undefined variable: angel D:\xampp\htdocs\new_lgx\Application\Runtime\Cache\Admin\76fd484450a0dd02b6c26a519be5a044.php 第 276 行.
NOTIC: [8] Undefined variable: touzi D:\xampp\htdocs\new_lgx\Application\Runtime\Cache\Admin\76fd484450a0dd02b6c26a519be5a044.php 第 277 行.
NOTIC: [8] Undefined variable: pinggu D:\xampp\htdocs\new_lgx\Application\Runtime\Cache\Admin\76fd484450a0dd02b6c26a519be5a044.php 第 278 行.
INFO: Run Behavior\ParseTemplateBehavior [ RunTime:0.056507s ]
INFO: [ view_parse ] --END-- [ RunTime:0.056507s ]
INFO: [ view_filter ] --START--
INFO: Run Behavior\WriteHtmlCacheBehavior [ RunTime:0.004501s ]
INFO: [ view_filter ] --END-- [ RunTime:0.004501s ]
INFO: [ app_end ] --START--
INFO: Run Behavior\ShowPageTraceBehavior [ RunTime:0.002500s ]
INFO: [ app_end ] --END-- [ RunTime:0.003500s ]

[ 2017-08-29T11:43:54+08:00 ] ::1 /new_lgx/Admin/Index/verify
INFO: [ app_init ] --START--
INFO: Run Behavior\BuildLiteBehavior [ RunTime:0.000000s ]
INFO: [ app_init ] --END-- [ RunTime:0.000500s ]
INFO: [ app_begin ] --START--
INFO: Run Behavior\ReadHtmlCacheBehavior [ RunTime:0.000501s ]
INFO: [ app_begin ] --END-- [ RunTime:0.000501s ]
INFO: [ app_end ] --START--
INFO: Run Behavior\ShowPageTraceBehavior [ RunTime:0.001000s ]
INFO: [ app_end ] --END-- [ RunTime:0.001000s ]

