[ 2017-10-02T22:05:46+08:00 ] ::1 /new_lgx/admin
INFO: [ app_init ] --START--
INFO: Run Behavior\BuildLiteBehavior [ RunTime:0.000011s ]
INFO: [ app_init ] --END-- [ RunTime:0.000410s ]
INFO: [ app_begin ] --START--
INFO: Run Behavior\ReadHtmlCacheBehavior [ RunTime:0.000492s ]
INFO: [ app_begin ] --END-- [ RunTime:0.000541s ]
NOTIC: [2048] Declaration of Think\Model\MongoModel::setInc() should be compatible with Think\Model::setInc($field, $step = 1, $lazyTime = 0) D:\xampp\htdocs\new_lgx\ThinkPHP\Library\Think\Model\MongoModel.class.php ç¬¬ 17 è¡Œ.
NOTIC: [2048] Declaration of Think\Model\MongoModel::setDec() should be compatible with Think\Model::setDec($field, $step = 1, $lazyTime = 0) D:\xampp\htdocs\new_lgx\ThinkPHP\Library\Think\Model\MongoModel.class.php ç¬¬ 17 è¡Œ.
NOTIC: [2048] Declaration of Think\Db\Driver\Mongo::connect() should be compatible with Think\Db\Driver::connect($config = '', $linkNum = 0, $autoConnection = false) D:\xampp\htdocs\new_lgx\ThinkPHP\Library\Think\Db\Driver\Mongo.class.php ç¬¬ 18 è¡Œ.
NOTIC: [2048] Declaration of Think\Db\Driver\Mongo::insertAll() should be compatible with Think\Db\Driver::insertAll($dataSet, $options = Array, $replace = false) D:\xampp\htdocs\new_lgx\ThinkPHP\Library\Think\Db\Driver\Mongo.class.php ç¬¬ 18 è¡Œ.
ERR: Failed to connect to: localhost:27017: ÓÉÓÚÄ¿±ê¼ÆËã»ú»ý¼«¾Ü¾ø£¬ÎÞ·¨Á¬½Ó¡£


[ 2017-10-02T22:06:18+08:00 ] ::1 /new_lgx/admin
INFO: [ app_init ] --START--
INFO: Run Behavior\BuildLiteBehavior [ RunTime:0.000012s ]
INFO: [ app_init ] --END-- [ RunTime:0.000474s ]
INFO: [ app_begin ] --START--
INFO: Run Behavior\ReadHtmlCacheBehavior [ RunTime:0.000469s ]
INFO: [ app_begin ] --END-- [ RunTime:0.000509s ]
NOTIC: [2048] Declaration of Think\Model\MongoModel::setInc() should be compatible with Think\Model::setInc($field, $step = 1, $lazyTime = 0) D:\xampp\htdocs\new_lgx\ThinkPHP\Library\Think\Model\MongoModel.class.php ç¬¬ 17 è¡Œ.
NOTIC: [2048] Declaration of Think\Model\MongoModel::setDec() should be compatible with Think\Model::setDec($field, $step = 1, $lazyTime = 0) D:\xampp\htdocs\new_lgx\ThinkPHP\Library\Think\Model\MongoModel.class.php ç¬¬ 17 è¡Œ.
NOTIC: [2048] Declaration of Think\Db\Driver\Mongo::connect() should be compatible with Think\Db\Driver::connect($config = '', $linkNum = 0, $autoConnection = false) D:\xampp\htdocs\new_lgx\ThinkPHP\Library\Think\Db\Driver\Mongo.class.php ç¬¬ 18 è¡Œ.
NOTIC: [2048] Declaration of Think\Db\Driver\Mongo::insertAll() should be compatible with Think\Db\Driver::insertAll($dataSet, $options = Array, $replace = false) D:\xampp\htdocs\new_lgx\ThinkPHP\Library\Think\Db\Driver\Mongo.class.php ç¬¬ 18 è¡Œ.
SQL: background.getCollection(admin) [ RunTime:0.0001s ]
NOTIC: [8] Undefined index: admin_id D:\xampp\htdocs\new_lgx\Application\Admin\Controller\IndexController.class.php ç¬¬ 11 è¡Œ.
SQL: background.admin.find({"_id":null}).limit(1) [ RunTime:0.0001s ]

[ 2017-10-02T22:06:19+08:00 ] ::1 /new_lgx/Admin/Index/login.html
INFO: [ app_init ] --START--
INFO: Run Behavior\BuildLiteBehavior [ RunTime:0.000018s ]
INFO: [ app_init ] --END-- [ RunTime:0.000643s ]
INFO: [ app_begin ] --START--
INFO: Run Behavior\ReadHtmlCacheBehavior [ RunTime:0.000664s ]
INFO: [ app_begin ] --END-- [ RunTime:0.000735s ]
NOTIC: [2048] Declaration of Think\Model\MongoModel::setInc() should be compatible with Think\Model::setInc($field, $step = 1, $lazyTime = 0) D:\xampp\htdocs\new_lgx\ThinkPHP\Library\Think\Model\MongoModel.class.php ç¬¬ 17 è¡Œ.
NOTIC: [2048] Declaration of Think\Model\MongoModel::setDec() should be compatible with Think\Model::setDec($field, $step = 1, $lazyTime = 0) D:\xampp\htdocs\new_lgx\ThinkPHP\Library\Think\Model\MongoModel.class.php ç¬¬ 17 è¡Œ.
NOTIC: [2048] Declaration of Think\Db\Driver\Mongo::connect() should be compatible with Think\Db\Driver::connect($config = '', $linkNum = 0, $autoConnection = false) D:\xampp\htdocs\new_lgx\ThinkPHP\Library\Think\Db\Driver\Mongo.class.php ç¬¬ 18 è¡Œ.
NOTIC: [2048] Declaration of Think\Db\Driver\Mongo::insertAll() should be compatible with Think\Db\Driver::insertAll($dataSet, $options = Array, $replace = false) D:\xampp\htdocs\new_lgx\ThinkPHP\Library\Think\Db\Driver\Mongo.class.php ç¬¬ 18 è¡Œ.
SQL: background.getCollection(admin) [ RunTime:0.0000s ]
NOTIC: [8] Undefined index: admin_id D:\xampp\htdocs\new_lgx\Application\Admin\Controller\IndexController.class.php ç¬¬ 11 è¡Œ.
SQL: background.admin.find({"_id":null}).limit(1) [ RunTime:0.0000s ]
INFO: [ view_parse ] --START--
INFO: [ template_filter ] --START--
INFO: Run Behavior\ContentReplaceBehavior [ RunTime:0.000110s ]
INFO: [ template_filter ] --END-- [ RunTime:0.000240s ]
INFO: Run Behavior\ParseTemplateBehavior [ RunTime:0.020464s ]
INFO: [ view_parse ] --END-- [ RunTime:0.020613s ]
INFO: [ view_filter ] --START--
INFO: Run Behavior\WriteHtmlCacheBehavior [ RunTime:0.000948s ]
INFO: [ view_filter ] --END-- [ RunTime:0.001069s ]
INFO: [ app_end ] --START--
INFO: Run Behavior\ShowPageTraceBehavior [ RunTime:0.001509s ]
INFO: [ app_end ] --END-- [ RunTime:0.001613s ]

[ 2017-10-02T22:06:20+08:00 ] ::1 /new_lgx/Admin/Index/verify
INFO: [ app_init ] --START--
INFO: Run Behavior\BuildLiteBehavior [ RunTime:0.000015s ]
INFO: [ app_init ] --END-- [ RunTime:0.000562s ]
INFO: [ app_begin ] --START--
INFO: Run Behavior\ReadHtmlCacheBehavior [ RunTime:0.000626s ]
INFO: [ app_begin ] --END-- [ RunTime:0.000687s ]
NOTIC: [2048] Declaration of Think\Model\MongoModel::setInc() should be compatible with Think\Model::setInc($field, $step = 1, $lazyTime = 0) D:\xampp\htdocs\new_lgx\ThinkPHP\Library\Think\Model\MongoModel.class.php ç¬¬ 17 è¡Œ.
NOTIC: [2048] Declaration of Think\Model\MongoModel::setDec() should be compatible with Think\Model::setDec($field, $step = 1, $lazyTime = 0) D:\xampp\htdocs\new_lgx\ThinkPHP\Library\Think\Model\MongoModel.class.php ç¬¬ 17 è¡Œ.
NOTIC: [2048] Declaration of Think\Db\Driver\Mongo::connect() should be compatible with Think\Db\Driver::connect($config = '', $linkNum = 0, $autoConnection = false) D:\xampp\htdocs\new_lgx\ThinkPHP\Library\Think\Db\Driver\Mongo.class.php ç¬¬ 18 è¡Œ.
NOTIC: [2048] Declaration of Think\Db\Driver\Mongo::insertAll() should be compatible with Think\Db\Driver::insertAll($dataSet, $options = Array, $replace = false) D:\xampp\htdocs\new_lgx\ThinkPHP\Library\Think\Db\Driver\Mongo.class.php ç¬¬ 18 è¡Œ.
SQL: background.getCollection(admin) [ RunTime:0.0008s ]
NOTIC: [8] Undefined index: admin_id D:\xampp\htdocs\new_lgx\Application\Admin\Controller\IndexController.class.php ç¬¬ 11 è¡Œ.
SQL: background.admin.find({"_id":null}).limit(1) [ RunTime:0.0001s ]
INFO: [ app_end ] --START--
INFO: Run Behavior\ShowPageTraceBehavior [ RunTime:0.000673s ]
INFO: [ app_end ] --END-- [ RunTime:0.000733s ]

[ 2017-10-02T22:06:23+08:00 ] ::1 /new_lgx/Admin/Index/verify/0.4120770709737125
INFO: [ app_init ] --START--
INFO: Run Behavior\BuildLiteBehavior [ RunTime:0.000012s ]
INFO: [ app_init ] --END-- [ RunTime:0.000498s ]
INFO: [ app_begin ] --START--
INFO: Run Behavior\ReadHtmlCacheBehavior [ RunTime:0.000573s ]
INFO: [ app_begin ] --END-- [ RunTime:0.000628s ]
NOTIC: [2048] Declaration of Think\Model\MongoModel::setInc() should be compatible with Think\Model::setInc($field, $step = 1, $lazyTime = 0) D:\xampp\htdocs\new_lgx\ThinkPHP\Library\Think\Model\MongoModel.class.php ç¬¬ 17 è¡Œ.
NOTIC: [2048] Declaration of Think\Model\MongoModel::setDec() should be compatible with Think\Model::setDec($field, $step = 1, $lazyTime = 0) D:\xampp\htdocs\new_lgx\ThinkPHP\Library\Think\Model\MongoModel.class.php ç¬¬ 17 è¡Œ.
NOTIC: [2048] Declaration of Think\Db\Driver\Mongo::connect() should be compatible with Think\Db\Driver::connect($config = '', $linkNum = 0, $autoConnection = false) D:\xampp\htdocs\new_lgx\ThinkPHP\Library\Think\Db\Driver\Mongo.class.php ç¬¬ 18 è¡Œ.
NOTIC: [2048] Declaration of Think\Db\Driver\Mongo::insertAll() should be compatible with Think\Db\Driver::insertAll($dataSet, $options = Array, $replace = false) D:\xampp\htdocs\new_lgx\ThinkPHP\Library\Think\Db\Driver\Mongo.class.php ç¬¬ 18 è¡Œ.
SQL: background.getCollection(admin) [ RunTime:0.0000s ]
NOTIC: [8] Undefined index: admin_id D:\xampp\htdocs\new_lgx\Application\Admin\Controller\IndexController.class.php ç¬¬ 11 è¡Œ.
SQL: background.admin.find({"_id":null}).limit(1) [ RunTime:0.0001s ]
INFO: [ app_end ] --START--
INFO: Run Behavior\ShowPageTraceBehavior [ RunTime:0.000834s ]
INFO: [ app_end ] --END-- [ RunTime:0.000914s ]

[ 2017-10-02T22:06:26+08:00 ] ::1 /new_lgx/Admin/Index/checkverify.html
INFO: [ app_init ] --START--
INFO: Run Behavior\BuildLiteBehavior [ RunTime:0.000010s ]
INFO: [ app_init ] --END-- [ RunTime:0.000393s ]
INFO: [ app_begin ] --START--
INFO: Run Behavior\ReadHtmlCacheBehavior [ RunTime:0.000482s ]
INFO: [ app_begin ] --END-- [ RunTime:0.000519s ]
NOTIC: [2048] Declaration of Think\Model\MongoModel::setInc() should be compatible with Think\Model::setInc($field, $step = 1, $lazyTime = 0) D:\xampp\htdocs\new_lgx\ThinkPHP\Library\Think\Model\MongoModel.class.php ç¬¬ 17 è¡Œ.
NOTIC: [2048] Declaration of Think\Model\MongoModel::setDec() should be compatible with Think\Model::setDec($field, $step = 1, $lazyTime = 0) D:\xampp\htdocs\new_lgx\ThinkPHP\Library\Think\Model\MongoModel.class.php ç¬¬ 17 è¡Œ.
NOTIC: [2048] Declaration of Think\Db\Driver\Mongo::connect() should be compatible with Think\Db\Driver::connect($config = '', $linkNum = 0, $autoConnection = false) D:\xampp\htdocs\new_lgx\ThinkPHP\Library\Think\Db\Driver\Mongo.class.php ç¬¬ 18 è¡Œ.
NOTIC: [2048] Declaration of Think\Db\Driver\Mongo::insertAll() should be compatible with Think\Db\Driver::insertAll($dataSet, $options = Array, $replace = false) D:\xampp\htdocs\new_lgx\ThinkPHP\Library\Think\Db\Driver\Mongo.class.php ç¬¬ 18 è¡Œ.
SQL: background.getCollection(admin) [ RunTime:0.0000s ]
NOTIC: [8] Undefined index: admin_id D:\xampp\htdocs\new_lgx\Application\Admin\Controller\IndexController.class.php ç¬¬ 11 è¡Œ.
SQL: background.admin.find({"_id":null}).limit(1) [ RunTime:0.0000s ]
SQL: background.admin.find({"username":"admin"}).limit(1) [ RunTime:0.0000s ]
INFO: [ app_end ] --START--
INFO: Run Behavior\ShowPageTraceBehavior [ RunTime:0.000596s ]
INFO: [ app_end ] --END-- [ RunTime:0.000640s ]

[ 2017-10-02T22:06:27+08:00 ] ::1 /new_lgx/Admin/Index/checkverify.html
INFO: [ app_init ] --START--
INFO: Run Behavior\BuildLiteBehavior [ RunTime:0.000024s ]
INFO: [ app_init ] --END-- [ RunTime:0.000756s ]
INFO: [ app_begin ] --START--
INFO: Run Behavior\ReadHtmlCacheBehavior [ RunTime:0.000522s ]
INFO: [ app_begin ] --END-- [ RunTime:0.000576s ]
NOTIC: [2048] Declaration of Think\Model\MongoModel::setInc() should be compatible with Think\Model::setInc($field, $step = 1, $lazyTime = 0) D:\xampp\htdocs\new_lgx\ThinkPHP\Library\Think\Model\MongoModel.class.php ç¬¬ 17 è¡Œ.
NOTIC: [2048] Declaration of Think\Model\MongoModel::setDec() should be compatible with Think\Model::setDec($field, $step = 1, $lazyTime = 0) D:\xampp\htdocs\new_lgx\ThinkPHP\Library\Think\Model\MongoModel.class.php ç¬¬ 17 è¡Œ.
NOTIC: [2048] Declaration of Think\Db\Driver\Mongo::connect() should be compatible with Think\Db\Driver::connect($config = '', $linkNum = 0, $autoConnection = false) D:\xampp\htdocs\new_lgx\ThinkPHP\Library\Think\Db\Driver\Mongo.class.php ç¬¬ 18 è¡Œ.
NOTIC: [2048] Declaration of Think\Db\Driver\Mongo::insertAll() should be compatible with Think\Db\Driver::insertAll($dataSet, $options = Array, $replace = false) D:\xampp\htdocs\new_lgx\ThinkPHP\Library\Think\Db\Driver\Mongo.class.php ç¬¬ 18 è¡Œ.
SQL: background.getCollection(admin) [ RunTime:0.0001s ]
NOTIC: [8] Undefined index: admin_id D:\xampp\htdocs\new_lgx\Application\Admin\Controller\IndexController.class.php ç¬¬ 11 è¡Œ.
SQL: background.admin.find({"_id":null}).limit(1) [ RunTime:0.0000s ]
SQL: background.admin.find({"username":"admin"}).limit(1) [ RunTime:0.0000s ]
INFO: [ app_end ] --START--
INFO: Run Behavior\ShowPageTraceBehavior [ RunTime:0.000763s ]
INFO: [ app_end ] --END-- [ RunTime:0.000839s ]

[ 2017-10-02T22:06:30+08:00 ] ::1 /new_lgx/Admin/Index/checkverify.html
INFO: [ app_init ] --START--
INFO: Run Behavior\BuildLiteBehavior [ RunTime:0.000011s ]
INFO: [ app_init ] --END-- [ RunTime:0.000403s ]
INFO: [ app_begin ] --START--
INFO: Run Behavior\ReadHtmlCacheBehavior [ RunTime:0.000460s ]
INFO: [ app_begin ] --END-- [ RunTime:0.000500s ]
NOTIC: [2048] Declaration of Think\Model\MongoModel::setInc() should be compatible with Think\Model::setInc($field, $step = 1, $lazyTime = 0) D:\xampp\htdocs\new_lgx\ThinkPHP\Library\Think\Model\MongoModel.class.php ç¬¬ 17 è¡Œ.
NOTIC: [2048] Declaration of Think\Model\MongoModel::setDec() should be compatible with Think\Model::setDec($field, $step = 1, $lazyTime = 0) D:\xampp\htdocs\new_lgx\ThinkPHP\Library\Think\Model\MongoModel.class.php ç¬¬ 17 è¡Œ.
NOTIC: [2048] Declaration of Think\Db\Driver\Mongo::connect() should be compatible with Think\Db\Driver::connect($config = '', $linkNum = 0, $autoConnection = false) D:\xampp\htdocs\new_lgx\ThinkPHP\Library\Think\Db\Driver\Mongo.class.php ç¬¬ 18 è¡Œ.
NOTIC: [2048] Declaration of Think\Db\Driver\Mongo::insertAll() should be compatible with Think\Db\Driver::insertAll($dataSet, $options = Array, $replace = false) D:\xampp\htdocs\new_lgx\ThinkPHP\Library\Think\Db\Driver\Mongo.class.php ç¬¬ 18 è¡Œ.
SQL: background.getCollection(admin) [ RunTime:0.0000s ]
NOTIC: [8] Undefined index: admin_id D:\xampp\htdocs\new_lgx\Application\Admin\Controller\IndexController.class.php ç¬¬ 11 è¡Œ.
SQL: background.admin.find({"_id":null}).limit(1) [ RunTime:0.0000s ]
SQL: background.admin.find({"username":"admin"}).limit(1) [ RunTime:0.0000s ]
INFO: [ app_end ] --START--
INFO: Run Behavior\ShowPageTraceBehavior [ RunTime:0.001126s ]
INFO: [ app_end ] --END-- [ RunTime:0.001215s ]

[ 2017-10-02T22:06:31+08:00 ] ::1 /new_lgx/Admin/Index/index.html
INFO: [ app_init ] --START--
INFO: Run Behavior\BuildLiteBehavior [ RunTime:0.000011s ]
INFO: [ app_init ] --END-- [ RunTime:0.000380s ]
INFO: [ app_begin ] --START--
INFO: Run Behavior\ReadHtmlCacheBehavior [ RunTime:0.000542s ]
INFO: [ app_begin ] --END-- [ RunTime:0.000590s ]
NOTIC: [2048] Declaration of Think\Model\MongoModel::setInc() should be compatible with Think\Model::setInc($field, $step = 1, $lazyTime = 0) D:\xampp\htdocs\new_lgx\ThinkPHP\Library\Think\Model\MongoModel.class.php ç¬¬ 17 è¡Œ.
NOTIC: [2048] Declaration of Think\Model\MongoModel::setDec() should be compatible with Think\Model::setDec($field, $step = 1, $lazyTime = 0) D:\xampp\htdocs\new_lgx\ThinkPHP\Library\Think\Model\MongoModel.class.php ç¬¬ 17 è¡Œ.
NOTIC: [2048] Declaration of Think\Db\Driver\Mongo::connect() should be compatible with Think\Db\Driver::connect($config = '', $linkNum = 0, $autoConnection = false) D:\xampp\htdocs\new_lgx\ThinkPHP\Library\Think\Db\Driver\Mongo.class.php ç¬¬ 18 è¡Œ.
NOTIC: [2048] Declaration of Think\Db\Driver\Mongo::insertAll() should be compatible with Think\Db\Driver::insertAll($dataSet, $options = Array, $replace = false) D:\xampp\htdocs\new_lgx\ThinkPHP\Library\Think\Db\Driver\Mongo.class.php ç¬¬ 18 è¡Œ.
SQL: background.getCollection(admin) [ RunTime:0.0001s ]
SQL: background.admin.find({"_id":{"$id":"59cf061dcf776ac81100002e"}}).limit(1) [ RunTime:0.0001s ]
SQL: background.getCollection(column) [ RunTime:0.0001s ]
SQL: background.column.find({"_id":{"$id":"59ce132ccf776a840300002b"}}, {"title":1}).limit(1) [ RunTime:0.0001s ]
SQL: background.column.find({"_id":{"$id":"59cef70ccf776ac81100002a"}}, {"title":1}).limit(1) [ RunTime:0.0000s ]
SQL: background.column.find({"_id":{"$id":"59cef732cf776ac81100002b"}}, {"title":1}).limit(1) [ RunTime:0.0000s ]
SQL: background.column.find({"pid":0}).sort({"sort_order":1}) [ RunTime:0.0000s ]
SQL: background.column.find({"pid":"59ce132ccf776a840300002b"}).sort({"sort_order":1}) [ RunTime:0.0000s ]
INFO: [ view_parse ] --START--
INFO: [ template_filter ] --START--
INFO: Run Behavior\ContentReplaceBehavior [ RunTime:0.000249s ]
INFO: [ template_filter ] --END-- [ RunTime:0.000345s ]
SQL: background.column.find({"pid":"59cef5eccf776ac811000029"}).sort({"sort_order":-1}) [ RunTime:0.0000s ]
SQL: background.column.find({"pid":"59cef70ccf776ac81100002a"}).sort({"sort_order":-1}) [ RunTime:0.0000s ]
SQL: background.column.find({"pid":"59cef769cf776ac81100002c"}).sort({"sort_order":-1}) [ RunTime:0.0000s ]
SQL: background.column.find({"pid":"59cefba1cf776ad411000029"}).sort({"sort_order":-1}) [ RunTime:0.0000s ]
SQL: background.column.find({"pid":"59cefc1dcf776ac411000029"}).sort({"sort_order":-1}) [ RunTime:0.0000s ]
INFO: Run Behavior\ParseTemplateBehavior [ RunTime:0.028848s ]
INFO: [ view_parse ] --END-- [ RunTime:0.028943s ]
INFO: [ view_filter ] --START--
INFO: Run Behavior\WriteHtmlCacheBehavior [ RunTime:0.000900s ]
INFO: [ view_filter ] --END-- [ RunTime:0.000994s ]
INFO: [ app_end ] --START--
INFO: Run Behavior\ShowPageTraceBehavior [ RunTime:0.001152s ]
INFO: [ app_end ] --END-- [ RunTime:0.001278s ]

[ 2017-10-02T22:06:34+08:00 ] ::1 /new_lgx/Admin/Index/column/_id/59cef2eacf776ad81100002b.html
INFO: [ app_init ] --START--
INFO: Run Behavior\BuildLiteBehavior [ RunTime:0.000017s ]
INFO: [ app_init ] --END-- [ RunTime:0.000577s ]
INFO: [ app_begin ] --START--
INFO: Run Behavior\ReadHtmlCacheBehavior [ RunTime:0.000492s ]
INFO: [ app_begin ] --END-- [ RunTime:0.000542s ]
NOTIC: [2048] Declaration of Think\Model\MongoModel::setInc() should be compatible with Think\Model::setInc($field, $step = 1, $lazyTime = 0) D:\xampp\htdocs\new_lgx\ThinkPHP\Library\Think\Model\MongoModel.class.php ç¬¬ 17 è¡Œ.
NOTIC: [2048] Declaration of Think\Model\MongoModel::setDec() should be compatible with Think\Model::setDec($field, $step = 1, $lazyTime = 0) D:\xampp\htdocs\new_lgx\ThinkPHP\Library\Think\Model\MongoModel.class.php ç¬¬ 17 è¡Œ.
NOTIC: [2048] Declaration of Think\Db\Driver\Mongo::connect() should be compatible with Think\Db\Driver::connect($config = '', $linkNum = 0, $autoConnection = false) D:\xampp\htdocs\new_lgx\ThinkPHP\Library\Think\Db\Driver\Mongo.class.php ç¬¬ 18 è¡Œ.
NOTIC: [2048] Declaration of Think\Db\Driver\Mongo::insertAll() should be compatible with Think\Db\Driver::insertAll($dataSet, $options = Array, $replace = false) D:\xampp\htdocs\new_lgx\ThinkPHP\Library\Think\Db\Driver\Mongo.class.php ç¬¬ 18 è¡Œ.
SQL: background.getCollection(admin) [ RunTime:0.0000s ]
SQL: background.admin.find({"_id":{"$id":"59cf061dcf776ac81100002e"}}).limit(1) [ RunTime:0.0000s ]
SQL: background.getCollection(column) [ RunTime:0.0000s ]
SQL: background.column.find({"_id":{"$id":"59cef2eacf776ad81100002b"}}, {"keyword":1}).limit(1) [ RunTime:0.0000s ]

[ 2017-10-02T22:06:35+08:00 ] ::1 /new_lgx/Admin/store/index.html
INFO: [ app_init ] --START--
INFO: Run Behavior\BuildLiteBehavior [ RunTime:0.000014s ]
INFO: [ app_init ] --END-- [ RunTime:0.000512s ]
INFO: [ app_begin ] --START--
INFO: Run Behavior\ReadHtmlCacheBehavior [ RunTime:0.000586s ]
INFO: [ app_begin ] --END-- [ RunTime:0.000644s ]
NOTIC: [2048] Declaration of Think\Model\MongoModel::setInc() should be compatible with Think\Model::setInc($field, $step = 1, $lazyTime = 0) D:\xampp\htdocs\new_lgx\ThinkPHP\Library\Think\Model\MongoModel.class.php ç¬¬ 17 è¡Œ.
NOTIC: [2048] Declaration of Think\Model\MongoModel::setDec() should be compatible with Think\Model::setDec($field, $step = 1, $lazyTime = 0) D:\xampp\htdocs\new_lgx\ThinkPHP\Library\Think\Model\MongoModel.class.php ç¬¬ 17 è¡Œ.
NOTIC: [2048] Declaration of Think\Db\Driver\Mongo::connect() should be compatible with Think\Db\Driver::connect($config = '', $linkNum = 0, $autoConnection = false) D:\xampp\htdocs\new_lgx\ThinkPHP\Library\Think\Db\Driver\Mongo.class.php ç¬¬ 18 è¡Œ.
NOTIC: [2048] Declaration of Think\Db\Driver\Mongo::insertAll() should be compatible with Think\Db\Driver::insertAll($dataSet, $options = Array, $replace = false) D:\xampp\htdocs\new_lgx\ThinkPHP\Library\Think\Db\Driver\Mongo.class.php ç¬¬ 18 è¡Œ.
SQL: background.getCollection(admin) [ RunTime:0.0001s ]
SQL: background.admin.find({"_id":{"$id":"59cf061dcf776ac81100002e"}}).limit(1) [ RunTime:0.0001s ]
SQL: background.getCollection(store) [ RunTime:0.0001s ]
SQL: background.getCollection(column) [ RunTime:0.0001s ]
SQL: background.column.find({"keyword":"store\/index","pid":{"$ne":0}}).limit(1) [ RunTime:0.0001s ]
SQL: background.column.find({"_id":{"$id":"59d0f34664fa88282c000029"}}).limit(1) [ RunTime:0.0001s ]
SQL: background.column.find({"_id":{"$id":"59cef2eacf776ad81100002b"}}).limit(1) [ RunTime:0.0001s ]
SQL: background.column.find({"pid":0}).sort({"sort_order":1}) [ RunTime:0.0001s ]
SQL: background.column.find({"pid":"59cef2eacf776ad81100002b"}).sort({"sort_order":1}) [ RunTime:0.0001s ]
SQL: background.getCollection(store) [ RunTime:0.0000s ]
SQL: background.store.find({"_id":{"$id":"59d100e764fa883c1300002a"}}).limit(1) [ RunTime:0.0000s ]
INFO: [ view_parse ] --START--
INFO: [ template_filter ] --START--
INFO: Run Behavior\ContentReplaceBehavior [ RunTime:0.000198s ]
INFO: [ template_filter ] --END-- [ RunTime:0.000277s ]
SQL: background.getCollection(column) [ RunTime:0.0000s ]
SQL: background.column.find({"pid":"59d0f34664fa88282c000029"}).sort({"sort_order":-1}) [ RunTime:0.0000s ]
INFO: Run Behavior\ParseTemplateBehavior [ RunTime:0.032991s ]
INFO: [ view_parse ] --END-- [ RunTime:0.033109s ]
INFO: [ view_filter ] --START--
INFO: Run Behavior\WriteHtmlCacheBehavior [ RunTime:0.000661s ]
INFO: [ view_filter ] --END-- [ RunTime:0.000720s ]
INFO: [ app_end ] --START--
INFO: Run Behavior\ShowPageTraceBehavior [ RunTime:0.001095s ]
INFO: [ app_end ] --END-- [ RunTime:0.001210s ]

